[ 26%] Built target gz-common5
[ 61%] Built target gz-common5-graphics
[ 67%] Built target gz-common5-events
[ 77%] Built target gz-common5-av
[ 80%] Built target gz-common5-io
[ 86%] Built target gz-common5-profiler
[ 95%] Built target gz-common5-testing
[100%] Built target gz-common5-geospatial
-- Install configuration: "RelWithDebInfo"
-- Up-to-date: /home/julia/workspace/install/lib/cmake/gz-common5-all/gz-common5-all-config.cmake
-- Up-to-date: /home/julia/workspace/install/lib/cmake/gz-common5-all/gz-common5-all-config-version.cmake
-- Up-to-date: /home/julia/workspace/install/lib/cmake/gz-common5-all/gz-common5-all-targets.cmake
-- Up-to-date: /home/julia/workspace/install/include/gz/common5/gz/common/detail/Export.hh
-- Up-to-date: /home/julia/workspace/install/include/gz/common5/gz/common/Export.hh
-- Up-to-date: /home/julia/workspace/install/lib/libgz-common5.so.5.3.1
-- Up-to-date: /home/julia/workspace/install/lib/libgz-common5.so.5
-- Up-to-date: /home/julia/workspace/install/lib/libgz-common5.so
-- Up-to-date: /home/julia/workspace/install/lib/cmake/gz-common5/gz-common5-config.cmake
-- Up-to-date: /home/julia/workspace/install/lib/cmake/gz-common5/gz-common5-config-version.cmake
-- Up-to-date: /home/julia/workspace/install/lib/cmake/gz-common5/gz-common5-targets.cmake
-- Up-to-date: /home/julia/workspace/install/lib/cmake/gz-common5/gz-common5-targets-relwithdebinfo.cmake
-- Up-to-date: /home/julia/workspace/install/lib/pkgconfig/gz-common5.pc
-- Up-to-date: /home/julia/workspace/install/include/gz/common5/ignition
-- Up-to-date: /home/julia/workspace/install/include/gz/common5/ignition/common.hh
-- Up-to-date: /home/julia/workspace/install/include/gz/common5/ignition/common
-- Up-to-date: /home/julia/workspace/install/include/gz/common5/ignition/common/SpecializedPlugin.hh
-- Up-to-date: /home/julia/workspace/install/include/gz/common5/ignition/common/Battery.hh
-- Up-to-date: /home/julia/workspace/install/include/gz/common5/ignition/common/Uuid.hh
-- Up-to-date: /home/julia/workspace/install/include/gz/common5/ignition/common/TemplateHelpers.hh
-- Up-to-date: /home/julia/workspace/install/include/gz/common5/ignition/common/URI.hh
-- Up-to-date: /home/julia/workspace/install/include/gz/common5/ignition/common/SystemPaths.hh
-- Up-to-date: /home/julia/workspace/install/include/gz/common5/ignition/common/Util.hh
-- Up-to-date: /home/julia/workspace/install/include/gz/common5/ignition/common/PluginPtr.hh
-- Up-to-date: /home/julia/workspace/install/include/gz/common5/ignition/common/Export.hh
-- Up-to-date: /home/julia/workspace/install/include/gz/common5/ignition/common/FlagSet.hh
-- Up-to-date: /home/julia/workspace/install/include/gz/common5/ignition/common/Console.hh
-- Up-to-date: /home/julia/workspace/install/include/gz/common5/ignition/common/TempDirectory.hh
-- Up-to-date: /home/julia/workspace/install/include/gz/common5/ignition/common/PluginInfo.hh
-- Up-to-date: /home/julia/workspace/install/include/gz/common5/ignition/common/SingletonT.hh
-- Up-to-date: /home/julia/workspace/install/include/gz/common5/ignition/common/MovingWindowFilter.hh
-- Up-to-date: /home/julia/workspace/install/include/gz/common5/ignition/common/Timer.hh
-- Up-to-date: /home/julia/workspace/install/include/gz/common5/ignition/common/MaterialDensity.hh
-- Up-to-date: /home/julia/workspace/install/include/gz/common5/ignition/common/WorkerPool.hh
-- Up-to-date: /home/julia/workspace/install/include/gz/common5/ignition/common/SpecializedPluginPtr.hh
-- Up-to-date: /home/julia/workspace/install/include/gz/common5/ignition/common/PluginLoader.hh
-- Up-to-date: /home/julia/workspace/install/include/gz/common5/ignition/common/SuppressWarning.hh
-- Up-to-date: /home/julia/workspace/install/include/gz/common5/ignition/common/PluginMacros.hh
-- Up-to-date: /home/julia/workspace/install/include/gz/common5/ignition/common/EnumIface.hh
-- Up-to-date: /home/julia/workspace/install/include/gz/common5/ignition/common/config.hh
-- Up-to-date: /home/julia/workspace/install/include/gz/common5/ignition/common/Base64.hh
-- Up-to-date: /home/julia/workspace/install/include/gz/common5/ignition/common/detail
-- Up-to-date: /home/julia/workspace/install/include/gz/common5/ignition/common/detail/SpecializedPlugin.hh
-- Up-to-date: /home/julia/workspace/install/include/gz/common5/ignition/common/detail/TemplateHelpers.hh
-- Up-to-date: /home/julia/workspace/install/include/gz/common5/ignition/common/detail/PluginPtr.hh
-- Up-to-date: /home/julia/workspace/install/include/gz/common5/ignition/common/detail/Export.hh
-- Up-to-date: /home/julia/workspace/install/include/gz/common5/ignition/common/detail/PluginLoader.hh
-- Up-to-date: /home/julia/workspace/install/include/gz/common5/ignition/common/detail/PluginMacros.hh
-- Up-to-date: /home/julia/workspace/install/include/gz/common5/ignition/common/detail/Plugin.hh
-- Up-to-date: /home/julia/workspace/install/include/gz/common5/ignition/common/Filesystem.hh
-- Up-to-date: /home/julia/workspace/install/include/gz/common5/ignition/common/StringUtils.hh
-- Up-to-date: /home/julia/workspace/install/include/gz/common5/ignition/common/Plugin.hh
-- Up-to-date: /home/julia/workspace/install/include/gz/common5/ignition/common/SignalHandler.hh
-- Up-to-date: /home/julia/workspace/install/include/gz/common5/gz/common/detail/TemplateHelpers.hh
-- Up-to-date: /home/julia/workspace/install/include/gz/common5/gz/common/Base64.hh
-- Up-to-date: /home/julia/workspace/install/include/gz/common5/gz/common/Battery.hh
-- Up-to-date: /home/julia/workspace/install/include/gz/common5/gz/common/Console.hh
-- Up-to-date: /home/julia/workspace/install/include/gz/common5/gz/common/EnumIface.hh
-- Up-to-date: /home/julia/workspace/install/include/gz/common5/gz/common/Filesystem.hh
-- Up-to-date: /home/julia/workspace/install/include/gz/common5/gz/common/FlagSet.hh
-- Up-to-date: /home/julia/workspace/install/include/gz/common5/gz/common/MaterialDensity.hh
-- Up-to-date: /home/julia/workspace/install/include/gz/common5/gz/common/MovingWindowFilter.hh
-- Up-to-date: /home/julia/workspace/install/include/gz/common5/gz/common/SignalHandler.hh
-- Up-to-date: /home/julia/workspace/install/include/gz/common5/gz/common/SingletonT.hh
-- Up-to-date: /home/julia/workspace/install/include/gz/common5/gz/common/StringUtils.hh
-- Up-to-date: /home/julia/workspace/install/include/gz/common5/gz/common/SuppressWarning.hh
-- Up-to-date: /home/julia/workspace/install/include/gz/common5/gz/common/SystemPaths.hh
-- Up-to-date: /home/julia/workspace/install/include/gz/common5/gz/common/TempDirectory.hh
-- Up-to-date: /home/julia/workspace/install/include/gz/common5/gz/common/TemplateHelpers.hh
-- Up-to-date: /home/julia/workspace/install/include/gz/common5/gz/common/Timer.hh
-- Up-to-date: /home/julia/workspace/install/include/gz/common5/gz/common/URI.hh
-- Up-to-date: /home/julia/workspace/install/include/gz/common5/gz/common/Util.hh
-- Up-to-date: /home/julia/workspace/install/include/gz/common5/gz/common/Uuid.hh
-- Up-to-date: /home/julia/workspace/install/include/gz/common5/gz/common/WorkerPool.hh
-- Up-to-date: /home/julia/workspace/install/include/gz/common5/gz/common/../common.hh
-- Up-to-date: /home/julia/workspace/install/include/gz/common5/gz/common/config.hh
-- Up-to-date: /home/julia/workspace/install/include/gz/common5/gz/common/av/detail/Export.hh
-- Up-to-date: /home/julia/workspace/install/include/gz/common5/gz/common/av/Export.hh
-- Up-to-date: /home/julia/workspace/install/lib/libgz-common5-av.so.5.3.1
-- Up-to-date: /home/julia/workspace/install/lib/libgz-common5-av.so.5
-- Up-to-date: /home/julia/workspace/install/lib/libgz-common5-av.so
-- Up-to-date: /home/julia/workspace/install/lib/cmake/gz-common5-av/gz-common5-av-config.cmake
-- Up-to-date: /home/julia/workspace/install/lib/cmake/gz-common5-av/gz-common5-av-config-version.cmake
-- Up-to-date: /home/julia/workspace/install/lib/cmake/gz-common5-av/gz-common5-av-targets.cmake
-- Up-to-date: /home/julia/workspace/install/lib/cmake/gz-common5-av/gz-common5-av-targets-relwithdebinfo.cmake
-- Up-to-date: /home/julia/workspace/install/lib/pkgconfig/gz-common5-av.pc
-- Up-to-date: /home/julia/workspace/install/include/gz/common5/ignition
-- Up-to-date: /home/julia/workspace/install/include/gz/common5/ignition/common
-- Up-to-date: /home/julia/workspace/install/include/gz/common5/ignition/common/av
-- Up-to-date: /home/julia/workspace/install/include/gz/common5/ignition/common/av/Util.hh
-- Up-to-date: /home/julia/workspace/install/include/gz/common5/ignition/common/av/Export.hh
-- Up-to-date: /home/julia/workspace/install/include/gz/common5/ignition/common/av/detail
-- Up-to-date: /home/julia/workspace/install/include/gz/common5/ignition/common/av/detail/Export.hh
-- Up-to-date: /home/julia/workspace/install/include/gz/common5/ignition/common/av.hh
-- Up-to-date: /home/julia/workspace/install/include/gz/common5/ignition/common/VideoEncoder.hh
-- Up-to-date: /home/julia/workspace/install/include/gz/common5/ignition/common/ffmpeg_inc.hh
-- Up-to-date: /home/julia/workspace/install/include/gz/common5/ignition/common/AudioDecoder.hh
-- Up-to-date: /home/julia/workspace/install/include/gz/common5/ignition/common/Video.hh
-- Up-to-date: /home/julia/workspace/install/include/gz/common5/ignition/common/HWVideo.hh
-- Up-to-date: /home/julia/workspace/install/include/gz/common5/gz/common/av/Util.hh
-- Up-to-date: /home/julia/workspace/install/include/gz/common5/gz/common/AudioDecoder.hh
-- Up-to-date: /home/julia/workspace/install/include/gz/common5/gz/common/HWVideo.hh
-- Up-to-date: /home/julia/workspace/install/include/gz/common5/gz/common/Video.hh
-- Up-to-date: /home/julia/workspace/install/include/gz/common5/gz/common/VideoEncoder.hh
-- Up-to-date: /home/julia/workspace/install/include/gz/common5/gz/common/ffmpeg_inc.hh
-- Up-to-date: /home/julia/workspace/install/include/gz/common5/gz/common/av/../av.hh
-- Up-to-date: /home/julia/workspace/install/include/gz/common5/gz/common/events/detail/Export.hh
-- Up-to-date: /home/julia/workspace/install/include/gz/common5/gz/common/events/Export.hh
-- Up-to-date: /home/julia/workspace/install/lib/libgz-common5-events.so.5.3.1
-- Up-to-date: /home/julia/workspace/install/lib/libgz-common5-events.so.5
-- Up-to-date: /home/julia/workspace/install/lib/libgz-common5-events.so
-- Up-to-date: /home/julia/workspace/install/lib/cmake/gz-common5-events/gz-common5-events-config.cmake
-- Up-to-date: /home/julia/workspace/install/lib/cmake/gz-common5-events/gz-common5-events-config-version.cmake
-- Up-to-date: /home/julia/workspace/install/lib/cmake/gz-common5-events/gz-common5-events-targets.cmake
-- Up-to-date: /home/julia/workspace/install/lib/cmake/gz-common5-events/gz-common5-events-targets-relwithdebinfo.cmake
-- Up-to-date: /home/julia/workspace/install/lib/pkgconfig/gz-common5-events.pc
-- Up-to-date: /home/julia/workspace/install/include/gz/common5/ignition
-- Up-to-date: /home/julia/workspace/install/include/gz/common5/ignition/common
-- Up-to-date: /home/julia/workspace/install/include/gz/common5/ignition/common/Event.hh
-- Up-to-date: /home/julia/workspace/install/include/gz/common5/ignition/common/KeyEvent.hh
-- Up-to-date: /home/julia/workspace/install/include/gz/common5/ignition/common/events.hh
-- Up-to-date: /home/julia/workspace/install/include/gz/common5/ignition/common/events
-- Up-to-date: /home/julia/workspace/install/include/gz/common5/ignition/common/events/Types.hh
-- Up-to-date: /home/julia/workspace/install/include/gz/common5/ignition/common/events/Export.hh
-- Up-to-date: /home/julia/workspace/install/include/gz/common5/ignition/common/events/detail
-- Up-to-date: /home/julia/workspace/install/include/gz/common5/ignition/common/events/detail/Export.hh
-- Up-to-date: /home/julia/workspace/install/include/gz/common5/ignition/common/MouseEvent.hh
-- Up-to-date: /home/julia/workspace/install/include/gz/common5/gz/common/events/Types.hh
-- Up-to-date: /home/julia/workspace/install/include/gz/common5/gz/common/Event.hh
-- Up-to-date: /home/julia/workspace/install/include/gz/common5/gz/common/KeyEvent.hh
-- Up-to-date: /home/julia/workspace/install/include/gz/common5/gz/common/MouseEvent.hh
-- Up-to-date: /home/julia/workspace/install/include/gz/common5/gz/common/events/../events.hh
-- Up-to-date: /home/julia/workspace/install/include/gz/common5/gz/common/geospatial/detail/Export.hh
-- Up-to-date: /home/julia/workspace/install/include/gz/common5/gz/common/geospatial/Export.hh
-- Up-to-date: /home/julia/workspace/install/lib/libgz-common5-geospatial.so.5.3.1
-- Up-to-date: /home/julia/workspace/install/lib/libgz-common5-geospatial.so.5
-- Up-to-date: /home/julia/workspace/install/lib/libgz-common5-geospatial.so
-- Up-to-date: /home/julia/workspace/install/lib/cmake/gz-common5-geospatial/gz-common5-geospatial-config.cmake
-- Up-to-date: /home/julia/workspace/install/lib/cmake/gz-common5-geospatial/gz-common5-geospatial-config-version.cmake
-- Up-to-date: /home/julia/workspace/install/lib/cmake/gz-common5-geospatial/gz-common5-geospatial-targets.cmake
-- Up-to-date: /home/julia/workspace/install/lib/cmake/gz-common5-geospatial/gz-common5-geospatial-targets-relwithdebinfo.cmake
-- Up-to-date: /home/julia/workspace/install/lib/pkgconfig/gz-common5-geospatial.pc
-- Up-to-date: /home/julia/workspace/install/include/gz/common5/ignition
-- Up-to-date: /home/julia/workspace/install/include/gz/common5/ignition/common
-- Up-to-date: /home/julia/workspace/install/include/gz/common5/ignition/common/geospatial
-- Up-to-date: /home/julia/workspace/install/include/gz/common5/ignition/common/geospatial/Export.hh
-- Up-to-date: /home/julia/workspace/install/include/gz/common5/ignition/common/geospatial/HeightmapData.hh
-- Up-to-date: /home/julia/workspace/install/include/gz/common5/ignition/common/geospatial/Dem.hh
-- Up-to-date: /home/julia/workspace/install/include/gz/common5/ignition/common/geospatial/detail
-- Up-to-date: /home/julia/workspace/install/include/gz/common5/ignition/common/geospatial/detail/Export.hh
-- Up-to-date: /home/julia/workspace/install/include/gz/common5/ignition/common/geospatial/ImageHeightmap.hh
-- Up-to-date: /home/julia/workspace/install/include/gz/common5/ignition/common/geospatial.hh
-- Up-to-date: /home/julia/workspace/install/include/gz/common5/gz/common/geospatial/Dem.hh
-- Up-to-date: /home/julia/workspace/install/include/gz/common5/gz/common/geospatial/HeightmapData.hh
-- Up-to-date: /home/julia/workspace/install/include/gz/common5/gz/common/geospatial/ImageHeightmap.hh
-- Up-to-date: /home/julia/workspace/install/include/gz/common5/gz/common/geospatial/../geospatial.hh
-- Up-to-date: /home/julia/workspace/install/include/gz/common5/gz/common/graphics/detail/Export.hh
-- Up-to-date: /home/julia/workspace/install/include/gz/common5/gz/common/graphics/Export.hh
-- Up-to-date: /home/julia/workspace/install/lib/libgz-common5-graphics.so.5.3.1
-- Up-to-date: /home/julia/workspace/install/lib/libgz-common5-graphics.so.5
-- Up-to-date: /home/julia/workspace/install/lib/libgz-common5-graphics.so
-- Up-to-date: /home/julia/workspace/install/lib/cmake/gz-common5-graphics/gz-common5-graphics-config.cmake
-- Up-to-date: /home/julia/workspace/install/lib/cmake/gz-common5-graphics/gz-common5-graphics-config-version.cmake
-- Up-to-date: /home/julia/workspace/install/lib/cmake/gz-common5-graphics/gz-common5-graphics-targets.cmake
-- Up-to-date: /home/julia/workspace/install/lib/cmake/gz-common5-graphics/gz-common5-graphics-targets-relwithdebinfo.cmake
-- Up-to-date: /home/julia/workspace/install/lib/pkgconfig/gz-common5-graphics.pc
-- Up-to-date: /home/julia/workspace/install/include/gz/common5/ignition
-- Up-to-date: /home/julia/workspace/install/include/gz/common5/ignition/common
-- Up-to-date: /home/julia/workspace/install/include/gz/common5/ignition/common/graphics
-- Up-to-date: /home/julia/workspace/install/include/gz/common5/ignition/common/graphics/Types.hh
-- Up-to-date: /home/julia/workspace/install/include/gz/common5/ignition/common/graphics/Export.hh
-- Up-to-date: /home/julia/workspace/install/include/gz/common5/ignition/common/graphics/detail
-- Up-to-date: /home/julia/workspace/install/include/gz/common5/ignition/common/graphics/detail/Export.hh
-- Up-to-date: /home/julia/workspace/install/include/gz/common5/ignition/common/ColladaLoader.hh
-- Up-to-date: /home/julia/workspace/install/include/gz/common5/ignition/common/SkeletonNode.hh
-- Up-to-date: /home/julia/workspace/install/include/gz/common5/ignition/common/SVGLoader.hh
-- Up-to-date: /home/julia/workspace/install/include/gz/common5/ignition/common/Animation.hh
-- Up-to-date: /home/julia/workspace/install/include/gz/common5/ignition/common/graphics.hh
-- Up-to-date: /home/julia/workspace/install/include/gz/common5/ignition/common/MeshLoader.hh
-- Up-to-date: /home/julia/workspace/install/include/gz/common5/ignition/common/KeyFrame.hh
-- Up-to-date: /home/julia/workspace/install/include/gz/common5/ignition/common/STLLoader.hh
-- Up-to-date: /home/julia/workspace/install/include/gz/common5/ignition/common/Skeleton.hh
-- Up-to-date: /home/julia/workspace/install/include/gz/common5/ignition/common/Material.hh
-- Up-to-date: /home/julia/workspace/install/include/gz/common5/ignition/common/Image.hh
-- Up-to-date: /home/julia/workspace/install/include/gz/common5/ignition/common/GTSMeshUtils.hh
-- Up-to-date: /home/julia/workspace/install/include/gz/common5/ignition/common/Pbr.hh
-- Up-to-date: /home/julia/workspace/install/include/gz/common5/ignition/common/MeshExporter.hh
-- Up-to-date: /home/julia/workspace/install/include/gz/common5/ignition/common/MeshManager.hh
-- Up-to-date: /home/julia/workspace/install/include/gz/common5/ignition/common/SkeletonAnimation.hh
-- Up-to-date: /home/julia/workspace/install/include/gz/common5/ignition/common/ColladaExporter.hh
-- Up-to-date: /home/julia/workspace/install/include/gz/common5/ignition/common/NodeAnimation.hh
-- Up-to-date: /home/julia/workspace/install/include/gz/common5/ignition/common/Mesh.hh
-- Up-to-date: /home/julia/workspace/install/include/gz/common5/ignition/common/OBJLoader.hh
-- Up-to-date: /home/julia/workspace/install/include/gz/common5/ignition/common/SubMesh.hh
-- Up-to-date: /home/julia/workspace/install/include/gz/common5/ignition/common/BVHLoader.hh
-- Up-to-date: /home/julia/workspace/install/include/gz/common5/ignition/common/MeshCSG.hh
-- Up-to-date: /home/julia/workspace/install/include/gz/common5/ignition/common/NodeTransform.hh
-- Up-to-date: /home/julia/workspace/install/include/gz/common5/gz/common/graphics/Types.hh
-- Up-to-date: /home/julia/workspace/install/include/gz/common5/gz/common/Animation.hh
-- Up-to-date: /home/julia/workspace/install/include/gz/common5/gz/common/AssimpLoader.hh
-- Up-to-date: /home/julia/workspace/install/include/gz/common5/gz/common/BVHLoader.hh
-- Up-to-date: /home/julia/workspace/install/include/gz/common5/gz/common/ColladaExporter.hh
-- Up-to-date: /home/julia/workspace/install/include/gz/common5/gz/common/ColladaLoader.hh
-- Up-to-date: /home/julia/workspace/install/include/gz/common5/gz/common/GTSMeshUtils.hh
-- Up-to-date: /home/julia/workspace/install/include/gz/common5/gz/common/Image.hh
-- Up-to-date: /home/julia/workspace/install/include/gz/common5/gz/common/KeyFrame.hh
-- Up-to-date: /home/julia/workspace/install/include/gz/common5/gz/common/Material.hh
-- Up-to-date: /home/julia/workspace/install/include/gz/common5/gz/common/Mesh.hh
-- Up-to-date: /home/julia/workspace/install/include/gz/common5/gz/common/MeshCSG.hh
-- Up-to-date: /home/julia/workspace/install/include/gz/common5/gz/common/MeshExporter.hh
-- Up-to-date: /home/julia/workspace/install/include/gz/common5/gz/common/MeshLoader.hh
-- Up-to-date: /home/julia/workspace/install/include/gz/common5/gz/common/MeshManager.hh
-- Up-to-date: /home/julia/workspace/install/include/gz/common5/gz/common/NodeAnimation.hh
-- Up-to-date: /home/julia/workspace/install/include/gz/common5/gz/common/NodeTransform.hh
-- Up-to-date: /home/julia/workspace/install/include/gz/common5/gz/common/OBJLoader.hh
-- Up-to-date: /home/julia/workspace/install/include/gz/common5/gz/common/Pbr.hh
-- Up-to-date: /home/julia/workspace/install/include/gz/common5/gz/common/STLLoader.hh
-- Up-to-date: /home/julia/workspace/install/include/gz/common5/gz/common/SVGLoader.hh
-- Up-to-date: /home/julia/workspace/install/include/gz/common5/gz/common/Skeleton.hh
-- Up-to-date: /home/julia/workspace/install/include/gz/common5/gz/common/SkeletonAnimation.hh
-- Up-to-date: /home/julia/workspace/install/include/gz/common5/gz/common/SkeletonNode.hh
-- Up-to-date: /home/julia/workspace/install/include/gz/common5/gz/common/SubMesh.hh
-- Up-to-date: /home/julia/workspace/install/include/gz/common5/gz/common/graphics/../graphics.hh
-- Up-to-date: /home/julia/workspace/install/include/gz/common5/gz/common/io/detail/Export.hh
-- Up-to-date: /home/julia/workspace/install/include/gz/common5/gz/common/io/Export.hh
-- Up-to-date: /home/julia/workspace/install/lib/libgz-common5-io.so.5.3.1
-- Up-to-date: /home/julia/workspace/install/lib/libgz-common5-io.so.5
-- Up-to-date: /home/julia/workspace/install/lib/libgz-common5-io.so
-- Up-to-date: /home/julia/workspace/install/lib/cmake/gz-common5-io/gz-common5-io-config.cmake
-- Up-to-date: /home/julia/workspace/install/lib/cmake/gz-common5-io/gz-common5-io-config-version.cmake
-- Up-to-date: /home/julia/workspace/install/lib/cmake/gz-common5-io/gz-common5-io-targets.cmake
-- Up-to-date: /home/julia/workspace/install/lib/cmake/gz-common5-io/gz-common5-io-targets-relwithdebinfo.cmake
-- Up-to-date: /home/julia/workspace/install/lib/pkgconfig/gz-common5-io.pc
-- Up-to-date: /home/julia/workspace/install/include/gz/common5/gz/common/CSVStreams.hh
-- Up-to-date: /home/julia/workspace/install/include/gz/common5/gz/common/DataFrame.hh
-- Up-to-date: /home/julia/workspace/install/include/gz/common5/gz/common/IOBase.hh
-- Up-to-date: /home/julia/workspace/install/include/gz/common5/gz/common/io/../io.hh
-- Up-to-date: /home/julia/workspace/install/include/gz/common5/ignition
-- Up-to-date: /home/julia/workspace/install/include/gz/common5/ignition/common
-- Up-to-date: /home/julia/workspace/install/include/gz/common5/ignition/common/profiler
-- Up-to-date: /home/julia/workspace/install/include/gz/common5/ignition/common/profiler/Export.hh
-- Up-to-date: /home/julia/workspace/install/include/gz/common5/ignition/common/profiler/detail
-- Up-to-date: /home/julia/workspace/install/include/gz/common5/ignition/common/profiler/detail/Export.hh
-- Up-to-date: /home/julia/workspace/install/include/gz/common5/ignition/common/Profiler.hh
-- Up-to-date: /home/julia/workspace/install/include/gz/common5/gz
-- Up-to-date: /home/julia/workspace/install/include/gz/common5/gz/common
-- Up-to-date: /home/julia/workspace/install/include/gz/common5/gz/common/Profiler.hh
-- Up-to-date: /home/julia/workspace/install/include/gz/common5/gz/common/profiler/detail/Export.hh
-- Up-to-date: /home/julia/workspace/install/include/gz/common5/gz/common/profiler/Export.hh
-- Up-to-date: /home/julia/workspace/install/lib/libgz-common5-profiler.so.5.3.1
-- Up-to-date: /home/julia/workspace/install/lib/libgz-common5-profiler.so.5
-- Up-to-date: /home/julia/workspace/install/lib/libgz-common5-profiler.so
-- Up-to-date: /home/julia/workspace/install/lib/cmake/gz-common5-profiler/gz-common5-profiler-config.cmake
-- Up-to-date: /home/julia/workspace/install/lib/cmake/gz-common5-profiler/gz-common5-profiler-config-version.cmake
-- Up-to-date: /home/julia/workspace/install/lib/cmake/gz-common5-profiler/gz-common5-profiler-targets.cmake
-- Up-to-date: /home/julia/workspace/install/lib/cmake/gz-common5-profiler/gz-common5-profiler-targets-relwithdebinfo.cmake
-- Up-to-date: /home/julia/workspace/install/lib/pkgconfig/gz-common5-profiler.pc
-- Up-to-date: /home/julia/workspace/install/libexec/gz/gz-common5/gz_remotery_vis
-- Up-to-date: /home/julia/workspace/install/share/gz/gz-common5/profiler_vis
-- Up-to-date: /home/julia/workspace/install/share/gz/gz-common5/profiler_vis/extern
-- Up-to-date: /home/julia/workspace/install/share/gz/gz-common5/profiler_vis/extern/BrowserLib
-- Up-to-date: /home/julia/workspace/install/share/gz/gz-common5/profiler_vis/extern/BrowserLib/WindowManager
-- Up-to-date: /home/julia/workspace/install/share/gz/gz-common5/profiler_vis/extern/BrowserLib/WindowManager/Styles
-- Up-to-date: /home/julia/workspace/install/share/gz/gz-common5/profiler_vis/extern/BrowserLib/WindowManager/Styles/WindowManager.css
-- Up-to-date: /home/julia/workspace/install/share/gz/gz-common5/profiler_vis/extern/BrowserLib/WindowManager/Code
-- Up-to-date: /home/julia/workspace/install/share/gz/gz-common5/profiler_vis/extern/BrowserLib/WindowManager/Code/Treeview.js
-- Up-to-date: /home/julia/workspace/install/share/gz/gz-common5/profiler_vis/extern/BrowserLib/WindowManager/Code/TreeviewItem.js
-- Up-to-date: /home/julia/workspace/install/share/gz/gz-common5/profiler_vis/extern/BrowserLib/WindowManager/Code/Label.js
-- Up-to-date: /home/julia/workspace/install/share/gz/gz-common5/profiler_vis/extern/BrowserLib/WindowManager/Code/WindowManager.js
-- Up-to-date: /home/julia/workspace/install/share/gz/gz-common5/profiler_vis/extern/BrowserLib/WindowManager/Code/ComboBox.js
-- Up-to-date: /home/julia/workspace/install/share/gz/gz-common5/profiler_vis/extern/BrowserLib/WindowManager/Code/Grid.js
-- Up-to-date: /home/julia/workspace/install/share/gz/gz-common5/profiler_vis/extern/BrowserLib/WindowManager/Code/Container.js
-- Up-to-date: /home/julia/workspace/install/share/gz/gz-common5/profiler_vis/extern/BrowserLib/WindowManager/Code/Window.js
-- Up-to-date: /home/julia/workspace/install/share/gz/gz-common5/profiler_vis/extern/BrowserLib/WindowManager/Code/Button.js
-- Up-to-date: /home/julia/workspace/install/share/gz/gz-common5/profiler_vis/extern/BrowserLib/WindowManager/Code/EditBox.js
-- Up-to-date: /home/julia/workspace/install/share/gz/gz-common5/profiler_vis/extern/BrowserLib/Core
-- Up-to-date: /home/julia/workspace/install/share/gz/gz-common5/profiler_vis/extern/BrowserLib/Core/Code
-- Up-to-date: /home/julia/workspace/install/share/gz/gz-common5/profiler_vis/extern/BrowserLib/Core/Code/DOM.js
-- Up-to-date: /home/julia/workspace/install/share/gz/gz-common5/profiler_vis/extern/BrowserLib/Core/Code/Bind.js
-- Up-to-date: /home/julia/workspace/install/share/gz/gz-common5/profiler_vis/extern/BrowserLib/Core/Code/MurmurHash3.js
-- Up-to-date: /home/julia/workspace/install/share/gz/gz-common5/profiler_vis/extern/BrowserLib/Core/Code/Animation.js
-- Up-to-date: /home/julia/workspace/install/share/gz/gz-common5/profiler_vis/extern/BrowserLib/Core/Code/Core.js
-- Up-to-date: /home/julia/workspace/install/share/gz/gz-common5/profiler_vis/extern/BrowserLib/Core/Code/LocalStore.js
-- Up-to-date: /home/julia/workspace/install/share/gz/gz-common5/profiler_vis/extern/BrowserLib/Core/Code/Convert.js
-- Up-to-date: /home/julia/workspace/install/share/gz/gz-common5/profiler_vis/extern/BrowserLib/Core/Code/Mouse.js
-- Up-to-date: /home/julia/workspace/install/share/gz/gz-common5/profiler_vis/extern/BrowserLib/Core/Code/Keyboard.js
-- Up-to-date: /home/julia/workspace/install/share/gz/gz-common5/profiler_vis/index.html
-- Up-to-date: /home/julia/workspace/install/share/gz/gz-common5/profiler_vis/Styles
-- Up-to-date: /home/julia/workspace/install/share/gz/gz-common5/profiler_vis/Styles/Remotery.css
-- Up-to-date: /home/julia/workspace/install/share/gz/gz-common5/profiler_vis/Code
-- Up-to-date: /home/julia/workspace/install/share/gz/gz-common5/profiler_vis/Code/WebSocketConnection.js
-- Up-to-date: /home/julia/workspace/install/share/gz/gz-common5/profiler_vis/Code/PixelTimeRange.js
-- Up-to-date: /home/julia/workspace/install/share/gz/gz-common5/profiler_vis/Code/SampleWindow.js
-- Up-to-date: /home/julia/workspace/install/share/gz/gz-common5/profiler_vis/Code/TimelineWindow.js
-- Up-to-date: /home/julia/workspace/install/share/gz/gz-common5/profiler_vis/Code/Remotery.js
-- Up-to-date: /home/julia/workspace/install/share/gz/gz-common5/profiler_vis/Code/TitleWindow.js
-- Up-to-date: /home/julia/workspace/install/share/gz/gz-common5/profiler_vis/Code/DataViewReader.js
-- Up-to-date: /home/julia/workspace/install/share/gz/gz-common5/profiler_vis/Code/Console.js
-- Up-to-date: /home/julia/workspace/install/share/gz/gz-common5/profiler_vis/Code/ThreadFrame.js
-- Up-to-date: /home/julia/workspace/install/share/gz/gz-common5/profiler_vis/Code/TimelineRow.js
-- Up-to-date: /home/julia/workspace/install/include/gz/common5/gz/common/testing/detail/Export.hh
-- Up-to-date: /home/julia/workspace/install/include/gz/common5/gz/common/testing/Export.hh
-- Up-to-date: /home/julia/workspace/install/lib/libgz-common5-testing.so.5.3.1
-- Up-to-date: /home/julia/workspace/install/lib/libgz-common5-testing.so.5
-- Up-to-date: /home/julia/workspace/install/lib/libgz-common5-testing.so
-- Up-to-date: /home/julia/workspace/install/lib/cmake/gz-common5-testing/gz-common5-testing-config.cmake
-- Up-to-date: /home/julia/workspace/install/lib/cmake/gz-common5-testing/gz-common5-testing-config-version.cmake
-- Up-to-date: /home/julia/workspace/install/lib/cmake/gz-common5-testing/gz-common5-testing-targets.cmake
-- Up-to-date: /home/julia/workspace/install/lib/cmake/gz-common5-testing/gz-common5-testing-targets-relwithdebinfo.cmake
-- Up-to-date: /home/julia/workspace/install/lib/pkgconfig/gz-common5-testing.pc
-- Up-to-date: /home/julia/workspace/install/include/gz/common5/ignition
-- Up-to-date: /home/julia/workspace/install/include/gz/common5/ignition/common
-- Up-to-date: /home/julia/workspace/install/include/gz/common5/ignition/common/testing.hh
-- Up-to-date: /home/julia/workspace/install/include/gz/common5/ignition/common/testing
-- Up-to-date: /home/julia/workspace/install/include/gz/common5/ignition/common/testing/Utils.hh
-- Up-to-date: /home/julia/workspace/install/include/gz/common5/ignition/common/testing/CMakeTestPaths.hh
-- Up-to-date: /home/julia/workspace/install/include/gz/common5/ignition/common/testing/Export.hh
-- Up-to-date: /home/julia/workspace/install/include/gz/common5/ignition/common/testing/BazelTestPaths.hh
-- Up-to-date: /home/julia/workspace/install/include/gz/common5/ignition/common/testing/TestPaths.hh
-- Up-to-date: /home/julia/workspace/install/include/gz/common5/ignition/common/testing/AutoLogFixture.hh
-- Up-to-date: /home/julia/workspace/install/include/gz/common5/ignition/common/testing/detail
-- Up-to-date: /home/julia/workspace/install/include/gz/common5/ignition/common/testing/detail/Export.hh
-- Up-to-date: /home/julia/workspace/install/include/gz/common5/ignition/common/testing/detail/AutoLogFixture.hh
-- Up-to-date: /home/julia/workspace/install/include/gz/common5/gz/common/testing/AutoLogFixture.hh
-- Up-to-date: /home/julia/workspace/install/include/gz/common5/gz/common/testing/BazelTestPaths.hh
-- Up-to-date: /home/julia/workspace/install/include/gz/common5/gz/common/testing/CMakeTestPaths.hh
-- Up-to-date: /home/julia/workspace/install/include/gz/common5/gz/common/testing/RedirectConsoleStream.hh
-- Up-to-date: /home/julia/workspace/install/include/gz/common5/gz/common/testing/TestPaths.hh
-- Up-to-date: /home/julia/workspace/install/include/gz/common5/gz/common/testing/Utils.hh
-- Up-to-date: /home/julia/workspace/install/include/gz/common5/gz/common/testing/detail/AutoLogFixture.hh
-- Up-to-date: /home/julia/workspace/install/include/gz/common5/gz/common/testing/../testing.hh
