[0.050s] Invoking command in '/home/julia/workspace/build/gz-common5': /usr/bin/cmake --build /home/julia/workspace/build/gz-common5 -- -j3 -l3
[0.167s] [ 26%] Built target gz-common5
[0.230s] [ 61%] Built target gz-common5-graphics
[0.230s] [ 67%] Built target gz-common5-events
[0.238s] [ 77%] Built target gz-common5-av
[0.285s] [ 80%] Built target gz-common5-io
[0.285s] [ 86%] Built target gz-common5-profiler
[0.291s] [ 95%] Built target gz-common5-testing
[0.315s] [100%] Built target gz-common5-geospatial
[0.326s] Invoked command in '/home/julia/workspace/build/gz-common5' returned '0': /usr/bin/cmake --build /home/julia/workspace/build/gz-common5 -- -j3 -l3
[0.385s] Invoking command in '/home/julia/workspace/build/gz-common5': /usr/bin/cmake --install /home/julia/workspace/build/gz-common5
[0.399s] -- Install configuration: "RelWithDebInfo"
[0.399s] -- Up-to-date: /home/julia/workspace/install/lib/cmake/gz-common5-all/gz-common5-all-config.cmake
[0.399s] -- Up-to-date: /home/julia/workspace/install/lib/cmake/gz-common5-all/gz-common5-all-config-version.cmake
[0.439s] -- Up-to-date: /home/julia/workspace/install/lib/cmake/gz-common5-all/gz-common5-all-targets.cmake
[0.497s] -- Up-to-date: /home/julia/workspace/install/include/gz/common5/gz/common/detail/Export.hh
[0.497s] -- Up-to-date: /home/julia/workspace/install/include/gz/common5/gz/common/Export.hh
[0.497s] -- Up-to-date: /home/julia/workspace/install/lib/libgz-common5.so.5.3.1
[0.497s] -- Up-to-date: /home/julia/workspace/install/lib/libgz-common5.so.5
[0.504s] -- Up-to-date: /home/julia/workspace/install/lib/libgz-common5.so
[0.504s] -- Up-to-date: /home/julia/workspace/install/lib/cmake/gz-common5/gz-common5-config.cmake
[0.504s] -- Up-to-date: /home/julia/workspace/install/lib/cmake/gz-common5/gz-common5-config-version.cmake
[0.512s] -- Up-to-date: /home/julia/workspace/install/lib/cmake/gz-common5/gz-common5-targets.cmake
[0.514s] -- Up-to-date: /home/julia/workspace/install/lib/cmake/gz-common5/gz-common5-targets-relwithdebinfo.cmake
[0.516s] -- Up-to-date: /home/julia/workspace/install/lib/pkgconfig/gz-common5.pc
[0.518s] -- Up-to-date: /home/julia/workspace/install/include/gz/common5/ignition
[0.518s] -- Up-to-date: /home/julia/workspace/install/include/gz/common5/ignition/common.hh
[0.518s] -- Up-to-date: /home/julia/workspace/install/include/gz/common5/ignition/common
[0.518s] -- Up-to-date: /home/julia/workspace/install/include/gz/common5/ignition/common/SpecializedPlugin.hh
[0.519s] -- Up-to-date: /home/julia/workspace/install/include/gz/common5/ignition/common/Battery.hh
[0.519s] -- Up-to-date: /home/julia/workspace/install/include/gz/common5/ignition/common/Uuid.hh
[0.519s] -- Up-to-date: /home/julia/workspace/install/include/gz/common5/ignition/common/TemplateHelpers.hh
[0.519s] -- Up-to-date: /home/julia/workspace/install/include/gz/common5/ignition/common/URI.hh
[0.519s] -- Up-to-date: /home/julia/workspace/install/include/gz/common5/ignition/common/SystemPaths.hh
[0.519s] -- Up-to-date: /home/julia/workspace/install/include/gz/common5/ignition/common/Util.hh
[0.519s] -- Up-to-date: /home/julia/workspace/install/include/gz/common5/ignition/common/PluginPtr.hh
[0.520s] -- Up-to-date: /home/julia/workspace/install/include/gz/common5/ignition/common/Export.hh
[0.520s] -- Up-to-date: /home/julia/workspace/install/include/gz/common5/ignition/common/FlagSet.hh
[0.520s] -- Up-to-date: /home/julia/workspace/install/include/gz/common5/ignition/common/Console.hh
[0.520s] -- Up-to-date: /home/julia/workspace/install/include/gz/common5/ignition/common/TempDirectory.hh
[0.520s] -- Up-to-date: /home/julia/workspace/install/include/gz/common5/ignition/common/PluginInfo.hh
[0.520s] -- Up-to-date: /home/julia/workspace/install/include/gz/common5/ignition/common/SingletonT.hh
[0.521s] -- Up-to-date: /home/julia/workspace/install/include/gz/common5/ignition/common/MovingWindowFilter.hh
[0.521s] -- Up-to-date: /home/julia/workspace/install/include/gz/common5/ignition/common/Timer.hh
[0.521s] -- Up-to-date: /home/julia/workspace/install/include/gz/common5/ignition/common/MaterialDensity.hh
[0.521s] -- Up-to-date: /home/julia/workspace/install/include/gz/common5/ignition/common/WorkerPool.hh
[0.521s] -- Up-to-date: /home/julia/workspace/install/include/gz/common5/ignition/common/SpecializedPluginPtr.hh
[0.522s] -- Up-to-date: /home/julia/workspace/install/include/gz/common5/ignition/common/PluginLoader.hh
[0.522s] -- Up-to-date: /home/julia/workspace/install/include/gz/common5/ignition/common/SuppressWarning.hh
[0.522s] -- Up-to-date: /home/julia/workspace/install/include/gz/common5/ignition/common/PluginMacros.hh
[0.522s] -- Up-to-date: /home/julia/workspace/install/include/gz/common5/ignition/common/EnumIface.hh
[0.523s] -- Up-to-date: /home/julia/workspace/install/include/gz/common5/ignition/common/config.hh
[0.523s] -- Up-to-date: /home/julia/workspace/install/include/gz/common5/ignition/common/Base64.hh
[0.523s] -- Up-to-date: /home/julia/workspace/install/include/gz/common5/ignition/common/detail
[0.524s] -- Up-to-date: /home/julia/workspace/install/include/gz/common5/ignition/common/detail/SpecializedPlugin.hh
[0.524s] -- Up-to-date: /home/julia/workspace/install/include/gz/common5/ignition/common/detail/TemplateHelpers.hh
[0.524s] -- Up-to-date: /home/julia/workspace/install/include/gz/common5/ignition/common/detail/PluginPtr.hh
[0.524s] -- Up-to-date: /home/julia/workspace/install/include/gz/common5/ignition/common/detail/Export.hh
[0.525s] -- Up-to-date: /home/julia/workspace/install/include/gz/common5/ignition/common/detail/PluginLoader.hh
[0.526s] -- Up-to-date: /home/julia/workspace/install/include/gz/common5/ignition/common/detail/PluginMacros.hh
[0.526s] -- Up-to-date: /home/julia/workspace/install/include/gz/common5/ignition/common/detail/Plugin.hh
[0.526s] -- Up-to-date: /home/julia/workspace/install/include/gz/common5/ignition/common/Filesystem.hh
[0.526s] -- Up-to-date: /home/julia/workspace/install/include/gz/common5/ignition/common/StringUtils.hh
[0.527s] -- Up-to-date: /home/julia/workspace/install/include/gz/common5/ignition/common/Plugin.hh
[0.528s] -- Up-to-date: /home/julia/workspace/install/include/gz/common5/ignition/common/SignalHandler.hh
[0.533s] -- Up-to-date: /home/julia/workspace/install/include/gz/common5/gz/common/detail/TemplateHelpers.hh
[0.534s] -- Up-to-date: /home/julia/workspace/install/include/gz/common5/gz/common/Base64.hh
[0.534s] -- Up-to-date: /home/julia/workspace/install/include/gz/common5/gz/common/Battery.hh
[0.534s] -- Up-to-date: /home/julia/workspace/install/include/gz/common5/gz/common/Console.hh
[0.534s] -- Up-to-date: /home/julia/workspace/install/include/gz/common5/gz/common/EnumIface.hh
[0.534s] -- Up-to-date: /home/julia/workspace/install/include/gz/common5/gz/common/Filesystem.hh
[0.534s] -- Up-to-date: /home/julia/workspace/install/include/gz/common5/gz/common/FlagSet.hh
[0.534s] -- Up-to-date: /home/julia/workspace/install/include/gz/common5/gz/common/MaterialDensity.hh
[0.535s] -- Up-to-date: /home/julia/workspace/install/include/gz/common5/gz/common/MovingWindowFilter.hh
[0.546s] -- Up-to-date: /home/julia/workspace/install/include/gz/common5/gz/common/SignalHandler.hh
[0.546s] -- Up-to-date: /home/julia/workspace/install/include/gz/common5/gz/common/SingletonT.hh
[0.546s] -- Up-to-date: /home/julia/workspace/install/include/gz/common5/gz/common/StringUtils.hh
[0.547s] -- Up-to-date: /home/julia/workspace/install/include/gz/common5/gz/common/SuppressWarning.hh
[0.547s] -- Up-to-date: /home/julia/workspace/install/include/gz/common5/gz/common/SystemPaths.hh
[0.547s] -- Up-to-date: /home/julia/workspace/install/include/gz/common5/gz/common/TempDirectory.hh
[0.547s] -- Up-to-date: /home/julia/workspace/install/include/gz/common5/gz/common/TemplateHelpers.hh
[0.547s] -- Up-to-date: /home/julia/workspace/install/include/gz/common5/gz/common/Timer.hh
[0.547s] -- Up-to-date: /home/julia/workspace/install/include/gz/common5/gz/common/URI.hh
[0.547s] -- Up-to-date: /home/julia/workspace/install/include/gz/common5/gz/common/Util.hh
[0.547s] -- Up-to-date: /home/julia/workspace/install/include/gz/common5/gz/common/Uuid.hh
[0.547s] -- Up-to-date: /home/julia/workspace/install/include/gz/common5/gz/common/WorkerPool.hh
[0.548s] -- Up-to-date: /home/julia/workspace/install/include/gz/common5/gz/common/../common.hh
[0.548s] -- Up-to-date: /home/julia/workspace/install/include/gz/common5/gz/common/config.hh
[0.549s] -- Up-to-date: /home/julia/workspace/install/include/gz/common5/gz/common/av/detail/Export.hh
[0.576s] -- Up-to-date: /home/julia/workspace/install/include/gz/common5/gz/common/av/Export.hh
[0.576s] -- Up-to-date: /home/julia/workspace/install/lib/libgz-common5-av.so.5.3.1
[0.576s] -- Up-to-date: /home/julia/workspace/install/lib/libgz-common5-av.so.5
[0.576s] -- Up-to-date: /home/julia/workspace/install/lib/libgz-common5-av.so
[0.576s] -- Up-to-date: /home/julia/workspace/install/lib/cmake/gz-common5-av/gz-common5-av-config.cmake
[0.576s] -- Up-to-date: /home/julia/workspace/install/lib/cmake/gz-common5-av/gz-common5-av-config-version.cmake
[0.577s] -- Up-to-date: /home/julia/workspace/install/lib/cmake/gz-common5-av/gz-common5-av-targets.cmake
[0.577s] -- Up-to-date: /home/julia/workspace/install/lib/cmake/gz-common5-av/gz-common5-av-targets-relwithdebinfo.cmake
[0.577s] -- Up-to-date: /home/julia/workspace/install/lib/pkgconfig/gz-common5-av.pc
[0.577s] -- Up-to-date: /home/julia/workspace/install/include/gz/common5/ignition
[0.577s] -- Up-to-date: /home/julia/workspace/install/include/gz/common5/ignition/common
[0.577s] -- Up-to-date: /home/julia/workspace/install/include/gz/common5/ignition/common/av
[0.577s] -- Up-to-date: /home/julia/workspace/install/include/gz/common5/ignition/common/av/Util.hh
[0.577s] -- Up-to-date: /home/julia/workspace/install/include/gz/common5/ignition/common/av/Export.hh
[0.578s] -- Up-to-date: /home/julia/workspace/install/include/gz/common5/ignition/common/av/detail
[0.578s] -- Up-to-date: /home/julia/workspace/install/include/gz/common5/ignition/common/av/detail/Export.hh
[0.578s] -- Up-to-date: /home/julia/workspace/install/include/gz/common5/ignition/common/av.hh
[0.578s] -- Up-to-date: /home/julia/workspace/install/include/gz/common5/ignition/common/VideoEncoder.hh
[0.578s] -- Up-to-date: /home/julia/workspace/install/include/gz/common5/ignition/common/ffmpeg_inc.hh
[0.578s] -- Up-to-date: /home/julia/workspace/install/include/gz/common5/ignition/common/AudioDecoder.hh
[0.579s] -- Up-to-date: /home/julia/workspace/install/include/gz/common5/ignition/common/Video.hh
[0.579s] -- Up-to-date: /home/julia/workspace/install/include/gz/common5/ignition/common/HWVideo.hh
[0.579s] -- Up-to-date: /home/julia/workspace/install/include/gz/common5/gz/common/av/Util.hh
[0.579s] -- Up-to-date: /home/julia/workspace/install/include/gz/common5/gz/common/AudioDecoder.hh
[0.579s] -- Up-to-date: /home/julia/workspace/install/include/gz/common5/gz/common/HWVideo.hh
[0.579s] -- Up-to-date: /home/julia/workspace/install/include/gz/common5/gz/common/Video.hh
[0.579s] -- Up-to-date: /home/julia/workspace/install/include/gz/common5/gz/common/VideoEncoder.hh
[0.579s] -- Up-to-date: /home/julia/workspace/install/include/gz/common5/gz/common/ffmpeg_inc.hh
[0.580s] -- Up-to-date: /home/julia/workspace/install/include/gz/common5/gz/common/av/../av.hh
[0.581s] -- Up-to-date: /home/julia/workspace/install/include/gz/common5/gz/common/events/detail/Export.hh
[0.581s] -- Up-to-date: /home/julia/workspace/install/include/gz/common5/gz/common/events/Export.hh
[0.582s] -- Up-to-date: /home/julia/workspace/install/lib/libgz-common5-events.so.5.3.1
[0.582s] -- Up-to-date: /home/julia/workspace/install/lib/libgz-common5-events.so.5
[0.582s] -- Up-to-date: /home/julia/workspace/install/lib/libgz-common5-events.so
[0.583s] -- Up-to-date: /home/julia/workspace/install/lib/cmake/gz-common5-events/gz-common5-events-config.cmake
[0.583s] -- Up-to-date: /home/julia/workspace/install/lib/cmake/gz-common5-events/gz-common5-events-config-version.cmake
[0.587s] -- Up-to-date: /home/julia/workspace/install/lib/cmake/gz-common5-events/gz-common5-events-targets.cmake
[0.587s] -- Up-to-date: /home/julia/workspace/install/lib/cmake/gz-common5-events/gz-common5-events-targets-relwithdebinfo.cmake
[0.588s] -- Up-to-date: /home/julia/workspace/install/lib/pkgconfig/gz-common5-events.pc
[0.589s] -- Up-to-date: /home/julia/workspace/install/include/gz/common5/ignition
[0.589s] -- Up-to-date: /home/julia/workspace/install/include/gz/common5/ignition/common
[0.589s] -- Up-to-date: /home/julia/workspace/install/include/gz/common5/ignition/common/Event.hh
[0.589s] -- Up-to-date: /home/julia/workspace/install/include/gz/common5/ignition/common/KeyEvent.hh
[0.589s] -- Up-to-date: /home/julia/workspace/install/include/gz/common5/ignition/common/events.hh
[0.589s] -- Up-to-date: /home/julia/workspace/install/include/gz/common5/ignition/common/events
[0.590s] -- Up-to-date: /home/julia/workspace/install/include/gz/common5/ignition/common/events/Types.hh
[0.591s] -- Up-to-date: /home/julia/workspace/install/include/gz/common5/ignition/common/events/Export.hh
[0.591s] -- Up-to-date: /home/julia/workspace/install/include/gz/common5/ignition/common/events/detail
[0.591s] -- Up-to-date: /home/julia/workspace/install/include/gz/common5/ignition/common/events/detail/Export.hh
[0.591s] -- Up-to-date: /home/julia/workspace/install/include/gz/common5/ignition/common/MouseEvent.hh
[0.592s] -- Up-to-date: /home/julia/workspace/install/include/gz/common5/gz/common/events/Types.hh
[0.592s] -- Up-to-date: /home/julia/workspace/install/include/gz/common5/gz/common/Event.hh
[0.592s] -- Up-to-date: /home/julia/workspace/install/include/gz/common5/gz/common/KeyEvent.hh
[0.592s] -- Up-to-date: /home/julia/workspace/install/include/gz/common5/gz/common/MouseEvent.hh
[0.593s] -- Up-to-date: /home/julia/workspace/install/include/gz/common5/gz/common/events/../events.hh
[0.601s] -- Up-to-date: /home/julia/workspace/install/include/gz/common5/gz/common/geospatial/detail/Export.hh
[0.601s] -- Up-to-date: /home/julia/workspace/install/include/gz/common5/gz/common/geospatial/Export.hh
[0.601s] -- Up-to-date: /home/julia/workspace/install/lib/libgz-common5-geospatial.so.5.3.1
[0.601s] -- Up-to-date: /home/julia/workspace/install/lib/libgz-common5-geospatial.so.5
[0.602s] -- Up-to-date: /home/julia/workspace/install/lib/libgz-common5-geospatial.so
[0.602s] -- Up-to-date: /home/julia/workspace/install/lib/cmake/gz-common5-geospatial/gz-common5-geospatial-config.cmake
[0.602s] -- Up-to-date: /home/julia/workspace/install/lib/cmake/gz-common5-geospatial/gz-common5-geospatial-config-version.cmake
[0.606s] -- Up-to-date: /home/julia/workspace/install/lib/cmake/gz-common5-geospatial/gz-common5-geospatial-targets.cmake
[0.607s] -- Up-to-date: /home/julia/workspace/install/lib/cmake/gz-common5-geospatial/gz-common5-geospatial-targets-relwithdebinfo.cmake
[0.607s] -- Up-to-date: /home/julia/workspace/install/lib/pkgconfig/gz-common5-geospatial.pc
[0.609s] -- Up-to-date: /home/julia/workspace/install/include/gz/common5/ignition
[0.610s] -- Up-to-date: /home/julia/workspace/install/include/gz/common5/ignition/common
[0.610s] -- Up-to-date: /home/julia/workspace/install/include/gz/common5/ignition/common/geospatial
[0.610s] -- Up-to-date: /home/julia/workspace/install/include/gz/common5/ignition/common/geospatial/Export.hh
[0.610s] -- Up-to-date: /home/julia/workspace/install/include/gz/common5/ignition/common/geospatial/HeightmapData.hh
[0.611s] -- Up-to-date: /home/julia/workspace/install/include/gz/common5/ignition/common/geospatial/Dem.hh
[0.611s] -- Up-to-date: /home/julia/workspace/install/include/gz/common5/ignition/common/geospatial/detail
[0.612s] -- Up-to-date: /home/julia/workspace/install/include/gz/common5/ignition/common/geospatial/detail/Export.hh
[0.612s] -- Up-to-date: /home/julia/workspace/install/include/gz/common5/ignition/common/geospatial/ImageHeightmap.hh
[0.612s] -- Up-to-date: /home/julia/workspace/install/include/gz/common5/ignition/common/geospatial.hh
[0.612s] -- Up-to-date: /home/julia/workspace/install/include/gz/common5/gz/common/geospatial/Dem.hh
[0.612s] -- Up-to-date: /home/julia/workspace/install/include/gz/common5/gz/common/geospatial/HeightmapData.hh
[0.613s] -- Up-to-date: /home/julia/workspace/install/include/gz/common5/gz/common/geospatial/ImageHeightmap.hh
[0.613s] -- Up-to-date: /home/julia/workspace/install/include/gz/common5/gz/common/geospatial/../geospatial.hh
[0.625s] -- Up-to-date: /home/julia/workspace/install/include/gz/common5/gz/common/graphics/detail/Export.hh
[0.625s] -- Up-to-date: /home/julia/workspace/install/include/gz/common5/gz/common/graphics/Export.hh
[0.626s] -- Up-to-date: /home/julia/workspace/install/lib/libgz-common5-graphics.so.5.3.1
[0.626s] -- Up-to-date: /home/julia/workspace/install/lib/libgz-common5-graphics.so.5
[0.626s] -- Up-to-date: /home/julia/workspace/install/lib/libgz-common5-graphics.so
[0.627s] -- Up-to-date: /home/julia/workspace/install/lib/cmake/gz-common5-graphics/gz-common5-graphics-config.cmake
[0.627s] -- Up-to-date: /home/julia/workspace/install/lib/cmake/gz-common5-graphics/gz-common5-graphics-config-version.cmake
[0.630s] -- Up-to-date: /home/julia/workspace/install/lib/cmake/gz-common5-graphics/gz-common5-graphics-targets.cmake
[0.631s] -- Up-to-date: /home/julia/workspace/install/lib/cmake/gz-common5-graphics/gz-common5-graphics-targets-relwithdebinfo.cmake
[0.631s] -- Up-to-date: /home/julia/workspace/install/lib/pkgconfig/gz-common5-graphics.pc
[0.632s] -- Up-to-date: /home/julia/workspace/install/include/gz/common5/ignition
[0.645s] -- Up-to-date: /home/julia/workspace/install/include/gz/common5/ignition/common
[0.646s] -- Up-to-date: /home/julia/workspace/install/include/gz/common5/ignition/common/graphics
[0.646s] -- Up-to-date: /home/julia/workspace/install/include/gz/common5/ignition/common/graphics/Types.hh
[0.646s] -- Up-to-date: /home/julia/workspace/install/include/gz/common5/ignition/common/graphics/Export.hh
[0.646s] -- Up-to-date: /home/julia/workspace/install/include/gz/common5/ignition/common/graphics/detail
[0.646s] -- Up-to-date: /home/julia/workspace/install/include/gz/common5/ignition/common/graphics/detail/Export.hh
[0.646s] -- Up-to-date: /home/julia/workspace/install/include/gz/common5/ignition/common/ColladaLoader.hh
[0.646s] -- Up-to-date: /home/julia/workspace/install/include/gz/common5/ignition/common/SkeletonNode.hh
[0.647s] -- Up-to-date: /home/julia/workspace/install/include/gz/common5/ignition/common/SVGLoader.hh
[0.647s] -- Up-to-date: /home/julia/workspace/install/include/gz/common5/ignition/common/Animation.hh
[0.647s] -- Up-to-date: /home/julia/workspace/install/include/gz/common5/ignition/common/graphics.hh
[0.647s] -- Up-to-date: /home/julia/workspace/install/include/gz/common5/ignition/common/MeshLoader.hh
[0.647s] -- Up-to-date: /home/julia/workspace/install/include/gz/common5/ignition/common/KeyFrame.hh
[0.647s] -- Up-to-date: /home/julia/workspace/install/include/gz/common5/ignition/common/STLLoader.hh
[0.647s] -- Up-to-date: /home/julia/workspace/install/include/gz/common5/ignition/common/Skeleton.hh
[0.647s] -- Up-to-date: /home/julia/workspace/install/include/gz/common5/ignition/common/Material.hh
[0.648s] -- Up-to-date: /home/julia/workspace/install/include/gz/common5/ignition/common/Image.hh
[0.648s] -- Up-to-date: /home/julia/workspace/install/include/gz/common5/ignition/common/GTSMeshUtils.hh
[0.648s] -- Up-to-date: /home/julia/workspace/install/include/gz/common5/ignition/common/Pbr.hh
[0.648s] -- Up-to-date: /home/julia/workspace/install/include/gz/common5/ignition/common/MeshExporter.hh
[0.648s] -- Up-to-date: /home/julia/workspace/install/include/gz/common5/ignition/common/MeshManager.hh
[0.648s] -- Up-to-date: /home/julia/workspace/install/include/gz/common5/ignition/common/SkeletonAnimation.hh
[0.648s] -- Up-to-date: /home/julia/workspace/install/include/gz/common5/ignition/common/ColladaExporter.hh
[0.649s] -- Up-to-date: /home/julia/workspace/install/include/gz/common5/ignition/common/NodeAnimation.hh
[0.649s] -- Up-to-date: /home/julia/workspace/install/include/gz/common5/ignition/common/Mesh.hh
[0.649s] -- Up-to-date: /home/julia/workspace/install/include/gz/common5/ignition/common/OBJLoader.hh
[0.649s] -- Up-to-date: /home/julia/workspace/install/include/gz/common5/ignition/common/SubMesh.hh
[0.649s] -- Up-to-date: /home/julia/workspace/install/include/gz/common5/ignition/common/BVHLoader.hh
[0.649s] -- Up-to-date: /home/julia/workspace/install/include/gz/common5/ignition/common/MeshCSG.hh
[0.649s] -- Up-to-date: /home/julia/workspace/install/include/gz/common5/ignition/common/NodeTransform.hh
[0.650s] -- Up-to-date: /home/julia/workspace/install/include/gz/common5/gz/common/graphics/Types.hh
[0.650s] -- Up-to-date: /home/julia/workspace/install/include/gz/common5/gz/common/Animation.hh
[0.650s] -- Up-to-date: /home/julia/workspace/install/include/gz/common5/gz/common/AssimpLoader.hh
[0.650s] -- Up-to-date: /home/julia/workspace/install/include/gz/common5/gz/common/BVHLoader.hh
[0.650s] -- Up-to-date: /home/julia/workspace/install/include/gz/common5/gz/common/ColladaExporter.hh
[0.650s] -- Up-to-date: /home/julia/workspace/install/include/gz/common5/gz/common/ColladaLoader.hh
[0.650s] -- Up-to-date: /home/julia/workspace/install/include/gz/common5/gz/common/GTSMeshUtils.hh
[0.651s] -- Up-to-date: /home/julia/workspace/install/include/gz/common5/gz/common/Image.hh
[0.651s] -- Up-to-date: /home/julia/workspace/install/include/gz/common5/gz/common/KeyFrame.hh
[0.651s] -- Up-to-date: /home/julia/workspace/install/include/gz/common5/gz/common/Material.hh
[0.651s] -- Up-to-date: /home/julia/workspace/install/include/gz/common5/gz/common/Mesh.hh
[0.651s] -- Up-to-date: /home/julia/workspace/install/include/gz/common5/gz/common/MeshCSG.hh
[0.651s] -- Up-to-date: /home/julia/workspace/install/include/gz/common5/gz/common/MeshExporter.hh
[0.651s] -- Up-to-date: /home/julia/workspace/install/include/gz/common5/gz/common/MeshLoader.hh
[0.651s] -- Up-to-date: /home/julia/workspace/install/include/gz/common5/gz/common/MeshManager.hh
[0.652s] -- Up-to-date: /home/julia/workspace/install/include/gz/common5/gz/common/NodeAnimation.hh
[0.652s] -- Up-to-date: /home/julia/workspace/install/include/gz/common5/gz/common/NodeTransform.hh
[0.652s] -- Up-to-date: /home/julia/workspace/install/include/gz/common5/gz/common/OBJLoader.hh
[0.652s] -- Up-to-date: /home/julia/workspace/install/include/gz/common5/gz/common/Pbr.hh
[0.652s] -- Up-to-date: /home/julia/workspace/install/include/gz/common5/gz/common/STLLoader.hh
[0.652s] -- Up-to-date: /home/julia/workspace/install/include/gz/common5/gz/common/SVGLoader.hh
[0.652s] -- Up-to-date: /home/julia/workspace/install/include/gz/common5/gz/common/Skeleton.hh
[0.652s] -- Up-to-date: /home/julia/workspace/install/include/gz/common5/gz/common/SkeletonAnimation.hh
[0.653s] -- Up-to-date: /home/julia/workspace/install/include/gz/common5/gz/common/SkeletonNode.hh
[0.653s] -- Up-to-date: /home/julia/workspace/install/include/gz/common5/gz/common/SubMesh.hh
[0.653s] -- Up-to-date: /home/julia/workspace/install/include/gz/common5/gz/common/graphics/../graphics.hh
[0.653s] -- Up-to-date: /home/julia/workspace/install/include/gz/common5/gz/common/io/detail/Export.hh
[0.653s] -- Up-to-date: /home/julia/workspace/install/include/gz/common5/gz/common/io/Export.hh
[0.653s] -- Up-to-date: /home/julia/workspace/install/lib/libgz-common5-io.so.5.3.1
[0.653s] -- Up-to-date: /home/julia/workspace/install/lib/libgz-common5-io.so.5
[0.654s] -- Up-to-date: /home/julia/workspace/install/lib/libgz-common5-io.so
[0.654s] -- Up-to-date: /home/julia/workspace/install/lib/cmake/gz-common5-io/gz-common5-io-config.cmake
[0.654s] -- Up-to-date: /home/julia/workspace/install/lib/cmake/gz-common5-io/gz-common5-io-config-version.cmake
[0.654s] -- Up-to-date: /home/julia/workspace/install/lib/cmake/gz-common5-io/gz-common5-io-targets.cmake
[0.654s] -- Up-to-date: /home/julia/workspace/install/lib/cmake/gz-common5-io/gz-common5-io-targets-relwithdebinfo.cmake
[0.672s] -- Up-to-date: /home/julia/workspace/install/lib/pkgconfig/gz-common5-io.pc
[0.673s] -- Up-to-date: /home/julia/workspace/install/include/gz/common5/gz/common/CSVStreams.hh
[0.673s] -- Up-to-date: /home/julia/workspace/install/include/gz/common5/gz/common/DataFrame.hh
[0.673s] -- Up-to-date: /home/julia/workspace/install/include/gz/common5/gz/common/IOBase.hh
[0.674s] -- Up-to-date: /home/julia/workspace/install/include/gz/common5/gz/common/io/../io.hh
[0.674s] -- Up-to-date: /home/julia/workspace/install/include/gz/common5/ignition
[0.675s] -- Up-to-date: /home/julia/workspace/install/include/gz/common5/ignition/common
[0.675s] -- Up-to-date: /home/julia/workspace/install/include/gz/common5/ignition/common/profiler
[0.675s] -- Up-to-date: /home/julia/workspace/install/include/gz/common5/ignition/common/profiler/Export.hh
[0.675s] -- Up-to-date: /home/julia/workspace/install/include/gz/common5/ignition/common/profiler/detail
[0.675s] -- Up-to-date: /home/julia/workspace/install/include/gz/common5/ignition/common/profiler/detail/Export.hh
[0.675s] -- Up-to-date: /home/julia/workspace/install/include/gz/common5/ignition/common/Profiler.hh
[0.676s] -- Up-to-date: /home/julia/workspace/install/include/gz/common5/gz
[0.676s] -- Up-to-date: /home/julia/workspace/install/include/gz/common5/gz/common
[0.676s] -- Up-to-date: /home/julia/workspace/install/include/gz/common5/gz/common/Profiler.hh
[0.677s] -- Up-to-date: /home/julia/workspace/install/include/gz/common5/gz/common/profiler/detail/Export.hh
[0.677s] -- Up-to-date: /home/julia/workspace/install/include/gz/common5/gz/common/profiler/Export.hh
[0.678s] -- Up-to-date: /home/julia/workspace/install/lib/libgz-common5-profiler.so.5.3.1
[0.678s] -- Up-to-date: /home/julia/workspace/install/lib/libgz-common5-profiler.so.5
[0.679s] -- Up-to-date: /home/julia/workspace/install/lib/libgz-common5-profiler.so
[0.679s] -- Up-to-date: /home/julia/workspace/install/lib/cmake/gz-common5-profiler/gz-common5-profiler-config.cmake
[0.679s] -- Up-to-date: /home/julia/workspace/install/lib/cmake/gz-common5-profiler/gz-common5-profiler-config-version.cmake
[0.682s] -- Up-to-date: /home/julia/workspace/install/lib/cmake/gz-common5-profiler/gz-common5-profiler-targets.cmake
[0.683s] -- Up-to-date: /home/julia/workspace/install/lib/cmake/gz-common5-profiler/gz-common5-profiler-targets-relwithdebinfo.cmake
[0.683s] -- Up-to-date: /home/julia/workspace/install/lib/pkgconfig/gz-common5-profiler.pc
[0.684s] -- Up-to-date: /home/julia/workspace/install/libexec/gz/gz-common5/gz_remotery_vis
[0.685s] -- Up-to-date: /home/julia/workspace/install/share/gz/gz-common5/profiler_vis
[0.685s] -- Up-to-date: /home/julia/workspace/install/share/gz/gz-common5/profiler_vis/extern
[0.686s] -- Up-to-date: /home/julia/workspace/install/share/gz/gz-common5/profiler_vis/extern/BrowserLib
[0.687s] -- Up-to-date: /home/julia/workspace/install/share/gz/gz-common5/profiler_vis/extern/BrowserLib/WindowManager
[0.687s] -- Up-to-date: /home/julia/workspace/install/share/gz/gz-common5/profiler_vis/extern/BrowserLib/WindowManager/Styles
[0.687s] -- Up-to-date: /home/julia/workspace/install/share/gz/gz-common5/profiler_vis/extern/BrowserLib/WindowManager/Styles/WindowManager.css
[0.688s] -- Up-to-date: /home/julia/workspace/install/share/gz/gz-common5/profiler_vis/extern/BrowserLib/WindowManager/Code
[0.688s] -- Up-to-date: /home/julia/workspace/install/share/gz/gz-common5/profiler_vis/extern/BrowserLib/WindowManager/Code/Treeview.js
[0.688s] -- Up-to-date: /home/julia/workspace/install/share/gz/gz-common5/profiler_vis/extern/BrowserLib/WindowManager/Code/TreeviewItem.js
[0.688s] -- Up-to-date: /home/julia/workspace/install/share/gz/gz-common5/profiler_vis/extern/BrowserLib/WindowManager/Code/Label.js
[0.688s] -- Up-to-date: /home/julia/workspace/install/share/gz/gz-common5/profiler_vis/extern/BrowserLib/WindowManager/Code/WindowManager.js
[0.688s] -- Up-to-date: /home/julia/workspace/install/share/gz/gz-common5/profiler_vis/extern/BrowserLib/WindowManager/Code/ComboBox.js
[0.688s] -- Up-to-date: /home/julia/workspace/install/share/gz/gz-common5/profiler_vis/extern/BrowserLib/WindowManager/Code/Grid.js
[0.689s] -- Up-to-date: /home/julia/workspace/install/share/gz/gz-common5/profiler_vis/extern/BrowserLib/WindowManager/Code/Container.js
[0.689s] -- Up-to-date: /home/julia/workspace/install/share/gz/gz-common5/profiler_vis/extern/BrowserLib/WindowManager/Code/Window.js
[0.689s] -- Up-to-date: /home/julia/workspace/install/share/gz/gz-common5/profiler_vis/extern/BrowserLib/WindowManager/Code/Button.js
[0.689s] -- Up-to-date: /home/julia/workspace/install/share/gz/gz-common5/profiler_vis/extern/BrowserLib/WindowManager/Code/EditBox.js
[0.689s] -- Up-to-date: /home/julia/workspace/install/share/gz/gz-common5/profiler_vis/extern/BrowserLib/Core
[0.689s] -- Up-to-date: /home/julia/workspace/install/share/gz/gz-common5/profiler_vis/extern/BrowserLib/Core/Code
[0.689s] -- Up-to-date: /home/julia/workspace/install/share/gz/gz-common5/profiler_vis/extern/BrowserLib/Core/Code/DOM.js
[0.689s] -- Up-to-date: /home/julia/workspace/install/share/gz/gz-common5/profiler_vis/extern/BrowserLib/Core/Code/Bind.js
[0.690s] -- Up-to-date: /home/julia/workspace/install/share/gz/gz-common5/profiler_vis/extern/BrowserLib/Core/Code/MurmurHash3.js
[0.690s] -- Up-to-date: /home/julia/workspace/install/share/gz/gz-common5/profiler_vis/extern/BrowserLib/Core/Code/Animation.js
[0.690s] -- Up-to-date: /home/julia/workspace/install/share/gz/gz-common5/profiler_vis/extern/BrowserLib/Core/Code/Core.js
[0.690s] -- Up-to-date: /home/julia/workspace/install/share/gz/gz-common5/profiler_vis/extern/BrowserLib/Core/Code/LocalStore.js
[0.690s] -- Up-to-date: /home/julia/workspace/install/share/gz/gz-common5/profiler_vis/extern/BrowserLib/Core/Code/Convert.js
[0.690s] -- Up-to-date: /home/julia/workspace/install/share/gz/gz-common5/profiler_vis/extern/BrowserLib/Core/Code/Mouse.js
[0.690s] -- Up-to-date: /home/julia/workspace/install/share/gz/gz-common5/profiler_vis/extern/BrowserLib/Core/Code/Keyboard.js
[0.690s] -- Up-to-date: /home/julia/workspace/install/share/gz/gz-common5/profiler_vis/index.html
[0.691s] -- Up-to-date: /home/julia/workspace/install/share/gz/gz-common5/profiler_vis/Styles
[0.691s] -- Up-to-date: /home/julia/workspace/install/share/gz/gz-common5/profiler_vis/Styles/Remotery.css
[0.691s] -- Up-to-date: /home/julia/workspace/install/share/gz/gz-common5/profiler_vis/Code
[0.691s] -- Up-to-date: /home/julia/workspace/install/share/gz/gz-common5/profiler_vis/Code/WebSocketConnection.js
[0.691s] -- Up-to-date: /home/julia/workspace/install/share/gz/gz-common5/profiler_vis/Code/PixelTimeRange.js
[0.691s] -- Up-to-date: /home/julia/workspace/install/share/gz/gz-common5/profiler_vis/Code/SampleWindow.js
[0.691s] -- Up-to-date: /home/julia/workspace/install/share/gz/gz-common5/profiler_vis/Code/TimelineWindow.js
[0.692s] -- Up-to-date: /home/julia/workspace/install/share/gz/gz-common5/profiler_vis/Code/Remotery.js
[0.692s] -- Up-to-date: /home/julia/workspace/install/share/gz/gz-common5/profiler_vis/Code/TitleWindow.js
[0.692s] -- Up-to-date: /home/julia/workspace/install/share/gz/gz-common5/profiler_vis/Code/DataViewReader.js
[0.692s] -- Up-to-date: /home/julia/workspace/install/share/gz/gz-common5/profiler_vis/Code/Console.js
[0.692s] -- Up-to-date: /home/julia/workspace/install/share/gz/gz-common5/profiler_vis/Code/ThreadFrame.js
[0.692s] -- Up-to-date: /home/julia/workspace/install/share/gz/gz-common5/profiler_vis/Code/TimelineRow.js
[0.692s] -- Up-to-date: /home/julia/workspace/install/include/gz/common5/gz/common/testing/detail/Export.hh
[0.692s] -- Up-to-date: /home/julia/workspace/install/include/gz/common5/gz/common/testing/Export.hh
[0.703s] -- Up-to-date: /home/julia/workspace/install/lib/libgz-common5-testing.so.5.3.1
[0.704s] -- Up-to-date: /home/julia/workspace/install/lib/libgz-common5-testing.so.5
[0.704s] -- Up-to-date: /home/julia/workspace/install/lib/libgz-common5-testing.so
[0.704s] -- Up-to-date: /home/julia/workspace/install/lib/cmake/gz-common5-testing/gz-common5-testing-config.cmake
[0.704s] -- Up-to-date: /home/julia/workspace/install/lib/cmake/gz-common5-testing/gz-common5-testing-config-version.cmake
[0.704s] -- Up-to-date: /home/julia/workspace/install/lib/cmake/gz-common5-testing/gz-common5-testing-targets.cmake
[0.704s] -- Up-to-date: /home/julia/workspace/install/lib/cmake/gz-common5-testing/gz-common5-testing-targets-relwithdebinfo.cmake
[0.704s] -- Up-to-date: /home/julia/workspace/install/lib/pkgconfig/gz-common5-testing.pc
[0.704s] -- Up-to-date: /home/julia/workspace/install/include/gz/common5/ignition
[0.704s] -- Up-to-date: /home/julia/workspace/install/include/gz/common5/ignition/common
[0.705s] -- Up-to-date: /home/julia/workspace/install/include/gz/common5/ignition/common/testing.hh
[0.705s] -- Up-to-date: /home/julia/workspace/install/include/gz/common5/ignition/common/testing
[0.705s] -- Up-to-date: /home/julia/workspace/install/include/gz/common5/ignition/common/testing/Utils.hh
[0.705s] -- Up-to-date: /home/julia/workspace/install/include/gz/common5/ignition/common/testing/CMakeTestPaths.hh
[0.705s] -- Up-to-date: /home/julia/workspace/install/include/gz/common5/ignition/common/testing/Export.hh
[0.705s] -- Up-to-date: /home/julia/workspace/install/include/gz/common5/ignition/common/testing/BazelTestPaths.hh
[0.705s] -- Up-to-date: /home/julia/workspace/install/include/gz/common5/ignition/common/testing/TestPaths.hh
[0.705s] -- Up-to-date: /home/julia/workspace/install/include/gz/common5/ignition/common/testing/AutoLogFixture.hh
[0.705s] -- Up-to-date: /home/julia/workspace/install/include/gz/common5/ignition/common/testing/detail
[0.706s] -- Up-to-date: /home/julia/workspace/install/include/gz/common5/ignition/common/testing/detail/Export.hh
[0.706s] -- Up-to-date: /home/julia/workspace/install/include/gz/common5/ignition/common/testing/detail/AutoLogFixture.hh
[0.706s] -- Up-to-date: /home/julia/workspace/install/include/gz/common5/gz/common/testing/AutoLogFixture.hh
[0.706s] -- Up-to-date: /home/julia/workspace/install/include/gz/common5/gz/common/testing/BazelTestPaths.hh
[0.706s] -- Up-to-date: /home/julia/workspace/install/include/gz/common5/gz/common/testing/CMakeTestPaths.hh
[0.706s] -- Up-to-date: /home/julia/workspace/install/include/gz/common5/gz/common/testing/RedirectConsoleStream.hh
[0.706s] -- Up-to-date: /home/julia/workspace/install/include/gz/common5/gz/common/testing/TestPaths.hh
[0.707s] -- Up-to-date: /home/julia/workspace/install/include/gz/common5/gz/common/testing/Utils.hh
[0.707s] -- Up-to-date: /home/julia/workspace/install/include/gz/common5/gz/common/testing/detail/AutoLogFixture.hh
[0.707s] -- Up-to-date: /home/julia/workspace/install/include/gz/common5/gz/common/testing/../testing.hh
[0.814s] Invoked command in '/home/julia/workspace/build/gz-common5' returned '0': /usr/bin/cmake --install /home/julia/workspace/build/gz-common5
