[0.034s] Invoking command in '/home/julia/workspace/build/gz-math7': CMAKE_PREFIX_PATH=/home/julia/workspace/install LD_LIBRARY_PATH=/home/julia/workspace/install/lib PKG_CONFIG_PATH=/home/julia/workspace/install/lib/pkgconfig /usr/bin/cmake /home/julia/workspace/src/gz-math -DBUILD_TESTING=OFF -DCMAKE_INSTALL_PREFIX=/home/julia/workspace/install
[0.090s] -- The C compiler identification is GNU 9.4.0
[0.159s] -- The CXX compiler identification is GNU 9.4.0
[0.163s] -- Check for working C compiler: /usr/bin/cc
[0.238s] -- Check for working C compiler: /usr/bin/cc -- works
[0.239s] -- Detecting C compiler ABI info
[0.310s] -- Detecting C compiler ABI info - done
[0.321s] -- Detecting C compile features
[0.322s] -- Detecting C compile features - done
[0.324s] -- Check for working CXX compiler: /usr/bin/c++
[0.409s] -- Check for working CXX compiler: /usr/bin/c++ -- works
[0.410s] -- Detecting CXX compiler ABI info
[0.501s] -- Detecting CXX compiler ABI info - done
[0.513s] -- Detecting CXX compile features
[0.514s] -- Detecting CXX compile features - done
[0.520s] -- gz-math7 version 7.1.0
[0.520s] -- Operating system is Linux
[0.529s] -- Found CPack generators: DEB
[0.540s] -- Looking for gz-utils2 -- found version 2.0.0
[0.541s] -- Searching for dependencies of gz-utils2
[0.542s] -- Looking for gz-utils2 - found
[0.542s] 
[0.546s] -- Looking for eigen3 - found
[0.546s] 
[0.563s] -- Searching for swig - found version 4.0.1.
[1.337s] -- Searching for Ruby - found version 2.7.0.
[1.438s] -- Searching for Python - found version 3.8.10.
[1.595s] -- Found PythonInterp: /usr/bin/python3.8 (found suitable version "3.8.10", minimum required is "3") 
[1.615s] -- Found PythonLibs: /usr/lib/x86_64-linux-gnu/libpython3.8.so
[1.617s] -- Searching for pybind11 - found version 2.4.3.
[2.593s] -- 
[2.593s] -- Searching for host SSE information
[2.621s] -- SSE2 found
[2.621s] -- SSE3 found
[2.621s] -- SSE4.1 found
[2.621s] -- SSE4.2 found
[2.641s] -- Configuring library: gz-math7
[2.643s] -- Performing Test COMPILER_HAS_HIDDEN_VISIBILITY
[2.713s] -- Performing Test COMPILER_HAS_HIDDEN_VISIBILITY - Success
[2.714s] -- Performing Test COMPILER_HAS_HIDDEN_INLINE_VISIBILITY
[2.786s] -- Performing Test COMPILER_HAS_HIDDEN_INLINE_VISIBILITY - Success
[2.786s] -- Performing Test COMPILER_HAS_DEPRECATED_ATTR
[2.859s] -- Performing Test COMPILER_HAS_DEPRECATED_ATTR - Success
[2.862s] -- Testing is disabled -- skipping UNIT tests
[2.863s] -- Testing is disabled -- skipping UNIT tests
[2.863s] -- Building pybind11 interfaces
[2.864s] -- Performing Test HAS_FLTO
[3.072s] -- Performing Test HAS_FLTO - Success
[3.072s] -- LTO enabled
[3.082s] -- Configuring library: gz-math7-eigen3
[3.084s] -- Testing is disabled -- skipping UNIT tests
[3.143s] -- The program [cppcheck] was not found! Skipping codecheck setup
[3.143s] -- Build configuration successful
[3.144s] -- Build type: RelWithDebInfo
[3.144s] -- Install prefix: /home/julia/workspace/install
[3.148s] -- Could NOT find Doxygen (missing: DOXYGEN_EXECUTABLE) 
[3.151s] -- Configuring done
[3.175s] -- Generating done
[3.177s] -- Build files have been written to: /home/julia/workspace/build/gz-math7
[3.184s] Invoked command in '/home/julia/workspace/build/gz-math7' returned '0': CMAKE_PREFIX_PATH=/home/julia/workspace/install LD_LIBRARY_PATH=/home/julia/workspace/install/lib PKG_CONFIG_PATH=/home/julia/workspace/install/lib/pkgconfig /usr/bin/cmake /home/julia/workspace/src/gz-math -DBUILD_TESTING=OFF -DCMAKE_INSTALL_PREFIX=/home/julia/workspace/install
[3.187s] Invoking command in '/home/julia/workspace/build/gz-math7': CMAKE_PREFIX_PATH=/home/julia/workspace/install LD_LIBRARY_PATH=/home/julia/workspace/install/lib PKG_CONFIG_PATH=/home/julia/workspace/install/lib/pkgconfig /usr/bin/cmake --build /home/julia/workspace/build/gz-math7 -- -j3 -l3
[3.222s] [35m[1mScanning dependencies of target gz-math7[0m
[3.223s] [35m[1mScanning dependencies of target rbmath_swig_compilation[0m
[3.236s] [  1%] [34m[1mSwig compile ruby.i for ruby[0m
[3.238s] [  2%] [34m[1mSwig compile Angle.i for ruby[0m
[3.246s] [  3%] [32mBuilding CXX object src/CMakeFiles/gz-math7.dir/Angle.cc.o[0m
[3.389s] [  4%] [34m[1mSwig compile GaussMarkovProcess.i for ruby[0m
[3.493s] [  6%] [34m[1mSwig compile Rand.i for ruby[0m
[3.641s] [  7%] [34m[1mSwig compile Vector2.i for ruby[0m
[3.732s] [  8%] [34m[1mSwig compile Vector3.i for ruby[0m
[3.900s] [  9%] [34m[1mSwig compile Vector4.i for ruby[0m
[3.928s] [ 11%] [32mBuilding CXX object src/CMakeFiles/gz-math7.dir/AxisAlignedBox.cc.o[0m
[3.967s] [ 12%] [32mBuilding CXX object src/CMakeFiles/gz-math7.dir/Color.cc.o[0m
[4.111s] [ 12%] Built target rbmath_swig_compilation
[4.120s] [ 13%] [32mBuilding CXX object src/CMakeFiles/gz-math7.dir/DiffDriveOdometry.cc.o[0m
[4.768s] [ 14%] [32mBuilding CXX object src/CMakeFiles/gz-math7.dir/Frustum.cc.o[0m
[5.099s] [ 16%] [32mBuilding CXX object src/CMakeFiles/gz-math7.dir/GaussMarkovProcess.cc.o[0m
[5.111s] [ 17%] [32mBuilding CXX object src/CMakeFiles/gz-math7.dir/Helpers.cc.o[0m
[5.734s] [ 18%] [32mBuilding CXX object src/CMakeFiles/gz-math7.dir/Kmeans.cc.o[0m
[5.914s] [ 19%] [32mBuilding CXX object src/CMakeFiles/gz-math7.dir/Material.cc.o[0m
[6.994s] [ 20%] [32mBuilding CXX object src/CMakeFiles/gz-math7.dir/MovingWindowFilter.cc.o[0m
[7.013s] [ 22%] [32mBuilding CXX object src/CMakeFiles/gz-math7.dir/PID.cc.o[0m
[7.727s] [ 23%] [32mBuilding CXX object src/CMakeFiles/gz-math7.dir/Rand.cc.o[0m
[7.875s] [ 24%] [32mBuilding CXX object src/CMakeFiles/gz-math7.dir/RollingMean.cc.o[0m
[8.471s] [ 25%] [32mBuilding CXX object src/CMakeFiles/gz-math7.dir/RotationSpline.cc.o[0m
[8.495s] [ 27%] [32mBuilding CXX object src/CMakeFiles/gz-math7.dir/SemanticVersion.cc.o[0m
[9.385s] [ 28%] [32mBuilding CXX object src/CMakeFiles/gz-math7.dir/SignalStats.cc.o[0m
[9.645s] [ 29%] [32mBuilding CXX object src/CMakeFiles/gz-math7.dir/SpeedLimiter.cc.o[0m
[10.196s] [ 30%] [32mBuilding CXX object src/CMakeFiles/gz-math7.dir/SphericalCoordinates.cc.o[0m
[10.634s] [ 32%] [32mBuilding CXX object src/CMakeFiles/gz-math7.dir/Spline.cc.o[0m
[10.907s] [ 33%] [32mBuilding CXX object src/CMakeFiles/gz-math7.dir/SplinePrivate.cc.o[0m
[11.177s] [ 34%] [32mBuilding CXX object src/CMakeFiles/gz-math7.dir/Stopwatch.cc.o[0m
[11.479s] [ 35%] [32mBuilding CXX object src/CMakeFiles/gz-math7.dir/Temperature.cc.o[0m
[11.767s] [ 37%] [32mBuilding CXX object src/CMakeFiles/gz-math7.dir/Vector3Stats.cc.o[0m
[12.405s] [ 38%] [32m[1mLinking CXX shared library ../lib/libgz-math7.so[0m
[12.559s] [ 38%] Built target gz-math7
[12.569s] [35m[1mScanning dependencies of target rbmath[0m
[12.569s] [35m[1mScanning dependencies of target math7[0m
[12.599s] [ 39%] [32mBuilding CXX object src/python_pybind11/CMakeFiles/math7.dir/src/_gz_math_pybind11.cc.o[0m
[12.600s] [ 40%] [32mBuilding CXX object src/python_pybind11/CMakeFiles/math7.dir/src/Angle.cc.o[0m
[12.607s] [ 41%] [32mBuilding CXX object src/ruby/CMakeFiles/rbmath.dir/__/__/lib/ruby/rubyRUBY_wrap.cxx.o[0m
[16.542s] [ 43%] [32mBuilding CXX object src/python_pybind11/CMakeFiles/math7.dir/src/AxisAlignedBox.cc.o[0m
[17.733s] [ 44%] [32mBuilding CXX object src/ruby/CMakeFiles/rbmath.dir/__/__/lib/ruby/AngleRUBY_wrap.cxx.o[0m
[18.464s] [ 45%] [32mBuilding CXX object src/ruby/CMakeFiles/rbmath.dir/__/__/lib/ruby/GaussMarkovProcessRUBY_wrap.cxx.o[0m
[19.059s] [ 46%] [32mBuilding CXX object src/ruby/CMakeFiles/rbmath.dir/__/__/lib/ruby/RandRUBY_wrap.cxx.o[0m
[20.046s] [ 48%] [32mBuilding CXX object src/ruby/CMakeFiles/rbmath.dir/__/__/lib/ruby/Vector2RUBY_wrap.cxx.o[0m
[20.871s] [ 49%] [32mBuilding CXX object src/python_pybind11/CMakeFiles/math7.dir/src/Capsule.cc.o[0m
[21.611s] [ 50%] [32mBuilding CXX object src/ruby/CMakeFiles/rbmath.dir/__/__/lib/ruby/Vector3RUBY_wrap.cxx.o[0m
[24.146s] [ 51%] [32mBuilding CXX object src/ruby/CMakeFiles/rbmath.dir/__/__/lib/ruby/Vector4RUBY_wrap.cxx.o[0m
[24.629s] [ 53%] [32mBuilding CXX object src/python_pybind11/CMakeFiles/math7.dir/src/Color.cc.o[0m
[25.544s] [ 54%] [32mBuilding CXX object src/python_pybind11/CMakeFiles/math7.dir/src/DiffDriveOdometry.cc.o[0m
[25.850s] [ 55%] [32m[1mLinking CXX shared module ../../lib/math.so[0m
[25.942s] [ 55%] Built target rbmath
[25.952s] [ 56%] [32mBuilding CXX object src/python_pybind11/CMakeFiles/math7.dir/src/Ellipsoid.cc.o[0m
[28.430s] [ 58%] [32mBuilding CXX object src/python_pybind11/CMakeFiles/math7.dir/src/Filter.cc.o[0m
[28.842s] [ 59%] [32mBuilding CXX object src/python_pybind11/CMakeFiles/math7.dir/src/Frustum.cc.o[0m
[29.573s] [ 60%] [32mBuilding CXX object src/python_pybind11/CMakeFiles/math7.dir/src/GaussMarkovProcess.cc.o[0m
[32.236s] [ 61%] [32mBuilding CXX object src/python_pybind11/CMakeFiles/math7.dir/src/Helpers.cc.o[0m
[33.101s] [ 62%] [32mBuilding CXX object src/python_pybind11/CMakeFiles/math7.dir/src/Interval.cc.o[0m
[34.932s] [ 64%] [32mBuilding CXX object src/python_pybind11/CMakeFiles/math7.dir/src/Kmeans.cc.o[0m
[35.677s] [ 65%] [32mBuilding CXX object src/python_pybind11/CMakeFiles/math7.dir/src/Line2.cc.o[0m
[37.000s] [ 66%] [32mBuilding CXX object src/python_pybind11/CMakeFiles/math7.dir/src/Line3.cc.o[0m
[38.383s] [ 67%] [32mBuilding CXX object src/python_pybind11/CMakeFiles/math7.dir/src/MassMatrix3.cc.o[0m
[40.529s] [ 69%] [32mBuilding CXX object src/python_pybind11/CMakeFiles/math7.dir/src/Material.cc.o[0m
[43.243s] [ 70%] [32mBuilding CXX object src/python_pybind11/CMakeFiles/math7.dir/src/Matrix3.cc.o[0m
[44.396s] [ 71%] [32mBuilding CXX object src/python_pybind11/CMakeFiles/math7.dir/src/Matrix4.cc.o[0m
[44.899s] [ 72%] [32mBuilding CXX object src/python_pybind11/CMakeFiles/math7.dir/src/Matrix6.cc.o[0m
[50.056s] [ 74%] [32mBuilding CXX object src/python_pybind11/CMakeFiles/math7.dir/src/MovingWindowFilter.cc.o[0m
[51.881s] [ 75%] [32mBuilding CXX object src/python_pybind11/CMakeFiles/math7.dir/src/PID.cc.o[0m
[52.184s] [ 76%] [32mBuilding CXX object src/python_pybind11/CMakeFiles/math7.dir/src/Polynomial3.cc.o[0m
[53.866s] [ 77%] [32mBuilding CXX object src/python_pybind11/CMakeFiles/math7.dir/src/Pose3.cc.o[0m
[54.933s] [ 79%] [32mBuilding CXX object src/python_pybind11/CMakeFiles/math7.dir/src/Quaternion.cc.o[0m
[56.464s] [ 80%] [32mBuilding CXX object src/python_pybind11/CMakeFiles/math7.dir/src/Rand.cc.o[0m
[59.979s] [ 81%] [32mBuilding CXX object src/python_pybind11/CMakeFiles/math7.dir/src/Region3.cc.o[0m
[60.954s] [ 82%] [32mBuilding CXX object src/python_pybind11/CMakeFiles/math7.dir/src/RollingMean.cc.o[0m
[62.202s] [ 83%] [32mBuilding CXX object src/python_pybind11/CMakeFiles/math7.dir/src/RotationSpline.cc.o[0m
[64.006s] [ 85%] [32mBuilding CXX object src/python_pybind11/CMakeFiles/math7.dir/src/SemanticVersion.cc.o[0m
[64.078s] [ 86%] [32mBuilding CXX object src/python_pybind11/CMakeFiles/math7.dir/src/SignalStats.cc.o[0m
[65.028s] [ 87%] [32mBuilding CXX object src/python_pybind11/CMakeFiles/math7.dir/src/SphericalCoordinates.cc.o[0m
[67.526s] [ 88%] [32mBuilding CXX object src/python_pybind11/CMakeFiles/math7.dir/src/Spline.cc.o[0m
[68.925s] [ 90%] [32mBuilding CXX object src/python_pybind11/CMakeFiles/math7.dir/src/StopWatch.cc.o[0m
[69.227s] [ 91%] [32mBuilding CXX object src/python_pybind11/CMakeFiles/math7.dir/src/Temperature.cc.o[0m
[71.488s] [ 92%] [32mBuilding CXX object src/python_pybind11/CMakeFiles/math7.dir/src/Triangle.cc.o[0m
[71.539s] [ 93%] [32mBuilding CXX object src/python_pybind11/CMakeFiles/math7.dir/src/Triangle3.cc.o[0m
[73.192s] [ 95%] [32mBuilding CXX object src/python_pybind11/CMakeFiles/math7.dir/src/Vector2.cc.o[0m
[76.497s] [ 96%] [32mBuilding CXX object src/python_pybind11/CMakeFiles/math7.dir/src/Vector3.cc.o[0m
[76.936s] [ 97%] [32mBuilding CXX object src/python_pybind11/CMakeFiles/math7.dir/src/Vector4.cc.o[0m
[79.489s] [ 98%] [32mBuilding CXX object src/python_pybind11/CMakeFiles/math7.dir/src/Vector3Stats.cc.o[0m
[83.418s] [100%] [32m[1mLinking CXX shared module test/math7.cpython-38-x86_64-linux-gnu.so[0m
[154.926s] [100%] Built target math7
[154.938s] Invoked command in '/home/julia/workspace/build/gz-math7' returned '0': CMAKE_PREFIX_PATH=/home/julia/workspace/install LD_LIBRARY_PATH=/home/julia/workspace/install/lib PKG_CONFIG_PATH=/home/julia/workspace/install/lib/pkgconfig /usr/bin/cmake --build /home/julia/workspace/build/gz-math7 -- -j3 -l3
[154.971s] Invoking command in '/home/julia/workspace/build/gz-math7': CMAKE_PREFIX_PATH=/home/julia/workspace/install LD_LIBRARY_PATH=/home/julia/workspace/install/lib PKG_CONFIG_PATH=/home/julia/workspace/install/lib/pkgconfig /usr/bin/cmake --install /home/julia/workspace/build/gz-math7
[154.979s] -- Install configuration: "RelWithDebInfo"
[154.979s] -- Installing: /home/julia/workspace/install/lib/cmake/gz-math7-all/gz-math7-all-config.cmake
[154.979s] -- Installing: /home/julia/workspace/install/lib/cmake/gz-math7-all/gz-math7-all-config-version.cmake
[154.979s] -- Installing: /home/julia/workspace/install/lib/cmake/gz-math7-all/gz-math7-all-targets.cmake
[154.984s] -- Installing: /home/julia/workspace/install/include/gz/math7/gz/math/detail/Export.hh
[154.984s] -- Installing: /home/julia/workspace/install/include/gz/math7/gz/math/Export.hh
[154.984s] -- Installing: /home/julia/workspace/install/lib/libgz-math7.so.7.1.0
[154.992s] -- Installing: /home/julia/workspace/install/lib/libgz-math7.so.7
[154.992s] -- Set runtime path of "/home/julia/workspace/install/lib/libgz-math7.so.7.1.0" to ""
[154.992s] -- Installing: /home/julia/workspace/install/lib/libgz-math7.so
[154.992s] -- Installing: /home/julia/workspace/install/lib/cmake/gz-math7/gz-math7-config.cmake
[154.993s] -- Installing: /home/julia/workspace/install/lib/cmake/gz-math7/gz-math7-config-version.cmake
[154.993s] -- Installing: /home/julia/workspace/install/lib/cmake/gz-math7/gz-math7-targets.cmake
[154.993s] -- Installing: /home/julia/workspace/install/lib/cmake/gz-math7/gz-math7-targets-relwithdebinfo.cmake
[154.993s] -- Installing: /home/julia/workspace/install/lib/pkgconfig/gz-math7.pc
[154.994s] -- Installing: /home/julia/workspace/install/lib/python/gz/math7.cpython-38-x86_64-linux-gnu.so
[155.073s] -- Set runtime path of "/home/julia/workspace/install/lib/python/gz/math7.cpython-38-x86_64-linux-gnu.so" to ""
[155.073s] -- Installing: /home/julia/workspace/install/lib/ruby/gz/math.so
[155.077s] -- Set runtime path of "/home/julia/workspace/install/lib/ruby/gz/math.so" to ""
[155.077s] -- Installing: /home/julia/workspace/install/include/gz/math7/ignition
[155.077s] -- Installing: /home/julia/workspace/install/include/gz/math7/ignition/math
[155.077s] -- Installing: /home/julia/workspace/install/include/gz/math7/ignition/math/Color.hh
[155.078s] -- Installing: /home/julia/workspace/install/include/gz/math7/ignition/math/VolumetricGridLookupField.hh
[155.078s] -- Installing: /home/julia/workspace/install/include/gz/math7/ignition/math/Stopwatch.hh
[155.078s] -- Installing: /home/julia/workspace/install/include/gz/math7/ignition/math/SpeedLimiter.hh
[155.078s] -- Installing: /home/julia/workspace/install/include/gz/math7/ignition/math/Vector2.hh
[155.078s] -- Installing: /home/julia/workspace/install/include/gz/math7/ignition/math/Spline.hh
[155.078s] -- Installing: /home/julia/workspace/install/include/gz/math7/ignition/math/Plane.hh
[155.078s] -- Installing: /home/julia/workspace/install/include/gz/math7/ignition/math/RotationSpline.hh
[155.079s] -- Installing: /home/julia/workspace/install/include/gz/math7/ignition/math/Vector3.hh
[155.079s] -- Installing: /home/julia/workspace/install/include/gz/math7/ignition/math/graph
[155.079s] -- Installing: /home/julia/workspace/install/include/gz/math7/ignition/math/graph/Edge.hh
[155.079s] -- Installing: /home/julia/workspace/install/include/gz/math7/ignition/math/graph/GraphAlgorithms.hh
[155.080s] -- Installing: /home/julia/workspace/install/include/gz/math7/ignition/math/graph/Vertex.hh
[155.080s] -- Installing: /home/julia/workspace/install/include/gz/math7/ignition/math/graph/Graph.hh
[155.080s] -- Installing: /home/julia/workspace/install/include/gz/math7/ignition/math/Temperature.hh
[155.080s] -- Installing: /home/julia/workspace/install/include/gz/math7/ignition/math/Ellipsoid.hh
[155.080s] -- Installing: /home/julia/workspace/install/include/gz/math7/ignition/math/OrientedBox.hh
[155.081s] -- Installing: /home/julia/workspace/install/include/gz/math7/ignition/math/PID.hh
[155.081s] -- Installing: /home/julia/workspace/install/include/gz/math7/ignition/math/Interval.hh
[155.081s] -- Installing: /home/julia/workspace/install/include/gz/math7/ignition/math/Kmeans.hh
[155.081s] -- Installing: /home/julia/workspace/install/include/gz/math7/ignition/math/Region3.hh
[155.082s] -- Installing: /home/julia/workspace/install/include/gz/math7/ignition/math/Vector4.hh
[155.082s] -- Installing: /home/julia/workspace/install/include/gz/math7/ignition/math/Helpers.hh
[155.082s] -- Installing: /home/julia/workspace/install/include/gz/math7/ignition/math/MaterialType.hh
[155.082s] -- Installing: /home/julia/workspace/install/include/gz/math7/ignition/math/Angle.hh
[155.082s] -- Installing: /home/julia/workspace/install/include/gz/math7/ignition/math/Matrix6.hh
[155.082s] -- Installing: /home/julia/workspace/install/include/gz/math7/ignition/math/DiffDriveOdometry.hh
[155.082s] -- Installing: /home/julia/workspace/install/include/gz/math7/ignition/math/Inertial.hh
[155.082s] -- Installing: /home/julia/workspace/install/include/gz/math7/ignition/math/Cylinder.hh
[155.082s] -- Installing: /home/julia/workspace/install/include/gz/math7/ignition/math/Matrix3.hh
[155.082s] -- Installing: /home/julia/workspace/install/include/gz/math7/ignition/math/RollingMean.hh
[155.083s] -- Installing: /home/julia/workspace/install/include/gz/math7/ignition/math/Export.hh
[155.083s] -- Installing: /home/julia/workspace/install/include/gz/math7/ignition/math/Sphere.hh
[155.083s] -- Installing: /home/julia/workspace/install/include/gz/math7/ignition/math/Box.hh
[155.083s] -- Installing: /home/julia/workspace/install/include/gz/math7/ignition/math/Matrix4.hh
[155.083s] -- Installing: /home/julia/workspace/install/include/gz/math7/ignition/math/Line3.hh
[155.083s] -- Installing: /home/julia/workspace/install/include/gz/math7/ignition/math/Material.hh
[155.083s] -- Installing: /home/julia/workspace/install/include/gz/math7/ignition/math/MovingWindowFilter.hh
[155.083s] -- Installing: /home/julia/workspace/install/include/gz/math7/ignition/math/Capsule.hh
[155.083s] -- Installing: /home/julia/workspace/install/include/gz/math7/ignition/math/SignalStats.hh
[155.083s] -- Installing: /home/julia/workspace/install/include/gz/math7/ignition/math/Line2.hh
[155.083s] -- Installing: /home/julia/workspace/install/include/gz/math7/ignition/math/SemanticVersion.hh
[155.083s] -- Installing: /home/julia/workspace/install/include/gz/math7/ignition/math/Pose3.hh
[155.083s] -- Installing: /home/julia/workspace/install/include/gz/math7/ignition/math/MassMatrix3.hh
[155.084s] -- Installing: /home/julia/workspace/install/include/gz/math7/ignition/math/AxisAlignedBox.hh
[155.084s] -- Installing: /home/julia/workspace/install/include/gz/math7/ignition/math/Triangle.hh
[155.084s] -- Installing: /home/julia/workspace/install/include/gz/math7/ignition/math/AdditivelySeparableScalarField3.hh
[155.084s] -- Installing: /home/julia/workspace/install/include/gz/math7/ignition/math/Polynomial3.hh
[155.084s] -- Installing: /home/julia/workspace/install/include/gz/math7/ignition/math/config.hh
[155.084s] -- Installing: /home/julia/workspace/install/include/gz/math7/ignition/math/Frustum.hh
[155.084s] -- Installing: /home/julia/workspace/install/include/gz/math7/ignition/math/Triangle3.hh
[155.084s] -- Installing: /home/julia/workspace/install/include/gz/math7/ignition/math/PiecewiseScalarField3.hh
[155.084s] -- Installing: /home/julia/workspace/install/include/gz/math7/ignition/math/Vector3Stats.hh
[155.084s] -- Installing: /home/julia/workspace/install/include/gz/math7/ignition/math/Quaternion.hh
[155.085s] -- Installing: /home/julia/workspace/install/include/gz/math7/ignition/math/Filter.hh
[155.085s] -- Installing: /home/julia/workspace/install/include/gz/math7/ignition/math/detail
[155.085s] -- Installing: /home/julia/workspace/install/include/gz/math7/ignition/math/detail/Ellipsoid.hh
[155.085s] -- Installing: /home/julia/workspace/install/include/gz/math7/ignition/math/detail/AxisIndex.hh
[155.085s] -- Installing: /home/julia/workspace/install/include/gz/math7/ignition/math/detail/WellOrderedVector.hh
[155.085s] -- Installing: /home/julia/workspace/install/include/gz/math7/ignition/math/detail/Cylinder.hh
[155.086s] -- Installing: /home/julia/workspace/install/include/gz/math7/ignition/math/detail/Export.hh
[155.086s] -- Installing: /home/julia/workspace/install/include/gz/math7/ignition/math/detail/Sphere.hh
[155.086s] -- Installing: /home/julia/workspace/install/include/gz/math7/ignition/math/detail/Box.hh
[155.086s] -- Installing: /home/julia/workspace/install/include/gz/math7/ignition/math/detail/Capsule.hh
[155.086s] -- Installing: /home/julia/workspace/install/include/gz/math7/ignition/math/detail/InterpolationPoint.hh
[155.086s] -- Installing: /home/julia/workspace/install/include/gz/math7/ignition/math/SphericalCoordinates.hh
[155.086s] -- Installing: /home/julia/workspace/install/include/gz/math7/ignition/math/Rand.hh
[155.086s] -- Installing: /home/julia/workspace/install/include/gz/math7/ignition/math/GaussMarkovProcess.hh
[155.087s] -- Installing: /home/julia/workspace/install/include/gz/math7/ignition/math.hh
[155.087s] -- Installing: /home/julia/workspace/install/include/gz/math7/gz/math/graph/Edge.hh
[155.087s] -- Installing: /home/julia/workspace/install/include/gz/math7/gz/math/graph/Graph.hh
[155.087s] -- Installing: /home/julia/workspace/install/include/gz/math7/gz/math/graph/GraphAlgorithms.hh
[155.087s] -- Installing: /home/julia/workspace/install/include/gz/math7/gz/math/graph/Vertex.hh
[155.087s] -- Installing: /home/julia/workspace/install/include/gz/math7/gz/math/AdditivelySeparableScalarField3.hh
[155.087s] -- Installing: /home/julia/workspace/install/include/gz/math7/gz/math/Angle.hh
[155.088s] -- Installing: /home/julia/workspace/install/include/gz/math7/gz/math/AxisAlignedBox.hh
[155.088s] -- Installing: /home/julia/workspace/install/include/gz/math7/gz/math/Box.hh
[155.088s] -- Installing: /home/julia/workspace/install/include/gz/math7/gz/math/Capsule.hh
[155.088s] -- Installing: /home/julia/workspace/install/include/gz/math7/gz/math/Color.hh
[155.088s] -- Installing: /home/julia/workspace/install/include/gz/math7/gz/math/Cylinder.hh
[155.088s] -- Installing: /home/julia/workspace/install/include/gz/math7/gz/math/DiffDriveOdometry.hh
[155.088s] -- Installing: /home/julia/workspace/install/include/gz/math7/gz/math/Ellipsoid.hh
[155.088s] -- Installing: /home/julia/workspace/install/include/gz/math7/gz/math/Filter.hh
[155.088s] -- Installing: /home/julia/workspace/install/include/gz/math7/gz/math/Frustum.hh
[155.089s] -- Installing: /home/julia/workspace/install/include/gz/math7/gz/math/GaussMarkovProcess.hh
[155.089s] -- Installing: /home/julia/workspace/install/include/gz/math7/gz/math/Helpers.hh
[155.089s] -- Installing: /home/julia/workspace/install/include/gz/math7/gz/math/Inertial.hh
[155.089s] -- Installing: /home/julia/workspace/install/include/gz/math7/gz/math/Interval.hh
[155.089s] -- Installing: /home/julia/workspace/install/include/gz/math7/gz/math/Kmeans.hh
[155.089s] -- Installing: /home/julia/workspace/install/include/gz/math7/gz/math/Line2.hh
[155.090s] -- Installing: /home/julia/workspace/install/include/gz/math7/gz/math/Line3.hh
[155.090s] -- Installing: /home/julia/workspace/install/include/gz/math7/gz/math/MassMatrix3.hh
[155.090s] -- Installing: /home/julia/workspace/install/include/gz/math7/gz/math/Material.hh
[155.090s] -- Installing: /home/julia/workspace/install/include/gz/math7/gz/math/MaterialType.hh
[155.090s] -- Installing: /home/julia/workspace/install/include/gz/math7/gz/math/Matrix3.hh
[155.090s] -- Installing: /home/julia/workspace/install/include/gz/math7/gz/math/Matrix4.hh
[155.090s] -- Installing: /home/julia/workspace/install/include/gz/math7/gz/math/Matrix6.hh
[155.090s] -- Installing: /home/julia/workspace/install/include/gz/math7/gz/math/MovingWindowFilter.hh
[155.090s] -- Installing: /home/julia/workspace/install/include/gz/math7/gz/math/OrientedBox.hh
[155.090s] -- Installing: /home/julia/workspace/install/include/gz/math7/gz/math/PID.hh
[155.090s] -- Installing: /home/julia/workspace/install/include/gz/math7/gz/math/PiecewiseScalarField3.hh
[155.090s] -- Installing: /home/julia/workspace/install/include/gz/math7/gz/math/Plane.hh
[155.090s] -- Installing: /home/julia/workspace/install/include/gz/math7/gz/math/Polynomial3.hh
[155.090s] -- Installing: /home/julia/workspace/install/include/gz/math7/gz/math/Pose3.hh
[155.091s] -- Installing: /home/julia/workspace/install/include/gz/math7/gz/math/Quaternion.hh
[155.091s] -- Installing: /home/julia/workspace/install/include/gz/math7/gz/math/Rand.hh
[155.091s] -- Installing: /home/julia/workspace/install/include/gz/math7/gz/math/Region3.hh
[155.091s] -- Installing: /home/julia/workspace/install/include/gz/math7/gz/math/RollingMean.hh
[155.091s] -- Installing: /home/julia/workspace/install/include/gz/math7/gz/math/RotationSpline.hh
[155.091s] -- Installing: /home/julia/workspace/install/include/gz/math7/gz/math/SemanticVersion.hh
[155.091s] -- Installing: /home/julia/workspace/install/include/gz/math7/gz/math/SignalStats.hh
[155.091s] -- Installing: /home/julia/workspace/install/include/gz/math7/gz/math/SpeedLimiter.hh
[155.091s] -- Installing: /home/julia/workspace/install/include/gz/math7/gz/math/Sphere.hh
[155.091s] -- Installing: /home/julia/workspace/install/include/gz/math7/gz/math/SphericalCoordinates.hh
[155.091s] -- Installing: /home/julia/workspace/install/include/gz/math7/gz/math/Spline.hh
[155.091s] -- Installing: /home/julia/workspace/install/include/gz/math7/gz/math/Stopwatch.hh
[155.092s] -- Installing: /home/julia/workspace/install/include/gz/math7/gz/math/Temperature.hh
[155.092s] -- Installing: /home/julia/workspace/install/include/gz/math7/gz/math/TimeVaryingVolumetricGrid.hh
[155.092s] -- Installing: /home/julia/workspace/install/include/gz/math7/gz/math/TimeVaryingVolumetricGridLookupField.hh
[155.092s] -- Installing: /home/julia/workspace/install/include/gz/math7/gz/math/Triangle.hh
[155.092s] -- Installing: /home/julia/workspace/install/include/gz/math7/gz/math/Triangle3.hh
[155.092s] -- Installing: /home/julia/workspace/install/include/gz/math7/gz/math/Vector2.hh
[155.092s] -- Installing: /home/julia/workspace/install/include/gz/math7/gz/math/Vector3.hh
[155.092s] -- Installing: /home/julia/workspace/install/include/gz/math7/gz/math/Vector3Stats.hh
[155.092s] -- Installing: /home/julia/workspace/install/include/gz/math7/gz/math/Vector4.hh
[155.093s] -- Installing: /home/julia/workspace/install/include/gz/math7/gz/math/VolumetricGridLookupField.hh
[155.093s] -- Installing: /home/julia/workspace/install/include/gz/math7/gz/math/../math.hh
[155.093s] -- Installing: /home/julia/workspace/install/include/gz/math7/gz/math/config.hh
[155.093s] -- Up-to-date: /home/julia/workspace/install/include/gz/math7/gz/math/detail
[155.093s] -- Installing: /home/julia/workspace/install/include/gz/math7/gz/math/detail/Ellipsoid.hh
[155.093s] -- Installing: /home/julia/workspace/install/include/gz/math7/gz/math/detail/AxisIndex.hh
[155.093s] -- Installing: /home/julia/workspace/install/include/gz/math7/gz/math/detail/WellOrderedVector.hh
[155.093s] -- Installing: /home/julia/workspace/install/include/gz/math7/gz/math/detail/Cylinder.hh
[155.093s] -- Installing: /home/julia/workspace/install/include/gz/math7/gz/math/detail/Sphere.hh
[155.093s] -- Installing: /home/julia/workspace/install/include/gz/math7/gz/math/detail/Box.hh
[155.093s] -- Installing: /home/julia/workspace/install/include/gz/math7/gz/math/detail/Capsule.hh
[155.093s] -- Installing: /home/julia/workspace/install/include/gz/math7/gz/math/detail/InterpolationPoint.hh
[155.093s] -- Installing: /home/julia/workspace/install/lib/cmake/gz-math7-eigen3/gz-math7-eigen3-config.cmake
[155.093s] -- Installing: /home/julia/workspace/install/lib/cmake/gz-math7-eigen3/gz-math7-eigen3-config-version.cmake
[155.093s] -- Installing: /home/julia/workspace/install/lib/cmake/gz-math7-eigen3/gz-math7-eigen3-targets.cmake
[155.093s] -- Installing: /home/julia/workspace/install/lib/pkgconfig/gz-math7-eigen3.pc
[155.093s] -- Up-to-date: /home/julia/workspace/install/include/gz/math7/ignition
[155.093s] -- Up-to-date: /home/julia/workspace/install/include/gz/math7/ignition/math
[155.094s] -- Installing: /home/julia/workspace/install/include/gz/math7/ignition/math/eigen3
[155.094s] -- Installing: /home/julia/workspace/install/include/gz/math7/ignition/math/eigen3/Util.hh
[155.094s] -- Installing: /home/julia/workspace/install/include/gz/math7/ignition/math/eigen3/Conversions.hh
[155.094s] -- Installing: /home/julia/workspace/install/include/gz/math7/ignition/math/eigen3.hh
[155.094s] -- Installing: /home/julia/workspace/install/include/gz/math7/gz/math/eigen3/Conversions.hh
[155.094s] -- Installing: /home/julia/workspace/install/include/gz/math7/gz/math/eigen3/Util.hh
[155.094s] -- Installing: /home/julia/workspace/install/include/gz/math7/gz/math/eigen3/../eigen3.hh
[155.101s] Invoked command in '/home/julia/workspace/build/gz-math7' returned '0': CMAKE_PREFIX_PATH=/home/julia/workspace/install LD_LIBRARY_PATH=/home/julia/workspace/install/lib PKG_CONFIG_PATH=/home/julia/workspace/install/lib/pkgconfig /usr/bin/cmake --install /home/julia/workspace/build/gz-math7
