[0.033s] Invoking command in '/home/julia/workspace/build/gz-cmake3': /usr/bin/cmake /home/julia/workspace/src/gz-cmake -DBUILD_TESTING=OFF -DCMAKE_INSTALL_PREFIX=/home/julia/workspace/install
[0.249s] -- The C compiler identification is GNU 9.4.0
[0.428s] -- The CXX compiler identification is GNU 9.4.0
[0.431s] -- Check for working C compiler: /usr/bin/cc
[0.504s] -- Check for working C compiler: /usr/bin/cc -- works
[0.505s] -- Detecting C compiler ABI info
[0.569s] -- Detecting C compiler ABI info - done
[0.581s] -- Detecting C compile features
[0.582s] -- Detecting C compile features - done
[0.587s] -- Check for working CXX compiler: /usr/bin/c++
[0.661s] -- Check for working CXX compiler: /usr/bin/c++ -- works
[0.662s] -- Detecting CXX compiler ABI info
[0.742s] -- Detecting CXX compiler ABI info - done
[0.758s] -- Detecting CXX compile features
[0.758s] -- Detecting CXX compile features - done
[0.761s] -- gz-cmake3 version 3.0.1
[0.761s] -- Operating system is Linux
[0.773s] -- Found CPack generators: DEB
[0.783s] -- Install prefix: /home/julia/workspace/install
[0.862s] -- The program [cppcheck] was not found! Skipping codecheck setup
[0.866s] -- Could NOT find Doxygen (missing: DOXYGEN_EXECUTABLE) 
[0.867s] -- Configuring done
[0.869s] -- Generating done
[0.870s] -- Build files have been written to: /home/julia/workspace/build/gz-cmake3
