[ 11%] Built target schema1_5
[ 23%] Built target schema1_6
[ 38%] Built target sdformat13
[ 51%] Built target schema1_8
[ 64%] Built target schema1_7
[ 77%] Built target schema1_9
[ 90%] Built target schema1_10
[100%] Built target pysdformat13
-- Install configuration: "RelWithDebInfo"
-- Up-to-date: /home/julia/workspace/install/lib/cmake/sdformat13-all/sdformat13-all-config.cmake
-- Up-to-date: /home/julia/workspace/install/lib/cmake/sdformat13-all/sdformat13-all-config-version.cmake
-- Up-to-date: /home/julia/workspace/install/lib/cmake/sdformat13-all/sdformat13-all-targets.cmake
-- Up-to-date: /home/julia/workspace/install/include/gz/sdformat13/sdf/detail/Export.hh
-- Up-to-date: /home/julia/workspace/install/include/gz/sdformat13/sdf/Export.hh
-- Up-to-date: /home/julia/workspace/install/lib/libsdformat13.so.13.3.0
-- Up-to-date: /home/julia/workspace/install/lib/libsdformat13.so.13
-- Up-to-date: /home/julia/workspace/install/lib/libsdformat13.so
-- Up-to-date: /home/julia/workspace/install/lib/cmake/sdformat13/sdformat13-config.cmake
-- Up-to-date: /home/julia/workspace/install/lib/cmake/sdformat13/sdformat13-config-version.cmake
-- Up-to-date: /home/julia/workspace/install/lib/cmake/sdformat13/sdformat13-targets.cmake
-- Up-to-date: /home/julia/workspace/install/lib/cmake/sdformat13/sdformat13-targets-relwithdebinfo.cmake
-- Up-to-date: /home/julia/workspace/install/lib/pkgconfig/sdformat13.pc
-- Up-to-date: /home/julia/workspace/install/lib/ruby/gz/cmdsdformat13.rb
-- Up-to-date: /home/julia/workspace/install/share/gz/gz2.completion.d/sdf13.bash_completion.sh
-- Up-to-date: /home/julia/workspace/install/include/gz/sdformat13/sdf/Actor.hh
-- Up-to-date: /home/julia/workspace/install/include/gz/sdformat13/sdf/AirPressure.hh
-- Up-to-date: /home/julia/workspace/install/include/gz/sdformat13/sdf/AirSpeed.hh
-- Up-to-date: /home/julia/workspace/install/include/gz/sdformat13/sdf/Altimeter.hh
-- Up-to-date: /home/julia/workspace/install/include/gz/sdformat13/sdf/Assert.hh
-- Up-to-date: /home/julia/workspace/install/include/gz/sdformat13/sdf/Atmosphere.hh
-- Up-to-date: /home/julia/workspace/install/include/gz/sdformat13/sdf/Box.hh
-- Up-to-date: /home/julia/workspace/install/include/gz/sdformat13/sdf/Camera.hh
-- Up-to-date: /home/julia/workspace/install/include/gz/sdformat13/sdf/Capsule.hh
-- Up-to-date: /home/julia/workspace/install/include/gz/sdformat13/sdf/Collision.hh
-- Up-to-date: /home/julia/workspace/install/include/gz/sdformat13/sdf/Console.hh
-- Up-to-date: /home/julia/workspace/install/include/gz/sdformat13/sdf/Cylinder.hh
-- Up-to-date: /home/julia/workspace/install/include/gz/sdformat13/sdf/Element.hh
-- Up-to-date: /home/julia/workspace/install/include/gz/sdformat13/sdf/Ellipsoid.hh
-- Up-to-date: /home/julia/workspace/install/include/gz/sdformat13/sdf/Error.hh
-- Up-to-date: /home/julia/workspace/install/include/gz/sdformat13/sdf/Exception.hh
-- Up-to-date: /home/julia/workspace/install/include/gz/sdformat13/sdf/Filesystem.hh
-- Up-to-date: /home/julia/workspace/install/include/gz/sdformat13/sdf/ForceTorque.hh
-- Up-to-date: /home/julia/workspace/install/include/gz/sdformat13/sdf/Frame.hh
-- Up-to-date: /home/julia/workspace/install/include/gz/sdformat13/sdf/Geometry.hh
-- Up-to-date: /home/julia/workspace/install/include/gz/sdformat13/sdf/Gui.hh
-- Up-to-date: /home/julia/workspace/install/include/gz/sdformat13/sdf/Heightmap.hh
-- Up-to-date: /home/julia/workspace/install/include/gz/sdformat13/sdf/Imu.hh
-- Up-to-date: /home/julia/workspace/install/include/gz/sdformat13/sdf/InterfaceElements.hh
-- Up-to-date: /home/julia/workspace/install/include/gz/sdformat13/sdf/InterfaceFrame.hh
-- Up-to-date: /home/julia/workspace/install/include/gz/sdformat13/sdf/InterfaceJoint.hh
-- Up-to-date: /home/julia/workspace/install/include/gz/sdformat13/sdf/InterfaceLink.hh
-- Up-to-date: /home/julia/workspace/install/include/gz/sdformat13/sdf/InterfaceModel.hh
-- Up-to-date: /home/julia/workspace/install/include/gz/sdformat13/sdf/InterfaceModelPoseGraph.hh
-- Up-to-date: /home/julia/workspace/install/include/gz/sdformat13/sdf/Joint.hh
-- Up-to-date: /home/julia/workspace/install/include/gz/sdformat13/sdf/JointAxis.hh
-- Up-to-date: /home/julia/workspace/install/include/gz/sdformat13/sdf/Lidar.hh
-- Up-to-date: /home/julia/workspace/install/include/gz/sdformat13/sdf/Light.hh
-- Up-to-date: /home/julia/workspace/install/include/gz/sdformat13/sdf/Link.hh
-- Up-to-date: /home/julia/workspace/install/include/gz/sdformat13/sdf/Magnetometer.hh
-- Up-to-date: /home/julia/workspace/install/include/gz/sdformat13/sdf/Material.hh
-- Up-to-date: /home/julia/workspace/install/include/gz/sdformat13/sdf/Mesh.hh
-- Up-to-date: /home/julia/workspace/install/include/gz/sdformat13/sdf/Model.hh
-- Up-to-date: /home/julia/workspace/install/include/gz/sdformat13/sdf/NavSat.hh
-- Up-to-date: /home/julia/workspace/install/include/gz/sdformat13/sdf/Noise.hh
-- Up-to-date: /home/julia/workspace/install/include/gz/sdformat13/sdf/OutputConfig.hh
-- Up-to-date: /home/julia/workspace/install/include/gz/sdformat13/sdf/Param.hh
-- Up-to-date: /home/julia/workspace/install/include/gz/sdformat13/sdf/ParserConfig.hh
-- Up-to-date: /home/julia/workspace/install/include/gz/sdformat13/sdf/ParticleEmitter.hh
-- Up-to-date: /home/julia/workspace/install/include/gz/sdformat13/sdf/Pbr.hh
-- Up-to-date: /home/julia/workspace/install/include/gz/sdformat13/sdf/Physics.hh
-- Up-to-date: /home/julia/workspace/install/include/gz/sdformat13/sdf/Plane.hh
-- Up-to-date: /home/julia/workspace/install/include/gz/sdformat13/sdf/Plugin.hh
-- Up-to-date: /home/julia/workspace/install/include/gz/sdformat13/sdf/Polyline.hh
-- Up-to-date: /home/julia/workspace/install/include/gz/sdformat13/sdf/PrintConfig.hh
-- Up-to-date: /home/julia/workspace/install/include/gz/sdformat13/sdf/Root.hh
-- Up-to-date: /home/julia/workspace/install/include/gz/sdformat13/sdf/SDFImpl.hh
-- Up-to-date: /home/julia/workspace/install/include/gz/sdformat13/sdf/Scene.hh
-- Up-to-date: /home/julia/workspace/install/include/gz/sdformat13/sdf/SemanticPose.hh
-- Up-to-date: /home/julia/workspace/install/include/gz/sdformat13/sdf/Sensor.hh
-- Up-to-date: /home/julia/workspace/install/include/gz/sdformat13/sdf/Sky.hh
-- Up-to-date: /home/julia/workspace/install/include/gz/sdformat13/sdf/Sphere.hh
-- Up-to-date: /home/julia/workspace/install/include/gz/sdformat13/sdf/Surface.hh
-- Up-to-date: /home/julia/workspace/install/include/gz/sdformat13/sdf/Types.hh
-- Up-to-date: /home/julia/workspace/install/include/gz/sdformat13/sdf/Visual.hh
-- Up-to-date: /home/julia/workspace/install/include/gz/sdformat13/sdf/World.hh
-- Up-to-date: /home/julia/workspace/install/include/gz/sdformat13/sdf/parser.hh
-- Up-to-date: /home/julia/workspace/install/include/gz/sdformat13/sdf/system_util.hh
-- Up-to-date: /home/julia/workspace/install/include/gz/sdformat13/sdf/../sdformat.hh
-- Up-to-date: /home/julia/workspace/install/include/gz/sdformat13/sdf/config.hh
-- Up-to-date: /home/julia/workspace/install/include/gz/sdformat13/sdf/sdf.hh
-- Up-to-date: /home/julia/workspace/install/include/gz/sdformat13/sdf/sdf_config.h
-- Up-to-date: /home/julia/workspace/install/share/sdformat13/1.0/actor.sdf
-- Up-to-date: /home/julia/workspace/install/share/sdformat13/1.0/camera.sdf
-- Up-to-date: /home/julia/workspace/install/share/sdformat13/1.0/collision.sdf
-- Up-to-date: /home/julia/workspace/install/share/sdformat13/1.0/contact.sdf
-- Up-to-date: /home/julia/workspace/install/share/sdformat13/1.0/gazebo.sdf
-- Up-to-date: /home/julia/workspace/install/share/sdformat13/1.0/geometry.sdf
-- Up-to-date: /home/julia/workspace/install/share/sdformat13/1.0/gripper.sdf
-- Up-to-date: /home/julia/workspace/install/share/sdformat13/1.0/gui.sdf
-- Up-to-date: /home/julia/workspace/install/share/sdformat13/1.0/inertial.sdf
-- Up-to-date: /home/julia/workspace/install/share/sdformat13/1.0/joint.sdf
-- Up-to-date: /home/julia/workspace/install/share/sdformat13/1.0/light.sdf
-- Up-to-date: /home/julia/workspace/install/share/sdformat13/1.0/link.sdf
-- Up-to-date: /home/julia/workspace/install/share/sdformat13/1.0/model.sdf
-- Up-to-date: /home/julia/workspace/install/share/sdformat13/1.0/physics.sdf
-- Up-to-date: /home/julia/workspace/install/share/sdformat13/1.0/plugin.sdf
-- Up-to-date: /home/julia/workspace/install/share/sdformat13/1.0/projector.sdf
-- Up-to-date: /home/julia/workspace/install/share/sdformat13/1.0/ray.sdf
-- Up-to-date: /home/julia/workspace/install/share/sdformat13/1.0/rfidtag.sdf
-- Up-to-date: /home/julia/workspace/install/share/sdformat13/1.0/rfid.sdf
-- Up-to-date: /home/julia/workspace/install/share/sdformat13/1.0/road.sdf
-- Up-to-date: /home/julia/workspace/install/share/sdformat13/1.0/scene.sdf
-- Up-to-date: /home/julia/workspace/install/share/sdformat13/1.0/sensor.sdf
-- Up-to-date: /home/julia/workspace/install/share/sdformat13/1.0/state.sdf
-- Up-to-date: /home/julia/workspace/install/share/sdformat13/1.0/surface.sdf
-- Up-to-date: /home/julia/workspace/install/share/sdformat13/1.0/visual.sdf
-- Up-to-date: /home/julia/workspace/install/share/sdformat13/1.0/world.sdf
-- Up-to-date: /home/julia/workspace/install/share/sdformat13/1.2/1_0.convert
-- Up-to-date: /home/julia/workspace/install/share/sdformat13/1.2/actor.sdf
-- Up-to-date: /home/julia/workspace/install/share/sdformat13/1.2/camera.sdf
-- Up-to-date: /home/julia/workspace/install/share/sdformat13/1.2/collision.sdf
-- Up-to-date: /home/julia/workspace/install/share/sdformat13/1.2/contact.sdf
-- Up-to-date: /home/julia/workspace/install/share/sdformat13/1.2/gazebo.sdf
-- Up-to-date: /home/julia/workspace/install/share/sdformat13/1.2/geometry.sdf
-- Up-to-date: /home/julia/workspace/install/share/sdformat13/1.2/gripper.sdf
-- Up-to-date: /home/julia/workspace/install/share/sdformat13/1.2/gui.sdf
-- Up-to-date: /home/julia/workspace/install/share/sdformat13/1.2/inertial.sdf
-- Up-to-date: /home/julia/workspace/install/share/sdformat13/1.2/joint.sdf
-- Up-to-date: /home/julia/workspace/install/share/sdformat13/1.2/light.sdf
-- Up-to-date: /home/julia/workspace/install/share/sdformat13/1.2/link.sdf
-- Up-to-date: /home/julia/workspace/install/share/sdformat13/1.2/model.sdf
-- Up-to-date: /home/julia/workspace/install/share/sdformat13/1.2/physics.sdf
-- Up-to-date: /home/julia/workspace/install/share/sdformat13/1.2/plugin.sdf
-- Up-to-date: /home/julia/workspace/install/share/sdformat13/1.2/projector.sdf
-- Up-to-date: /home/julia/workspace/install/share/sdformat13/1.2/ray.sdf
-- Up-to-date: /home/julia/workspace/install/share/sdformat13/1.2/rfidtag.sdf
-- Up-to-date: /home/julia/workspace/install/share/sdformat13/1.2/rfid.sdf
-- Up-to-date: /home/julia/workspace/install/share/sdformat13/1.2/road.sdf
-- Up-to-date: /home/julia/workspace/install/share/sdformat13/1.2/scene.sdf
-- Up-to-date: /home/julia/workspace/install/share/sdformat13/1.2/sensor.sdf
-- Up-to-date: /home/julia/workspace/install/share/sdformat13/1.2/state.sdf
-- Up-to-date: /home/julia/workspace/install/share/sdformat13/1.2/surface.sdf
-- Up-to-date: /home/julia/workspace/install/share/sdformat13/1.2/visual.sdf
-- Up-to-date: /home/julia/workspace/install/share/sdformat13/1.2/world.sdf
-- Up-to-date: /home/julia/workspace/install/share/sdformat13/1.3/1_2.convert
-- Up-to-date: /home/julia/workspace/install/share/sdformat13/1.3/actor.sdf
-- Up-to-date: /home/julia/workspace/install/share/sdformat13/1.3/camera.sdf
-- Up-to-date: /home/julia/workspace/install/share/sdformat13/1.3/collision.sdf
-- Up-to-date: /home/julia/workspace/install/share/sdformat13/1.3/contact.sdf
-- Up-to-date: /home/julia/workspace/install/share/sdformat13/1.3/geometry.sdf
-- Up-to-date: /home/julia/workspace/install/share/sdformat13/1.3/gripper.sdf
-- Up-to-date: /home/julia/workspace/install/share/sdformat13/1.3/gui.sdf
-- Up-to-date: /home/julia/workspace/install/share/sdformat13/1.3/imu.sdf
-- Up-to-date: /home/julia/workspace/install/share/sdformat13/1.3/inertial.sdf
-- Up-to-date: /home/julia/workspace/install/share/sdformat13/1.3/joint.sdf
-- Up-to-date: /home/julia/workspace/install/share/sdformat13/1.3/light.sdf
-- Up-to-date: /home/julia/workspace/install/share/sdformat13/1.3/link.sdf
-- Up-to-date: /home/julia/workspace/install/share/sdformat13/1.3/model.sdf
-- Up-to-date: /home/julia/workspace/install/share/sdformat13/1.3/physics.sdf
-- Up-to-date: /home/julia/workspace/install/share/sdformat13/1.3/plugin.sdf
-- Up-to-date: /home/julia/workspace/install/share/sdformat13/1.3/projector.sdf
-- Up-to-date: /home/julia/workspace/install/share/sdformat13/1.3/ray.sdf
-- Up-to-date: /home/julia/workspace/install/share/sdformat13/1.3/rfidtag.sdf
-- Up-to-date: /home/julia/workspace/install/share/sdformat13/1.3/rfid.sdf
-- Up-to-date: /home/julia/workspace/install/share/sdformat13/1.3/road.sdf
-- Up-to-date: /home/julia/workspace/install/share/sdformat13/1.3/root.sdf
-- Up-to-date: /home/julia/workspace/install/share/sdformat13/1.3/scene.sdf
-- Up-to-date: /home/julia/workspace/install/share/sdformat13/1.3/sensor.sdf
-- Up-to-date: /home/julia/workspace/install/share/sdformat13/1.3/state.sdf
-- Up-to-date: /home/julia/workspace/install/share/sdformat13/1.3/surface.sdf
-- Up-to-date: /home/julia/workspace/install/share/sdformat13/1.3/visual.sdf
-- Up-to-date: /home/julia/workspace/install/share/sdformat13/1.3/world.sdf
-- Up-to-date: /home/julia/workspace/install/share/sdformat13/1.4/1_3.convert
-- Up-to-date: /home/julia/workspace/install/share/sdformat13/1.4/actor.sdf
-- Up-to-date: /home/julia/workspace/install/share/sdformat13/1.4/audio_source.sdf
-- Up-to-date: /home/julia/workspace/install/share/sdformat13/1.4/audio_sink.sdf
-- Up-to-date: /home/julia/workspace/install/share/sdformat13/1.4/box_shape.sdf
-- Up-to-date: /home/julia/workspace/install/share/sdformat13/1.4/camera.sdf
-- Up-to-date: /home/julia/workspace/install/share/sdformat13/1.4/collision.sdf
-- Up-to-date: /home/julia/workspace/install/share/sdformat13/1.4/contact.sdf
-- Up-to-date: /home/julia/workspace/install/share/sdformat13/1.4/cylinder_shape.sdf
-- Up-to-date: /home/julia/workspace/install/share/sdformat13/1.4/forcetorque.sdf
-- Up-to-date: /home/julia/workspace/install/share/sdformat13/1.4/geometry.sdf
-- Up-to-date: /home/julia/workspace/install/share/sdformat13/1.4/gps.sdf
-- Up-to-date: /home/julia/workspace/install/share/sdformat13/1.4/gripper.sdf
-- Up-to-date: /home/julia/workspace/install/share/sdformat13/1.4/gui.sdf
-- Up-to-date: /home/julia/workspace/install/share/sdformat13/1.4/heightmap_shape.sdf
-- Up-to-date: /home/julia/workspace/install/share/sdformat13/1.4/image_shape.sdf
-- Up-to-date: /home/julia/workspace/install/share/sdformat13/1.4/imu.sdf
-- Up-to-date: /home/julia/workspace/install/share/sdformat13/1.4/inertial.sdf
-- Up-to-date: /home/julia/workspace/install/share/sdformat13/1.4/joint.sdf
-- Up-to-date: /home/julia/workspace/install/share/sdformat13/1.4/light.sdf
-- Up-to-date: /home/julia/workspace/install/share/sdformat13/1.4/link.sdf
-- Up-to-date: /home/julia/workspace/install/share/sdformat13/1.4/mesh_shape.sdf
-- Up-to-date: /home/julia/workspace/install/share/sdformat13/1.4/model.sdf
-- Up-to-date: /home/julia/workspace/install/share/sdformat13/1.4/noise.sdf
-- Up-to-date: /home/julia/workspace/install/share/sdformat13/1.4/physics.sdf
-- Up-to-date: /home/julia/workspace/install/share/sdformat13/1.4/plane_shape.sdf
-- Up-to-date: /home/julia/workspace/install/share/sdformat13/1.4/plugin.sdf
-- Up-to-date: /home/julia/workspace/install/share/sdformat13/1.4/projector.sdf
-- Up-to-date: /home/julia/workspace/install/share/sdformat13/1.4/ray.sdf
-- Up-to-date: /home/julia/workspace/install/share/sdformat13/1.4/rfidtag.sdf
-- Up-to-date: /home/julia/workspace/install/share/sdformat13/1.4/rfid.sdf
-- Up-to-date: /home/julia/workspace/install/share/sdformat13/1.4/road.sdf
-- Up-to-date: /home/julia/workspace/install/share/sdformat13/1.4/root.sdf
-- Up-to-date: /home/julia/workspace/install/share/sdformat13/1.4/scene.sdf
-- Up-to-date: /home/julia/workspace/install/share/sdformat13/1.4/sensor.sdf
-- Up-to-date: /home/julia/workspace/install/share/sdformat13/1.4/spherical_coordinates.sdf
-- Up-to-date: /home/julia/workspace/install/share/sdformat13/1.4/sphere_shape.sdf
-- Up-to-date: /home/julia/workspace/install/share/sdformat13/1.4/sonar.sdf
-- Up-to-date: /home/julia/workspace/install/share/sdformat13/1.4/state.sdf
-- Up-to-date: /home/julia/workspace/install/share/sdformat13/1.4/surface.sdf
-- Up-to-date: /home/julia/workspace/install/share/sdformat13/1.4/transceiver.sdf
-- Up-to-date: /home/julia/workspace/install/share/sdformat13/1.4/visual.sdf
-- Up-to-date: /home/julia/workspace/install/share/sdformat13/1.4/world.sdf
-- Up-to-date: /home/julia/workspace/install/share/sdformat13/1.5/1_4.convert
-- Up-to-date: /home/julia/workspace/install/share/sdformat13/1.5/actor.sdf
-- Up-to-date: /home/julia/workspace/install/share/sdformat13/1.5/altimeter.sdf
-- Up-to-date: /home/julia/workspace/install/share/sdformat13/1.5/audio_source.sdf
-- Up-to-date: /home/julia/workspace/install/share/sdformat13/1.5/audio_sink.sdf
-- Up-to-date: /home/julia/workspace/install/share/sdformat13/1.5/battery.sdf
-- Up-to-date: /home/julia/workspace/install/share/sdformat13/1.5/box_shape.sdf
-- Up-to-date: /home/julia/workspace/install/share/sdformat13/1.5/camera.sdf
-- Up-to-date: /home/julia/workspace/install/share/sdformat13/1.5/collision.sdf
-- Up-to-date: /home/julia/workspace/install/share/sdformat13/1.5/collision_engine.sdf
-- Up-to-date: /home/julia/workspace/install/share/sdformat13/1.5/contact.sdf
-- Up-to-date: /home/julia/workspace/install/share/sdformat13/1.5/cylinder_shape.sdf
-- Up-to-date: /home/julia/workspace/install/share/sdformat13/1.5/frame.sdf
-- Up-to-date: /home/julia/workspace/install/share/sdformat13/1.5/forcetorque.sdf
-- Up-to-date: /home/julia/workspace/install/share/sdformat13/1.5/geometry.sdf
-- Up-to-date: /home/julia/workspace/install/share/sdformat13/1.5/gps.sdf
-- Up-to-date: /home/julia/workspace/install/share/sdformat13/1.5/gripper.sdf
-- Up-to-date: /home/julia/workspace/install/share/sdformat13/1.5/gui.sdf
-- Up-to-date: /home/julia/workspace/install/share/sdformat13/1.5/heightmap_shape.sdf
-- Up-to-date: /home/julia/workspace/install/share/sdformat13/1.5/image_shape.sdf
-- Up-to-date: /home/julia/workspace/install/share/sdformat13/1.5/imu.sdf
-- Up-to-date: /home/julia/workspace/install/share/sdformat13/1.5/inertial.sdf
-- Up-to-date: /home/julia/workspace/install/share/sdformat13/1.5/joint.sdf
-- Up-to-date: /home/julia/workspace/install/share/sdformat13/1.5/light.sdf
-- Up-to-date: /home/julia/workspace/install/share/sdformat13/1.5/light_state.sdf
-- Up-to-date: /home/julia/workspace/install/share/sdformat13/1.5/link.sdf
-- Up-to-date: /home/julia/workspace/install/share/sdformat13/1.5/link_state.sdf
-- Up-to-date: /home/julia/workspace/install/share/sdformat13/1.5/logical_camera.sdf
-- Up-to-date: /home/julia/workspace/install/share/sdformat13/1.5/magnetometer.sdf
-- Up-to-date: /home/julia/workspace/install/share/sdformat13/1.5/material.sdf
-- Up-to-date: /home/julia/workspace/install/share/sdformat13/1.5/mesh_shape.sdf
-- Up-to-date: /home/julia/workspace/install/share/sdformat13/1.5/model.sdf
-- Up-to-date: /home/julia/workspace/install/share/sdformat13/1.5/model_state.sdf
-- Up-to-date: /home/julia/workspace/install/share/sdformat13/1.5/noise.sdf
-- Up-to-date: /home/julia/workspace/install/share/sdformat13/1.5/physics.sdf
-- Up-to-date: /home/julia/workspace/install/share/sdformat13/1.5/plane_shape.sdf
-- Up-to-date: /home/julia/workspace/install/share/sdformat13/1.5/plugin.sdf
-- Up-to-date: /home/julia/workspace/install/share/sdformat13/1.5/polyline_shape.sdf
-- Up-to-date: /home/julia/workspace/install/share/sdformat13/1.5/population.sdf
-- Up-to-date: /home/julia/workspace/install/share/sdformat13/1.5/pose.sdf
-- Up-to-date: /home/julia/workspace/install/share/sdformat13/1.5/projector.sdf
-- Up-to-date: /home/julia/workspace/install/share/sdformat13/1.5/ray.sdf
-- Up-to-date: /home/julia/workspace/install/share/sdformat13/1.5/rfidtag.sdf
-- Up-to-date: /home/julia/workspace/install/share/sdformat13/1.5/rfid.sdf
-- Up-to-date: /home/julia/workspace/install/share/sdformat13/1.5/road.sdf
-- Up-to-date: /home/julia/workspace/install/share/sdformat13/1.5/root.sdf
-- Up-to-date: /home/julia/workspace/install/share/sdformat13/1.5/scene.sdf
-- Up-to-date: /home/julia/workspace/install/share/sdformat13/1.5/sensor.sdf
-- Up-to-date: /home/julia/workspace/install/share/sdformat13/1.5/spherical_coordinates.sdf
-- Up-to-date: /home/julia/workspace/install/share/sdformat13/1.5/sphere_shape.sdf
-- Up-to-date: /home/julia/workspace/install/share/sdformat13/1.5/sonar.sdf
-- Up-to-date: /home/julia/workspace/install/share/sdformat13/1.5/state.sdf
-- Up-to-date: /home/julia/workspace/install/share/sdformat13/1.5/surface.sdf
-- Up-to-date: /home/julia/workspace/install/share/sdformat13/1.5/transceiver.sdf
-- Up-to-date: /home/julia/workspace/install/share/sdformat13/1.5/urdf.sdf
-- Up-to-date: /home/julia/workspace/install/share/sdformat13/1.5/visual.sdf
-- Up-to-date: /home/julia/workspace/install/share/sdformat13/1.5/world.sdf
-- Up-to-date: /home/julia/workspace/install/share/sdformat13/1.5/actor.xsd
-- Up-to-date: /home/julia/workspace/install/share/sdformat13/1.5/altimeter.xsd
-- Up-to-date: /home/julia/workspace/install/share/sdformat13/1.5/audio_source.xsd
-- Up-to-date: /home/julia/workspace/install/share/sdformat13/1.5/audio_sink.xsd
-- Up-to-date: /home/julia/workspace/install/share/sdformat13/1.5/battery.xsd
-- Up-to-date: /home/julia/workspace/install/share/sdformat13/1.5/box_shape.xsd
-- Up-to-date: /home/julia/workspace/install/share/sdformat13/1.5/camera.xsd
-- Up-to-date: /home/julia/workspace/install/share/sdformat13/1.5/collision.xsd
-- Up-to-date: /home/julia/workspace/install/share/sdformat13/1.5/collision_engine.xsd
-- Up-to-date: /home/julia/workspace/install/share/sdformat13/1.5/contact.xsd
-- Up-to-date: /home/julia/workspace/install/share/sdformat13/1.5/cylinder_shape.xsd
-- Up-to-date: /home/julia/workspace/install/share/sdformat13/1.5/frame.xsd
-- Up-to-date: /home/julia/workspace/install/share/sdformat13/1.5/forcetorque.xsd
-- Up-to-date: /home/julia/workspace/install/share/sdformat13/1.5/geometry.xsd
-- Up-to-date: /home/julia/workspace/install/share/sdformat13/1.5/gps.xsd
-- Up-to-date: /home/julia/workspace/install/share/sdformat13/1.5/gripper.xsd
-- Up-to-date: /home/julia/workspace/install/share/sdformat13/1.5/gui.xsd
-- Up-to-date: /home/julia/workspace/install/share/sdformat13/1.5/heightmap_shape.xsd
-- Up-to-date: /home/julia/workspace/install/share/sdformat13/1.5/image_shape.xsd
-- Up-to-date: /home/julia/workspace/install/share/sdformat13/1.5/imu.xsd
-- Up-to-date: /home/julia/workspace/install/share/sdformat13/1.5/inertial.xsd
-- Up-to-date: /home/julia/workspace/install/share/sdformat13/1.5/joint.xsd
-- Up-to-date: /home/julia/workspace/install/share/sdformat13/1.5/light.xsd
-- Up-to-date: /home/julia/workspace/install/share/sdformat13/1.5/light_state.xsd
-- Up-to-date: /home/julia/workspace/install/share/sdformat13/1.5/link.xsd
-- Up-to-date: /home/julia/workspace/install/share/sdformat13/1.5/link_state.xsd
-- Up-to-date: /home/julia/workspace/install/share/sdformat13/1.5/logical_camera.xsd
-- Up-to-date: /home/julia/workspace/install/share/sdformat13/1.5/magnetometer.xsd
-- Up-to-date: /home/julia/workspace/install/share/sdformat13/1.5/material.xsd
-- Up-to-date: /home/julia/workspace/install/share/sdformat13/1.5/mesh_shape.xsd
-- Up-to-date: /home/julia/workspace/install/share/sdformat13/1.5/model.xsd
-- Up-to-date: /home/julia/workspace/install/share/sdformat13/1.5/model_state.xsd
-- Up-to-date: /home/julia/workspace/install/share/sdformat13/1.5/noise.xsd
-- Up-to-date: /home/julia/workspace/install/share/sdformat13/1.5/physics.xsd
-- Up-to-date: /home/julia/workspace/install/share/sdformat13/1.5/plane_shape.xsd
-- Up-to-date: /home/julia/workspace/install/share/sdformat13/1.5/plugin.xsd
-- Up-to-date: /home/julia/workspace/install/share/sdformat13/1.5/polyline_shape.xsd
-- Up-to-date: /home/julia/workspace/install/share/sdformat13/1.5/population.xsd
-- Up-to-date: /home/julia/workspace/install/share/sdformat13/1.5/pose.xsd
-- Up-to-date: /home/julia/workspace/install/share/sdformat13/1.5/projector.xsd
-- Up-to-date: /home/julia/workspace/install/share/sdformat13/1.5/ray.xsd
-- Up-to-date: /home/julia/workspace/install/share/sdformat13/1.5/rfidtag.xsd
-- Up-to-date: /home/julia/workspace/install/share/sdformat13/1.5/rfid.xsd
-- Up-to-date: /home/julia/workspace/install/share/sdformat13/1.5/road.xsd
-- Up-to-date: /home/julia/workspace/install/share/sdformat13/1.5/root.xsd
-- Up-to-date: /home/julia/workspace/install/share/sdformat13/1.5/scene.xsd
-- Up-to-date: /home/julia/workspace/install/share/sdformat13/1.5/sensor.xsd
-- Up-to-date: /home/julia/workspace/install/share/sdformat13/1.5/spherical_coordinates.xsd
-- Up-to-date: /home/julia/workspace/install/share/sdformat13/1.5/sphere_shape.xsd
-- Up-to-date: /home/julia/workspace/install/share/sdformat13/1.5/sonar.xsd
-- Up-to-date: /home/julia/workspace/install/share/sdformat13/1.5/state.xsd
-- Up-to-date: /home/julia/workspace/install/share/sdformat13/1.5/surface.xsd
-- Up-to-date: /home/julia/workspace/install/share/sdformat13/1.5/transceiver.xsd
-- Up-to-date: /home/julia/workspace/install/share/sdformat13/1.5/urdf.xsd
-- Up-to-date: /home/julia/workspace/install/share/sdformat13/1.5/visual.xsd
-- Up-to-date: /home/julia/workspace/install/share/sdformat13/1.5/world.xsd
-- Up-to-date: /home/julia/workspace/install/share/sdformat13/1.6/1_5.convert
-- Up-to-date: /home/julia/workspace/install/share/sdformat13/1.6/actor.sdf
-- Up-to-date: /home/julia/workspace/install/share/sdformat13/1.6/air_pressure.sdf
-- Up-to-date: /home/julia/workspace/install/share/sdformat13/1.6/altimeter.sdf
-- Up-to-date: /home/julia/workspace/install/share/sdformat13/1.6/atmosphere.sdf
-- Up-to-date: /home/julia/workspace/install/share/sdformat13/1.6/audio_source.sdf
-- Up-to-date: /home/julia/workspace/install/share/sdformat13/1.6/audio_sink.sdf
-- Up-to-date: /home/julia/workspace/install/share/sdformat13/1.6/battery.sdf
-- Up-to-date: /home/julia/workspace/install/share/sdformat13/1.6/box_shape.sdf
-- Up-to-date: /home/julia/workspace/install/share/sdformat13/1.6/camera.sdf
-- Up-to-date: /home/julia/workspace/install/share/sdformat13/1.6/collision.sdf
-- Up-to-date: /home/julia/workspace/install/share/sdformat13/1.6/collision_engine.sdf
-- Up-to-date: /home/julia/workspace/install/share/sdformat13/1.6/contact.sdf
-- Up-to-date: /home/julia/workspace/install/share/sdformat13/1.6/cylinder_shape.sdf
-- Up-to-date: /home/julia/workspace/install/share/sdformat13/1.6/frame.sdf
-- Up-to-date: /home/julia/workspace/install/share/sdformat13/1.6/forcetorque.sdf
-- Up-to-date: /home/julia/workspace/install/share/sdformat13/1.6/geometry.sdf
-- Up-to-date: /home/julia/workspace/install/share/sdformat13/1.6/gps.sdf
-- Up-to-date: /home/julia/workspace/install/share/sdformat13/1.6/gripper.sdf
-- Up-to-date: /home/julia/workspace/install/share/sdformat13/1.6/gui.sdf
-- Up-to-date: /home/julia/workspace/install/share/sdformat13/1.6/heightmap_shape.sdf
-- Up-to-date: /home/julia/workspace/install/share/sdformat13/1.6/image_shape.sdf
-- Up-to-date: /home/julia/workspace/install/share/sdformat13/1.6/imu.sdf
-- Up-to-date: /home/julia/workspace/install/share/sdformat13/1.6/inertial.sdf
-- Up-to-date: /home/julia/workspace/install/share/sdformat13/1.6/joint.sdf
-- Up-to-date: /home/julia/workspace/install/share/sdformat13/1.6/lidar.sdf
-- Up-to-date: /home/julia/workspace/install/share/sdformat13/1.6/light.sdf
-- Up-to-date: /home/julia/workspace/install/share/sdformat13/1.6/light_state.sdf
-- Up-to-date: /home/julia/workspace/install/share/sdformat13/1.6/link.sdf
-- Up-to-date: /home/julia/workspace/install/share/sdformat13/1.6/link_state.sdf
-- Up-to-date: /home/julia/workspace/install/share/sdformat13/1.6/logical_camera.sdf
-- Up-to-date: /home/julia/workspace/install/share/sdformat13/1.6/magnetometer.sdf
-- Up-to-date: /home/julia/workspace/install/share/sdformat13/1.6/material.sdf
-- Up-to-date: /home/julia/workspace/install/share/sdformat13/1.6/mesh_shape.sdf
-- Up-to-date: /home/julia/workspace/install/share/sdformat13/1.6/model.sdf
-- Up-to-date: /home/julia/workspace/install/share/sdformat13/1.6/model_state.sdf
-- Up-to-date: /home/julia/workspace/install/share/sdformat13/1.6/noise.sdf
-- Up-to-date: /home/julia/workspace/install/share/sdformat13/1.6/particle_emitter.sdf
-- Up-to-date: /home/julia/workspace/install/share/sdformat13/1.6/physics.sdf
-- Up-to-date: /home/julia/workspace/install/share/sdformat13/1.6/plane_shape.sdf
-- Up-to-date: /home/julia/workspace/install/share/sdformat13/1.6/plugin.sdf
-- Up-to-date: /home/julia/workspace/install/share/sdformat13/1.6/polyline_shape.sdf
-- Up-to-date: /home/julia/workspace/install/share/sdformat13/1.6/population.sdf
-- Up-to-date: /home/julia/workspace/install/share/sdformat13/1.6/pose.sdf
-- Up-to-date: /home/julia/workspace/install/share/sdformat13/1.6/projector.sdf
-- Up-to-date: /home/julia/workspace/install/share/sdformat13/1.6/ray.sdf
-- Up-to-date: /home/julia/workspace/install/share/sdformat13/1.6/rfidtag.sdf
-- Up-to-date: /home/julia/workspace/install/share/sdformat13/1.6/rfid.sdf
-- Up-to-date: /home/julia/workspace/install/share/sdformat13/1.6/road.sdf
-- Up-to-date: /home/julia/workspace/install/share/sdformat13/1.6/root.sdf
-- Up-to-date: /home/julia/workspace/install/share/sdformat13/1.6/scene.sdf
-- Up-to-date: /home/julia/workspace/install/share/sdformat13/1.6/sensor.sdf
-- Up-to-date: /home/julia/workspace/install/share/sdformat13/1.6/spherical_coordinates.sdf
-- Up-to-date: /home/julia/workspace/install/share/sdformat13/1.6/sphere_shape.sdf
-- Up-to-date: /home/julia/workspace/install/share/sdformat13/1.6/sonar.sdf
-- Up-to-date: /home/julia/workspace/install/share/sdformat13/1.6/state.sdf
-- Up-to-date: /home/julia/workspace/install/share/sdformat13/1.6/surface.sdf
-- Up-to-date: /home/julia/workspace/install/share/sdformat13/1.6/transceiver.sdf
-- Up-to-date: /home/julia/workspace/install/share/sdformat13/1.6/urdf.sdf
-- Up-to-date: /home/julia/workspace/install/share/sdformat13/1.6/visual.sdf
-- Up-to-date: /home/julia/workspace/install/share/sdformat13/1.6/world.sdf
-- Up-to-date: /home/julia/workspace/install/share/sdformat13/1.6/actor.xsd
-- Up-to-date: /home/julia/workspace/install/share/sdformat13/1.6/air_pressure.xsd
-- Up-to-date: /home/julia/workspace/install/share/sdformat13/1.6/altimeter.xsd
-- Up-to-date: /home/julia/workspace/install/share/sdformat13/1.6/atmosphere.xsd
-- Up-to-date: /home/julia/workspace/install/share/sdformat13/1.6/audio_source.xsd
-- Up-to-date: /home/julia/workspace/install/share/sdformat13/1.6/audio_sink.xsd
-- Up-to-date: /home/julia/workspace/install/share/sdformat13/1.6/battery.xsd
-- Up-to-date: /home/julia/workspace/install/share/sdformat13/1.6/box_shape.xsd
-- Up-to-date: /home/julia/workspace/install/share/sdformat13/1.6/camera.xsd
-- Up-to-date: /home/julia/workspace/install/share/sdformat13/1.6/collision.xsd
-- Up-to-date: /home/julia/workspace/install/share/sdformat13/1.6/collision_engine.xsd
-- Up-to-date: /home/julia/workspace/install/share/sdformat13/1.6/contact.xsd
-- Up-to-date: /home/julia/workspace/install/share/sdformat13/1.6/cylinder_shape.xsd
-- Up-to-date: /home/julia/workspace/install/share/sdformat13/1.6/frame.xsd
-- Up-to-date: /home/julia/workspace/install/share/sdformat13/1.6/forcetorque.xsd
-- Up-to-date: /home/julia/workspace/install/share/sdformat13/1.6/geometry.xsd
-- Up-to-date: /home/julia/workspace/install/share/sdformat13/1.6/gps.xsd
-- Up-to-date: /home/julia/workspace/install/share/sdformat13/1.6/gripper.xsd
-- Up-to-date: /home/julia/workspace/install/share/sdformat13/1.6/gui.xsd
-- Up-to-date: /home/julia/workspace/install/share/sdformat13/1.6/heightmap_shape.xsd
-- Up-to-date: /home/julia/workspace/install/share/sdformat13/1.6/image_shape.xsd
-- Up-to-date: /home/julia/workspace/install/share/sdformat13/1.6/imu.xsd
-- Up-to-date: /home/julia/workspace/install/share/sdformat13/1.6/inertial.xsd
-- Up-to-date: /home/julia/workspace/install/share/sdformat13/1.6/joint.xsd
-- Up-to-date: /home/julia/workspace/install/share/sdformat13/1.6/lidar.xsd
-- Up-to-date: /home/julia/workspace/install/share/sdformat13/1.6/light.xsd
-- Up-to-date: /home/julia/workspace/install/share/sdformat13/1.6/light_state.xsd
-- Up-to-date: /home/julia/workspace/install/share/sdformat13/1.6/link.xsd
-- Up-to-date: /home/julia/workspace/install/share/sdformat13/1.6/link_state.xsd
-- Up-to-date: /home/julia/workspace/install/share/sdformat13/1.6/logical_camera.xsd
-- Up-to-date: /home/julia/workspace/install/share/sdformat13/1.6/magnetometer.xsd
-- Up-to-date: /home/julia/workspace/install/share/sdformat13/1.6/material.xsd
-- Up-to-date: /home/julia/workspace/install/share/sdformat13/1.6/mesh_shape.xsd
-- Up-to-date: /home/julia/workspace/install/share/sdformat13/1.6/model.xsd
-- Up-to-date: /home/julia/workspace/install/share/sdformat13/1.6/model_state.xsd
-- Up-to-date: /home/julia/workspace/install/share/sdformat13/1.6/noise.xsd
-- Up-to-date: /home/julia/workspace/install/share/sdformat13/1.6/particle_emitter.xsd
-- Up-to-date: /home/julia/workspace/install/share/sdformat13/1.6/physics.xsd
-- Up-to-date: /home/julia/workspace/install/share/sdformat13/1.6/plane_shape.xsd
-- Up-to-date: /home/julia/workspace/install/share/sdformat13/1.6/plugin.xsd
-- Up-to-date: /home/julia/workspace/install/share/sdformat13/1.6/polyline_shape.xsd
-- Up-to-date: /home/julia/workspace/install/share/sdformat13/1.6/population.xsd
-- Up-to-date: /home/julia/workspace/install/share/sdformat13/1.6/pose.xsd
-- Up-to-date: /home/julia/workspace/install/share/sdformat13/1.6/projector.xsd
-- Up-to-date: /home/julia/workspace/install/share/sdformat13/1.6/ray.xsd
-- Up-to-date: /home/julia/workspace/install/share/sdformat13/1.6/rfidtag.xsd
-- Up-to-date: /home/julia/workspace/install/share/sdformat13/1.6/rfid.xsd
-- Up-to-date: /home/julia/workspace/install/share/sdformat13/1.6/road.xsd
-- Up-to-date: /home/julia/workspace/install/share/sdformat13/1.6/root.xsd
-- Up-to-date: /home/julia/workspace/install/share/sdformat13/1.6/scene.xsd
-- Up-to-date: /home/julia/workspace/install/share/sdformat13/1.6/sensor.xsd
-- Up-to-date: /home/julia/workspace/install/share/sdformat13/1.6/spherical_coordinates.xsd
-- Up-to-date: /home/julia/workspace/install/share/sdformat13/1.6/sphere_shape.xsd
-- Up-to-date: /home/julia/workspace/install/share/sdformat13/1.6/sonar.xsd
-- Up-to-date: /home/julia/workspace/install/share/sdformat13/1.6/state.xsd
-- Up-to-date: /home/julia/workspace/install/share/sdformat13/1.6/surface.xsd
-- Up-to-date: /home/julia/workspace/install/share/sdformat13/1.6/transceiver.xsd
-- Up-to-date: /home/julia/workspace/install/share/sdformat13/1.6/urdf.xsd
-- Up-to-date: /home/julia/workspace/install/share/sdformat13/1.6/visual.xsd
-- Up-to-date: /home/julia/workspace/install/share/sdformat13/1.6/world.xsd
-- Up-to-date: /home/julia/workspace/install/share/sdformat13/1.7/1_6.convert
-- Up-to-date: /home/julia/workspace/install/share/sdformat13/1.7/actor.sdf
-- Up-to-date: /home/julia/workspace/install/share/sdformat13/1.7/air_pressure.sdf
-- Up-to-date: /home/julia/workspace/install/share/sdformat13/1.7/altimeter.sdf
-- Up-to-date: /home/julia/workspace/install/share/sdformat13/1.7/atmosphere.sdf
-- Up-to-date: /home/julia/workspace/install/share/sdformat13/1.7/audio_source.sdf
-- Up-to-date: /home/julia/workspace/install/share/sdformat13/1.7/audio_sink.sdf
-- Up-to-date: /home/julia/workspace/install/share/sdformat13/1.7/battery.sdf
-- Up-to-date: /home/julia/workspace/install/share/sdformat13/1.7/box_shape.sdf
-- Up-to-date: /home/julia/workspace/install/share/sdformat13/1.7/camera.sdf
-- Up-to-date: /home/julia/workspace/install/share/sdformat13/1.7/collision.sdf
-- Up-to-date: /home/julia/workspace/install/share/sdformat13/1.7/collision_engine.sdf
-- Up-to-date: /home/julia/workspace/install/share/sdformat13/1.7/contact.sdf
-- Up-to-date: /home/julia/workspace/install/share/sdformat13/1.7/cylinder_shape.sdf
-- Up-to-date: /home/julia/workspace/install/share/sdformat13/1.7/frame.sdf
-- Up-to-date: /home/julia/workspace/install/share/sdformat13/1.7/forcetorque.sdf
-- Up-to-date: /home/julia/workspace/install/share/sdformat13/1.7/geometry.sdf
-- Up-to-date: /home/julia/workspace/install/share/sdformat13/1.7/gps.sdf
-- Up-to-date: /home/julia/workspace/install/share/sdformat13/1.7/gripper.sdf
-- Up-to-date: /home/julia/workspace/install/share/sdformat13/1.7/gui.sdf
-- Up-to-date: /home/julia/workspace/install/share/sdformat13/1.7/heightmap_shape.sdf
-- Up-to-date: /home/julia/workspace/install/share/sdformat13/1.7/image_shape.sdf
-- Up-to-date: /home/julia/workspace/install/share/sdformat13/1.7/imu.sdf
-- Up-to-date: /home/julia/workspace/install/share/sdformat13/1.7/inertial.sdf
-- Up-to-date: /home/julia/workspace/install/share/sdformat13/1.7/joint.sdf
-- Up-to-date: /home/julia/workspace/install/share/sdformat13/1.7/lidar.sdf
-- Up-to-date: /home/julia/workspace/install/share/sdformat13/1.7/light.sdf
-- Up-to-date: /home/julia/workspace/install/share/sdformat13/1.7/light_state.sdf
-- Up-to-date: /home/julia/workspace/install/share/sdformat13/1.7/link.sdf
-- Up-to-date: /home/julia/workspace/install/share/sdformat13/1.7/link_state.sdf
-- Up-to-date: /home/julia/workspace/install/share/sdformat13/1.7/logical_camera.sdf
-- Up-to-date: /home/julia/workspace/install/share/sdformat13/1.7/magnetometer.sdf
-- Up-to-date: /home/julia/workspace/install/share/sdformat13/1.7/material.sdf
-- Up-to-date: /home/julia/workspace/install/share/sdformat13/1.7/mesh_shape.sdf
-- Up-to-date: /home/julia/workspace/install/share/sdformat13/1.7/model.sdf
-- Up-to-date: /home/julia/workspace/install/share/sdformat13/1.7/model_state.sdf
-- Up-to-date: /home/julia/workspace/install/share/sdformat13/1.7/navsat.sdf
-- Up-to-date: /home/julia/workspace/install/share/sdformat13/1.7/noise.sdf
-- Up-to-date: /home/julia/workspace/install/share/sdformat13/1.7/particle_emitter.sdf
-- Up-to-date: /home/julia/workspace/install/share/sdformat13/1.7/physics.sdf
-- Up-to-date: /home/julia/workspace/install/share/sdformat13/1.7/plane_shape.sdf
-- Up-to-date: /home/julia/workspace/install/share/sdformat13/1.7/plugin.sdf
-- Up-to-date: /home/julia/workspace/install/share/sdformat13/1.7/polyline_shape.sdf
-- Up-to-date: /home/julia/workspace/install/share/sdformat13/1.7/population.sdf
-- Up-to-date: /home/julia/workspace/install/share/sdformat13/1.7/pose.sdf
-- Up-to-date: /home/julia/workspace/install/share/sdformat13/1.7/projector.sdf
-- Up-to-date: /home/julia/workspace/install/share/sdformat13/1.7/ray.sdf
-- Up-to-date: /home/julia/workspace/install/share/sdformat13/1.7/rfidtag.sdf
-- Up-to-date: /home/julia/workspace/install/share/sdformat13/1.7/rfid.sdf
-- Up-to-date: /home/julia/workspace/install/share/sdformat13/1.7/road.sdf
-- Up-to-date: /home/julia/workspace/install/share/sdformat13/1.7/root.sdf
-- Up-to-date: /home/julia/workspace/install/share/sdformat13/1.7/scene.sdf
-- Up-to-date: /home/julia/workspace/install/share/sdformat13/1.7/sensor.sdf
-- Up-to-date: /home/julia/workspace/install/share/sdformat13/1.7/spherical_coordinates.sdf
-- Up-to-date: /home/julia/workspace/install/share/sdformat13/1.7/sphere_shape.sdf
-- Up-to-date: /home/julia/workspace/install/share/sdformat13/1.7/sonar.sdf
-- Up-to-date: /home/julia/workspace/install/share/sdformat13/1.7/state.sdf
-- Up-to-date: /home/julia/workspace/install/share/sdformat13/1.7/surface.sdf
-- Up-to-date: /home/julia/workspace/install/share/sdformat13/1.7/transceiver.sdf
-- Up-to-date: /home/julia/workspace/install/share/sdformat13/1.7/urdf.sdf
-- Up-to-date: /home/julia/workspace/install/share/sdformat13/1.7/visual.sdf
-- Up-to-date: /home/julia/workspace/install/share/sdformat13/1.7/world.sdf
-- Up-to-date: /home/julia/workspace/install/share/sdformat13/1.7/actor.xsd
-- Up-to-date: /home/julia/workspace/install/share/sdformat13/1.7/air_pressure.xsd
-- Up-to-date: /home/julia/workspace/install/share/sdformat13/1.7/altimeter.xsd
-- Up-to-date: /home/julia/workspace/install/share/sdformat13/1.7/atmosphere.xsd
-- Up-to-date: /home/julia/workspace/install/share/sdformat13/1.7/audio_source.xsd
-- Up-to-date: /home/julia/workspace/install/share/sdformat13/1.7/audio_sink.xsd
-- Up-to-date: /home/julia/workspace/install/share/sdformat13/1.7/battery.xsd
-- Up-to-date: /home/julia/workspace/install/share/sdformat13/1.7/box_shape.xsd
-- Up-to-date: /home/julia/workspace/install/share/sdformat13/1.7/camera.xsd
-- Up-to-date: /home/julia/workspace/install/share/sdformat13/1.7/collision.xsd
-- Up-to-date: /home/julia/workspace/install/share/sdformat13/1.7/collision_engine.xsd
-- Up-to-date: /home/julia/workspace/install/share/sdformat13/1.7/contact.xsd
-- Up-to-date: /home/julia/workspace/install/share/sdformat13/1.7/cylinder_shape.xsd
-- Up-to-date: /home/julia/workspace/install/share/sdformat13/1.7/frame.xsd
-- Up-to-date: /home/julia/workspace/install/share/sdformat13/1.7/forcetorque.xsd
-- Up-to-date: /home/julia/workspace/install/share/sdformat13/1.7/geometry.xsd
-- Up-to-date: /home/julia/workspace/install/share/sdformat13/1.7/gps.xsd
-- Up-to-date: /home/julia/workspace/install/share/sdformat13/1.7/gripper.xsd
-- Up-to-date: /home/julia/workspace/install/share/sdformat13/1.7/gui.xsd
-- Up-to-date: /home/julia/workspace/install/share/sdformat13/1.7/heightmap_shape.xsd
-- Up-to-date: /home/julia/workspace/install/share/sdformat13/1.7/image_shape.xsd
-- Up-to-date: /home/julia/workspace/install/share/sdformat13/1.7/imu.xsd
-- Up-to-date: /home/julia/workspace/install/share/sdformat13/1.7/inertial.xsd
-- Up-to-date: /home/julia/workspace/install/share/sdformat13/1.7/joint.xsd
-- Up-to-date: /home/julia/workspace/install/share/sdformat13/1.7/lidar.xsd
-- Up-to-date: /home/julia/workspace/install/share/sdformat13/1.7/light.xsd
-- Up-to-date: /home/julia/workspace/install/share/sdformat13/1.7/light_state.xsd
-- Up-to-date: /home/julia/workspace/install/share/sdformat13/1.7/link.xsd
-- Up-to-date: /home/julia/workspace/install/share/sdformat13/1.7/link_state.xsd
-- Up-to-date: /home/julia/workspace/install/share/sdformat13/1.7/logical_camera.xsd
-- Up-to-date: /home/julia/workspace/install/share/sdformat13/1.7/magnetometer.xsd
-- Up-to-date: /home/julia/workspace/install/share/sdformat13/1.7/material.xsd
-- Up-to-date: /home/julia/workspace/install/share/sdformat13/1.7/mesh_shape.xsd
-- Up-to-date: /home/julia/workspace/install/share/sdformat13/1.7/model.xsd
-- Up-to-date: /home/julia/workspace/install/share/sdformat13/1.7/model_state.xsd
-- Up-to-date: /home/julia/workspace/install/share/sdformat13/1.7/navsat.xsd
-- Up-to-date: /home/julia/workspace/install/share/sdformat13/1.7/noise.xsd
-- Up-to-date: /home/julia/workspace/install/share/sdformat13/1.7/particle_emitter.xsd
-- Up-to-date: /home/julia/workspace/install/share/sdformat13/1.7/physics.xsd
-- Up-to-date: /home/julia/workspace/install/share/sdformat13/1.7/plane_shape.xsd
-- Up-to-date: /home/julia/workspace/install/share/sdformat13/1.7/plugin.xsd
-- Up-to-date: /home/julia/workspace/install/share/sdformat13/1.7/polyline_shape.xsd
-- Up-to-date: /home/julia/workspace/install/share/sdformat13/1.7/population.xsd
-- Up-to-date: /home/julia/workspace/install/share/sdformat13/1.7/pose.xsd
-- Up-to-date: /home/julia/workspace/install/share/sdformat13/1.7/projector.xsd
-- Up-to-date: /home/julia/workspace/install/share/sdformat13/1.7/ray.xsd
-- Up-to-date: /home/julia/workspace/install/share/sdformat13/1.7/rfidtag.xsd
-- Up-to-date: /home/julia/workspace/install/share/sdformat13/1.7/rfid.xsd
-- Up-to-date: /home/julia/workspace/install/share/sdformat13/1.7/road.xsd
-- Up-to-date: /home/julia/workspace/install/share/sdformat13/1.7/root.xsd
-- Up-to-date: /home/julia/workspace/install/share/sdformat13/1.7/scene.xsd
-- Up-to-date: /home/julia/workspace/install/share/sdformat13/1.7/sensor.xsd
-- Up-to-date: /home/julia/workspace/install/share/sdformat13/1.7/spherical_coordinates.xsd
-- Up-to-date: /home/julia/workspace/install/share/sdformat13/1.7/sphere_shape.xsd
-- Up-to-date: /home/julia/workspace/install/share/sdformat13/1.7/sonar.xsd
-- Up-to-date: /home/julia/workspace/install/share/sdformat13/1.7/state.xsd
-- Up-to-date: /home/julia/workspace/install/share/sdformat13/1.7/surface.xsd
-- Up-to-date: /home/julia/workspace/install/share/sdformat13/1.7/transceiver.xsd
-- Up-to-date: /home/julia/workspace/install/share/sdformat13/1.7/urdf.xsd
-- Up-to-date: /home/julia/workspace/install/share/sdformat13/1.7/visual.xsd
-- Up-to-date: /home/julia/workspace/install/share/sdformat13/1.7/world.xsd
-- Up-to-date: /home/julia/workspace/install/share/sdformat13/1.8/1_7.convert
-- Up-to-date: /home/julia/workspace/install/share/sdformat13/1.8/actor.sdf
-- Up-to-date: /home/julia/workspace/install/share/sdformat13/1.8/air_pressure.sdf
-- Up-to-date: /home/julia/workspace/install/share/sdformat13/1.8/altimeter.sdf
-- Up-to-date: /home/julia/workspace/install/share/sdformat13/1.8/atmosphere.sdf
-- Up-to-date: /home/julia/workspace/install/share/sdformat13/1.8/audio_source.sdf
-- Up-to-date: /home/julia/workspace/install/share/sdformat13/1.8/audio_sink.sdf
-- Up-to-date: /home/julia/workspace/install/share/sdformat13/1.8/battery.sdf
-- Up-to-date: /home/julia/workspace/install/share/sdformat13/1.8/box_shape.sdf
-- Up-to-date: /home/julia/workspace/install/share/sdformat13/1.8/camera.sdf
-- Up-to-date: /home/julia/workspace/install/share/sdformat13/1.8/capsule_shape.sdf
-- Up-to-date: /home/julia/workspace/install/share/sdformat13/1.8/collision.sdf
-- Up-to-date: /home/julia/workspace/install/share/sdformat13/1.8/collision_engine.sdf
-- Up-to-date: /home/julia/workspace/install/share/sdformat13/1.8/contact.sdf
-- Up-to-date: /home/julia/workspace/install/share/sdformat13/1.8/cylinder_shape.sdf
-- Up-to-date: /home/julia/workspace/install/share/sdformat13/1.8/ellipsoid_shape.sdf
-- Up-to-date: /home/julia/workspace/install/share/sdformat13/1.8/frame.sdf
-- Up-to-date: /home/julia/workspace/install/share/sdformat13/1.8/forcetorque.sdf
-- Up-to-date: /home/julia/workspace/install/share/sdformat13/1.8/geometry.sdf
-- Up-to-date: /home/julia/workspace/install/share/sdformat13/1.8/gps.sdf
-- Up-to-date: /home/julia/workspace/install/share/sdformat13/1.8/gripper.sdf
-- Up-to-date: /home/julia/workspace/install/share/sdformat13/1.8/gui.sdf
-- Up-to-date: /home/julia/workspace/install/share/sdformat13/1.8/heightmap_shape.sdf
-- Up-to-date: /home/julia/workspace/install/share/sdformat13/1.8/image_shape.sdf
-- Up-to-date: /home/julia/workspace/install/share/sdformat13/1.8/imu.sdf
-- Up-to-date: /home/julia/workspace/install/share/sdformat13/1.8/inertial.sdf
-- Up-to-date: /home/julia/workspace/install/share/sdformat13/1.8/joint.sdf
-- Up-to-date: /home/julia/workspace/install/share/sdformat13/1.8/lidar.sdf
-- Up-to-date: /home/julia/workspace/install/share/sdformat13/1.8/light.sdf
-- Up-to-date: /home/julia/workspace/install/share/sdformat13/1.8/light_state.sdf
-- Up-to-date: /home/julia/workspace/install/share/sdformat13/1.8/link.sdf
-- Up-to-date: /home/julia/workspace/install/share/sdformat13/1.8/link_state.sdf
-- Up-to-date: /home/julia/workspace/install/share/sdformat13/1.8/logical_camera.sdf
-- Up-to-date: /home/julia/workspace/install/share/sdformat13/1.8/magnetometer.sdf
-- Up-to-date: /home/julia/workspace/install/share/sdformat13/1.8/material.sdf
-- Up-to-date: /home/julia/workspace/install/share/sdformat13/1.8/mesh_shape.sdf
-- Up-to-date: /home/julia/workspace/install/share/sdformat13/1.8/model.sdf
-- Up-to-date: /home/julia/workspace/install/share/sdformat13/1.8/model_state.sdf
-- Up-to-date: /home/julia/workspace/install/share/sdformat13/1.8/navsat.sdf
-- Up-to-date: /home/julia/workspace/install/share/sdformat13/1.8/noise.sdf
-- Up-to-date: /home/julia/workspace/install/share/sdformat13/1.8/particle_emitter.sdf
-- Up-to-date: /home/julia/workspace/install/share/sdformat13/1.8/physics.sdf
-- Up-to-date: /home/julia/workspace/install/share/sdformat13/1.8/plane_shape.sdf
-- Up-to-date: /home/julia/workspace/install/share/sdformat13/1.8/plugin.sdf
-- Up-to-date: /home/julia/workspace/install/share/sdformat13/1.8/polyline_shape.sdf
-- Up-to-date: /home/julia/workspace/install/share/sdformat13/1.8/population.sdf
-- Up-to-date: /home/julia/workspace/install/share/sdformat13/1.8/pose.sdf
-- Up-to-date: /home/julia/workspace/install/share/sdformat13/1.8/projector.sdf
-- Up-to-date: /home/julia/workspace/install/share/sdformat13/1.8/ray.sdf
-- Up-to-date: /home/julia/workspace/install/share/sdformat13/1.8/rfidtag.sdf
-- Up-to-date: /home/julia/workspace/install/share/sdformat13/1.8/rfid.sdf
-- Up-to-date: /home/julia/workspace/install/share/sdformat13/1.8/road.sdf
-- Up-to-date: /home/julia/workspace/install/share/sdformat13/1.8/root.sdf
-- Up-to-date: /home/julia/workspace/install/share/sdformat13/1.8/scene.sdf
-- Up-to-date: /home/julia/workspace/install/share/sdformat13/1.8/sensor.sdf
-- Up-to-date: /home/julia/workspace/install/share/sdformat13/1.8/spherical_coordinates.sdf
-- Up-to-date: /home/julia/workspace/install/share/sdformat13/1.8/sphere_shape.sdf
-- Up-to-date: /home/julia/workspace/install/share/sdformat13/1.8/sonar.sdf
-- Up-to-date: /home/julia/workspace/install/share/sdformat13/1.8/state.sdf
-- Up-to-date: /home/julia/workspace/install/share/sdformat13/1.8/surface.sdf
-- Up-to-date: /home/julia/workspace/install/share/sdformat13/1.8/transceiver.sdf
-- Up-to-date: /home/julia/workspace/install/share/sdformat13/1.8/urdf.sdf
-- Up-to-date: /home/julia/workspace/install/share/sdformat13/1.8/visual.sdf
-- Up-to-date: /home/julia/workspace/install/share/sdformat13/1.8/world.sdf
-- Up-to-date: /home/julia/workspace/install/share/sdformat13/1.8/actor.xsd
-- Up-to-date: /home/julia/workspace/install/share/sdformat13/1.8/air_pressure.xsd
-- Up-to-date: /home/julia/workspace/install/share/sdformat13/1.8/altimeter.xsd
-- Up-to-date: /home/julia/workspace/install/share/sdformat13/1.8/atmosphere.xsd
-- Up-to-date: /home/julia/workspace/install/share/sdformat13/1.8/audio_source.xsd
-- Up-to-date: /home/julia/workspace/install/share/sdformat13/1.8/audio_sink.xsd
-- Up-to-date: /home/julia/workspace/install/share/sdformat13/1.8/battery.xsd
-- Up-to-date: /home/julia/workspace/install/share/sdformat13/1.8/box_shape.xsd
-- Up-to-date: /home/julia/workspace/install/share/sdformat13/1.8/camera.xsd
-- Up-to-date: /home/julia/workspace/install/share/sdformat13/1.8/capsule_shape.xsd
-- Up-to-date: /home/julia/workspace/install/share/sdformat13/1.8/collision.xsd
-- Up-to-date: /home/julia/workspace/install/share/sdformat13/1.8/collision_engine.xsd
-- Up-to-date: /home/julia/workspace/install/share/sdformat13/1.8/contact.xsd
-- Up-to-date: /home/julia/workspace/install/share/sdformat13/1.8/cylinder_shape.xsd
-- Up-to-date: /home/julia/workspace/install/share/sdformat13/1.8/ellipsoid_shape.xsd
-- Up-to-date: /home/julia/workspace/install/share/sdformat13/1.8/frame.xsd
-- Up-to-date: /home/julia/workspace/install/share/sdformat13/1.8/forcetorque.xsd
-- Up-to-date: /home/julia/workspace/install/share/sdformat13/1.8/geometry.xsd
-- Up-to-date: /home/julia/workspace/install/share/sdformat13/1.8/gps.xsd
-- Up-to-date: /home/julia/workspace/install/share/sdformat13/1.8/gripper.xsd
-- Up-to-date: /home/julia/workspace/install/share/sdformat13/1.8/gui.xsd
-- Up-to-date: /home/julia/workspace/install/share/sdformat13/1.8/heightmap_shape.xsd
-- Up-to-date: /home/julia/workspace/install/share/sdformat13/1.8/image_shape.xsd
-- Up-to-date: /home/julia/workspace/install/share/sdformat13/1.8/imu.xsd
-- Up-to-date: /home/julia/workspace/install/share/sdformat13/1.8/inertial.xsd
-- Up-to-date: /home/julia/workspace/install/share/sdformat13/1.8/joint.xsd
-- Up-to-date: /home/julia/workspace/install/share/sdformat13/1.8/lidar.xsd
-- Up-to-date: /home/julia/workspace/install/share/sdformat13/1.8/light.xsd
-- Up-to-date: /home/julia/workspace/install/share/sdformat13/1.8/light_state.xsd
-- Up-to-date: /home/julia/workspace/install/share/sdformat13/1.8/link.xsd
-- Up-to-date: /home/julia/workspace/install/share/sdformat13/1.8/link_state.xsd
-- Up-to-date: /home/julia/workspace/install/share/sdformat13/1.8/logical_camera.xsd
-- Up-to-date: /home/julia/workspace/install/share/sdformat13/1.8/magnetometer.xsd
-- Up-to-date: /home/julia/workspace/install/share/sdformat13/1.8/material.xsd
-- Up-to-date: /home/julia/workspace/install/share/sdformat13/1.8/mesh_shape.xsd
-- Up-to-date: /home/julia/workspace/install/share/sdformat13/1.8/model.xsd
-- Up-to-date: /home/julia/workspace/install/share/sdformat13/1.8/model_state.xsd
-- Up-to-date: /home/julia/workspace/install/share/sdformat13/1.8/navsat.xsd
-- Up-to-date: /home/julia/workspace/install/share/sdformat13/1.8/noise.xsd
-- Up-to-date: /home/julia/workspace/install/share/sdformat13/1.8/particle_emitter.xsd
-- Up-to-date: /home/julia/workspace/install/share/sdformat13/1.8/physics.xsd
-- Up-to-date: /home/julia/workspace/install/share/sdformat13/1.8/plane_shape.xsd
-- Up-to-date: /home/julia/workspace/install/share/sdformat13/1.8/plugin.xsd
-- Up-to-date: /home/julia/workspace/install/share/sdformat13/1.8/polyline_shape.xsd
-- Up-to-date: /home/julia/workspace/install/share/sdformat13/1.8/population.xsd
-- Up-to-date: /home/julia/workspace/install/share/sdformat13/1.8/pose.xsd
-- Up-to-date: /home/julia/workspace/install/share/sdformat13/1.8/projector.xsd
-- Up-to-date: /home/julia/workspace/install/share/sdformat13/1.8/ray.xsd
-- Up-to-date: /home/julia/workspace/install/share/sdformat13/1.8/rfidtag.xsd
-- Up-to-date: /home/julia/workspace/install/share/sdformat13/1.8/rfid.xsd
-- Up-to-date: /home/julia/workspace/install/share/sdformat13/1.8/road.xsd
-- Up-to-date: /home/julia/workspace/install/share/sdformat13/1.8/root.xsd
-- Up-to-date: /home/julia/workspace/install/share/sdformat13/1.8/scene.xsd
-- Up-to-date: /home/julia/workspace/install/share/sdformat13/1.8/sensor.xsd
-- Up-to-date: /home/julia/workspace/install/share/sdformat13/1.8/spherical_coordinates.xsd
-- Up-to-date: /home/julia/workspace/install/share/sdformat13/1.8/sphere_shape.xsd
-- Up-to-date: /home/julia/workspace/install/share/sdformat13/1.8/sonar.xsd
-- Up-to-date: /home/julia/workspace/install/share/sdformat13/1.8/state.xsd
-- Up-to-date: /home/julia/workspace/install/share/sdformat13/1.8/surface.xsd
-- Up-to-date: /home/julia/workspace/install/share/sdformat13/1.8/transceiver.xsd
-- Up-to-date: /home/julia/workspace/install/share/sdformat13/1.8/urdf.xsd
-- Up-to-date: /home/julia/workspace/install/share/sdformat13/1.8/visual.xsd
-- Up-to-date: /home/julia/workspace/install/share/sdformat13/1.8/world.xsd
-- Up-to-date: /home/julia/workspace/install/share/sdformat13/1.9/1_8.convert
-- Up-to-date: /home/julia/workspace/install/share/sdformat13/1.9/actor.sdf
-- Up-to-date: /home/julia/workspace/install/share/sdformat13/1.9/air_pressure.sdf
-- Up-to-date: /home/julia/workspace/install/share/sdformat13/1.9/altimeter.sdf
-- Up-to-date: /home/julia/workspace/install/share/sdformat13/1.9/atmosphere.sdf
-- Up-to-date: /home/julia/workspace/install/share/sdformat13/1.9/audio_source.sdf
-- Up-to-date: /home/julia/workspace/install/share/sdformat13/1.9/audio_sink.sdf
-- Up-to-date: /home/julia/workspace/install/share/sdformat13/1.9/battery.sdf
-- Up-to-date: /home/julia/workspace/install/share/sdformat13/1.9/box_shape.sdf
-- Up-to-date: /home/julia/workspace/install/share/sdformat13/1.9/camera.sdf
-- Up-to-date: /home/julia/workspace/install/share/sdformat13/1.9/capsule_shape.sdf
-- Up-to-date: /home/julia/workspace/install/share/sdformat13/1.9/collision.sdf
-- Up-to-date: /home/julia/workspace/install/share/sdformat13/1.9/collision_engine.sdf
-- Up-to-date: /home/julia/workspace/install/share/sdformat13/1.9/contact.sdf
-- Up-to-date: /home/julia/workspace/install/share/sdformat13/1.9/cylinder_shape.sdf
-- Up-to-date: /home/julia/workspace/install/share/sdformat13/1.9/ellipsoid_shape.sdf
-- Up-to-date: /home/julia/workspace/install/share/sdformat13/1.9/frame.sdf
-- Up-to-date: /home/julia/workspace/install/share/sdformat13/1.9/forcetorque.sdf
-- Up-to-date: /home/julia/workspace/install/share/sdformat13/1.9/geometry.sdf
-- Up-to-date: /home/julia/workspace/install/share/sdformat13/1.9/gps.sdf
-- Up-to-date: /home/julia/workspace/install/share/sdformat13/1.9/gripper.sdf
-- Up-to-date: /home/julia/workspace/install/share/sdformat13/1.9/gui.sdf
-- Up-to-date: /home/julia/workspace/install/share/sdformat13/1.9/heightmap_shape.sdf
-- Up-to-date: /home/julia/workspace/install/share/sdformat13/1.9/image_shape.sdf
-- Up-to-date: /home/julia/workspace/install/share/sdformat13/1.9/imu.sdf
-- Up-to-date: /home/julia/workspace/install/share/sdformat13/1.9/inertial.sdf
-- Up-to-date: /home/julia/workspace/install/share/sdformat13/1.9/joint.sdf
-- Up-to-date: /home/julia/workspace/install/share/sdformat13/1.9/lidar.sdf
-- Up-to-date: /home/julia/workspace/install/share/sdformat13/1.9/light.sdf
-- Up-to-date: /home/julia/workspace/install/share/sdformat13/1.9/light_state.sdf
-- Up-to-date: /home/julia/workspace/install/share/sdformat13/1.9/link.sdf
-- Up-to-date: /home/julia/workspace/install/share/sdformat13/1.9/link_state.sdf
-- Up-to-date: /home/julia/workspace/install/share/sdformat13/1.9/logical_camera.sdf
-- Up-to-date: /home/julia/workspace/install/share/sdformat13/1.9/magnetometer.sdf
-- Up-to-date: /home/julia/workspace/install/share/sdformat13/1.9/material.sdf
-- Up-to-date: /home/julia/workspace/install/share/sdformat13/1.9/mesh_shape.sdf
-- Up-to-date: /home/julia/workspace/install/share/sdformat13/1.9/model.sdf
-- Up-to-date: /home/julia/workspace/install/share/sdformat13/1.9/model_state.sdf
-- Up-to-date: /home/julia/workspace/install/share/sdformat13/1.9/navsat.sdf
-- Up-to-date: /home/julia/workspace/install/share/sdformat13/1.9/noise.sdf
-- Up-to-date: /home/julia/workspace/install/share/sdformat13/1.9/particle_emitter.sdf
-- Up-to-date: /home/julia/workspace/install/share/sdformat13/1.9/physics.sdf
-- Up-to-date: /home/julia/workspace/install/share/sdformat13/1.9/plane_shape.sdf
-- Up-to-date: /home/julia/workspace/install/share/sdformat13/1.9/plugin.sdf
-- Up-to-date: /home/julia/workspace/install/share/sdformat13/1.9/polyline_shape.sdf
-- Up-to-date: /home/julia/workspace/install/share/sdformat13/1.9/population.sdf
-- Up-to-date: /home/julia/workspace/install/share/sdformat13/1.9/pose.sdf
-- Up-to-date: /home/julia/workspace/install/share/sdformat13/1.9/projector.sdf
-- Up-to-date: /home/julia/workspace/install/share/sdformat13/1.9/ray.sdf
-- Up-to-date: /home/julia/workspace/install/share/sdformat13/1.9/rfidtag.sdf
-- Up-to-date: /home/julia/workspace/install/share/sdformat13/1.9/rfid.sdf
-- Up-to-date: /home/julia/workspace/install/share/sdformat13/1.9/road.sdf
-- Up-to-date: /home/julia/workspace/install/share/sdformat13/1.9/root.sdf
-- Up-to-date: /home/julia/workspace/install/share/sdformat13/1.9/scene.sdf
-- Up-to-date: /home/julia/workspace/install/share/sdformat13/1.9/sensor.sdf
-- Up-to-date: /home/julia/workspace/install/share/sdformat13/1.9/spherical_coordinates.sdf
-- Up-to-date: /home/julia/workspace/install/share/sdformat13/1.9/sphere_shape.sdf
-- Up-to-date: /home/julia/workspace/install/share/sdformat13/1.9/sonar.sdf
-- Up-to-date: /home/julia/workspace/install/share/sdformat13/1.9/state.sdf
-- Up-to-date: /home/julia/workspace/install/share/sdformat13/1.9/surface.sdf
-- Up-to-date: /home/julia/workspace/install/share/sdformat13/1.9/transceiver.sdf
-- Up-to-date: /home/julia/workspace/install/share/sdformat13/1.9/urdf.sdf
-- Up-to-date: /home/julia/workspace/install/share/sdformat13/1.9/visual.sdf
-- Up-to-date: /home/julia/workspace/install/share/sdformat13/1.9/world.sdf
-- Up-to-date: /home/julia/workspace/install/share/sdformat13/1.9/actor.xsd
-- Up-to-date: /home/julia/workspace/install/share/sdformat13/1.9/air_pressure.xsd
-- Up-to-date: /home/julia/workspace/install/share/sdformat13/1.9/altimeter.xsd
-- Up-to-date: /home/julia/workspace/install/share/sdformat13/1.9/atmosphere.xsd
-- Up-to-date: /home/julia/workspace/install/share/sdformat13/1.9/audio_source.xsd
-- Up-to-date: /home/julia/workspace/install/share/sdformat13/1.9/audio_sink.xsd
-- Up-to-date: /home/julia/workspace/install/share/sdformat13/1.9/battery.xsd
-- Up-to-date: /home/julia/workspace/install/share/sdformat13/1.9/box_shape.xsd
-- Up-to-date: /home/julia/workspace/install/share/sdformat13/1.9/camera.xsd
-- Up-to-date: /home/julia/workspace/install/share/sdformat13/1.9/capsule_shape.xsd
-- Up-to-date: /home/julia/workspace/install/share/sdformat13/1.9/collision.xsd
-- Up-to-date: /home/julia/workspace/install/share/sdformat13/1.9/collision_engine.xsd
-- Up-to-date: /home/julia/workspace/install/share/sdformat13/1.9/contact.xsd
-- Up-to-date: /home/julia/workspace/install/share/sdformat13/1.9/cylinder_shape.xsd
-- Up-to-date: /home/julia/workspace/install/share/sdformat13/1.9/ellipsoid_shape.xsd
-- Up-to-date: /home/julia/workspace/install/share/sdformat13/1.9/frame.xsd
-- Up-to-date: /home/julia/workspace/install/share/sdformat13/1.9/forcetorque.xsd
-- Up-to-date: /home/julia/workspace/install/share/sdformat13/1.9/geometry.xsd
-- Up-to-date: /home/julia/workspace/install/share/sdformat13/1.9/gps.xsd
-- Up-to-date: /home/julia/workspace/install/share/sdformat13/1.9/gripper.xsd
-- Up-to-date: /home/julia/workspace/install/share/sdformat13/1.9/gui.xsd
-- Up-to-date: /home/julia/workspace/install/share/sdformat13/1.9/heightmap_shape.xsd
-- Up-to-date: /home/julia/workspace/install/share/sdformat13/1.9/image_shape.xsd
-- Up-to-date: /home/julia/workspace/install/share/sdformat13/1.9/imu.xsd
-- Up-to-date: /home/julia/workspace/install/share/sdformat13/1.9/inertial.xsd
-- Up-to-date: /home/julia/workspace/install/share/sdformat13/1.9/joint.xsd
-- Up-to-date: /home/julia/workspace/install/share/sdformat13/1.9/lidar.xsd
-- Up-to-date: /home/julia/workspace/install/share/sdformat13/1.9/light.xsd
-- Up-to-date: /home/julia/workspace/install/share/sdformat13/1.9/light_state.xsd
-- Up-to-date: /home/julia/workspace/install/share/sdformat13/1.9/link.xsd
-- Up-to-date: /home/julia/workspace/install/share/sdformat13/1.9/link_state.xsd
-- Up-to-date: /home/julia/workspace/install/share/sdformat13/1.9/logical_camera.xsd
-- Up-to-date: /home/julia/workspace/install/share/sdformat13/1.9/magnetometer.xsd
-- Up-to-date: /home/julia/workspace/install/share/sdformat13/1.9/material.xsd
-- Up-to-date: /home/julia/workspace/install/share/sdformat13/1.9/mesh_shape.xsd
-- Up-to-date: /home/julia/workspace/install/share/sdformat13/1.9/model.xsd
-- Up-to-date: /home/julia/workspace/install/share/sdformat13/1.9/model_state.xsd
-- Up-to-date: /home/julia/workspace/install/share/sdformat13/1.9/navsat.xsd
-- Up-to-date: /home/julia/workspace/install/share/sdformat13/1.9/noise.xsd
-- Up-to-date: /home/julia/workspace/install/share/sdformat13/1.9/particle_emitter.xsd
-- Up-to-date: /home/julia/workspace/install/share/sdformat13/1.9/physics.xsd
-- Up-to-date: /home/julia/workspace/install/share/sdformat13/1.9/plane_shape.xsd
-- Up-to-date: /home/julia/workspace/install/share/sdformat13/1.9/plugin.xsd
-- Up-to-date: /home/julia/workspace/install/share/sdformat13/1.9/polyline_shape.xsd
-- Up-to-date: /home/julia/workspace/install/share/sdformat13/1.9/population.xsd
-- Up-to-date: /home/julia/workspace/install/share/sdformat13/1.9/pose.xsd
-- Up-to-date: /home/julia/workspace/install/share/sdformat13/1.9/projector.xsd
-- Up-to-date: /home/julia/workspace/install/share/sdformat13/1.9/ray.xsd
-- Up-to-date: /home/julia/workspace/install/share/sdformat13/1.9/rfidtag.xsd
-- Up-to-date: /home/julia/workspace/install/share/sdformat13/1.9/rfid.xsd
-- Up-to-date: /home/julia/workspace/install/share/sdformat13/1.9/road.xsd
-- Up-to-date: /home/julia/workspace/install/share/sdformat13/1.9/root.xsd
-- Up-to-date: /home/julia/workspace/install/share/sdformat13/1.9/scene.xsd
-- Up-to-date: /home/julia/workspace/install/share/sdformat13/1.9/sensor.xsd
-- Up-to-date: /home/julia/workspace/install/share/sdformat13/1.9/spherical_coordinates.xsd
-- Up-to-date: /home/julia/workspace/install/share/sdformat13/1.9/sphere_shape.xsd
-- Up-to-date: /home/julia/workspace/install/share/sdformat13/1.9/sonar.xsd
-- Up-to-date: /home/julia/workspace/install/share/sdformat13/1.9/state.xsd
-- Up-to-date: /home/julia/workspace/install/share/sdformat13/1.9/surface.xsd
-- Up-to-date: /home/julia/workspace/install/share/sdformat13/1.9/transceiver.xsd
-- Up-to-date: /home/julia/workspace/install/share/sdformat13/1.9/urdf.xsd
-- Up-to-date: /home/julia/workspace/install/share/sdformat13/1.9/visual.xsd
-- Up-to-date: /home/julia/workspace/install/share/sdformat13/1.9/world.xsd
-- Up-to-date: /home/julia/workspace/install/share/sdformat13/1.10/1_9.convert
-- Up-to-date: /home/julia/workspace/install/share/sdformat13/1.10/actor.sdf
-- Up-to-date: /home/julia/workspace/install/share/sdformat13/1.10/air_pressure.sdf
-- Up-to-date: /home/julia/workspace/install/share/sdformat13/1.10/air_speed.sdf
-- Up-to-date: /home/julia/workspace/install/share/sdformat13/1.10/altimeter.sdf
-- Up-to-date: /home/julia/workspace/install/share/sdformat13/1.10/atmosphere.sdf
-- Up-to-date: /home/julia/workspace/install/share/sdformat13/1.10/audio_source.sdf
-- Up-to-date: /home/julia/workspace/install/share/sdformat13/1.10/audio_sink.sdf
-- Up-to-date: /home/julia/workspace/install/share/sdformat13/1.10/battery.sdf
-- Up-to-date: /home/julia/workspace/install/share/sdformat13/1.10/box_shape.sdf
-- Up-to-date: /home/julia/workspace/install/share/sdformat13/1.10/camera.sdf
-- Up-to-date: /home/julia/workspace/install/share/sdformat13/1.10/capsule_shape.sdf
-- Up-to-date: /home/julia/workspace/install/share/sdformat13/1.10/collision.sdf
-- Up-to-date: /home/julia/workspace/install/share/sdformat13/1.10/contact.sdf
-- Up-to-date: /home/julia/workspace/install/share/sdformat13/1.10/cylinder_shape.sdf
-- Up-to-date: /home/julia/workspace/install/share/sdformat13/1.10/ellipsoid_shape.sdf
-- Up-to-date: /home/julia/workspace/install/share/sdformat13/1.10/frame.sdf
-- Up-to-date: /home/julia/workspace/install/share/sdformat13/1.10/forcetorque.sdf
-- Up-to-date: /home/julia/workspace/install/share/sdformat13/1.10/geometry.sdf
-- Up-to-date: /home/julia/workspace/install/share/sdformat13/1.10/gps.sdf
-- Up-to-date: /home/julia/workspace/install/share/sdformat13/1.10/gripper.sdf
-- Up-to-date: /home/julia/workspace/install/share/sdformat13/1.10/gui.sdf
-- Up-to-date: /home/julia/workspace/install/share/sdformat13/1.10/heightmap_shape.sdf
-- Up-to-date: /home/julia/workspace/install/share/sdformat13/1.10/image_shape.sdf
-- Up-to-date: /home/julia/workspace/install/share/sdformat13/1.10/imu.sdf
-- Up-to-date: /home/julia/workspace/install/share/sdformat13/1.10/inertial.sdf
-- Up-to-date: /home/julia/workspace/install/share/sdformat13/1.10/joint.sdf
-- Up-to-date: /home/julia/workspace/install/share/sdformat13/1.10/lidar.sdf
-- Up-to-date: /home/julia/workspace/install/share/sdformat13/1.10/light.sdf
-- Up-to-date: /home/julia/workspace/install/share/sdformat13/1.10/light_state.sdf
-- Up-to-date: /home/julia/workspace/install/share/sdformat13/1.10/link.sdf
-- Up-to-date: /home/julia/workspace/install/share/sdformat13/1.10/link_state.sdf
-- Up-to-date: /home/julia/workspace/install/share/sdformat13/1.10/logical_camera.sdf
-- Up-to-date: /home/julia/workspace/install/share/sdformat13/1.10/magnetometer.sdf
-- Up-to-date: /home/julia/workspace/install/share/sdformat13/1.10/material.sdf
-- Up-to-date: /home/julia/workspace/install/share/sdformat13/1.10/mesh_shape.sdf
-- Up-to-date: /home/julia/workspace/install/share/sdformat13/1.10/model.sdf
-- Up-to-date: /home/julia/workspace/install/share/sdformat13/1.10/model_state.sdf
-- Up-to-date: /home/julia/workspace/install/share/sdformat13/1.10/navsat.sdf
-- Up-to-date: /home/julia/workspace/install/share/sdformat13/1.10/noise.sdf
-- Up-to-date: /home/julia/workspace/install/share/sdformat13/1.10/particle_emitter.sdf
-- Up-to-date: /home/julia/workspace/install/share/sdformat13/1.10/physics.sdf
-- Up-to-date: /home/julia/workspace/install/share/sdformat13/1.10/plane_shape.sdf
-- Up-to-date: /home/julia/workspace/install/share/sdformat13/1.10/plugin.sdf
-- Up-to-date: /home/julia/workspace/install/share/sdformat13/1.10/polyline_shape.sdf
-- Up-to-date: /home/julia/workspace/install/share/sdformat13/1.10/population.sdf
-- Up-to-date: /home/julia/workspace/install/share/sdformat13/1.10/pose.sdf
-- Up-to-date: /home/julia/workspace/install/share/sdformat13/1.10/projector.sdf
-- Up-to-date: /home/julia/workspace/install/share/sdformat13/1.10/ray.sdf
-- Up-to-date: /home/julia/workspace/install/share/sdformat13/1.10/rfidtag.sdf
-- Up-to-date: /home/julia/workspace/install/share/sdformat13/1.10/rfid.sdf
-- Up-to-date: /home/julia/workspace/install/share/sdformat13/1.10/road.sdf
-- Up-to-date: /home/julia/workspace/install/share/sdformat13/1.10/root.sdf
-- Up-to-date: /home/julia/workspace/install/share/sdformat13/1.10/scene.sdf
-- Up-to-date: /home/julia/workspace/install/share/sdformat13/1.10/sensor.sdf
-- Up-to-date: /home/julia/workspace/install/share/sdformat13/1.10/spherical_coordinates.sdf
-- Up-to-date: /home/julia/workspace/install/share/sdformat13/1.10/sphere_shape.sdf
-- Up-to-date: /home/julia/workspace/install/share/sdformat13/1.10/sonar.sdf
-- Up-to-date: /home/julia/workspace/install/share/sdformat13/1.10/state.sdf
-- Up-to-date: /home/julia/workspace/install/share/sdformat13/1.10/surface.sdf
-- Up-to-date: /home/julia/workspace/install/share/sdformat13/1.10/transceiver.sdf
-- Up-to-date: /home/julia/workspace/install/share/sdformat13/1.10/visual.sdf
-- Up-to-date: /home/julia/workspace/install/share/sdformat13/1.10/world.sdf
-- Up-to-date: /home/julia/workspace/install/share/sdformat13/1.10/actor.xsd
-- Up-to-date: /home/julia/workspace/install/share/sdformat13/1.10/air_pressure.xsd
-- Up-to-date: /home/julia/workspace/install/share/sdformat13/1.10/air_speed.xsd
-- Up-to-date: /home/julia/workspace/install/share/sdformat13/1.10/altimeter.xsd
-- Up-to-date: /home/julia/workspace/install/share/sdformat13/1.10/atmosphere.xsd
-- Up-to-date: /home/julia/workspace/install/share/sdformat13/1.10/audio_source.xsd
-- Up-to-date: /home/julia/workspace/install/share/sdformat13/1.10/audio_sink.xsd
-- Up-to-date: /home/julia/workspace/install/share/sdformat13/1.10/battery.xsd
-- Up-to-date: /home/julia/workspace/install/share/sdformat13/1.10/box_shape.xsd
-- Up-to-date: /home/julia/workspace/install/share/sdformat13/1.10/camera.xsd
-- Up-to-date: /home/julia/workspace/install/share/sdformat13/1.10/capsule_shape.xsd
-- Up-to-date: /home/julia/workspace/install/share/sdformat13/1.10/collision.xsd
-- Up-to-date: /home/julia/workspace/install/share/sdformat13/1.10/contact.xsd
-- Up-to-date: /home/julia/workspace/install/share/sdformat13/1.10/cylinder_shape.xsd
-- Up-to-date: /home/julia/workspace/install/share/sdformat13/1.10/ellipsoid_shape.xsd
-- Up-to-date: /home/julia/workspace/install/share/sdformat13/1.10/frame.xsd
-- Up-to-date: /home/julia/workspace/install/share/sdformat13/1.10/forcetorque.xsd
-- Up-to-date: /home/julia/workspace/install/share/sdformat13/1.10/geometry.xsd
-- Up-to-date: /home/julia/workspace/install/share/sdformat13/1.10/gps.xsd
-- Up-to-date: /home/julia/workspace/install/share/sdformat13/1.10/gripper.xsd
-- Up-to-date: /home/julia/workspace/install/share/sdformat13/1.10/gui.xsd
-- Up-to-date: /home/julia/workspace/install/share/sdformat13/1.10/heightmap_shape.xsd
-- Up-to-date: /home/julia/workspace/install/share/sdformat13/1.10/image_shape.xsd
-- Up-to-date: /home/julia/workspace/install/share/sdformat13/1.10/imu.xsd
-- Up-to-date: /home/julia/workspace/install/share/sdformat13/1.10/inertial.xsd
-- Up-to-date: /home/julia/workspace/install/share/sdformat13/1.10/joint.xsd
-- Up-to-date: /home/julia/workspace/install/share/sdformat13/1.10/lidar.xsd
-- Up-to-date: /home/julia/workspace/install/share/sdformat13/1.10/light.xsd
-- Up-to-date: /home/julia/workspace/install/share/sdformat13/1.10/light_state.xsd
-- Up-to-date: /home/julia/workspace/install/share/sdformat13/1.10/link.xsd
-- Up-to-date: /home/julia/workspace/install/share/sdformat13/1.10/link_state.xsd
-- Up-to-date: /home/julia/workspace/install/share/sdformat13/1.10/logical_camera.xsd
-- Up-to-date: /home/julia/workspace/install/share/sdformat13/1.10/magnetometer.xsd
-- Up-to-date: /home/julia/workspace/install/share/sdformat13/1.10/material.xsd
-- Up-to-date: /home/julia/workspace/install/share/sdformat13/1.10/mesh_shape.xsd
-- Up-to-date: /home/julia/workspace/install/share/sdformat13/1.10/model.xsd
-- Up-to-date: /home/julia/workspace/install/share/sdformat13/1.10/model_state.xsd
-- Up-to-date: /home/julia/workspace/install/share/sdformat13/1.10/navsat.xsd
-- Up-to-date: /home/julia/workspace/install/share/sdformat13/1.10/noise.xsd
-- Up-to-date: /home/julia/workspace/install/share/sdformat13/1.10/particle_emitter.xsd
-- Up-to-date: /home/julia/workspace/install/share/sdformat13/1.10/physics.xsd
-- Up-to-date: /home/julia/workspace/install/share/sdformat13/1.10/plane_shape.xsd
-- Up-to-date: /home/julia/workspace/install/share/sdformat13/1.10/plugin.xsd
-- Up-to-date: /home/julia/workspace/install/share/sdformat13/1.10/polyline_shape.xsd
-- Up-to-date: /home/julia/workspace/install/share/sdformat13/1.10/population.xsd
-- Up-to-date: /home/julia/workspace/install/share/sdformat13/1.10/pose.xsd
-- Up-to-date: /home/julia/workspace/install/share/sdformat13/1.10/projector.xsd
-- Up-to-date: /home/julia/workspace/install/share/sdformat13/1.10/ray.xsd
-- Up-to-date: /home/julia/workspace/install/share/sdformat13/1.10/rfidtag.xsd
-- Up-to-date: /home/julia/workspace/install/share/sdformat13/1.10/rfid.xsd
-- Up-to-date: /home/julia/workspace/install/share/sdformat13/1.10/road.xsd
-- Up-to-date: /home/julia/workspace/install/share/sdformat13/1.10/root.xsd
-- Up-to-date: /home/julia/workspace/install/share/sdformat13/1.10/scene.xsd
-- Up-to-date: /home/julia/workspace/install/share/sdformat13/1.10/sensor.xsd
-- Up-to-date: /home/julia/workspace/install/share/sdformat13/1.10/spherical_coordinates.xsd
-- Up-to-date: /home/julia/workspace/install/share/sdformat13/1.10/sphere_shape.xsd
-- Up-to-date: /home/julia/workspace/install/share/sdformat13/1.10/sonar.xsd
-- Up-to-date: /home/julia/workspace/install/share/sdformat13/1.10/state.xsd
-- Up-to-date: /home/julia/workspace/install/share/sdformat13/1.10/surface.xsd
-- Up-to-date: /home/julia/workspace/install/share/sdformat13/1.10/transceiver.xsd
-- Up-to-date: /home/julia/workspace/install/share/sdformat13/1.10/visual.xsd
-- Up-to-date: /home/julia/workspace/install/share/sdformat13/1.10/world.xsd
-- Up-to-date: /home/julia/workspace/install/share/gz/sdformat13.yaml
-- Up-to-date: /home/julia/workspace/install/lib/python/sdformat13.cpython-38-x86_64-linux-gnu.so
