[0.040s] Invoking command in '/home/julia/workspace/build/sdformat13': /usr/bin/cmake --build /home/julia/workspace/build/sdformat13 -- -j3 -l3
[0.141s] [ 11%] Built target schema1_5
[0.143s] [ 23%] Built target schema1_6
[0.149s] [ 38%] Built target sdformat13
[0.174s] [ 51%] Built target schema1_8
[0.209s] [ 64%] Built target schema1_7
[0.215s] [ 77%] Built target schema1_9
[0.229s] [ 90%] Built target schema1_10
[0.283s] [100%] Built target pysdformat13
[0.300s] Invoked command in '/home/julia/workspace/build/sdformat13' returned '0': /usr/bin/cmake --build /home/julia/workspace/build/sdformat13 -- -j3 -l3
[0.347s] Invoking command in '/home/julia/workspace/build/sdformat13': /usr/bin/cmake --install /home/julia/workspace/build/sdformat13
[0.360s] -- Install configuration: "RelWithDebInfo"
[0.360s] -- Up-to-date: /home/julia/workspace/install/lib/cmake/sdformat13-all/sdformat13-all-config.cmake
[0.360s] -- Up-to-date: /home/julia/workspace/install/lib/cmake/sdformat13-all/sdformat13-all-config-version.cmake
[0.362s] -- Up-to-date: /home/julia/workspace/install/lib/cmake/sdformat13-all/sdformat13-all-targets.cmake
[0.364s] -- Up-to-date: /home/julia/workspace/install/include/gz/sdformat13/sdf/detail/Export.hh
[0.364s] -- Up-to-date: /home/julia/workspace/install/include/gz/sdformat13/sdf/Export.hh
[0.364s] -- Up-to-date: /home/julia/workspace/install/lib/libsdformat13.so.13.3.0
[0.364s] -- Up-to-date: /home/julia/workspace/install/lib/libsdformat13.so.13
[0.364s] -- Up-to-date: /home/julia/workspace/install/lib/libsdformat13.so
[0.364s] -- Up-to-date: /home/julia/workspace/install/lib/cmake/sdformat13/sdformat13-config.cmake
[0.365s] -- Up-to-date: /home/julia/workspace/install/lib/cmake/sdformat13/sdformat13-config-version.cmake
[0.366s] -- Up-to-date: /home/julia/workspace/install/lib/cmake/sdformat13/sdformat13-targets.cmake
[0.366s] -- Up-to-date: /home/julia/workspace/install/lib/cmake/sdformat13/sdformat13-targets-relwithdebinfo.cmake
[0.367s] -- Up-to-date: /home/julia/workspace/install/lib/pkgconfig/sdformat13.pc
[0.373s] -- Up-to-date: /home/julia/workspace/install/lib/ruby/gz/cmdsdformat13.rb
[0.373s] -- Up-to-date: /home/julia/workspace/install/share/gz/gz2.completion.d/sdf13.bash_completion.sh
[0.373s] -- Up-to-date: /home/julia/workspace/install/include/gz/sdformat13/sdf/Actor.hh
[0.373s] -- Up-to-date: /home/julia/workspace/install/include/gz/sdformat13/sdf/AirPressure.hh
[0.373s] -- Up-to-date: /home/julia/workspace/install/include/gz/sdformat13/sdf/AirSpeed.hh
[0.373s] -- Up-to-date: /home/julia/workspace/install/include/gz/sdformat13/sdf/Altimeter.hh
[0.373s] -- Up-to-date: /home/julia/workspace/install/include/gz/sdformat13/sdf/Assert.hh
[0.373s] -- Up-to-date: /home/julia/workspace/install/include/gz/sdformat13/sdf/Atmosphere.hh
[0.373s] -- Up-to-date: /home/julia/workspace/install/include/gz/sdformat13/sdf/Box.hh
[0.373s] -- Up-to-date: /home/julia/workspace/install/include/gz/sdformat13/sdf/Camera.hh
[0.373s] -- Up-to-date: /home/julia/workspace/install/include/gz/sdformat13/sdf/Capsule.hh
[0.373s] -- Up-to-date: /home/julia/workspace/install/include/gz/sdformat13/sdf/Collision.hh
[0.374s] -- Up-to-date: /home/julia/workspace/install/include/gz/sdformat13/sdf/Console.hh
[0.374s] -- Up-to-date: /home/julia/workspace/install/include/gz/sdformat13/sdf/Cylinder.hh
[0.374s] -- Up-to-date: /home/julia/workspace/install/include/gz/sdformat13/sdf/Element.hh
[0.374s] -- Up-to-date: /home/julia/workspace/install/include/gz/sdformat13/sdf/Ellipsoid.hh
[0.374s] -- Up-to-date: /home/julia/workspace/install/include/gz/sdformat13/sdf/Error.hh
[0.374s] -- Up-to-date: /home/julia/workspace/install/include/gz/sdformat13/sdf/Exception.hh
[0.374s] -- Up-to-date: /home/julia/workspace/install/include/gz/sdformat13/sdf/Filesystem.hh
[0.374s] -- Up-to-date: /home/julia/workspace/install/include/gz/sdformat13/sdf/ForceTorque.hh
[0.374s] -- Up-to-date: /home/julia/workspace/install/include/gz/sdformat13/sdf/Frame.hh
[0.374s] -- Up-to-date: /home/julia/workspace/install/include/gz/sdformat13/sdf/Geometry.hh
[0.374s] -- Up-to-date: /home/julia/workspace/install/include/gz/sdformat13/sdf/Gui.hh
[0.374s] -- Up-to-date: /home/julia/workspace/install/include/gz/sdformat13/sdf/Heightmap.hh
[0.374s] -- Up-to-date: /home/julia/workspace/install/include/gz/sdformat13/sdf/Imu.hh
[0.374s] -- Up-to-date: /home/julia/workspace/install/include/gz/sdformat13/sdf/InterfaceElements.hh
[0.374s] -- Up-to-date: /home/julia/workspace/install/include/gz/sdformat13/sdf/InterfaceFrame.hh
[0.374s] -- Up-to-date: /home/julia/workspace/install/include/gz/sdformat13/sdf/InterfaceJoint.hh
[0.374s] -- Up-to-date: /home/julia/workspace/install/include/gz/sdformat13/sdf/InterfaceLink.hh
[0.375s] -- Up-to-date: /home/julia/workspace/install/include/gz/sdformat13/sdf/InterfaceModel.hh
[0.375s] -- Up-to-date: /home/julia/workspace/install/include/gz/sdformat13/sdf/InterfaceModelPoseGraph.hh
[0.375s] -- Up-to-date: /home/julia/workspace/install/include/gz/sdformat13/sdf/Joint.hh
[0.375s] -- Up-to-date: /home/julia/workspace/install/include/gz/sdformat13/sdf/JointAxis.hh
[0.375s] -- Up-to-date: /home/julia/workspace/install/include/gz/sdformat13/sdf/Lidar.hh
[0.375s] -- Up-to-date: /home/julia/workspace/install/include/gz/sdformat13/sdf/Light.hh
[0.375s] -- Up-to-date: /home/julia/workspace/install/include/gz/sdformat13/sdf/Link.hh
[0.375s] -- Up-to-date: /home/julia/workspace/install/include/gz/sdformat13/sdf/Magnetometer.hh
[0.375s] -- Up-to-date: /home/julia/workspace/install/include/gz/sdformat13/sdf/Material.hh
[0.375s] -- Up-to-date: /home/julia/workspace/install/include/gz/sdformat13/sdf/Mesh.hh
[0.375s] -- Up-to-date: /home/julia/workspace/install/include/gz/sdformat13/sdf/Model.hh
[0.375s] -- Up-to-date: /home/julia/workspace/install/include/gz/sdformat13/sdf/NavSat.hh
[0.375s] -- Up-to-date: /home/julia/workspace/install/include/gz/sdformat13/sdf/Noise.hh
[0.375s] -- Up-to-date: /home/julia/workspace/install/include/gz/sdformat13/sdf/OutputConfig.hh
[0.375s] -- Up-to-date: /home/julia/workspace/install/include/gz/sdformat13/sdf/Param.hh
[0.375s] -- Up-to-date: /home/julia/workspace/install/include/gz/sdformat13/sdf/ParserConfig.hh
[0.375s] -- Up-to-date: /home/julia/workspace/install/include/gz/sdformat13/sdf/ParticleEmitter.hh
[0.375s] -- Up-to-date: /home/julia/workspace/install/include/gz/sdformat13/sdf/Pbr.hh
[0.376s] -- Up-to-date: /home/julia/workspace/install/include/gz/sdformat13/sdf/Physics.hh
[0.376s] -- Up-to-date: /home/julia/workspace/install/include/gz/sdformat13/sdf/Plane.hh
[0.376s] -- Up-to-date: /home/julia/workspace/install/include/gz/sdformat13/sdf/Plugin.hh
[0.376s] -- Up-to-date: /home/julia/workspace/install/include/gz/sdformat13/sdf/Polyline.hh
[0.376s] -- Up-to-date: /home/julia/workspace/install/include/gz/sdformat13/sdf/PrintConfig.hh
[0.376s] -- Up-to-date: /home/julia/workspace/install/include/gz/sdformat13/sdf/Root.hh
[0.376s] -- Up-to-date: /home/julia/workspace/install/include/gz/sdformat13/sdf/SDFImpl.hh
[0.376s] -- Up-to-date: /home/julia/workspace/install/include/gz/sdformat13/sdf/Scene.hh
[0.376s] -- Up-to-date: /home/julia/workspace/install/include/gz/sdformat13/sdf/SemanticPose.hh
[0.376s] -- Up-to-date: /home/julia/workspace/install/include/gz/sdformat13/sdf/Sensor.hh
[0.376s] -- Up-to-date: /home/julia/workspace/install/include/gz/sdformat13/sdf/Sky.hh
[0.376s] -- Up-to-date: /home/julia/workspace/install/include/gz/sdformat13/sdf/Sphere.hh
[0.377s] -- Up-to-date: /home/julia/workspace/install/include/gz/sdformat13/sdf/Surface.hh
[0.377s] -- Up-to-date: /home/julia/workspace/install/include/gz/sdformat13/sdf/Types.hh
[0.377s] -- Up-to-date: /home/julia/workspace/install/include/gz/sdformat13/sdf/Visual.hh
[0.377s] -- Up-to-date: /home/julia/workspace/install/include/gz/sdformat13/sdf/World.hh
[0.377s] -- Up-to-date: /home/julia/workspace/install/include/gz/sdformat13/sdf/parser.hh
[0.377s] -- Up-to-date: /home/julia/workspace/install/include/gz/sdformat13/sdf/system_util.hh
[0.377s] -- Up-to-date: /home/julia/workspace/install/include/gz/sdformat13/sdf/../sdformat.hh
[0.377s] -- Up-to-date: /home/julia/workspace/install/include/gz/sdformat13/sdf/config.hh
[0.377s] -- Up-to-date: /home/julia/workspace/install/include/gz/sdformat13/sdf/sdf.hh
[0.377s] -- Up-to-date: /home/julia/workspace/install/include/gz/sdformat13/sdf/sdf_config.h
[0.378s] -- Up-to-date: /home/julia/workspace/install/share/sdformat13/1.0/actor.sdf
[0.379s] -- Up-to-date: /home/julia/workspace/install/share/sdformat13/1.0/camera.sdf
[0.379s] -- Up-to-date: /home/julia/workspace/install/share/sdformat13/1.0/collision.sdf
[0.379s] -- Up-to-date: /home/julia/workspace/install/share/sdformat13/1.0/contact.sdf
[0.379s] -- Up-to-date: /home/julia/workspace/install/share/sdformat13/1.0/gazebo.sdf
[0.381s] -- Up-to-date: /home/julia/workspace/install/share/sdformat13/1.0/geometry.sdf
[0.383s] -- Up-to-date: /home/julia/workspace/install/share/sdformat13/1.0/gripper.sdf
[0.383s] -- Up-to-date: /home/julia/workspace/install/share/sdformat13/1.0/gui.sdf
[0.383s] -- Up-to-date: /home/julia/workspace/install/share/sdformat13/1.0/inertial.sdf
[0.383s] -- Up-to-date: /home/julia/workspace/install/share/sdformat13/1.0/joint.sdf
[0.383s] -- Up-to-date: /home/julia/workspace/install/share/sdformat13/1.0/light.sdf
[0.383s] -- Up-to-date: /home/julia/workspace/install/share/sdformat13/1.0/link.sdf
[0.383s] -- Up-to-date: /home/julia/workspace/install/share/sdformat13/1.0/model.sdf
[0.384s] -- Up-to-date: /home/julia/workspace/install/share/sdformat13/1.0/physics.sdf
[0.384s] -- Up-to-date: /home/julia/workspace/install/share/sdformat13/1.0/plugin.sdf
[0.384s] -- Up-to-date: /home/julia/workspace/install/share/sdformat13/1.0/projector.sdf
[0.384s] -- Up-to-date: /home/julia/workspace/install/share/sdformat13/1.0/ray.sdf
[0.385s] -- Up-to-date: /home/julia/workspace/install/share/sdformat13/1.0/rfidtag.sdf
[0.385s] -- Up-to-date: /home/julia/workspace/install/share/sdformat13/1.0/rfid.sdf
[0.385s] -- Up-to-date: /home/julia/workspace/install/share/sdformat13/1.0/road.sdf
[0.385s] -- Up-to-date: /home/julia/workspace/install/share/sdformat13/1.0/scene.sdf
[0.385s] -- Up-to-date: /home/julia/workspace/install/share/sdformat13/1.0/sensor.sdf
[0.385s] -- Up-to-date: /home/julia/workspace/install/share/sdformat13/1.0/state.sdf
[0.385s] -- Up-to-date: /home/julia/workspace/install/share/sdformat13/1.0/surface.sdf
[0.385s] -- Up-to-date: /home/julia/workspace/install/share/sdformat13/1.0/visual.sdf
[0.385s] -- Up-to-date: /home/julia/workspace/install/share/sdformat13/1.0/world.sdf
[0.388s] -- Up-to-date: /home/julia/workspace/install/share/sdformat13/1.2/1_0.convert
[0.388s] -- Up-to-date: /home/julia/workspace/install/share/sdformat13/1.2/actor.sdf
[0.389s] -- Up-to-date: /home/julia/workspace/install/share/sdformat13/1.2/camera.sdf
[0.389s] -- Up-to-date: /home/julia/workspace/install/share/sdformat13/1.2/collision.sdf
[0.389s] -- Up-to-date: /home/julia/workspace/install/share/sdformat13/1.2/contact.sdf
[0.389s] -- Up-to-date: /home/julia/workspace/install/share/sdformat13/1.2/gazebo.sdf
[0.389s] -- Up-to-date: /home/julia/workspace/install/share/sdformat13/1.2/geometry.sdf
[0.389s] -- Up-to-date: /home/julia/workspace/install/share/sdformat13/1.2/gripper.sdf
[0.389s] -- Up-to-date: /home/julia/workspace/install/share/sdformat13/1.2/gui.sdf
[0.389s] -- Up-to-date: /home/julia/workspace/install/share/sdformat13/1.2/inertial.sdf
[0.389s] -- Up-to-date: /home/julia/workspace/install/share/sdformat13/1.2/joint.sdf
[0.389s] -- Up-to-date: /home/julia/workspace/install/share/sdformat13/1.2/light.sdf
[0.389s] -- Up-to-date: /home/julia/workspace/install/share/sdformat13/1.2/link.sdf
[0.389s] -- Up-to-date: /home/julia/workspace/install/share/sdformat13/1.2/model.sdf
[0.389s] -- Up-to-date: /home/julia/workspace/install/share/sdformat13/1.2/physics.sdf
[0.389s] -- Up-to-date: /home/julia/workspace/install/share/sdformat13/1.2/plugin.sdf
[0.389s] -- Up-to-date: /home/julia/workspace/install/share/sdformat13/1.2/projector.sdf
[0.389s] -- Up-to-date: /home/julia/workspace/install/share/sdformat13/1.2/ray.sdf
[0.389s] -- Up-to-date: /home/julia/workspace/install/share/sdformat13/1.2/rfidtag.sdf
[0.389s] -- Up-to-date: /home/julia/workspace/install/share/sdformat13/1.2/rfid.sdf
[0.389s] -- Up-to-date: /home/julia/workspace/install/share/sdformat13/1.2/road.sdf
[0.389s] -- Up-to-date: /home/julia/workspace/install/share/sdformat13/1.2/scene.sdf
[0.389s] -- Up-to-date: /home/julia/workspace/install/share/sdformat13/1.2/sensor.sdf
[0.389s] -- Up-to-date: /home/julia/workspace/install/share/sdformat13/1.2/state.sdf
[0.392s] -- Up-to-date: /home/julia/workspace/install/share/sdformat13/1.2/surface.sdf
[0.392s] -- Up-to-date: /home/julia/workspace/install/share/sdformat13/1.2/visual.sdf
[0.392s] -- Up-to-date: /home/julia/workspace/install/share/sdformat13/1.2/world.sdf
[0.393s] -- Up-to-date: /home/julia/workspace/install/share/sdformat13/1.3/1_2.convert
[0.396s] -- Up-to-date: /home/julia/workspace/install/share/sdformat13/1.3/actor.sdf
[0.396s] -- Up-to-date: /home/julia/workspace/install/share/sdformat13/1.3/camera.sdf
[0.396s] -- Up-to-date: /home/julia/workspace/install/share/sdformat13/1.3/collision.sdf
[0.397s] -- Up-to-date: /home/julia/workspace/install/share/sdformat13/1.3/contact.sdf
[0.397s] -- Up-to-date: /home/julia/workspace/install/share/sdformat13/1.3/geometry.sdf
[0.397s] -- Up-to-date: /home/julia/workspace/install/share/sdformat13/1.3/gripper.sdf
[0.397s] -- Up-to-date: /home/julia/workspace/install/share/sdformat13/1.3/gui.sdf
[0.397s] -- Up-to-date: /home/julia/workspace/install/share/sdformat13/1.3/imu.sdf
[0.398s] -- Up-to-date: /home/julia/workspace/install/share/sdformat13/1.3/inertial.sdf
[0.400s] -- Up-to-date: /home/julia/workspace/install/share/sdformat13/1.3/joint.sdf
[0.405s] -- Up-to-date: /home/julia/workspace/install/share/sdformat13/1.3/light.sdf
[0.405s] -- Up-to-date: /home/julia/workspace/install/share/sdformat13/1.3/link.sdf
[0.406s] -- Up-to-date: /home/julia/workspace/install/share/sdformat13/1.3/model.sdf
[0.406s] -- Up-to-date: /home/julia/workspace/install/share/sdformat13/1.3/physics.sdf
[0.406s] -- Up-to-date: /home/julia/workspace/install/share/sdformat13/1.3/plugin.sdf
[0.406s] -- Up-to-date: /home/julia/workspace/install/share/sdformat13/1.3/projector.sdf
[0.407s] -- Up-to-date: /home/julia/workspace/install/share/sdformat13/1.3/ray.sdf
[0.407s] -- Up-to-date: /home/julia/workspace/install/share/sdformat13/1.3/rfidtag.sdf
[0.407s] -- Up-to-date: /home/julia/workspace/install/share/sdformat13/1.3/rfid.sdf
[0.408s] -- Up-to-date: /home/julia/workspace/install/share/sdformat13/1.3/road.sdf
[0.408s] -- Up-to-date: /home/julia/workspace/install/share/sdformat13/1.3/root.sdf
[0.408s] -- Up-to-date: /home/julia/workspace/install/share/sdformat13/1.3/scene.sdf
[0.408s] -- Up-to-date: /home/julia/workspace/install/share/sdformat13/1.3/sensor.sdf
[0.409s] -- Up-to-date: /home/julia/workspace/install/share/sdformat13/1.3/state.sdf
[0.409s] -- Up-to-date: /home/julia/workspace/install/share/sdformat13/1.3/surface.sdf
[0.410s] -- Up-to-date: /home/julia/workspace/install/share/sdformat13/1.3/visual.sdf
[0.410s] -- Up-to-date: /home/julia/workspace/install/share/sdformat13/1.3/world.sdf
[0.412s] -- Up-to-date: /home/julia/workspace/install/share/sdformat13/1.4/1_3.convert
[0.412s] -- Up-to-date: /home/julia/workspace/install/share/sdformat13/1.4/actor.sdf
[0.412s] -- Up-to-date: /home/julia/workspace/install/share/sdformat13/1.4/audio_source.sdf
[0.412s] -- Up-to-date: /home/julia/workspace/install/share/sdformat13/1.4/audio_sink.sdf
[0.413s] -- Up-to-date: /home/julia/workspace/install/share/sdformat13/1.4/box_shape.sdf
[0.413s] -- Up-to-date: /home/julia/workspace/install/share/sdformat13/1.4/camera.sdf
[0.413s] -- Up-to-date: /home/julia/workspace/install/share/sdformat13/1.4/collision.sdf
[0.413s] -- Up-to-date: /home/julia/workspace/install/share/sdformat13/1.4/contact.sdf
[0.414s] -- Up-to-date: /home/julia/workspace/install/share/sdformat13/1.4/cylinder_shape.sdf
[0.416s] -- Up-to-date: /home/julia/workspace/install/share/sdformat13/1.4/forcetorque.sdf
[0.416s] -- Up-to-date: /home/julia/workspace/install/share/sdformat13/1.4/geometry.sdf
[0.416s] -- Up-to-date: /home/julia/workspace/install/share/sdformat13/1.4/gps.sdf
[0.417s] -- Up-to-date: /home/julia/workspace/install/share/sdformat13/1.4/gripper.sdf
[0.417s] -- Up-to-date: /home/julia/workspace/install/share/sdformat13/1.4/gui.sdf
[0.417s] -- Up-to-date: /home/julia/workspace/install/share/sdformat13/1.4/heightmap_shape.sdf
[0.417s] -- Up-to-date: /home/julia/workspace/install/share/sdformat13/1.4/image_shape.sdf
[0.417s] -- Up-to-date: /home/julia/workspace/install/share/sdformat13/1.4/imu.sdf
[0.417s] -- Up-to-date: /home/julia/workspace/install/share/sdformat13/1.4/inertial.sdf
[0.418s] -- Up-to-date: /home/julia/workspace/install/share/sdformat13/1.4/joint.sdf
[0.418s] -- Up-to-date: /home/julia/workspace/install/share/sdformat13/1.4/light.sdf
[0.418s] -- Up-to-date: /home/julia/workspace/install/share/sdformat13/1.4/link.sdf
[0.418s] -- Up-to-date: /home/julia/workspace/install/share/sdformat13/1.4/mesh_shape.sdf
[0.419s] -- Up-to-date: /home/julia/workspace/install/share/sdformat13/1.4/model.sdf
[0.423s] -- Up-to-date: /home/julia/workspace/install/share/sdformat13/1.4/noise.sdf
[0.424s] -- Up-to-date: /home/julia/workspace/install/share/sdformat13/1.4/physics.sdf
[0.424s] -- Up-to-date: /home/julia/workspace/install/share/sdformat13/1.4/plane_shape.sdf
[0.425s] -- Up-to-date: /home/julia/workspace/install/share/sdformat13/1.4/plugin.sdf
[0.425s] -- Up-to-date: /home/julia/workspace/install/share/sdformat13/1.4/projector.sdf
[0.425s] -- Up-to-date: /home/julia/workspace/install/share/sdformat13/1.4/ray.sdf
[0.431s] -- Up-to-date: /home/julia/workspace/install/share/sdformat13/1.4/rfidtag.sdf
[0.446s] -- Up-to-date: /home/julia/workspace/install/share/sdformat13/1.4/rfid.sdf
[0.446s] -- Up-to-date: /home/julia/workspace/install/share/sdformat13/1.4/road.sdf
[0.447s] -- Up-to-date: /home/julia/workspace/install/share/sdformat13/1.4/root.sdf
[0.447s] -- Up-to-date: /home/julia/workspace/install/share/sdformat13/1.4/scene.sdf
[0.447s] -- Up-to-date: /home/julia/workspace/install/share/sdformat13/1.4/sensor.sdf
[0.447s] -- Up-to-date: /home/julia/workspace/install/share/sdformat13/1.4/spherical_coordinates.sdf
[0.447s] -- Up-to-date: /home/julia/workspace/install/share/sdformat13/1.4/sphere_shape.sdf
[0.448s] -- Up-to-date: /home/julia/workspace/install/share/sdformat13/1.4/sonar.sdf
[0.448s] -- Up-to-date: /home/julia/workspace/install/share/sdformat13/1.4/state.sdf
[0.448s] -- Up-to-date: /home/julia/workspace/install/share/sdformat13/1.4/surface.sdf
[0.448s] -- Up-to-date: /home/julia/workspace/install/share/sdformat13/1.4/transceiver.sdf
[0.448s] -- Up-to-date: /home/julia/workspace/install/share/sdformat13/1.4/visual.sdf
[0.449s] -- Up-to-date: /home/julia/workspace/install/share/sdformat13/1.4/world.sdf
[0.449s] -- Up-to-date: /home/julia/workspace/install/share/sdformat13/1.5/1_4.convert
[0.460s] -- Up-to-date: /home/julia/workspace/install/share/sdformat13/1.5/actor.sdf
[0.460s] -- Up-to-date: /home/julia/workspace/install/share/sdformat13/1.5/altimeter.sdf
[0.460s] -- Up-to-date: /home/julia/workspace/install/share/sdformat13/1.5/audio_source.sdf
[0.460s] -- Up-to-date: /home/julia/workspace/install/share/sdformat13/1.5/audio_sink.sdf
[0.461s] -- Up-to-date: /home/julia/workspace/install/share/sdformat13/1.5/battery.sdf
[0.461s] -- Up-to-date: /home/julia/workspace/install/share/sdformat13/1.5/box_shape.sdf
[0.461s] -- Up-to-date: /home/julia/workspace/install/share/sdformat13/1.5/camera.sdf
[0.461s] -- Up-to-date: /home/julia/workspace/install/share/sdformat13/1.5/collision.sdf
[0.462s] -- Up-to-date: /home/julia/workspace/install/share/sdformat13/1.5/collision_engine.sdf
[0.462s] -- Up-to-date: /home/julia/workspace/install/share/sdformat13/1.5/contact.sdf
[0.462s] -- Up-to-date: /home/julia/workspace/install/share/sdformat13/1.5/cylinder_shape.sdf
[0.462s] -- Up-to-date: /home/julia/workspace/install/share/sdformat13/1.5/frame.sdf
[0.462s] -- Up-to-date: /home/julia/workspace/install/share/sdformat13/1.5/forcetorque.sdf
[0.463s] -- Up-to-date: /home/julia/workspace/install/share/sdformat13/1.5/geometry.sdf
[0.463s] -- Up-to-date: /home/julia/workspace/install/share/sdformat13/1.5/gps.sdf
[0.463s] -- Up-to-date: /home/julia/workspace/install/share/sdformat13/1.5/gripper.sdf
[0.463s] -- Up-to-date: /home/julia/workspace/install/share/sdformat13/1.5/gui.sdf
[0.463s] -- Up-to-date: /home/julia/workspace/install/share/sdformat13/1.5/heightmap_shape.sdf
[0.463s] -- Up-to-date: /home/julia/workspace/install/share/sdformat13/1.5/image_shape.sdf
[0.464s] -- Up-to-date: /home/julia/workspace/install/share/sdformat13/1.5/imu.sdf
[0.464s] -- Up-to-date: /home/julia/workspace/install/share/sdformat13/1.5/inertial.sdf
[0.464s] -- Up-to-date: /home/julia/workspace/install/share/sdformat13/1.5/joint.sdf
[0.464s] -- Up-to-date: /home/julia/workspace/install/share/sdformat13/1.5/light.sdf
[0.464s] -- Up-to-date: /home/julia/workspace/install/share/sdformat13/1.5/light_state.sdf
[0.464s] -- Up-to-date: /home/julia/workspace/install/share/sdformat13/1.5/link.sdf
[0.465s] -- Up-to-date: /home/julia/workspace/install/share/sdformat13/1.5/link_state.sdf
[0.465s] -- Up-to-date: /home/julia/workspace/install/share/sdformat13/1.5/logical_camera.sdf
[0.465s] -- Up-to-date: /home/julia/workspace/install/share/sdformat13/1.5/magnetometer.sdf
[0.465s] -- Up-to-date: /home/julia/workspace/install/share/sdformat13/1.5/material.sdf
[0.465s] -- Up-to-date: /home/julia/workspace/install/share/sdformat13/1.5/mesh_shape.sdf
[0.465s] -- Up-to-date: /home/julia/workspace/install/share/sdformat13/1.5/model.sdf
[0.465s] -- Up-to-date: /home/julia/workspace/install/share/sdformat13/1.5/model_state.sdf
[0.466s] -- Up-to-date: /home/julia/workspace/install/share/sdformat13/1.5/noise.sdf
[0.466s] -- Up-to-date: /home/julia/workspace/install/share/sdformat13/1.5/physics.sdf
[0.466s] -- Up-to-date: /home/julia/workspace/install/share/sdformat13/1.5/plane_shape.sdf
[0.466s] -- Up-to-date: /home/julia/workspace/install/share/sdformat13/1.5/plugin.sdf
[0.466s] -- Up-to-date: /home/julia/workspace/install/share/sdformat13/1.5/polyline_shape.sdf
[0.466s] -- Up-to-date: /home/julia/workspace/install/share/sdformat13/1.5/population.sdf
[0.466s] -- Up-to-date: /home/julia/workspace/install/share/sdformat13/1.5/pose.sdf
[0.466s] -- Up-to-date: /home/julia/workspace/install/share/sdformat13/1.5/projector.sdf
[0.467s] -- Up-to-date: /home/julia/workspace/install/share/sdformat13/1.5/ray.sdf
[0.467s] -- Up-to-date: /home/julia/workspace/install/share/sdformat13/1.5/rfidtag.sdf
[0.467s] -- Up-to-date: /home/julia/workspace/install/share/sdformat13/1.5/rfid.sdf
[0.467s] -- Up-to-date: /home/julia/workspace/install/share/sdformat13/1.5/road.sdf
[0.467s] -- Up-to-date: /home/julia/workspace/install/share/sdformat13/1.5/root.sdf
[0.467s] -- Up-to-date: /home/julia/workspace/install/share/sdformat13/1.5/scene.sdf
[0.467s] -- Up-to-date: /home/julia/workspace/install/share/sdformat13/1.5/sensor.sdf
[0.468s] -- Up-to-date: /home/julia/workspace/install/share/sdformat13/1.5/spherical_coordinates.sdf
[0.468s] -- Up-to-date: /home/julia/workspace/install/share/sdformat13/1.5/sphere_shape.sdf
[0.468s] -- Up-to-date: /home/julia/workspace/install/share/sdformat13/1.5/sonar.sdf
[0.468s] -- Up-to-date: /home/julia/workspace/install/share/sdformat13/1.5/state.sdf
[0.468s] -- Up-to-date: /home/julia/workspace/install/share/sdformat13/1.5/surface.sdf
[0.468s] -- Up-to-date: /home/julia/workspace/install/share/sdformat13/1.5/transceiver.sdf
[0.468s] -- Up-to-date: /home/julia/workspace/install/share/sdformat13/1.5/urdf.sdf
[0.469s] -- Up-to-date: /home/julia/workspace/install/share/sdformat13/1.5/visual.sdf
[0.469s] -- Up-to-date: /home/julia/workspace/install/share/sdformat13/1.5/world.sdf
[0.469s] -- Up-to-date: /home/julia/workspace/install/share/sdformat13/1.5/actor.xsd
[0.469s] -- Up-to-date: /home/julia/workspace/install/share/sdformat13/1.5/altimeter.xsd
[0.469s] -- Up-to-date: /home/julia/workspace/install/share/sdformat13/1.5/audio_source.xsd
[0.469s] -- Up-to-date: /home/julia/workspace/install/share/sdformat13/1.5/audio_sink.xsd
[0.469s] -- Up-to-date: /home/julia/workspace/install/share/sdformat13/1.5/battery.xsd
[0.470s] -- Up-to-date: /home/julia/workspace/install/share/sdformat13/1.5/box_shape.xsd
[0.470s] -- Up-to-date: /home/julia/workspace/install/share/sdformat13/1.5/camera.xsd
[0.470s] -- Up-to-date: /home/julia/workspace/install/share/sdformat13/1.5/collision.xsd
[0.470s] -- Up-to-date: /home/julia/workspace/install/share/sdformat13/1.5/collision_engine.xsd
[0.470s] -- Up-to-date: /home/julia/workspace/install/share/sdformat13/1.5/contact.xsd
[0.470s] -- Up-to-date: /home/julia/workspace/install/share/sdformat13/1.5/cylinder_shape.xsd
[0.470s] -- Up-to-date: /home/julia/workspace/install/share/sdformat13/1.5/frame.xsd
[0.471s] -- Up-to-date: /home/julia/workspace/install/share/sdformat13/1.5/forcetorque.xsd
[0.471s] -- Up-to-date: /home/julia/workspace/install/share/sdformat13/1.5/geometry.xsd
[0.471s] -- Up-to-date: /home/julia/workspace/install/share/sdformat13/1.5/gps.xsd
[0.471s] -- Up-to-date: /home/julia/workspace/install/share/sdformat13/1.5/gripper.xsd
[0.471s] -- Up-to-date: /home/julia/workspace/install/share/sdformat13/1.5/gui.xsd
[0.471s] -- Up-to-date: /home/julia/workspace/install/share/sdformat13/1.5/heightmap_shape.xsd
[0.471s] -- Up-to-date: /home/julia/workspace/install/share/sdformat13/1.5/image_shape.xsd
[0.472s] -- Up-to-date: /home/julia/workspace/install/share/sdformat13/1.5/imu.xsd
[0.472s] -- Up-to-date: /home/julia/workspace/install/share/sdformat13/1.5/inertial.xsd
[0.472s] -- Up-to-date: /home/julia/workspace/install/share/sdformat13/1.5/joint.xsd
[0.472s] -- Up-to-date: /home/julia/workspace/install/share/sdformat13/1.5/light.xsd
[0.472s] -- Up-to-date: /home/julia/workspace/install/share/sdformat13/1.5/light_state.xsd
[0.472s] -- Up-to-date: /home/julia/workspace/install/share/sdformat13/1.5/link.xsd
[0.473s] -- Up-to-date: /home/julia/workspace/install/share/sdformat13/1.5/link_state.xsd
[0.473s] -- Up-to-date: /home/julia/workspace/install/share/sdformat13/1.5/logical_camera.xsd
[0.473s] -- Up-to-date: /home/julia/workspace/install/share/sdformat13/1.5/magnetometer.xsd
[0.473s] -- Up-to-date: /home/julia/workspace/install/share/sdformat13/1.5/material.xsd
[0.473s] -- Up-to-date: /home/julia/workspace/install/share/sdformat13/1.5/mesh_shape.xsd
[0.473s] -- Up-to-date: /home/julia/workspace/install/share/sdformat13/1.5/model.xsd
[0.474s] -- Up-to-date: /home/julia/workspace/install/share/sdformat13/1.5/model_state.xsd
[0.474s] -- Up-to-date: /home/julia/workspace/install/share/sdformat13/1.5/noise.xsd
[0.474s] -- Up-to-date: /home/julia/workspace/install/share/sdformat13/1.5/physics.xsd
[0.474s] -- Up-to-date: /home/julia/workspace/install/share/sdformat13/1.5/plane_shape.xsd
[0.474s] -- Up-to-date: /home/julia/workspace/install/share/sdformat13/1.5/plugin.xsd
[0.474s] -- Up-to-date: /home/julia/workspace/install/share/sdformat13/1.5/polyline_shape.xsd
[0.475s] -- Up-to-date: /home/julia/workspace/install/share/sdformat13/1.5/population.xsd
[0.475s] -- Up-to-date: /home/julia/workspace/install/share/sdformat13/1.5/pose.xsd
[0.475s] -- Up-to-date: /home/julia/workspace/install/share/sdformat13/1.5/projector.xsd
[0.475s] -- Up-to-date: /home/julia/workspace/install/share/sdformat13/1.5/ray.xsd
[0.475s] -- Up-to-date: /home/julia/workspace/install/share/sdformat13/1.5/rfidtag.xsd
[0.475s] -- Up-to-date: /home/julia/workspace/install/share/sdformat13/1.5/rfid.xsd
[0.475s] -- Up-to-date: /home/julia/workspace/install/share/sdformat13/1.5/road.xsd
[0.476s] -- Up-to-date: /home/julia/workspace/install/share/sdformat13/1.5/root.xsd
[0.476s] -- Up-to-date: /home/julia/workspace/install/share/sdformat13/1.5/scene.xsd
[0.476s] -- Up-to-date: /home/julia/workspace/install/share/sdformat13/1.5/sensor.xsd
[0.476s] -- Up-to-date: /home/julia/workspace/install/share/sdformat13/1.5/spherical_coordinates.xsd
[0.476s] -- Up-to-date: /home/julia/workspace/install/share/sdformat13/1.5/sphere_shape.xsd
[0.476s] -- Up-to-date: /home/julia/workspace/install/share/sdformat13/1.5/sonar.xsd
[0.476s] -- Up-to-date: /home/julia/workspace/install/share/sdformat13/1.5/state.xsd
[0.476s] -- Up-to-date: /home/julia/workspace/install/share/sdformat13/1.5/surface.xsd
[0.477s] -- Up-to-date: /home/julia/workspace/install/share/sdformat13/1.5/transceiver.xsd
[0.477s] -- Up-to-date: /home/julia/workspace/install/share/sdformat13/1.5/urdf.xsd
[0.477s] -- Up-to-date: /home/julia/workspace/install/share/sdformat13/1.5/visual.xsd
[0.477s] -- Up-to-date: /home/julia/workspace/install/share/sdformat13/1.5/world.xsd
[0.477s] -- Up-to-date: /home/julia/workspace/install/share/sdformat13/1.6/1_5.convert
[0.477s] -- Up-to-date: /home/julia/workspace/install/share/sdformat13/1.6/actor.sdf
[0.478s] -- Up-to-date: /home/julia/workspace/install/share/sdformat13/1.6/air_pressure.sdf
[0.478s] -- Up-to-date: /home/julia/workspace/install/share/sdformat13/1.6/altimeter.sdf
[0.478s] -- Up-to-date: /home/julia/workspace/install/share/sdformat13/1.6/atmosphere.sdf
[0.478s] -- Up-to-date: /home/julia/workspace/install/share/sdformat13/1.6/audio_source.sdf
[0.478s] -- Up-to-date: /home/julia/workspace/install/share/sdformat13/1.6/audio_sink.sdf
[0.478s] -- Up-to-date: /home/julia/workspace/install/share/sdformat13/1.6/battery.sdf
[0.478s] -- Up-to-date: /home/julia/workspace/install/share/sdformat13/1.6/box_shape.sdf
[0.478s] -- Up-to-date: /home/julia/workspace/install/share/sdformat13/1.6/camera.sdf
[0.478s] -- Up-to-date: /home/julia/workspace/install/share/sdformat13/1.6/collision.sdf
[0.479s] -- Up-to-date: /home/julia/workspace/install/share/sdformat13/1.6/collision_engine.sdf
[0.479s] -- Up-to-date: /home/julia/workspace/install/share/sdformat13/1.6/contact.sdf
[0.479s] -- Up-to-date: /home/julia/workspace/install/share/sdformat13/1.6/cylinder_shape.sdf
[0.479s] -- Up-to-date: /home/julia/workspace/install/share/sdformat13/1.6/frame.sdf
[0.479s] -- Up-to-date: /home/julia/workspace/install/share/sdformat13/1.6/forcetorque.sdf
[0.479s] -- Up-to-date: /home/julia/workspace/install/share/sdformat13/1.6/geometry.sdf
[0.479s] -- Up-to-date: /home/julia/workspace/install/share/sdformat13/1.6/gps.sdf
[0.479s] -- Up-to-date: /home/julia/workspace/install/share/sdformat13/1.6/gripper.sdf
[0.479s] -- Up-to-date: /home/julia/workspace/install/share/sdformat13/1.6/gui.sdf
[0.479s] -- Up-to-date: /home/julia/workspace/install/share/sdformat13/1.6/heightmap_shape.sdf
[0.479s] -- Up-to-date: /home/julia/workspace/install/share/sdformat13/1.6/image_shape.sdf
[0.479s] -- Up-to-date: /home/julia/workspace/install/share/sdformat13/1.6/imu.sdf
[0.479s] -- Up-to-date: /home/julia/workspace/install/share/sdformat13/1.6/inertial.sdf
[0.480s] -- Up-to-date: /home/julia/workspace/install/share/sdformat13/1.6/joint.sdf
[0.480s] -- Up-to-date: /home/julia/workspace/install/share/sdformat13/1.6/lidar.sdf
[0.480s] -- Up-to-date: /home/julia/workspace/install/share/sdformat13/1.6/light.sdf
[0.480s] -- Up-to-date: /home/julia/workspace/install/share/sdformat13/1.6/light_state.sdf
[0.480s] -- Up-to-date: /home/julia/workspace/install/share/sdformat13/1.6/link.sdf
[0.480s] -- Up-to-date: /home/julia/workspace/install/share/sdformat13/1.6/link_state.sdf
[0.480s] -- Up-to-date: /home/julia/workspace/install/share/sdformat13/1.6/logical_camera.sdf
[0.480s] -- Up-to-date: /home/julia/workspace/install/share/sdformat13/1.6/magnetometer.sdf
[0.481s] -- Up-to-date: /home/julia/workspace/install/share/sdformat13/1.6/material.sdf
[0.481s] -- Up-to-date: /home/julia/workspace/install/share/sdformat13/1.6/mesh_shape.sdf
[0.481s] -- Up-to-date: /home/julia/workspace/install/share/sdformat13/1.6/model.sdf
[0.481s] -- Up-to-date: /home/julia/workspace/install/share/sdformat13/1.6/model_state.sdf
[0.481s] -- Up-to-date: /home/julia/workspace/install/share/sdformat13/1.6/noise.sdf
[0.481s] -- Up-to-date: /home/julia/workspace/install/share/sdformat13/1.6/particle_emitter.sdf
[0.481s] -- Up-to-date: /home/julia/workspace/install/share/sdformat13/1.6/physics.sdf
[0.481s] -- Up-to-date: /home/julia/workspace/install/share/sdformat13/1.6/plane_shape.sdf
[0.482s] -- Up-to-date: /home/julia/workspace/install/share/sdformat13/1.6/plugin.sdf
[0.482s] -- Up-to-date: /home/julia/workspace/install/share/sdformat13/1.6/polyline_shape.sdf
[0.482s] -- Up-to-date: /home/julia/workspace/install/share/sdformat13/1.6/population.sdf
[0.482s] -- Up-to-date: /home/julia/workspace/install/share/sdformat13/1.6/pose.sdf
[0.482s] -- Up-to-date: /home/julia/workspace/install/share/sdformat13/1.6/projector.sdf
[0.482s] -- Up-to-date: /home/julia/workspace/install/share/sdformat13/1.6/ray.sdf
[0.482s] -- Up-to-date: /home/julia/workspace/install/share/sdformat13/1.6/rfidtag.sdf
[0.482s] -- Up-to-date: /home/julia/workspace/install/share/sdformat13/1.6/rfid.sdf
[0.483s] -- Up-to-date: /home/julia/workspace/install/share/sdformat13/1.6/road.sdf
[0.483s] -- Up-to-date: /home/julia/workspace/install/share/sdformat13/1.6/root.sdf
[0.483s] -- Up-to-date: /home/julia/workspace/install/share/sdformat13/1.6/scene.sdf
[0.488s] -- Up-to-date: /home/julia/workspace/install/share/sdformat13/1.6/sensor.sdf
[0.488s] -- Up-to-date: /home/julia/workspace/install/share/sdformat13/1.6/spherical_coordinates.sdf
[0.489s] -- Up-to-date: /home/julia/workspace/install/share/sdformat13/1.6/sphere_shape.sdf
[0.489s] -- Up-to-date: /home/julia/workspace/install/share/sdformat13/1.6/sonar.sdf
[0.489s] -- Up-to-date: /home/julia/workspace/install/share/sdformat13/1.6/state.sdf
[0.489s] -- Up-to-date: /home/julia/workspace/install/share/sdformat13/1.6/surface.sdf
[0.489s] -- Up-to-date: /home/julia/workspace/install/share/sdformat13/1.6/transceiver.sdf
[0.489s] -- Up-to-date: /home/julia/workspace/install/share/sdformat13/1.6/urdf.sdf
[0.489s] -- Up-to-date: /home/julia/workspace/install/share/sdformat13/1.6/visual.sdf
[0.489s] -- Up-to-date: /home/julia/workspace/install/share/sdformat13/1.6/world.sdf
[0.490s] -- Up-to-date: /home/julia/workspace/install/share/sdformat13/1.6/actor.xsd
[0.490s] -- Up-to-date: /home/julia/workspace/install/share/sdformat13/1.6/air_pressure.xsd
[0.490s] -- Up-to-date: /home/julia/workspace/install/share/sdformat13/1.6/altimeter.xsd
[0.491s] -- Up-to-date: /home/julia/workspace/install/share/sdformat13/1.6/atmosphere.xsd
[0.491s] -- Up-to-date: /home/julia/workspace/install/share/sdformat13/1.6/audio_source.xsd
[0.491s] -- Up-to-date: /home/julia/workspace/install/share/sdformat13/1.6/audio_sink.xsd
[0.491s] -- Up-to-date: /home/julia/workspace/install/share/sdformat13/1.6/battery.xsd
[0.491s] -- Up-to-date: /home/julia/workspace/install/share/sdformat13/1.6/box_shape.xsd
[0.491s] -- Up-to-date: /home/julia/workspace/install/share/sdformat13/1.6/camera.xsd
[0.492s] -- Up-to-date: /home/julia/workspace/install/share/sdformat13/1.6/collision.xsd
[0.492s] -- Up-to-date: /home/julia/workspace/install/share/sdformat13/1.6/collision_engine.xsd
[0.492s] -- Up-to-date: /home/julia/workspace/install/share/sdformat13/1.6/contact.xsd
[0.492s] -- Up-to-date: /home/julia/workspace/install/share/sdformat13/1.6/cylinder_shape.xsd
[0.492s] -- Up-to-date: /home/julia/workspace/install/share/sdformat13/1.6/frame.xsd
[0.492s] -- Up-to-date: /home/julia/workspace/install/share/sdformat13/1.6/forcetorque.xsd
[0.492s] -- Up-to-date: /home/julia/workspace/install/share/sdformat13/1.6/geometry.xsd
[0.492s] -- Up-to-date: /home/julia/workspace/install/share/sdformat13/1.6/gps.xsd
[0.493s] -- Up-to-date: /home/julia/workspace/install/share/sdformat13/1.6/gripper.xsd
[0.493s] -- Up-to-date: /home/julia/workspace/install/share/sdformat13/1.6/gui.xsd
[0.493s] -- Up-to-date: /home/julia/workspace/install/share/sdformat13/1.6/heightmap_shape.xsd
[0.493s] -- Up-to-date: /home/julia/workspace/install/share/sdformat13/1.6/image_shape.xsd
[0.493s] -- Up-to-date: /home/julia/workspace/install/share/sdformat13/1.6/imu.xsd
[0.493s] -- Up-to-date: /home/julia/workspace/install/share/sdformat13/1.6/inertial.xsd
[0.493s] -- Up-to-date: /home/julia/workspace/install/share/sdformat13/1.6/joint.xsd
[0.494s] -- Up-to-date: /home/julia/workspace/install/share/sdformat13/1.6/lidar.xsd
[0.494s] -- Up-to-date: /home/julia/workspace/install/share/sdformat13/1.6/light.xsd
[0.494s] -- Up-to-date: /home/julia/workspace/install/share/sdformat13/1.6/light_state.xsd
[0.494s] -- Up-to-date: /home/julia/workspace/install/share/sdformat13/1.6/link.xsd
[0.494s] -- Up-to-date: /home/julia/workspace/install/share/sdformat13/1.6/link_state.xsd
[0.494s] -- Up-to-date: /home/julia/workspace/install/share/sdformat13/1.6/logical_camera.xsd
[0.494s] -- Up-to-date: /home/julia/workspace/install/share/sdformat13/1.6/magnetometer.xsd
[0.495s] -- Up-to-date: /home/julia/workspace/install/share/sdformat13/1.6/material.xsd
[0.495s] -- Up-to-date: /home/julia/workspace/install/share/sdformat13/1.6/mesh_shape.xsd
[0.495s] -- Up-to-date: /home/julia/workspace/install/share/sdformat13/1.6/model.xsd
[0.495s] -- Up-to-date: /home/julia/workspace/install/share/sdformat13/1.6/model_state.xsd
[0.495s] -- Up-to-date: /home/julia/workspace/install/share/sdformat13/1.6/noise.xsd
[0.495s] -- Up-to-date: /home/julia/workspace/install/share/sdformat13/1.6/particle_emitter.xsd
[0.495s] -- Up-to-date: /home/julia/workspace/install/share/sdformat13/1.6/physics.xsd
[0.496s] -- Up-to-date: /home/julia/workspace/install/share/sdformat13/1.6/plane_shape.xsd
[0.496s] -- Up-to-date: /home/julia/workspace/install/share/sdformat13/1.6/plugin.xsd
[0.496s] -- Up-to-date: /home/julia/workspace/install/share/sdformat13/1.6/polyline_shape.xsd
[0.496s] -- Up-to-date: /home/julia/workspace/install/share/sdformat13/1.6/population.xsd
[0.496s] -- Up-to-date: /home/julia/workspace/install/share/sdformat13/1.6/pose.xsd
[0.497s] -- Up-to-date: /home/julia/workspace/install/share/sdformat13/1.6/projector.xsd
[0.497s] -- Up-to-date: /home/julia/workspace/install/share/sdformat13/1.6/ray.xsd
[0.497s] -- Up-to-date: /home/julia/workspace/install/share/sdformat13/1.6/rfidtag.xsd
[0.497s] -- Up-to-date: /home/julia/workspace/install/share/sdformat13/1.6/rfid.xsd
[0.497s] -- Up-to-date: /home/julia/workspace/install/share/sdformat13/1.6/road.xsd
[0.497s] -- Up-to-date: /home/julia/workspace/install/share/sdformat13/1.6/root.xsd
[0.497s] -- Up-to-date: /home/julia/workspace/install/share/sdformat13/1.6/scene.xsd
[0.497s] -- Up-to-date: /home/julia/workspace/install/share/sdformat13/1.6/sensor.xsd
[0.498s] -- Up-to-date: /home/julia/workspace/install/share/sdformat13/1.6/spherical_coordinates.xsd
[0.498s] -- Up-to-date: /home/julia/workspace/install/share/sdformat13/1.6/sphere_shape.xsd
[0.498s] -- Up-to-date: /home/julia/workspace/install/share/sdformat13/1.6/sonar.xsd
[0.498s] -- Up-to-date: /home/julia/workspace/install/share/sdformat13/1.6/state.xsd
[0.499s] -- Up-to-date: /home/julia/workspace/install/share/sdformat13/1.6/surface.xsd
[0.499s] -- Up-to-date: /home/julia/workspace/install/share/sdformat13/1.6/transceiver.xsd
[0.499s] -- Up-to-date: /home/julia/workspace/install/share/sdformat13/1.6/urdf.xsd
[0.499s] -- Up-to-date: /home/julia/workspace/install/share/sdformat13/1.6/visual.xsd
[0.499s] -- Up-to-date: /home/julia/workspace/install/share/sdformat13/1.6/world.xsd
[0.503s] -- Up-to-date: /home/julia/workspace/install/share/sdformat13/1.7/1_6.convert
[0.503s] -- Up-to-date: /home/julia/workspace/install/share/sdformat13/1.7/actor.sdf
[0.503s] -- Up-to-date: /home/julia/workspace/install/share/sdformat13/1.7/air_pressure.sdf
[0.503s] -- Up-to-date: /home/julia/workspace/install/share/sdformat13/1.7/altimeter.sdf
[0.503s] -- Up-to-date: /home/julia/workspace/install/share/sdformat13/1.7/atmosphere.sdf
[0.503s] -- Up-to-date: /home/julia/workspace/install/share/sdformat13/1.7/audio_source.sdf
[0.504s] -- Up-to-date: /home/julia/workspace/install/share/sdformat13/1.7/audio_sink.sdf
[0.504s] -- Up-to-date: /home/julia/workspace/install/share/sdformat13/1.7/battery.sdf
[0.506s] -- Up-to-date: /home/julia/workspace/install/share/sdformat13/1.7/box_shape.sdf
[0.506s] -- Up-to-date: /home/julia/workspace/install/share/sdformat13/1.7/camera.sdf
[0.506s] -- Up-to-date: /home/julia/workspace/install/share/sdformat13/1.7/collision.sdf
[0.506s] -- Up-to-date: /home/julia/workspace/install/share/sdformat13/1.7/collision_engine.sdf
[0.507s] -- Up-to-date: /home/julia/workspace/install/share/sdformat13/1.7/contact.sdf
[0.507s] -- Up-to-date: /home/julia/workspace/install/share/sdformat13/1.7/cylinder_shape.sdf
[0.508s] -- Up-to-date: /home/julia/workspace/install/share/sdformat13/1.7/frame.sdf
[0.508s] -- Up-to-date: /home/julia/workspace/install/share/sdformat13/1.7/forcetorque.sdf
[0.509s] -- Up-to-date: /home/julia/workspace/install/share/sdformat13/1.7/geometry.sdf
[0.509s] -- Up-to-date: /home/julia/workspace/install/share/sdformat13/1.7/gps.sdf
[0.509s] -- Up-to-date: /home/julia/workspace/install/share/sdformat13/1.7/gripper.sdf
[0.509s] -- Up-to-date: /home/julia/workspace/install/share/sdformat13/1.7/gui.sdf
[0.510s] -- Up-to-date: /home/julia/workspace/install/share/sdformat13/1.7/heightmap_shape.sdf
[0.510s] -- Up-to-date: /home/julia/workspace/install/share/sdformat13/1.7/image_shape.sdf
[0.510s] -- Up-to-date: /home/julia/workspace/install/share/sdformat13/1.7/imu.sdf
[0.510s] -- Up-to-date: /home/julia/workspace/install/share/sdformat13/1.7/inertial.sdf
[0.511s] -- Up-to-date: /home/julia/workspace/install/share/sdformat13/1.7/joint.sdf
[0.511s] -- Up-to-date: /home/julia/workspace/install/share/sdformat13/1.7/lidar.sdf
[0.511s] -- Up-to-date: /home/julia/workspace/install/share/sdformat13/1.7/light.sdf
[0.511s] -- Up-to-date: /home/julia/workspace/install/share/sdformat13/1.7/light_state.sdf
[0.512s] -- Up-to-date: /home/julia/workspace/install/share/sdformat13/1.7/link.sdf
[0.512s] -- Up-to-date: /home/julia/workspace/install/share/sdformat13/1.7/link_state.sdf
[0.512s] -- Up-to-date: /home/julia/workspace/install/share/sdformat13/1.7/logical_camera.sdf
[0.513s] -- Up-to-date: /home/julia/workspace/install/share/sdformat13/1.7/magnetometer.sdf
[0.513s] -- Up-to-date: /home/julia/workspace/install/share/sdformat13/1.7/material.sdf
[0.513s] -- Up-to-date: /home/julia/workspace/install/share/sdformat13/1.7/mesh_shape.sdf
[0.513s] -- Up-to-date: /home/julia/workspace/install/share/sdformat13/1.7/model.sdf
[0.513s] -- Up-to-date: /home/julia/workspace/install/share/sdformat13/1.7/model_state.sdf
[0.513s] -- Up-to-date: /home/julia/workspace/install/share/sdformat13/1.7/navsat.sdf
[0.514s] -- Up-to-date: /home/julia/workspace/install/share/sdformat13/1.7/noise.sdf
[0.514s] -- Up-to-date: /home/julia/workspace/install/share/sdformat13/1.7/particle_emitter.sdf
[0.514s] -- Up-to-date: /home/julia/workspace/install/share/sdformat13/1.7/physics.sdf
[0.514s] -- Up-to-date: /home/julia/workspace/install/share/sdformat13/1.7/plane_shape.sdf
[0.514s] -- Up-to-date: /home/julia/workspace/install/share/sdformat13/1.7/plugin.sdf
[0.514s] -- Up-to-date: /home/julia/workspace/install/share/sdformat13/1.7/polyline_shape.sdf
[0.514s] -- Up-to-date: /home/julia/workspace/install/share/sdformat13/1.7/population.sdf
[0.514s] -- Up-to-date: /home/julia/workspace/install/share/sdformat13/1.7/pose.sdf
[0.515s] -- Up-to-date: /home/julia/workspace/install/share/sdformat13/1.7/projector.sdf
[0.515s] -- Up-to-date: /home/julia/workspace/install/share/sdformat13/1.7/ray.sdf
[0.515s] -- Up-to-date: /home/julia/workspace/install/share/sdformat13/1.7/rfidtag.sdf
[0.515s] -- Up-to-date: /home/julia/workspace/install/share/sdformat13/1.7/rfid.sdf
[0.515s] -- Up-to-date: /home/julia/workspace/install/share/sdformat13/1.7/road.sdf
[0.515s] -- Up-to-date: /home/julia/workspace/install/share/sdformat13/1.7/root.sdf
[0.515s] -- Up-to-date: /home/julia/workspace/install/share/sdformat13/1.7/scene.sdf
[0.515s] -- Up-to-date: /home/julia/workspace/install/share/sdformat13/1.7/sensor.sdf
[0.516s] -- Up-to-date: /home/julia/workspace/install/share/sdformat13/1.7/spherical_coordinates.sdf
[0.516s] -- Up-to-date: /home/julia/workspace/install/share/sdformat13/1.7/sphere_shape.sdf
[0.516s] -- Up-to-date: /home/julia/workspace/install/share/sdformat13/1.7/sonar.sdf
[0.516s] -- Up-to-date: /home/julia/workspace/install/share/sdformat13/1.7/state.sdf
[0.516s] -- Up-to-date: /home/julia/workspace/install/share/sdformat13/1.7/surface.sdf
[0.516s] -- Up-to-date: /home/julia/workspace/install/share/sdformat13/1.7/transceiver.sdf
[0.516s] -- Up-to-date: /home/julia/workspace/install/share/sdformat13/1.7/urdf.sdf
[0.517s] -- Up-to-date: /home/julia/workspace/install/share/sdformat13/1.7/visual.sdf
[0.517s] -- Up-to-date: /home/julia/workspace/install/share/sdformat13/1.7/world.sdf
[0.517s] -- Up-to-date: /home/julia/workspace/install/share/sdformat13/1.7/actor.xsd
[0.517s] -- Up-to-date: /home/julia/workspace/install/share/sdformat13/1.7/air_pressure.xsd
[0.517s] -- Up-to-date: /home/julia/workspace/install/share/sdformat13/1.7/altimeter.xsd
[0.517s] -- Up-to-date: /home/julia/workspace/install/share/sdformat13/1.7/atmosphere.xsd
[0.517s] -- Up-to-date: /home/julia/workspace/install/share/sdformat13/1.7/audio_source.xsd
[0.517s] -- Up-to-date: /home/julia/workspace/install/share/sdformat13/1.7/audio_sink.xsd
[0.518s] -- Up-to-date: /home/julia/workspace/install/share/sdformat13/1.7/battery.xsd
[0.518s] -- Up-to-date: /home/julia/workspace/install/share/sdformat13/1.7/box_shape.xsd
[0.518s] -- Up-to-date: /home/julia/workspace/install/share/sdformat13/1.7/camera.xsd
[0.518s] -- Up-to-date: /home/julia/workspace/install/share/sdformat13/1.7/collision.xsd
[0.518s] -- Up-to-date: /home/julia/workspace/install/share/sdformat13/1.7/collision_engine.xsd
[0.518s] -- Up-to-date: /home/julia/workspace/install/share/sdformat13/1.7/contact.xsd
[0.518s] -- Up-to-date: /home/julia/workspace/install/share/sdformat13/1.7/cylinder_shape.xsd
[0.519s] -- Up-to-date: /home/julia/workspace/install/share/sdformat13/1.7/frame.xsd
[0.519s] -- Up-to-date: /home/julia/workspace/install/share/sdformat13/1.7/forcetorque.xsd
[0.519s] -- Up-to-date: /home/julia/workspace/install/share/sdformat13/1.7/geometry.xsd
[0.519s] -- Up-to-date: /home/julia/workspace/install/share/sdformat13/1.7/gps.xsd
[0.520s] -- Up-to-date: /home/julia/workspace/install/share/sdformat13/1.7/gripper.xsd
[0.520s] -- Up-to-date: /home/julia/workspace/install/share/sdformat13/1.7/gui.xsd
[0.522s] -- Up-to-date: /home/julia/workspace/install/share/sdformat13/1.7/heightmap_shape.xsd
[0.522s] -- Up-to-date: /home/julia/workspace/install/share/sdformat13/1.7/image_shape.xsd
[0.522s] -- Up-to-date: /home/julia/workspace/install/share/sdformat13/1.7/imu.xsd
[0.522s] -- Up-to-date: /home/julia/workspace/install/share/sdformat13/1.7/inertial.xsd
[0.522s] -- Up-to-date: /home/julia/workspace/install/share/sdformat13/1.7/joint.xsd
[0.522s] -- Up-to-date: /home/julia/workspace/install/share/sdformat13/1.7/lidar.xsd
[0.522s] -- Up-to-date: /home/julia/workspace/install/share/sdformat13/1.7/light.xsd
[0.522s] -- Up-to-date: /home/julia/workspace/install/share/sdformat13/1.7/light_state.xsd
[0.523s] -- Up-to-date: /home/julia/workspace/install/share/sdformat13/1.7/link.xsd
[0.523s] -- Up-to-date: /home/julia/workspace/install/share/sdformat13/1.7/link_state.xsd
[0.523s] -- Up-to-date: /home/julia/workspace/install/share/sdformat13/1.7/logical_camera.xsd
[0.523s] -- Up-to-date: /home/julia/workspace/install/share/sdformat13/1.7/magnetometer.xsd
[0.523s] -- Up-to-date: /home/julia/workspace/install/share/sdformat13/1.7/material.xsd
[0.523s] -- Up-to-date: /home/julia/workspace/install/share/sdformat13/1.7/mesh_shape.xsd
[0.523s] -- Up-to-date: /home/julia/workspace/install/share/sdformat13/1.7/model.xsd
[0.523s] -- Up-to-date: /home/julia/workspace/install/share/sdformat13/1.7/model_state.xsd
[0.524s] -- Up-to-date: /home/julia/workspace/install/share/sdformat13/1.7/navsat.xsd
[0.524s] -- Up-to-date: /home/julia/workspace/install/share/sdformat13/1.7/noise.xsd
[0.524s] -- Up-to-date: /home/julia/workspace/install/share/sdformat13/1.7/particle_emitter.xsd
[0.524s] -- Up-to-date: /home/julia/workspace/install/share/sdformat13/1.7/physics.xsd
[0.524s] -- Up-to-date: /home/julia/workspace/install/share/sdformat13/1.7/plane_shape.xsd
[0.524s] -- Up-to-date: /home/julia/workspace/install/share/sdformat13/1.7/plugin.xsd
[0.524s] -- Up-to-date: /home/julia/workspace/install/share/sdformat13/1.7/polyline_shape.xsd
[0.524s] -- Up-to-date: /home/julia/workspace/install/share/sdformat13/1.7/population.xsd
[0.525s] -- Up-to-date: /home/julia/workspace/install/share/sdformat13/1.7/pose.xsd
[0.525s] -- Up-to-date: /home/julia/workspace/install/share/sdformat13/1.7/projector.xsd
[0.525s] -- Up-to-date: /home/julia/workspace/install/share/sdformat13/1.7/ray.xsd
[0.525s] -- Up-to-date: /home/julia/workspace/install/share/sdformat13/1.7/rfidtag.xsd
[0.525s] -- Up-to-date: /home/julia/workspace/install/share/sdformat13/1.7/rfid.xsd
[0.525s] -- Up-to-date: /home/julia/workspace/install/share/sdformat13/1.7/road.xsd
[0.525s] -- Up-to-date: /home/julia/workspace/install/share/sdformat13/1.7/root.xsd
[0.525s] -- Up-to-date: /home/julia/workspace/install/share/sdformat13/1.7/scene.xsd
[0.525s] -- Up-to-date: /home/julia/workspace/install/share/sdformat13/1.7/sensor.xsd
[0.526s] -- Up-to-date: /home/julia/workspace/install/share/sdformat13/1.7/spherical_coordinates.xsd
[0.526s] -- Up-to-date: /home/julia/workspace/install/share/sdformat13/1.7/sphere_shape.xsd
[0.526s] -- Up-to-date: /home/julia/workspace/install/share/sdformat13/1.7/sonar.xsd
[0.526s] -- Up-to-date: /home/julia/workspace/install/share/sdformat13/1.7/state.xsd
[0.526s] -- Up-to-date: /home/julia/workspace/install/share/sdformat13/1.7/surface.xsd
[0.526s] -- Up-to-date: /home/julia/workspace/install/share/sdformat13/1.7/transceiver.xsd
[0.526s] -- Up-to-date: /home/julia/workspace/install/share/sdformat13/1.7/urdf.xsd
[0.526s] -- Up-to-date: /home/julia/workspace/install/share/sdformat13/1.7/visual.xsd
[0.527s] -- Up-to-date: /home/julia/workspace/install/share/sdformat13/1.7/world.xsd
[0.535s] -- Up-to-date: /home/julia/workspace/install/share/sdformat13/1.8/1_7.convert
[0.535s] -- Up-to-date: /home/julia/workspace/install/share/sdformat13/1.8/actor.sdf
[0.535s] -- Up-to-date: /home/julia/workspace/install/share/sdformat13/1.8/air_pressure.sdf
[0.535s] -- Up-to-date: /home/julia/workspace/install/share/sdformat13/1.8/altimeter.sdf
[0.536s] -- Up-to-date: /home/julia/workspace/install/share/sdformat13/1.8/atmosphere.sdf
[0.536s] -- Up-to-date: /home/julia/workspace/install/share/sdformat13/1.8/audio_source.sdf
[0.536s] -- Up-to-date: /home/julia/workspace/install/share/sdformat13/1.8/audio_sink.sdf
[0.536s] -- Up-to-date: /home/julia/workspace/install/share/sdformat13/1.8/battery.sdf
[0.536s] -- Up-to-date: /home/julia/workspace/install/share/sdformat13/1.8/box_shape.sdf
[0.536s] -- Up-to-date: /home/julia/workspace/install/share/sdformat13/1.8/camera.sdf
[0.536s] -- Up-to-date: /home/julia/workspace/install/share/sdformat13/1.8/capsule_shape.sdf
[0.536s] -- Up-to-date: /home/julia/workspace/install/share/sdformat13/1.8/collision.sdf
[0.536s] -- Up-to-date: /home/julia/workspace/install/share/sdformat13/1.8/collision_engine.sdf
[0.537s] -- Up-to-date: /home/julia/workspace/install/share/sdformat13/1.8/contact.sdf
[0.537s] -- Up-to-date: /home/julia/workspace/install/share/sdformat13/1.8/cylinder_shape.sdf
[0.537s] -- Up-to-date: /home/julia/workspace/install/share/sdformat13/1.8/ellipsoid_shape.sdf
[0.537s] -- Up-to-date: /home/julia/workspace/install/share/sdformat13/1.8/frame.sdf
[0.537s] -- Up-to-date: /home/julia/workspace/install/share/sdformat13/1.8/forcetorque.sdf
[0.537s] -- Up-to-date: /home/julia/workspace/install/share/sdformat13/1.8/geometry.sdf
[0.537s] -- Up-to-date: /home/julia/workspace/install/share/sdformat13/1.8/gps.sdf
[0.537s] -- Up-to-date: /home/julia/workspace/install/share/sdformat13/1.8/gripper.sdf
[0.538s] -- Up-to-date: /home/julia/workspace/install/share/sdformat13/1.8/gui.sdf
[0.538s] -- Up-to-date: /home/julia/workspace/install/share/sdformat13/1.8/heightmap_shape.sdf
[0.538s] -- Up-to-date: /home/julia/workspace/install/share/sdformat13/1.8/image_shape.sdf
[0.538s] -- Up-to-date: /home/julia/workspace/install/share/sdformat13/1.8/imu.sdf
[0.538s] -- Up-to-date: /home/julia/workspace/install/share/sdformat13/1.8/inertial.sdf
[0.538s] -- Up-to-date: /home/julia/workspace/install/share/sdformat13/1.8/joint.sdf
[0.538s] -- Up-to-date: /home/julia/workspace/install/share/sdformat13/1.8/lidar.sdf
[0.538s] -- Up-to-date: /home/julia/workspace/install/share/sdformat13/1.8/light.sdf
[0.538s] -- Up-to-date: /home/julia/workspace/install/share/sdformat13/1.8/light_state.sdf
[0.539s] -- Up-to-date: /home/julia/workspace/install/share/sdformat13/1.8/link.sdf
[0.539s] -- Up-to-date: /home/julia/workspace/install/share/sdformat13/1.8/link_state.sdf
[0.539s] -- Up-to-date: /home/julia/workspace/install/share/sdformat13/1.8/logical_camera.sdf
[0.539s] -- Up-to-date: /home/julia/workspace/install/share/sdformat13/1.8/magnetometer.sdf
[0.539s] -- Up-to-date: /home/julia/workspace/install/share/sdformat13/1.8/material.sdf
[0.539s] -- Up-to-date: /home/julia/workspace/install/share/sdformat13/1.8/mesh_shape.sdf
[0.539s] -- Up-to-date: /home/julia/workspace/install/share/sdformat13/1.8/model.sdf
[0.539s] -- Up-to-date: /home/julia/workspace/install/share/sdformat13/1.8/model_state.sdf
[0.540s] -- Up-to-date: /home/julia/workspace/install/share/sdformat13/1.8/navsat.sdf
[0.540s] -- Up-to-date: /home/julia/workspace/install/share/sdformat13/1.8/noise.sdf
[0.540s] -- Up-to-date: /home/julia/workspace/install/share/sdformat13/1.8/particle_emitter.sdf
[0.540s] -- Up-to-date: /home/julia/workspace/install/share/sdformat13/1.8/physics.sdf
[0.540s] -- Up-to-date: /home/julia/workspace/install/share/sdformat13/1.8/plane_shape.sdf
[0.540s] -- Up-to-date: /home/julia/workspace/install/share/sdformat13/1.8/plugin.sdf
[0.540s] -- Up-to-date: /home/julia/workspace/install/share/sdformat13/1.8/polyline_shape.sdf
[0.540s] -- Up-to-date: /home/julia/workspace/install/share/sdformat13/1.8/population.sdf
[0.540s] -- Up-to-date: /home/julia/workspace/install/share/sdformat13/1.8/pose.sdf
[0.541s] -- Up-to-date: /home/julia/workspace/install/share/sdformat13/1.8/projector.sdf
[0.541s] -- Up-to-date: /home/julia/workspace/install/share/sdformat13/1.8/ray.sdf
[0.541s] -- Up-to-date: /home/julia/workspace/install/share/sdformat13/1.8/rfidtag.sdf
[0.541s] -- Up-to-date: /home/julia/workspace/install/share/sdformat13/1.8/rfid.sdf
[0.541s] -- Up-to-date: /home/julia/workspace/install/share/sdformat13/1.8/road.sdf
[0.541s] -- Up-to-date: /home/julia/workspace/install/share/sdformat13/1.8/root.sdf
[0.541s] -- Up-to-date: /home/julia/workspace/install/share/sdformat13/1.8/scene.sdf
[0.541s] -- Up-to-date: /home/julia/workspace/install/share/sdformat13/1.8/sensor.sdf
[0.542s] -- Up-to-date: /home/julia/workspace/install/share/sdformat13/1.8/spherical_coordinates.sdf
[0.542s] -- Up-to-date: /home/julia/workspace/install/share/sdformat13/1.8/sphere_shape.sdf
[0.542s] -- Up-to-date: /home/julia/workspace/install/share/sdformat13/1.8/sonar.sdf
[0.542s] -- Up-to-date: /home/julia/workspace/install/share/sdformat13/1.8/state.sdf
[0.542s] -- Up-to-date: /home/julia/workspace/install/share/sdformat13/1.8/surface.sdf
[0.542s] -- Up-to-date: /home/julia/workspace/install/share/sdformat13/1.8/transceiver.sdf
[0.542s] -- Up-to-date: /home/julia/workspace/install/share/sdformat13/1.8/urdf.sdf
[0.542s] -- Up-to-date: /home/julia/workspace/install/share/sdformat13/1.8/visual.sdf
[0.543s] -- Up-to-date: /home/julia/workspace/install/share/sdformat13/1.8/world.sdf
[0.543s] -- Up-to-date: /home/julia/workspace/install/share/sdformat13/1.8/actor.xsd
[0.543s] -- Up-to-date: /home/julia/workspace/install/share/sdformat13/1.8/air_pressure.xsd
[0.543s] -- Up-to-date: /home/julia/workspace/install/share/sdformat13/1.8/altimeter.xsd
[0.543s] -- Up-to-date: /home/julia/workspace/install/share/sdformat13/1.8/atmosphere.xsd
[0.543s] -- Up-to-date: /home/julia/workspace/install/share/sdformat13/1.8/audio_source.xsd
[0.543s] -- Up-to-date: /home/julia/workspace/install/share/sdformat13/1.8/audio_sink.xsd
[0.543s] -- Up-to-date: /home/julia/workspace/install/share/sdformat13/1.8/battery.xsd
[0.544s] -- Up-to-date: /home/julia/workspace/install/share/sdformat13/1.8/box_shape.xsd
[0.544s] -- Up-to-date: /home/julia/workspace/install/share/sdformat13/1.8/camera.xsd
[0.544s] -- Up-to-date: /home/julia/workspace/install/share/sdformat13/1.8/capsule_shape.xsd
[0.544s] -- Up-to-date: /home/julia/workspace/install/share/sdformat13/1.8/collision.xsd
[0.544s] -- Up-to-date: /home/julia/workspace/install/share/sdformat13/1.8/collision_engine.xsd
[0.544s] -- Up-to-date: /home/julia/workspace/install/share/sdformat13/1.8/contact.xsd
[0.544s] -- Up-to-date: /home/julia/workspace/install/share/sdformat13/1.8/cylinder_shape.xsd
[0.544s] -- Up-to-date: /home/julia/workspace/install/share/sdformat13/1.8/ellipsoid_shape.xsd
[0.544s] -- Up-to-date: /home/julia/workspace/install/share/sdformat13/1.8/frame.xsd
[0.545s] -- Up-to-date: /home/julia/workspace/install/share/sdformat13/1.8/forcetorque.xsd
[0.545s] -- Up-to-date: /home/julia/workspace/install/share/sdformat13/1.8/geometry.xsd
[0.545s] -- Up-to-date: /home/julia/workspace/install/share/sdformat13/1.8/gps.xsd
[0.545s] -- Up-to-date: /home/julia/workspace/install/share/sdformat13/1.8/gripper.xsd
[0.545s] -- Up-to-date: /home/julia/workspace/install/share/sdformat13/1.8/gui.xsd
[0.545s] -- Up-to-date: /home/julia/workspace/install/share/sdformat13/1.8/heightmap_shape.xsd
[0.545s] -- Up-to-date: /home/julia/workspace/install/share/sdformat13/1.8/image_shape.xsd
[0.545s] -- Up-to-date: /home/julia/workspace/install/share/sdformat13/1.8/imu.xsd
[0.546s] -- Up-to-date: /home/julia/workspace/install/share/sdformat13/1.8/inertial.xsd
[0.546s] -- Up-to-date: /home/julia/workspace/install/share/sdformat13/1.8/joint.xsd
[0.546s] -- Up-to-date: /home/julia/workspace/install/share/sdformat13/1.8/lidar.xsd
[0.546s] -- Up-to-date: /home/julia/workspace/install/share/sdformat13/1.8/light.xsd
[0.546s] -- Up-to-date: /home/julia/workspace/install/share/sdformat13/1.8/light_state.xsd
[0.546s] -- Up-to-date: /home/julia/workspace/install/share/sdformat13/1.8/link.xsd
[0.546s] -- Up-to-date: /home/julia/workspace/install/share/sdformat13/1.8/link_state.xsd
[0.546s] -- Up-to-date: /home/julia/workspace/install/share/sdformat13/1.8/logical_camera.xsd
[0.547s] -- Up-to-date: /home/julia/workspace/install/share/sdformat13/1.8/magnetometer.xsd
[0.547s] -- Up-to-date: /home/julia/workspace/install/share/sdformat13/1.8/material.xsd
[0.547s] -- Up-to-date: /home/julia/workspace/install/share/sdformat13/1.8/mesh_shape.xsd
[0.547s] -- Up-to-date: /home/julia/workspace/install/share/sdformat13/1.8/model.xsd
[0.547s] -- Up-to-date: /home/julia/workspace/install/share/sdformat13/1.8/model_state.xsd
[0.547s] -- Up-to-date: /home/julia/workspace/install/share/sdformat13/1.8/navsat.xsd
[0.547s] -- Up-to-date: /home/julia/workspace/install/share/sdformat13/1.8/noise.xsd
[0.547s] -- Up-to-date: /home/julia/workspace/install/share/sdformat13/1.8/particle_emitter.xsd
[0.548s] -- Up-to-date: /home/julia/workspace/install/share/sdformat13/1.8/physics.xsd
[0.548s] -- Up-to-date: /home/julia/workspace/install/share/sdformat13/1.8/plane_shape.xsd
[0.548s] -- Up-to-date: /home/julia/workspace/install/share/sdformat13/1.8/plugin.xsd
[0.548s] -- Up-to-date: /home/julia/workspace/install/share/sdformat13/1.8/polyline_shape.xsd
[0.548s] -- Up-to-date: /home/julia/workspace/install/share/sdformat13/1.8/population.xsd
[0.548s] -- Up-to-date: /home/julia/workspace/install/share/sdformat13/1.8/pose.xsd
[0.548s] -- Up-to-date: /home/julia/workspace/install/share/sdformat13/1.8/projector.xsd
[0.548s] -- Up-to-date: /home/julia/workspace/install/share/sdformat13/1.8/ray.xsd
[0.549s] -- Up-to-date: /home/julia/workspace/install/share/sdformat13/1.8/rfidtag.xsd
[0.549s] -- Up-to-date: /home/julia/workspace/install/share/sdformat13/1.8/rfid.xsd
[0.549s] -- Up-to-date: /home/julia/workspace/install/share/sdformat13/1.8/road.xsd
[0.549s] -- Up-to-date: /home/julia/workspace/install/share/sdformat13/1.8/root.xsd
[0.549s] -- Up-to-date: /home/julia/workspace/install/share/sdformat13/1.8/scene.xsd
[0.549s] -- Up-to-date: /home/julia/workspace/install/share/sdformat13/1.8/sensor.xsd
[0.549s] -- Up-to-date: /home/julia/workspace/install/share/sdformat13/1.8/spherical_coordinates.xsd
[0.550s] -- Up-to-date: /home/julia/workspace/install/share/sdformat13/1.8/sphere_shape.xsd
[0.550s] -- Up-to-date: /home/julia/workspace/install/share/sdformat13/1.8/sonar.xsd
[0.550s] -- Up-to-date: /home/julia/workspace/install/share/sdformat13/1.8/state.xsd
[0.550s] -- Up-to-date: /home/julia/workspace/install/share/sdformat13/1.8/surface.xsd
[0.550s] -- Up-to-date: /home/julia/workspace/install/share/sdformat13/1.8/transceiver.xsd
[0.550s] -- Up-to-date: /home/julia/workspace/install/share/sdformat13/1.8/urdf.xsd
[0.550s] -- Up-to-date: /home/julia/workspace/install/share/sdformat13/1.8/visual.xsd
[0.550s] -- Up-to-date: /home/julia/workspace/install/share/sdformat13/1.8/world.xsd
[0.568s] -- Up-to-date: /home/julia/workspace/install/share/sdformat13/1.9/1_8.convert
[0.569s] -- Up-to-date: /home/julia/workspace/install/share/sdformat13/1.9/actor.sdf
[0.569s] -- Up-to-date: /home/julia/workspace/install/share/sdformat13/1.9/air_pressure.sdf
[0.570s] -- Up-to-date: /home/julia/workspace/install/share/sdformat13/1.9/altimeter.sdf
[0.570s] -- Up-to-date: /home/julia/workspace/install/share/sdformat13/1.9/atmosphere.sdf
[0.570s] -- Up-to-date: /home/julia/workspace/install/share/sdformat13/1.9/audio_source.sdf
[0.571s] -- Up-to-date: /home/julia/workspace/install/share/sdformat13/1.9/audio_sink.sdf
[0.571s] -- Up-to-date: /home/julia/workspace/install/share/sdformat13/1.9/battery.sdf
[0.572s] -- Up-to-date: /home/julia/workspace/install/share/sdformat13/1.9/box_shape.sdf
[0.572s] -- Up-to-date: /home/julia/workspace/install/share/sdformat13/1.9/camera.sdf
[0.573s] -- Up-to-date: /home/julia/workspace/install/share/sdformat13/1.9/capsule_shape.sdf
[0.573s] -- Up-to-date: /home/julia/workspace/install/share/sdformat13/1.9/collision.sdf
[0.574s] -- Up-to-date: /home/julia/workspace/install/share/sdformat13/1.9/collision_engine.sdf
[0.574s] -- Up-to-date: /home/julia/workspace/install/share/sdformat13/1.9/contact.sdf
[0.574s] -- Up-to-date: /home/julia/workspace/install/share/sdformat13/1.9/cylinder_shape.sdf
[0.575s] -- Up-to-date: /home/julia/workspace/install/share/sdformat13/1.9/ellipsoid_shape.sdf
[0.575s] -- Up-to-date: /home/julia/workspace/install/share/sdformat13/1.9/frame.sdf
[0.576s] -- Up-to-date: /home/julia/workspace/install/share/sdformat13/1.9/forcetorque.sdf
[0.576s] -- Up-to-date: /home/julia/workspace/install/share/sdformat13/1.9/geometry.sdf
[0.576s] -- Up-to-date: /home/julia/workspace/install/share/sdformat13/1.9/gps.sdf
[0.576s] -- Up-to-date: /home/julia/workspace/install/share/sdformat13/1.9/gripper.sdf
[0.576s] -- Up-to-date: /home/julia/workspace/install/share/sdformat13/1.9/gui.sdf
[0.577s] -- Up-to-date: /home/julia/workspace/install/share/sdformat13/1.9/heightmap_shape.sdf
[0.577s] -- Up-to-date: /home/julia/workspace/install/share/sdformat13/1.9/image_shape.sdf
[0.578s] -- Up-to-date: /home/julia/workspace/install/share/sdformat13/1.9/imu.sdf
[0.578s] -- Up-to-date: /home/julia/workspace/install/share/sdformat13/1.9/inertial.sdf
[0.579s] -- Up-to-date: /home/julia/workspace/install/share/sdformat13/1.9/joint.sdf
[0.579s] -- Up-to-date: /home/julia/workspace/install/share/sdformat13/1.9/lidar.sdf
[0.579s] -- Up-to-date: /home/julia/workspace/install/share/sdformat13/1.9/light.sdf
[0.579s] -- Up-to-date: /home/julia/workspace/install/share/sdformat13/1.9/light_state.sdf
[0.579s] -- Up-to-date: /home/julia/workspace/install/share/sdformat13/1.9/link.sdf
[0.579s] -- Up-to-date: /home/julia/workspace/install/share/sdformat13/1.9/link_state.sdf
[0.579s] -- Up-to-date: /home/julia/workspace/install/share/sdformat13/1.9/logical_camera.sdf
[0.580s] -- Up-to-date: /home/julia/workspace/install/share/sdformat13/1.9/magnetometer.sdf
[0.580s] -- Up-to-date: /home/julia/workspace/install/share/sdformat13/1.9/material.sdf
[0.580s] -- Up-to-date: /home/julia/workspace/install/share/sdformat13/1.9/mesh_shape.sdf
[0.580s] -- Up-to-date: /home/julia/workspace/install/share/sdformat13/1.9/model.sdf
[0.580s] -- Up-to-date: /home/julia/workspace/install/share/sdformat13/1.9/model_state.sdf
[0.584s] -- Up-to-date: /home/julia/workspace/install/share/sdformat13/1.9/navsat.sdf
[0.584s] -- Up-to-date: /home/julia/workspace/install/share/sdformat13/1.9/noise.sdf
[0.584s] -- Up-to-date: /home/julia/workspace/install/share/sdformat13/1.9/particle_emitter.sdf
[0.584s] -- Up-to-date: /home/julia/workspace/install/share/sdformat13/1.9/physics.sdf
[0.584s] -- Up-to-date: /home/julia/workspace/install/share/sdformat13/1.9/plane_shape.sdf
[0.584s] -- Up-to-date: /home/julia/workspace/install/share/sdformat13/1.9/plugin.sdf
[0.584s] -- Up-to-date: /home/julia/workspace/install/share/sdformat13/1.9/polyline_shape.sdf
[0.585s] -- Up-to-date: /home/julia/workspace/install/share/sdformat13/1.9/population.sdf
[0.585s] -- Up-to-date: /home/julia/workspace/install/share/sdformat13/1.9/pose.sdf
[0.585s] -- Up-to-date: /home/julia/workspace/install/share/sdformat13/1.9/projector.sdf
[0.585s] -- Up-to-date: /home/julia/workspace/install/share/sdformat13/1.9/ray.sdf
[0.585s] -- Up-to-date: /home/julia/workspace/install/share/sdformat13/1.9/rfidtag.sdf
[0.585s] -- Up-to-date: /home/julia/workspace/install/share/sdformat13/1.9/rfid.sdf
[0.585s] -- Up-to-date: /home/julia/workspace/install/share/sdformat13/1.9/road.sdf
[0.585s] -- Up-to-date: /home/julia/workspace/install/share/sdformat13/1.9/root.sdf
[0.586s] -- Up-to-date: /home/julia/workspace/install/share/sdformat13/1.9/scene.sdf
[0.586s] -- Up-to-date: /home/julia/workspace/install/share/sdformat13/1.9/sensor.sdf
[0.586s] -- Up-to-date: /home/julia/workspace/install/share/sdformat13/1.9/spherical_coordinates.sdf
[0.586s] -- Up-to-date: /home/julia/workspace/install/share/sdformat13/1.9/sphere_shape.sdf
[0.586s] -- Up-to-date: /home/julia/workspace/install/share/sdformat13/1.9/sonar.sdf
[0.586s] -- Up-to-date: /home/julia/workspace/install/share/sdformat13/1.9/state.sdf
[0.586s] -- Up-to-date: /home/julia/workspace/install/share/sdformat13/1.9/surface.sdf
[0.587s] -- Up-to-date: /home/julia/workspace/install/share/sdformat13/1.9/transceiver.sdf
[0.587s] -- Up-to-date: /home/julia/workspace/install/share/sdformat13/1.9/urdf.sdf
[0.587s] -- Up-to-date: /home/julia/workspace/install/share/sdformat13/1.9/visual.sdf
[0.587s] -- Up-to-date: /home/julia/workspace/install/share/sdformat13/1.9/world.sdf
[0.588s] -- Up-to-date: /home/julia/workspace/install/share/sdformat13/1.9/actor.xsd
[0.589s] -- Up-to-date: /home/julia/workspace/install/share/sdformat13/1.9/air_pressure.xsd
[0.589s] -- Up-to-date: /home/julia/workspace/install/share/sdformat13/1.9/altimeter.xsd
[0.590s] -- Up-to-date: /home/julia/workspace/install/share/sdformat13/1.9/atmosphere.xsd
[0.591s] -- Up-to-date: /home/julia/workspace/install/share/sdformat13/1.9/audio_source.xsd
[0.592s] -- Up-to-date: /home/julia/workspace/install/share/sdformat13/1.9/audio_sink.xsd
[0.592s] -- Up-to-date: /home/julia/workspace/install/share/sdformat13/1.9/battery.xsd
[0.593s] -- Up-to-date: /home/julia/workspace/install/share/sdformat13/1.9/box_shape.xsd
[0.593s] -- Up-to-date: /home/julia/workspace/install/share/sdformat13/1.9/camera.xsd
[0.594s] -- Up-to-date: /home/julia/workspace/install/share/sdformat13/1.9/capsule_shape.xsd
[0.595s] -- Up-to-date: /home/julia/workspace/install/share/sdformat13/1.9/collision.xsd
[0.595s] -- Up-to-date: /home/julia/workspace/install/share/sdformat13/1.9/collision_engine.xsd
[0.595s] -- Up-to-date: /home/julia/workspace/install/share/sdformat13/1.9/contact.xsd
[0.595s] -- Up-to-date: /home/julia/workspace/install/share/sdformat13/1.9/cylinder_shape.xsd
[0.595s] -- Up-to-date: /home/julia/workspace/install/share/sdformat13/1.9/ellipsoid_shape.xsd
[0.596s] -- Up-to-date: /home/julia/workspace/install/share/sdformat13/1.9/frame.xsd
[0.596s] -- Up-to-date: /home/julia/workspace/install/share/sdformat13/1.9/forcetorque.xsd
[0.596s] -- Up-to-date: /home/julia/workspace/install/share/sdformat13/1.9/geometry.xsd
[0.597s] -- Up-to-date: /home/julia/workspace/install/share/sdformat13/1.9/gps.xsd
[0.597s] -- Up-to-date: /home/julia/workspace/install/share/sdformat13/1.9/gripper.xsd
[0.597s] -- Up-to-date: /home/julia/workspace/install/share/sdformat13/1.9/gui.xsd
[0.598s] -- Up-to-date: /home/julia/workspace/install/share/sdformat13/1.9/heightmap_shape.xsd
[0.599s] -- Up-to-date: /home/julia/workspace/install/share/sdformat13/1.9/image_shape.xsd
[0.599s] -- Up-to-date: /home/julia/workspace/install/share/sdformat13/1.9/imu.xsd
[0.599s] -- Up-to-date: /home/julia/workspace/install/share/sdformat13/1.9/inertial.xsd
[0.600s] -- Up-to-date: /home/julia/workspace/install/share/sdformat13/1.9/joint.xsd
[0.600s] -- Up-to-date: /home/julia/workspace/install/share/sdformat13/1.9/lidar.xsd
[0.600s] -- Up-to-date: /home/julia/workspace/install/share/sdformat13/1.9/light.xsd
[0.600s] -- Up-to-date: /home/julia/workspace/install/share/sdformat13/1.9/light_state.xsd
[0.600s] -- Up-to-date: /home/julia/workspace/install/share/sdformat13/1.9/link.xsd
[0.600s] -- Up-to-date: /home/julia/workspace/install/share/sdformat13/1.9/link_state.xsd
[0.600s] -- Up-to-date: /home/julia/workspace/install/share/sdformat13/1.9/logical_camera.xsd
[0.600s] -- Up-to-date: /home/julia/workspace/install/share/sdformat13/1.9/magnetometer.xsd
[0.601s] -- Up-to-date: /home/julia/workspace/install/share/sdformat13/1.9/material.xsd
[0.601s] -- Up-to-date: /home/julia/workspace/install/share/sdformat13/1.9/mesh_shape.xsd
[0.601s] -- Up-to-date: /home/julia/workspace/install/share/sdformat13/1.9/model.xsd
[0.601s] -- Up-to-date: /home/julia/workspace/install/share/sdformat13/1.9/model_state.xsd
[0.601s] -- Up-to-date: /home/julia/workspace/install/share/sdformat13/1.9/navsat.xsd
[0.601s] -- Up-to-date: /home/julia/workspace/install/share/sdformat13/1.9/noise.xsd
[0.601s] -- Up-to-date: /home/julia/workspace/install/share/sdformat13/1.9/particle_emitter.xsd
[0.601s] -- Up-to-date: /home/julia/workspace/install/share/sdformat13/1.9/physics.xsd
[0.602s] -- Up-to-date: /home/julia/workspace/install/share/sdformat13/1.9/plane_shape.xsd
[0.602s] -- Up-to-date: /home/julia/workspace/install/share/sdformat13/1.9/plugin.xsd
[0.602s] -- Up-to-date: /home/julia/workspace/install/share/sdformat13/1.9/polyline_shape.xsd
[0.602s] -- Up-to-date: /home/julia/workspace/install/share/sdformat13/1.9/population.xsd
[0.602s] -- Up-to-date: /home/julia/workspace/install/share/sdformat13/1.9/pose.xsd
[0.602s] -- Up-to-date: /home/julia/workspace/install/share/sdformat13/1.9/projector.xsd
[0.602s] -- Up-to-date: /home/julia/workspace/install/share/sdformat13/1.9/ray.xsd
[0.602s] -- Up-to-date: /home/julia/workspace/install/share/sdformat13/1.9/rfidtag.xsd
[0.603s] -- Up-to-date: /home/julia/workspace/install/share/sdformat13/1.9/rfid.xsd
[0.603s] -- Up-to-date: /home/julia/workspace/install/share/sdformat13/1.9/road.xsd
[0.603s] -- Up-to-date: /home/julia/workspace/install/share/sdformat13/1.9/root.xsd
[0.603s] -- Up-to-date: /home/julia/workspace/install/share/sdformat13/1.9/scene.xsd
[0.603s] -- Up-to-date: /home/julia/workspace/install/share/sdformat13/1.9/sensor.xsd
[0.603s] -- Up-to-date: /home/julia/workspace/install/share/sdformat13/1.9/spherical_coordinates.xsd
[0.603s] -- Up-to-date: /home/julia/workspace/install/share/sdformat13/1.9/sphere_shape.xsd
[0.604s] -- Up-to-date: /home/julia/workspace/install/share/sdformat13/1.9/sonar.xsd
[0.604s] -- Up-to-date: /home/julia/workspace/install/share/sdformat13/1.9/state.xsd
[0.604s] -- Up-to-date: /home/julia/workspace/install/share/sdformat13/1.9/surface.xsd
[0.604s] -- Up-to-date: /home/julia/workspace/install/share/sdformat13/1.9/transceiver.xsd
[0.604s] -- Up-to-date: /home/julia/workspace/install/share/sdformat13/1.9/urdf.xsd
[0.604s] -- Up-to-date: /home/julia/workspace/install/share/sdformat13/1.9/visual.xsd
[0.604s] -- Up-to-date: /home/julia/workspace/install/share/sdformat13/1.9/world.xsd
[0.618s] -- Up-to-date: /home/julia/workspace/install/share/sdformat13/1.10/1_9.convert
[0.618s] -- Up-to-date: /home/julia/workspace/install/share/sdformat13/1.10/actor.sdf
[0.618s] -- Up-to-date: /home/julia/workspace/install/share/sdformat13/1.10/air_pressure.sdf
[0.618s] -- Up-to-date: /home/julia/workspace/install/share/sdformat13/1.10/air_speed.sdf
[0.619s] -- Up-to-date: /home/julia/workspace/install/share/sdformat13/1.10/altimeter.sdf
[0.619s] -- Up-to-date: /home/julia/workspace/install/share/sdformat13/1.10/atmosphere.sdf
[0.619s] -- Up-to-date: /home/julia/workspace/install/share/sdformat13/1.10/audio_source.sdf
[0.619s] -- Up-to-date: /home/julia/workspace/install/share/sdformat13/1.10/audio_sink.sdf
[0.619s] -- Up-to-date: /home/julia/workspace/install/share/sdformat13/1.10/battery.sdf
[0.619s] -- Up-to-date: /home/julia/workspace/install/share/sdformat13/1.10/box_shape.sdf
[0.619s] -- Up-to-date: /home/julia/workspace/install/share/sdformat13/1.10/camera.sdf
[0.620s] -- Up-to-date: /home/julia/workspace/install/share/sdformat13/1.10/capsule_shape.sdf
[0.620s] -- Up-to-date: /home/julia/workspace/install/share/sdformat13/1.10/collision.sdf
[0.620s] -- Up-to-date: /home/julia/workspace/install/share/sdformat13/1.10/contact.sdf
[0.620s] -- Up-to-date: /home/julia/workspace/install/share/sdformat13/1.10/cylinder_shape.sdf
[0.620s] -- Up-to-date: /home/julia/workspace/install/share/sdformat13/1.10/ellipsoid_shape.sdf
[0.620s] -- Up-to-date: /home/julia/workspace/install/share/sdformat13/1.10/frame.sdf
[0.620s] -- Up-to-date: /home/julia/workspace/install/share/sdformat13/1.10/forcetorque.sdf
[0.621s] -- Up-to-date: /home/julia/workspace/install/share/sdformat13/1.10/geometry.sdf
[0.621s] -- Up-to-date: /home/julia/workspace/install/share/sdformat13/1.10/gps.sdf
[0.621s] -- Up-to-date: /home/julia/workspace/install/share/sdformat13/1.10/gripper.sdf
[0.621s] -- Up-to-date: /home/julia/workspace/install/share/sdformat13/1.10/gui.sdf
[0.621s] -- Up-to-date: /home/julia/workspace/install/share/sdformat13/1.10/heightmap_shape.sdf
[0.621s] -- Up-to-date: /home/julia/workspace/install/share/sdformat13/1.10/image_shape.sdf
[0.621s] -- Up-to-date: /home/julia/workspace/install/share/sdformat13/1.10/imu.sdf
[0.621s] -- Up-to-date: /home/julia/workspace/install/share/sdformat13/1.10/inertial.sdf
[0.622s] -- Up-to-date: /home/julia/workspace/install/share/sdformat13/1.10/joint.sdf
[0.622s] -- Up-to-date: /home/julia/workspace/install/share/sdformat13/1.10/lidar.sdf
[0.622s] -- Up-to-date: /home/julia/workspace/install/share/sdformat13/1.10/light.sdf
[0.622s] -- Up-to-date: /home/julia/workspace/install/share/sdformat13/1.10/light_state.sdf
[0.622s] -- Up-to-date: /home/julia/workspace/install/share/sdformat13/1.10/link.sdf
[0.622s] -- Up-to-date: /home/julia/workspace/install/share/sdformat13/1.10/link_state.sdf
[0.623s] -- Up-to-date: /home/julia/workspace/install/share/sdformat13/1.10/logical_camera.sdf
[0.623s] -- Up-to-date: /home/julia/workspace/install/share/sdformat13/1.10/magnetometer.sdf
[0.623s] -- Up-to-date: /home/julia/workspace/install/share/sdformat13/1.10/material.sdf
[0.623s] -- Up-to-date: /home/julia/workspace/install/share/sdformat13/1.10/mesh_shape.sdf
[0.623s] -- Up-to-date: /home/julia/workspace/install/share/sdformat13/1.10/model.sdf
[0.623s] -- Up-to-date: /home/julia/workspace/install/share/sdformat13/1.10/model_state.sdf
[0.624s] -- Up-to-date: /home/julia/workspace/install/share/sdformat13/1.10/navsat.sdf
[0.624s] -- Up-to-date: /home/julia/workspace/install/share/sdformat13/1.10/noise.sdf
[0.624s] -- Up-to-date: /home/julia/workspace/install/share/sdformat13/1.10/particle_emitter.sdf
[0.624s] -- Up-to-date: /home/julia/workspace/install/share/sdformat13/1.10/physics.sdf
[0.624s] -- Up-to-date: /home/julia/workspace/install/share/sdformat13/1.10/plane_shape.sdf
[0.624s] -- Up-to-date: /home/julia/workspace/install/share/sdformat13/1.10/plugin.sdf
[0.624s] -- Up-to-date: /home/julia/workspace/install/share/sdformat13/1.10/polyline_shape.sdf
[0.624s] -- Up-to-date: /home/julia/workspace/install/share/sdformat13/1.10/population.sdf
[0.624s] -- Up-to-date: /home/julia/workspace/install/share/sdformat13/1.10/pose.sdf
[0.625s] -- Up-to-date: /home/julia/workspace/install/share/sdformat13/1.10/projector.sdf
[0.625s] -- Up-to-date: /home/julia/workspace/install/share/sdformat13/1.10/ray.sdf
[0.625s] -- Up-to-date: /home/julia/workspace/install/share/sdformat13/1.10/rfidtag.sdf
[0.625s] -- Up-to-date: /home/julia/workspace/install/share/sdformat13/1.10/rfid.sdf
[0.640s] -- Up-to-date: /home/julia/workspace/install/share/sdformat13/1.10/road.sdf
[0.641s] -- Up-to-date: /home/julia/workspace/install/share/sdformat13/1.10/root.sdf
[0.641s] -- Up-to-date: /home/julia/workspace/install/share/sdformat13/1.10/scene.sdf
[0.641s] -- Up-to-date: /home/julia/workspace/install/share/sdformat13/1.10/sensor.sdf
[0.641s] -- Up-to-date: /home/julia/workspace/install/share/sdformat13/1.10/spherical_coordinates.sdf
[0.641s] -- Up-to-date: /home/julia/workspace/install/share/sdformat13/1.10/sphere_shape.sdf
[0.641s] -- Up-to-date: /home/julia/workspace/install/share/sdformat13/1.10/sonar.sdf
[0.641s] -- Up-to-date: /home/julia/workspace/install/share/sdformat13/1.10/state.sdf
[0.642s] -- Up-to-date: /home/julia/workspace/install/share/sdformat13/1.10/surface.sdf
[0.642s] -- Up-to-date: /home/julia/workspace/install/share/sdformat13/1.10/transceiver.sdf
[0.642s] -- Up-to-date: /home/julia/workspace/install/share/sdformat13/1.10/visual.sdf
[0.642s] -- Up-to-date: /home/julia/workspace/install/share/sdformat13/1.10/world.sdf
[0.642s] -- Up-to-date: /home/julia/workspace/install/share/sdformat13/1.10/actor.xsd
[0.642s] -- Up-to-date: /home/julia/workspace/install/share/sdformat13/1.10/air_pressure.xsd
[0.642s] -- Up-to-date: /home/julia/workspace/install/share/sdformat13/1.10/air_speed.xsd
[0.643s] -- Up-to-date: /home/julia/workspace/install/share/sdformat13/1.10/altimeter.xsd
[0.643s] -- Up-to-date: /home/julia/workspace/install/share/sdformat13/1.10/atmosphere.xsd
[0.643s] -- Up-to-date: /home/julia/workspace/install/share/sdformat13/1.10/audio_source.xsd
[0.643s] -- Up-to-date: /home/julia/workspace/install/share/sdformat13/1.10/audio_sink.xsd
[0.643s] -- Up-to-date: /home/julia/workspace/install/share/sdformat13/1.10/battery.xsd
[0.643s] -- Up-to-date: /home/julia/workspace/install/share/sdformat13/1.10/box_shape.xsd
[0.643s] -- Up-to-date: /home/julia/workspace/install/share/sdformat13/1.10/camera.xsd
[0.643s] -- Up-to-date: /home/julia/workspace/install/share/sdformat13/1.10/capsule_shape.xsd
[0.644s] -- Up-to-date: /home/julia/workspace/install/share/sdformat13/1.10/collision.xsd
[0.644s] -- Up-to-date: /home/julia/workspace/install/share/sdformat13/1.10/contact.xsd
[0.644s] -- Up-to-date: /home/julia/workspace/install/share/sdformat13/1.10/cylinder_shape.xsd
[0.644s] -- Up-to-date: /home/julia/workspace/install/share/sdformat13/1.10/ellipsoid_shape.xsd
[0.644s] -- Up-to-date: /home/julia/workspace/install/share/sdformat13/1.10/frame.xsd
[0.644s] -- Up-to-date: /home/julia/workspace/install/share/sdformat13/1.10/forcetorque.xsd
[0.644s] -- Up-to-date: /home/julia/workspace/install/share/sdformat13/1.10/geometry.xsd
[0.644s] -- Up-to-date: /home/julia/workspace/install/share/sdformat13/1.10/gps.xsd
[0.644s] -- Up-to-date: /home/julia/workspace/install/share/sdformat13/1.10/gripper.xsd
[0.645s] -- Up-to-date: /home/julia/workspace/install/share/sdformat13/1.10/gui.xsd
[0.645s] -- Up-to-date: /home/julia/workspace/install/share/sdformat13/1.10/heightmap_shape.xsd
[0.645s] -- Up-to-date: /home/julia/workspace/install/share/sdformat13/1.10/image_shape.xsd
[0.645s] -- Up-to-date: /home/julia/workspace/install/share/sdformat13/1.10/imu.xsd
[0.645s] -- Up-to-date: /home/julia/workspace/install/share/sdformat13/1.10/inertial.xsd
[0.645s] -- Up-to-date: /home/julia/workspace/install/share/sdformat13/1.10/joint.xsd
[0.645s] -- Up-to-date: /home/julia/workspace/install/share/sdformat13/1.10/lidar.xsd
[0.646s] -- Up-to-date: /home/julia/workspace/install/share/sdformat13/1.10/light.xsd
[0.646s] -- Up-to-date: /home/julia/workspace/install/share/sdformat13/1.10/light_state.xsd
[0.646s] -- Up-to-date: /home/julia/workspace/install/share/sdformat13/1.10/link.xsd
[0.646s] -- Up-to-date: /home/julia/workspace/install/share/sdformat13/1.10/link_state.xsd
[0.646s] -- Up-to-date: /home/julia/workspace/install/share/sdformat13/1.10/logical_camera.xsd
[0.646s] -- Up-to-date: /home/julia/workspace/install/share/sdformat13/1.10/magnetometer.xsd
[0.646s] -- Up-to-date: /home/julia/workspace/install/share/sdformat13/1.10/material.xsd
[0.646s] -- Up-to-date: /home/julia/workspace/install/share/sdformat13/1.10/mesh_shape.xsd
[0.647s] -- Up-to-date: /home/julia/workspace/install/share/sdformat13/1.10/model.xsd
[0.647s] -- Up-to-date: /home/julia/workspace/install/share/sdformat13/1.10/model_state.xsd
[0.647s] -- Up-to-date: /home/julia/workspace/install/share/sdformat13/1.10/navsat.xsd
[0.647s] -- Up-to-date: /home/julia/workspace/install/share/sdformat13/1.10/noise.xsd
[0.647s] -- Up-to-date: /home/julia/workspace/install/share/sdformat13/1.10/particle_emitter.xsd
[0.647s] -- Up-to-date: /home/julia/workspace/install/share/sdformat13/1.10/physics.xsd
[0.647s] -- Up-to-date: /home/julia/workspace/install/share/sdformat13/1.10/plane_shape.xsd
[0.647s] -- Up-to-date: /home/julia/workspace/install/share/sdformat13/1.10/plugin.xsd
[0.648s] -- Up-to-date: /home/julia/workspace/install/share/sdformat13/1.10/polyline_shape.xsd
[0.648s] -- Up-to-date: /home/julia/workspace/install/share/sdformat13/1.10/population.xsd
[0.648s] -- Up-to-date: /home/julia/workspace/install/share/sdformat13/1.10/pose.xsd
[0.648s] -- Up-to-date: /home/julia/workspace/install/share/sdformat13/1.10/projector.xsd
[0.648s] -- Up-to-date: /home/julia/workspace/install/share/sdformat13/1.10/ray.xsd
[0.648s] -- Up-to-date: /home/julia/workspace/install/share/sdformat13/1.10/rfidtag.xsd
[0.648s] -- Up-to-date: /home/julia/workspace/install/share/sdformat13/1.10/rfid.xsd
[0.649s] -- Up-to-date: /home/julia/workspace/install/share/sdformat13/1.10/road.xsd
[0.649s] -- Up-to-date: /home/julia/workspace/install/share/sdformat13/1.10/root.xsd
[0.649s] -- Up-to-date: /home/julia/workspace/install/share/sdformat13/1.10/scene.xsd
[0.649s] -- Up-to-date: /home/julia/workspace/install/share/sdformat13/1.10/sensor.xsd
[0.649s] -- Up-to-date: /home/julia/workspace/install/share/sdformat13/1.10/spherical_coordinates.xsd
[0.649s] -- Up-to-date: /home/julia/workspace/install/share/sdformat13/1.10/sphere_shape.xsd
[0.649s] -- Up-to-date: /home/julia/workspace/install/share/sdformat13/1.10/sonar.xsd
[0.649s] -- Up-to-date: /home/julia/workspace/install/share/sdformat13/1.10/state.xsd
[0.650s] -- Up-to-date: /home/julia/workspace/install/share/sdformat13/1.10/surface.xsd
[0.650s] -- Up-to-date: /home/julia/workspace/install/share/sdformat13/1.10/transceiver.xsd
[0.650s] -- Up-to-date: /home/julia/workspace/install/share/sdformat13/1.10/visual.xsd
[0.650s] -- Up-to-date: /home/julia/workspace/install/share/sdformat13/1.10/world.xsd
[0.650s] -- Up-to-date: /home/julia/workspace/install/share/gz/sdformat13.yaml
[0.669s] -- Up-to-date: /home/julia/workspace/install/lib/python/sdformat13.cpython-38-x86_64-linux-gnu.so
[0.689s] Invoked command in '/home/julia/workspace/build/sdformat13' returned '0': /usr/bin/cmake --install /home/julia/workspace/build/sdformat13
