[0.045s] Invoking command in '/home/julia/workspace/build/gz-physics6': CMAKE_PREFIX_PATH=/home/julia/workspace/install LD_LIBRARY_PATH=/home/julia/workspace/install/lib PATH=/home/julia/workspace/install/bin:${PATH} PKG_CONFIG_PATH=/home/julia/workspace/install/lib/pkgconfig /usr/bin/cmake /home/julia/workspace/src/gz-physics -DBUILD_TESTING=OFF -DCMAKE_INSTALL_PREFIX=/home/julia/workspace/install
[0.115s] -- The C compiler identification is GNU 9.4.0
[0.172s] -- The CXX compiler identification is GNU 9.4.0
[0.177s] -- Check for working C compiler: /usr/bin/cc
[0.261s] -- Check for working C compiler: /usr/bin/cc -- works
[0.262s] -- Detecting C compiler ABI info
[0.350s] -- Detecting C compiler ABI info - done
[0.361s] -- Detecting C compile features
[0.361s] -- Detecting C compile features - done
[0.364s] -- Check for working CXX compiler: /usr/bin/c++
[0.459s] -- Check for working CXX compiler: /usr/bin/c++ -- works
[0.460s] -- Detecting CXX compiler ABI info
[0.556s] -- Detecting CXX compiler ABI info - done
[0.570s] -- Detecting CXX compile features
[0.571s] -- Detecting CXX compile features - done
[0.578s] -- gz-physics6 version 6.3.0
[0.578s] -- Operating system is Linux
[0.587s] -- Found CPack generators: DEB
[0.595s] -- 
[0.595s] 
[0.596s] -- ====== Finding Dependencies ======
[0.596s] -- Looking for gz-common5 -- found version 5.3.1
[0.597s] -- Searching for dependencies of gz-common5
[0.598s] -- Looking for gz-utils2 -- found version 2.0.0
[0.599s] -- Searching for dependencies of gz-utils2
[0.600s] -- Looking for dlfcn.h - found
[0.606s] -- Looking for libdl - found
[0.608s] -- Found DL: TRUE  
[0.613s] -- Checking for module 'uuid'
[0.633s] --   Found uuid, version 2.34.0
[0.683s] -- Found UUID: TRUE  
[0.684s] -- Searching for <gz-common5> component [geospatial]
[0.685s] -- Looking for gz-common5-geospatial -- found version 5.3.1
[0.685s] -- Searching for dependencies of gz-common5-geospatial
[0.686s] -- Looking for gz-math7 -- found version 7.1.0
[0.686s] -- Searching for dependencies of gz-math7
[0.687s] -- Looking for gz-utils2 -- found version 2.0.0
[0.688s] -- Looking for gz-common5 -- found version 5.3.1
[0.689s] -- Searching for dependencies of gz-common5
[0.690s] -- Looking for gz-utils2 -- found version 2.0.0
[0.690s] -- Looking for dlfcn.h - found
[0.690s] -- Looking for libdl - found
[0.699s] -- Searching for <gz-common5> component [graphics]
[0.699s] -- Looking for gz-common5-graphics -- found version 5.3.1
[0.700s] -- Searching for dependencies of gz-common5-graphics
[0.701s] -- Looking for gz-math7 -- found version 7.1.0
[0.703s] -- Found GzAssimp: TRUE (found version "5.0.0") 
[0.705s] -- Searching for <gz-common5> component [graphics]
[0.706s] -- Searching for <gz-common5> component [profiler]
[0.706s] -- Looking for gz-common5-profiler -- found version 5.3.1
[0.707s] -- Searching for dependencies of gz-common5-profiler
[0.708s] -- Looking for gz-common5 - found
[0.708s] 
[0.710s] -- Looking for gz-math7 -- found version 7.1.0
[0.711s] -- Searching for dependencies of gz-math7
[0.711s] -- Looking for gz-utils2 -- found version 2.0.0
[0.711s] -- Searching for <gz-math7> component [eigen3]
[0.712s] -- Looking for gz-math7-eigen3 -- found version 7.1.0
[0.713s] -- Searching for dependencies of gz-math7-eigen3
[0.715s] -- Looking for gz-math7 - found
[0.715s] 
[0.717s] -- Looking for gz-plugin2 -- found version 2.0.1
[0.717s] -- Searching for dependencies of gz-plugin2
[0.717s] -- Looking for gz-utils2 -- found version 2.0.0
[0.718s] -- Searching for dependencies of gz-utils2
[0.718s] -- Searching for <gz-utils2> component [cli]
[0.719s] -- Looking for gz-utils2-cli -- found version 2.0.0
[0.720s] -- Searching for dependencies of gz-utils2-cli
[0.721s] -- Searching for <gz-plugin2> component [all]
[0.722s] -- Looking for all libraries of gz-plugin2 -- found version 2.0.1
[0.722s] -- Looking for gz-plugin2 -- found version 2.0.1
[0.724s] -- Looking for gz-plugin2-loader -- found version 2.0.1
[0.724s] -- Searching for dependencies of gz-plugin2-loader
[0.726s] -- Looking for gz-plugin2-register -- found version 2.0.1
[0.726s] -- Searching for dependencies of gz-plugin2-register
[0.727s] -- Looking for gz-plugin2 - found
[0.728s] 
[0.728s] -- Looking for gz-utils2 -- found version 2.0.0
[0.728s] -- Looking for gz-utils2 - found
[0.729s] 
[0.730s] -- Looking for EIGEN3 - found
[0.730s] 
[0.731s] -- Looking for sdformat13 -- found version 13.3.0
[0.731s] -- Searching for dependencies of sdformat13
[0.736s] -- Checking for module 'tinyxml2'
[0.755s] --   Found tinyxml2, version 6.2.0
[0.804s] -- Looking for gz-math7 -- found version 7.1.0
[0.805s] -- Looking for gz-utils2 -- found version 2.0.0
[0.807s] -- Looking for sdformat13 - found
[0.807s] 
[0.926s] -- Found ccd: /usr/include (found suitable version "2.0", minimum required is "2.0") 
[1.013s] -- Found fcl: /usr/include (found suitable version "0.5.0", minimum required is "0.3.2") 
[1.099s] -- Found assimp: /usr/include (found version "5.0.0") 
[1.241s] -- Found DART: /usr/include (Required is at least version "6.9") found components: collision-bullet collision-ode utils utils-urdf dart 
[1.242s] -- Looking for DART - found
[1.242s] 
[1.253s] -- Found Bullet: /usr/lib/x86_64-linux-gnu/libBulletDynamics.so  
[1.253s] -- Looking for GzBullet - found
[1.254s] 
[1.254s] -- -------------------------------------------
[1.254s] 
[2.488s] -- 
[2.489s] -- Searching for host SSE information
[2.526s] -- SSE2 found
[2.526s] -- SSE3 found
[2.526s] -- SSE4.1 found
[2.527s] -- SSE4.2 found
[2.551s] -- Configuring library: gz-physics6
[2.554s] -- Performing Test COMPILER_HAS_HIDDEN_VISIBILITY
[2.654s] -- Performing Test COMPILER_HAS_HIDDEN_VISIBILITY - Success
[2.655s] -- Performing Test COMPILER_HAS_HIDDEN_INLINE_VISIBILITY
[2.732s] -- Performing Test COMPILER_HAS_HIDDEN_INLINE_VISIBILITY - Success
[2.732s] -- Performing Test COMPILER_HAS_DEPRECATED_ATTR
[2.806s] -- Performing Test COMPILER_HAS_DEPRECATED_ATTR - Success
[2.810s] -- Testing is disabled -- skipping UNIT tests
[2.817s] -- Configuring library: gz-physics6-sdf
[2.821s] -- Configuring library: gz-physics6-heightmap
[2.824s] -- Configuring library: gz-physics6-mesh
[2.827s] -- Configuring library: gz-physics6-dartsim
[2.829s] -- Configuring library: gz-physics6-dartsim-plugin
[2.839s] -- Looking for C++ include dart/constraint/ContactSurface.hpp
[2.877s] -- Looking for C++ include dart/constraint/ContactSurface.hpp - not found
[2.877s] -- The version of DART does not support Contact constraint customizations.
[2.890s] -- Testing is disabled -- skipping UNIT tests
[2.893s] -- Configuring library: gz-physics6-tpelib
[2.898s] -- Testing is disabled -- skipping UNIT_tpelib tests
[2.899s] -- Configuring library: gz-physics6-tpe
[2.901s] -- Configuring library: gz-physics6-tpe-plugin
[2.917s] -- Testing is disabled -- skipping UNIT_tpe tests
[2.920s] -- Configuring library: gz-physics6-bullet
[2.922s] -- Configuring library: gz-physics6-bullet-plugin
[2.942s] -- Configuring library: gz-physics6-bullet-featherstone
[2.944s] -- Configuring library: gz-physics6-bullet-featherstone-plugin
[3.085s] -- The program [cppcheck] was not found! Skipping codecheck setup
[3.085s] -- Build configuration successful
[3.085s] -- Build type: RelWithDebInfo
[3.085s] -- Install prefix: /home/julia/workspace/install
[3.091s] -- Could NOT find Doxygen (missing: DOXYGEN_EXECUTABLE) 
[3.152s] -- Configuring done
[3.225s] -- Generating done
[3.229s] -- Build files have been written to: /home/julia/workspace/build/gz-physics6
[3.244s] Invoked command in '/home/julia/workspace/build/gz-physics6' returned '0': CMAKE_PREFIX_PATH=/home/julia/workspace/install LD_LIBRARY_PATH=/home/julia/workspace/install/lib PATH=/home/julia/workspace/install/bin:${PATH} PKG_CONFIG_PATH=/home/julia/workspace/install/lib/pkgconfig /usr/bin/cmake /home/julia/workspace/src/gz-physics -DBUILD_TESTING=OFF -DCMAKE_INSTALL_PREFIX=/home/julia/workspace/install
[3.246s] Invoking command in '/home/julia/workspace/build/gz-physics6': CMAKE_PREFIX_PATH=/home/julia/workspace/install LD_LIBRARY_PATH=/home/julia/workspace/install/lib PATH=/home/julia/workspace/install/bin:${PATH} PKG_CONFIG_PATH=/home/julia/workspace/install/lib/pkgconfig /usr/bin/cmake --build /home/julia/workspace/build/gz-physics6 -- -j3 -l3
[3.301s] [35m[1mScanning dependencies of target gz-physics6[0m
[3.328s] [  1%] [32mBuilding CXX object src/CMakeFiles/gz-physics6.dir/CanReadData.cc.o[0m
[3.891s] [  3%] [32mBuilding CXX object src/CMakeFiles/gz-physics6.dir/CompositeData.cc.o[0m
[4.715s] [  4%] [32mBuilding CXX object src/CMakeFiles/gz-physics6.dir/DataStatusMask.cc.o[0m
[5.057s] [  6%] [32mBuilding CXX object src/CMakeFiles/gz-physics6.dir/FrameID.cc.o[0m
[5.447s] [  7%] [32mBuilding CXX object src/CMakeFiles/gz-physics6.dir/Identity.cc.o[0m
[5.984s] [  9%] [32mBuilding CXX object src/CMakeFiles/gz-physics6.dir/CanWriteData.cc.o[0m
[6.462s] [ 10%] [32m[1mLinking CXX shared library ../lib/libgz-physics6.so[0m
[6.557s] [ 10%] Built target gz-physics6
[6.569s] [35m[1mScanning dependencies of target gz-physics6-dartsim-plugin[0m
[6.831s] [ 12%] [32mBuilding CXX object dartsim/CMakeFiles/gz-physics6-dartsim-plugin.dir/src/AddedMassFeatures.cc.o[0m
[15.100s] [ 14%] [32mBuilding CXX object dartsim/CMakeFiles/gz-physics6-dartsim-plugin.dir/src/CustomFeatures.cc.o[0m
[22.620s] [ 15%] [32mBuilding CXX object dartsim/CMakeFiles/gz-physics6-dartsim-plugin.dir/src/CustomHeightmapShape.cc.o[0m
[25.582s] [ 17%] [32mBuilding CXX object dartsim/CMakeFiles/gz-physics6-dartsim-plugin.dir/src/CustomMeshShape.cc.o[0m
[28.282s] [ 18%] [32mBuilding CXX object dartsim/CMakeFiles/gz-physics6-dartsim-plugin.dir/src/EntityManagementFeatures.cc.o[0m
[34.844s] [35m[1mScanning dependencies of target gz-physics6-bullet-plugin[0m
[35.090s] [ 20%] [32mBuilding CXX object bullet/CMakeFiles/gz-physics6-bullet-plugin.dir/src/EntityManagementFeatures.cc.o[0m
[36.105s] [35m[1mScanning dependencies of target gz-physics6-tpelib[0m
[36.192s] [ 21%] [32mBuilding CXX object tpe/lib/CMakeFiles/gz-physics6-tpelib.dir/src/AABBTree.cc.o[0m
[38.814s] [ 23%] [32mBuilding CXX object tpe/lib/CMakeFiles/gz-physics6-tpelib.dir/src/Collision.cc.o[0m
[41.123s] [ 25%] [32mBuilding CXX object tpe/lib/CMakeFiles/gz-physics6-tpelib.dir/src/CollisionDetector.cc.o[0m
[43.287s] [ 26%] [32mBuilding CXX object tpe/lib/CMakeFiles/gz-physics6-tpelib.dir/src/Engine.cc.o[0m
[43.810s] [ 28%] [32mBuilding CXX object bullet/CMakeFiles/gz-physics6-bullet-plugin.dir/src/FreeGroupFeatures.cc.o[0m
[45.087s] [ 29%] [32mBuilding CXX object tpe/lib/CMakeFiles/gz-physics6-tpelib.dir/src/Entity.cc.o[0m
[45.153s] [ 31%] [32mBuilding CXX object dartsim/CMakeFiles/gz-physics6-dartsim-plugin.dir/src/FreeGroupFeatures.cc.o[0m
[46.635s] [ 32%] [32mBuilding CXX object tpe/lib/CMakeFiles/gz-physics6-tpelib.dir/src/Link.cc.o[0m
[47.740s] [ 34%] [32mBuilding CXX object tpe/lib/CMakeFiles/gz-physics6-tpelib.dir/src/Model.cc.o[0m
[48.260s] [ 35%] [32mBuilding CXX object bullet/CMakeFiles/gz-physics6-bullet-plugin.dir/src/JointFeatures.cc.o[0m
[49.152s] [ 37%] [32mBuilding CXX object tpe/lib/CMakeFiles/gz-physics6-tpelib.dir/src/Shape.cc.o[0m
[50.629s] [ 39%] [32mBuilding CXX object tpe/lib/CMakeFiles/gz-physics6-tpelib.dir/src/Utils.cc.o[0m
[51.836s] [ 40%] [32mBuilding CXX object tpe/lib/CMakeFiles/gz-physics6-tpelib.dir/src/World.cc.o[0m
[53.183s] [ 42%] [32mBuilding CXX object tpe/lib/CMakeFiles/gz-physics6-tpelib.dir/src/aabb_tree/AABB.cc.o[0m
[53.403s] [ 43%] [32mBuilding CXX object bullet/CMakeFiles/gz-physics6-bullet-plugin.dir/src/KinematicsFeatures.cc.o[0m
[56.447s] [ 45%] [32m[1mLinking CXX shared library ../../lib/libgz-physics6-tpelib.so[0m
[56.757s] [ 45%] Built target gz-physics6-tpelib
[58.171s] [ 46%] [32mBuilding CXX object dartsim/CMakeFiles/gz-physics6-dartsim-plugin.dir/src/JointFeatures.cc.o[0m
[58.495s] [ 48%] [32mBuilding CXX object bullet/CMakeFiles/gz-physics6-bullet-plugin.dir/src/SDFFeatures.cc.o[0m
[66.482s] [ 50%] [32mBuilding CXX object bullet/CMakeFiles/gz-physics6-bullet-plugin.dir/src/ShapeFeatures.cc.o[0m
[70.330s] [ 51%] [32mBuilding CXX object bullet/CMakeFiles/gz-physics6-bullet-plugin.dir/src/SimulationFeatures.cc.o[0m
[74.172s] [ 53%] [32mBuilding CXX object bullet/CMakeFiles/gz-physics6-bullet-plugin.dir/src/plugin.cc.o[0m
[76.912s] [ 54%] [32mBuilding CXX object dartsim/CMakeFiles/gz-physics6-dartsim-plugin.dir/src/KinematicsFeatures.cc.o[0m
[85.729s] [ 56%] [32mBuilding CXX object dartsim/CMakeFiles/gz-physics6-dartsim-plugin.dir/src/LinkFeatures.cc.o[0m
[87.083s] [ 57%] [32m[1mLinking CXX shared library ../lib/libgz-physics6-bullet-plugin.so[0m
[87.453s] [ 57%] Built target gz-physics6-bullet-plugin
[92.747s] [ 59%] [32mBuilding CXX object dartsim/CMakeFiles/gz-physics6-dartsim-plugin.dir/src/SDFFeatures.cc.o[0m
[122.842s] [ 60%] [32mBuilding CXX object dartsim/CMakeFiles/gz-physics6-dartsim-plugin.dir/src/ShapeFeatures.cc.o[0m
[141.055s] [ 62%] [32mBuilding CXX object dartsim/CMakeFiles/gz-physics6-dartsim-plugin.dir/src/SimulationFeatures.cc.o[0m
[154.365s] [ 64%] [32mBuilding CXX object dartsim/CMakeFiles/gz-physics6-dartsim-plugin.dir/src/WorldFeatures.cc.o[0m
[164.862s] [ 65%] [32mBuilding CXX object dartsim/CMakeFiles/gz-physics6-dartsim-plugin.dir/src/plugin.cc.o[0m
[233.598s] [ 67%] [32m[1mLinking CXX shared library ../lib/libgz-physics6-dartsim-plugin.so[0m
[235.148s] [ 67%] Built target gz-physics6-dartsim-plugin
[235.160s] [35m[1mScanning dependencies of target gz-physics6-bullet-featherstone-plugin[0m
[235.161s] [35m[1mScanning dependencies of target gz-physics6-tpe-plugin[0m
[235.284s] [ 68%] [32mBuilding CXX object tpe/plugin/CMakeFiles/gz-physics6-tpe-plugin.dir/src/CustomFeatures.cc.o[0m
[235.287s] [ 70%] [32mBuilding CXX object tpe/plugin/CMakeFiles/gz-physics6-tpe-plugin.dir/src/EntityManagementFeatures.cc.o[0m
[235.397s] [ 71%] [32mBuilding CXX object bullet-featherstone/CMakeFiles/gz-physics6-bullet-featherstone-plugin.dir/src/Base.cc.o[0m
[237.184s] [ 73%] [32mBuilding CXX object tpe/plugin/CMakeFiles/gz-physics6-tpe-plugin.dir/src/FreeGroupFeatures.cc.o[0m
[242.268s] [ 75%] [32mBuilding CXX object bullet-featherstone/CMakeFiles/gz-physics6-bullet-featherstone-plugin.dir/src/EntityManagementFeatures.cc.o[0m
[246.481s] [ 76%] [32mBuilding CXX object tpe/plugin/CMakeFiles/gz-physics6-tpe-plugin.dir/src/KinematicsFeatures.cc.o[0m
[252.890s] [ 78%] [32mBuilding CXX object tpe/plugin/CMakeFiles/gz-physics6-tpe-plugin.dir/src/SDFFeatures.cc.o[0m
[254.881s] [ 79%] [32mBuilding CXX object bullet-featherstone/CMakeFiles/gz-physics6-bullet-featherstone-plugin.dir/src/FreeGroupFeatures.cc.o[0m
[262.803s] [ 81%] [32mBuilding CXX object bullet-featherstone/CMakeFiles/gz-physics6-bullet-featherstone-plugin.dir/src/JointFeatures.cc.o[0m
[263.932s] [ 82%] [32mBuilding CXX object tpe/plugin/CMakeFiles/gz-physics6-tpe-plugin.dir/src/ShapeFeatures.cc.o[0m
[270.060s] [ 84%] [32mBuilding CXX object bullet-featherstone/CMakeFiles/gz-physics6-bullet-featherstone-plugin.dir/src/KinematicsFeatures.cc.o[0m
[270.763s] [ 85%] [32mBuilding CXX object tpe/plugin/CMakeFiles/gz-physics6-tpe-plugin.dir/src/SimulationFeatures.cc.o[0m
[273.999s] [ 87%] [32mBuilding CXX object tpe/plugin/CMakeFiles/gz-physics6-tpe-plugin.dir/src/plugin.cc.o[0m
[274.505s] [ 89%] [32mBuilding CXX object bullet-featherstone/CMakeFiles/gz-physics6-bullet-featherstone-plugin.dir/src/LinkFeatures.cc.o[0m
[277.969s] [ 90%] [32mBuilding CXX object bullet-featherstone/CMakeFiles/gz-physics6-bullet-featherstone-plugin.dir/src/SDFFeatures.cc.o[0m
[289.355s] [ 92%] [32mBuilding CXX object bullet-featherstone/CMakeFiles/gz-physics6-bullet-featherstone-plugin.dir/src/ShapeFeatures.cc.o[0m
[294.553s] [ 93%] [32m[1mLinking CXX shared library ../../lib/libgz-physics6-tpe-plugin.so[0m
[294.934s] [ 93%] Built target gz-physics6-tpe-plugin
[297.254s] [ 95%] [32mBuilding CXX object bullet-featherstone/CMakeFiles/gz-physics6-bullet-featherstone-plugin.dir/src/WorldFeatures.cc.o[0m
[301.572s] [ 96%] [32mBuilding CXX object bullet-featherstone/CMakeFiles/gz-physics6-bullet-featherstone-plugin.dir/src/plugin.cc.o[0m
[340.182s] [ 98%] [32mBuilding CXX object bullet-featherstone/CMakeFiles/gz-physics6-bullet-featherstone-plugin.dir/src/SimulationFeatures.cc.o[0m
[349.260s] [100%] [32m[1mLinking CXX shared library ../lib/libgz-physics6-bullet-featherstone-plugin.so[0m
[350.733s] [100%] Built target gz-physics6-bullet-featherstone-plugin
[350.773s] Invoked command in '/home/julia/workspace/build/gz-physics6' returned '0': CMAKE_PREFIX_PATH=/home/julia/workspace/install LD_LIBRARY_PATH=/home/julia/workspace/install/lib PATH=/home/julia/workspace/install/bin:${PATH} PKG_CONFIG_PATH=/home/julia/workspace/install/lib/pkgconfig /usr/bin/cmake --build /home/julia/workspace/build/gz-physics6 -- -j3 -l3
[351.032s] Invoking command in '/home/julia/workspace/build/gz-physics6': CMAKE_PREFIX_PATH=/home/julia/workspace/install LD_LIBRARY_PATH=/home/julia/workspace/install/lib PATH=/home/julia/workspace/install/bin:${PATH} PKG_CONFIG_PATH=/home/julia/workspace/install/lib/pkgconfig /usr/bin/cmake --install /home/julia/workspace/build/gz-physics6
[351.067s] -- Install configuration: "RelWithDebInfo"
[351.068s] -- Installing: /home/julia/workspace/install/lib/cmake/gz-physics6-all/gz-physics6-all-config.cmake
[351.068s] -- Installing: /home/julia/workspace/install/lib/cmake/gz-physics6-all/gz-physics6-all-config-version.cmake
[351.069s] -- Installing: /home/julia/workspace/install/lib/cmake/gz-physics6-all/gz-physics6-all-targets.cmake
[351.088s] -- Installing: /home/julia/workspace/install/include/gz/physics6/gz/physics/detail/Export.hh
[351.088s] -- Installing: /home/julia/workspace/install/include/gz/physics6/gz/physics/Export.hh
[351.088s] -- Installing: /home/julia/workspace/install/lib/libgz-physics6.so.6.3.0
[351.092s] -- Installing: /home/julia/workspace/install/lib/libgz-physics6.so.6
[351.093s] -- Set runtime path of "/home/julia/workspace/install/lib/libgz-physics6.so.6.3.0" to ""
[351.093s] -- Installing: /home/julia/workspace/install/lib/libgz-physics6.so
[351.093s] -- Installing: /home/julia/workspace/install/lib/cmake/gz-physics6/gz-physics6-config.cmake
[351.099s] -- Installing: /home/julia/workspace/install/lib/cmake/gz-physics6/gz-physics6-config-version.cmake
[351.100s] -- Installing: /home/julia/workspace/install/lib/cmake/gz-physics6/gz-physics6-targets.cmake
[351.100s] -- Installing: /home/julia/workspace/install/lib/cmake/gz-physics6/gz-physics6-targets-relwithdebinfo.cmake
[351.101s] -- Installing: /home/julia/workspace/install/lib/pkgconfig/gz-physics6.pc
[351.101s] -- Installing: /home/julia/workspace/install/include/gz/physics6/ignition
[351.101s] -- Installing: /home/julia/workspace/install/include/gz/physics6/ignition/physics.hh
[351.106s] -- Installing: /home/julia/workspace/install/include/gz/physics6/ignition/physics
[351.106s] -- Installing: /home/julia/workspace/install/include/gz/physics6/ignition/physics/CompositeData.hh
[351.107s] -- Installing: /home/julia/workspace/install/include/gz/physics6/ignition/physics/DeclareJointType.hh
[351.107s] -- Installing: /home/julia/workspace/install/include/gz/physics6/ignition/physics/CapsuleShape.hh
[351.107s] -- Installing: /home/julia/workspace/install/include/gz/physics6/ignition/physics/FreeGroup.hh
[351.108s] -- Installing: /home/julia/workspace/install/include/gz/physics6/ignition/physics/RequestFeatures.hh
[351.108s] -- Installing: /home/julia/workspace/install/include/gz/physics6/ignition/physics/RequestEngine.hh
[351.109s] -- Installing: /home/julia/workspace/install/include/gz/physics6/ignition/physics/TemplateHelpers.hh
[351.109s] -- Installing: /home/julia/workspace/install/include/gz/physics6/ignition/physics/ContactProperties.hh
[351.110s] -- Installing: /home/julia/workspace/install/include/gz/physics6/ignition/physics/PlaneShape.hh
[351.110s] -- Installing: /home/julia/workspace/install/include/gz/physics6/ignition/physics/RevoluteJoint.hh
[351.111s] -- Installing: /home/julia/workspace/install/include/gz/physics6/ignition/physics/Joint.hh
[351.111s] -- Installing: /home/julia/workspace/install/include/gz/physics6/ignition/physics/RemoveEntities.hh
[351.112s] -- Installing: /home/julia/workspace/install/include/gz/physics6/ignition/physics/Feature.hh
[351.112s] -- Installing: /home/julia/workspace/install/include/gz/physics6/ignition/physics/CanReadData.hh
[351.113s] -- Installing: /home/julia/workspace/install/include/gz/physics6/ignition/physics/PrismaticJoint.hh
[351.113s] -- Installing: /home/julia/workspace/install/include/gz/physics6/ignition/physics/FrameData.hh
[351.114s] -- Installing: /home/julia/workspace/install/include/gz/physics6/ignition/physics/FreeJoint.hh
[351.114s] -- Installing: /home/julia/workspace/install/include/gz/physics6/ignition/physics/SphereShape.hh
[351.115s] -- Installing: /home/julia/workspace/install/include/gz/physics6/ignition/physics/Link.hh
[351.115s] -- Installing: /home/julia/workspace/install/include/gz/physics6/ignition/physics/RegisterMore.hh
[351.116s] -- Installing: /home/julia/workspace/install/include/gz/physics6/ignition/physics/FrameID.hh
[351.116s] -- Installing: /home/julia/workspace/install/include/gz/physics6/ignition/physics/Entity.hh
[351.117s] -- Installing: /home/julia/workspace/install/include/gz/physics6/ignition/physics/GetContacts.hh
[351.118s] -- Installing: /home/julia/workspace/install/include/gz/physics6/ignition/physics/GetEntities.hh
[351.119s] -- Installing: /home/julia/workspace/install/include/gz/physics6/ignition/physics/Export.hh
[351.119s] -- Installing: /home/julia/workspace/install/include/gz/physics6/ignition/physics/OperateOnSpecifiedData.hh
[351.120s] -- Installing: /home/julia/workspace/install/include/gz/physics6/ignition/physics/FeaturePolicy.hh
[351.120s] -- Installing: /home/julia/workspace/install/include/gz/physics6/ignition/physics/World.hh
[351.121s] -- Installing: /home/julia/workspace/install/include/gz/physics6/ignition/physics/Shape.hh
[351.121s] -- Installing: /home/julia/workspace/install/include/gz/physics6/ignition/physics/ForwardStep.hh
[351.122s] -- Installing: /home/julia/workspace/install/include/gz/physics6/ignition/physics/RelativeQuantity.hh
[351.122s] -- Installing: /home/julia/workspace/install/include/gz/physics6/ignition/physics/FixedJoint.hh
[351.123s] -- Installing: /home/julia/workspace/install/include/gz/physics6/ignition/physics/FeatureList.hh
[351.123s] -- Installing: /home/julia/workspace/install/include/gz/physics6/ignition/physics/EllipsoidShape.hh
[351.124s] -- Installing: /home/julia/workspace/install/include/gz/physics6/ignition/physics/ConstructEmpty.hh
[351.124s] -- Installing: /home/julia/workspace/install/include/gz/physics6/ignition/physics/Cloneable.hh
[351.124s] -- Installing: /home/julia/workspace/install/include/gz/physics6/ignition/physics/BoxShape.hh
[351.125s] -- Installing: /home/julia/workspace/install/include/gz/physics6/ignition/physics/Geometry.hh
[351.126s] -- Installing: /home/julia/workspace/install/include/gz/physics6/ignition/physics/Implements.hh
[351.126s] -- Installing: /home/julia/workspace/install/include/gz/physics6/ignition/physics/FindFeatures.hh
[351.127s] -- Installing: /home/julia/workspace/install/include/gz/physics6/ignition/physics/SpecifyData.hh
[351.127s] -- Installing: /home/julia/workspace/install/include/gz/physics6/ignition/physics/Register.hh
[351.128s] -- Installing: /home/julia/workspace/install/include/gz/physics6/ignition/physics/config.hh
[351.128s] -- Installing: /home/julia/workspace/install/include/gz/physics6/ignition/physics/CylinderShape.hh
[351.129s] -- Installing: /home/julia/workspace/install/include/gz/physics6/ignition/physics/FrameSemantics.hh
[351.129s] -- Installing: /home/julia/workspace/install/include/gz/physics6/ignition/physics/DeclareShapeType.hh
[351.130s] -- Installing: /home/julia/workspace/install/include/gz/physics6/ignition/physics/GetBoundingBox.hh
[351.130s] -- Installing: /home/julia/workspace/install/include/gz/physics6/ignition/physics/CanWriteData.hh
[351.130s] -- Installing: /home/julia/workspace/install/include/gz/physics6/ignition/physics/DataStatusMask.hh
[351.132s] -- Installing: /home/julia/workspace/install/include/gz/physics6/gz/physics/detail/BoxShape.hh
[351.132s] -- Installing: /home/julia/workspace/install/include/gz/physics6/gz/physics/detail/CanReadData.hh
[351.133s] -- Installing: /home/julia/workspace/install/include/gz/physics6/gz/physics/detail/CanWriteData.hh
[351.133s] -- Installing: /home/julia/workspace/install/include/gz/physics6/gz/physics/detail/CapsuleShape.hh
[351.133s] -- Installing: /home/julia/workspace/install/include/gz/physics6/gz/physics/detail/Cloneable.hh
[351.133s] -- Installing: /home/julia/workspace/install/include/gz/physics6/gz/physics/detail/CompositeData.hh
[351.133s] -- Installing: /home/julia/workspace/install/include/gz/physics6/gz/physics/detail/ConstructEmpty.hh
[351.133s] -- Installing: /home/julia/workspace/install/include/gz/physics6/gz/physics/detail/ContactProperties.hh
[351.133s] -- Installing: /home/julia/workspace/install/include/gz/physics6/gz/physics/detail/CylinderShape.hh
[351.133s] -- Installing: /home/julia/workspace/install/include/gz/physics6/gz/physics/detail/DeclareDerivedType.hh
[351.134s] -- Installing: /home/julia/workspace/install/include/gz/physics6/gz/physics/detail/EllipsoidShape.hh
[351.134s] -- Installing: /home/julia/workspace/install/include/gz/physics6/gz/physics/detail/Entity.hh
[351.134s] -- Installing: /home/julia/workspace/install/include/gz/physics6/gz/physics/detail/FeatureList.hh
[351.134s] -- Installing: /home/julia/workspace/install/include/gz/physics6/gz/physics/detail/FindFeatures.hh
[351.135s] -- Installing: /home/julia/workspace/install/include/gz/physics6/gz/physics/detail/FixedJoint.hh
[351.135s] -- Installing: /home/julia/workspace/install/include/gz/physics6/gz/physics/detail/FrameData.hh
[351.135s] -- Installing: /home/julia/workspace/install/include/gz/physics6/gz/physics/detail/FrameSemantics.hh
[351.135s] -- Installing: /home/julia/workspace/install/include/gz/physics6/gz/physics/detail/FreeGroup.hh
[351.135s] -- Installing: /home/julia/workspace/install/include/gz/physics6/gz/physics/detail/FreeJoint.hh
[351.135s] -- Installing: /home/julia/workspace/install/include/gz/physics6/gz/physics/detail/GetBoundingBox.hh
[351.136s] -- Installing: /home/julia/workspace/install/include/gz/physics6/gz/physics/detail/GetContacts.hh
[351.136s] -- Installing: /home/julia/workspace/install/include/gz/physics6/gz/physics/detail/GetEntities.hh
[351.136s] -- Installing: /home/julia/workspace/install/include/gz/physics6/gz/physics/detail/Identity.hh
[351.136s] -- Installing: /home/julia/workspace/install/include/gz/physics6/gz/physics/detail/InspectFeatures.hh
[351.136s] -- Installing: /home/julia/workspace/install/include/gz/physics6/gz/physics/detail/Joint.hh
[351.136s] -- Installing: /home/julia/workspace/install/include/gz/physics6/gz/physics/detail/Link.hh
[351.136s] -- Installing: /home/julia/workspace/install/include/gz/physics6/gz/physics/detail/OperateOnSpecifiedData.hh
[351.137s] -- Installing: /home/julia/workspace/install/include/gz/physics6/gz/physics/detail/PlaneShape.hh
[351.137s] -- Installing: /home/julia/workspace/install/include/gz/physics6/gz/physics/detail/PrismaticJoint.hh
[351.137s] -- Installing: /home/julia/workspace/install/include/gz/physics6/gz/physics/detail/PrivateSpecifyData.hh
[351.137s] -- Installing: /home/julia/workspace/install/include/gz/physics6/gz/physics/detail/Register.hh
[351.137s] -- Installing: /home/julia/workspace/install/include/gz/physics6/gz/physics/detail/RelativeQuantity.hh
[351.137s] -- Installing: /home/julia/workspace/install/include/gz/physics6/gz/physics/detail/RemoveEntities.hh
[351.137s] -- Installing: /home/julia/workspace/install/include/gz/physics6/gz/physics/detail/RequestEngine.hh
[351.137s] -- Installing: /home/julia/workspace/install/include/gz/physics6/gz/physics/detail/RequestFeatures.hh
[351.148s] -- Installing: /home/julia/workspace/install/include/gz/physics6/gz/physics/detail/RevoluteJoint.hh
[351.148s] -- Installing: /home/julia/workspace/install/include/gz/physics6/gz/physics/detail/Shape.hh
[351.148s] -- Installing: /home/julia/workspace/install/include/gz/physics6/gz/physics/detail/SpecifyData.hh
[351.148s] -- Installing: /home/julia/workspace/install/include/gz/physics6/gz/physics/detail/SphereShape.hh
[351.148s] -- Installing: /home/julia/workspace/install/include/gz/physics6/gz/physics/detail/World.hh
[351.149s] -- Installing: /home/julia/workspace/install/include/gz/physics6/gz/physics/AddedMass.hh
[351.150s] -- Installing: /home/julia/workspace/install/include/gz/physics6/gz/physics/BoxShape.hh
[351.150s] -- Installing: /home/julia/workspace/install/include/gz/physics6/gz/physics/CanReadData.hh
[351.150s] -- Installing: /home/julia/workspace/install/include/gz/physics6/gz/physics/CanWriteData.hh
[351.150s] -- Installing: /home/julia/workspace/install/include/gz/physics6/gz/physics/CapsuleShape.hh
[351.150s] -- Installing: /home/julia/workspace/install/include/gz/physics6/gz/physics/Cloneable.hh
[351.150s] -- Installing: /home/julia/workspace/install/include/gz/physics6/gz/physics/CompositeData.hh
[351.150s] -- Installing: /home/julia/workspace/install/include/gz/physics6/gz/physics/ConstructEmpty.hh
[351.150s] -- Installing: /home/julia/workspace/install/include/gz/physics6/gz/physics/ContactProperties.hh
[351.151s] -- Installing: /home/julia/workspace/install/include/gz/physics6/gz/physics/CylinderShape.hh
[351.151s] -- Installing: /home/julia/workspace/install/include/gz/physics6/gz/physics/DataStatusMask.hh
[351.151s] -- Installing: /home/julia/workspace/install/include/gz/physics6/gz/physics/DeclareJointType.hh
[351.151s] -- Installing: /home/julia/workspace/install/include/gz/physics6/gz/physics/DeclareShapeType.hh
[351.151s] -- Installing: /home/julia/workspace/install/include/gz/physics6/gz/physics/EllipsoidShape.hh
[351.151s] -- Installing: /home/julia/workspace/install/include/gz/physics6/gz/physics/Entity.hh
[351.151s] -- Installing: /home/julia/workspace/install/include/gz/physics6/gz/physics/Feature.hh
[351.151s] -- Installing: /home/julia/workspace/install/include/gz/physics6/gz/physics/FeatureList.hh
[351.151s] -- Installing: /home/julia/workspace/install/include/gz/physics6/gz/physics/FeaturePolicy.hh
[351.151s] -- Installing: /home/julia/workspace/install/include/gz/physics6/gz/physics/FindFeatures.hh
[351.153s] -- Installing: /home/julia/workspace/install/include/gz/physics6/gz/physics/FixedJoint.hh
[351.153s] -- Installing: /home/julia/workspace/install/include/gz/physics6/gz/physics/ForwardStep.hh
[351.153s] -- Installing: /home/julia/workspace/install/include/gz/physics6/gz/physics/FrameData.hh
[351.153s] -- Installing: /home/julia/workspace/install/include/gz/physics6/gz/physics/FrameID.hh
[351.153s] -- Installing: /home/julia/workspace/install/include/gz/physics6/gz/physics/FrameSemantics.hh
[351.153s] -- Installing: /home/julia/workspace/install/include/gz/physics6/gz/physics/FreeGroup.hh
[351.153s] -- Installing: /home/julia/workspace/install/include/gz/physics6/gz/physics/FreeJoint.hh
[351.153s] -- Installing: /home/julia/workspace/install/include/gz/physics6/gz/physics/Geometry.hh
[351.153s] -- Installing: /home/julia/workspace/install/include/gz/physics6/gz/physics/GetBoundingBox.hh
[351.154s] -- Installing: /home/julia/workspace/install/include/gz/physics6/gz/physics/GetContacts.hh
[351.154s] -- Installing: /home/julia/workspace/install/include/gz/physics6/gz/physics/GetEntities.hh
[351.154s] -- Installing: /home/julia/workspace/install/include/gz/physics6/gz/physics/Implements.hh
[351.155s] -- Installing: /home/julia/workspace/install/include/gz/physics6/gz/physics/Joint.hh
[351.155s] -- Installing: /home/julia/workspace/install/include/gz/physics6/gz/physics/Link.hh
[351.155s] -- Installing: /home/julia/workspace/install/include/gz/physics6/gz/physics/OperateOnSpecifiedData.hh
[351.155s] -- Installing: /home/julia/workspace/install/include/gz/physics6/gz/physics/PlaneShape.hh
[351.155s] -- Installing: /home/julia/workspace/install/include/gz/physics6/gz/physics/PrismaticJoint.hh
[351.155s] -- Installing: /home/julia/workspace/install/include/gz/physics6/gz/physics/Register.hh
[351.155s] -- Installing: /home/julia/workspace/install/include/gz/physics6/gz/physics/RegisterMore.hh
[351.156s] -- Installing: /home/julia/workspace/install/include/gz/physics6/gz/physics/RelativeQuantity.hh
[351.157s] -- Installing: /home/julia/workspace/install/include/gz/physics6/gz/physics/RemoveEntities.hh
[351.157s] -- Installing: /home/julia/workspace/install/include/gz/physics6/gz/physics/RequestEngine.hh
[351.157s] -- Installing: /home/julia/workspace/install/include/gz/physics6/gz/physics/RequestFeatures.hh
[351.158s] -- Installing: /home/julia/workspace/install/include/gz/physics6/gz/physics/RevoluteJoint.hh
[351.158s] -- Installing: /home/julia/workspace/install/include/gz/physics6/gz/physics/Shape.hh
[351.158s] -- Installing: /home/julia/workspace/install/include/gz/physics6/gz/physics/SpecifyData.hh
[351.159s] -- Installing: /home/julia/workspace/install/include/gz/physics6/gz/physics/SphereShape.hh
[351.159s] -- Installing: /home/julia/workspace/install/include/gz/physics6/gz/physics/TemplateHelpers.hh
[351.159s] -- Installing: /home/julia/workspace/install/include/gz/physics6/gz/physics/World.hh
[351.159s] -- Installing: /home/julia/workspace/install/include/gz/physics6/gz/physics/../physics.hh
[351.170s] -- Installing: /home/julia/workspace/install/include/gz/physics6/gz/physics/config.hh
[351.172s] -- Installing: /home/julia/workspace/install/lib/cmake/gz-physics6-sdf/gz-physics6-sdf-config.cmake
[351.172s] -- Installing: /home/julia/workspace/install/lib/cmake/gz-physics6-sdf/gz-physics6-sdf-config-version.cmake
[351.172s] -- Installing: /home/julia/workspace/install/lib/cmake/gz-physics6-sdf/gz-physics6-sdf-targets.cmake
[351.173s] -- Installing: /home/julia/workspace/install/lib/pkgconfig/gz-physics6-sdf.pc
[351.173s] -- Up-to-date: /home/julia/workspace/install/include/gz/physics6
[351.173s] -- Up-to-date: /home/julia/workspace/install/include/gz/physics6/ignition
[351.174s] -- Up-to-date: /home/julia/workspace/install/include/gz/physics6/ignition/physics
[351.174s] -- Installing: /home/julia/workspace/install/include/gz/physics6/ignition/physics/sdf
[351.174s] -- Installing: /home/julia/workspace/install/include/gz/physics6/ignition/physics/sdf/ConstructLink.hh
[351.175s] -- Installing: /home/julia/workspace/install/include/gz/physics6/ignition/physics/sdf/ConstructWorld.hh
[351.176s] -- Installing: /home/julia/workspace/install/include/gz/physics6/ignition/physics/sdf/ConstructNestedModel.hh
[351.177s] -- Installing: /home/julia/workspace/install/include/gz/physics6/ignition/physics/sdf/ConstructModel.hh
[351.177s] -- Installing: /home/julia/workspace/install/include/gz/physics6/ignition/physics/sdf/ConstructCollision.hh
[351.178s] -- Installing: /home/julia/workspace/install/include/gz/physics6/ignition/physics/sdf/ConstructVisual.hh
[351.179s] -- Installing: /home/julia/workspace/install/include/gz/physics6/ignition/physics/sdf/ConstructJoint.hh
[351.180s] -- Up-to-date: /home/julia/workspace/install/include/gz/physics6/gz
[351.180s] -- Up-to-date: /home/julia/workspace/install/include/gz/physics6/gz/physics
[351.180s] -- Installing: /home/julia/workspace/install/include/gz/physics6/gz/physics/sdf
[351.180s] -- Installing: /home/julia/workspace/install/include/gz/physics6/gz/physics/sdf/ConstructLink.hh
[351.180s] -- Installing: /home/julia/workspace/install/include/gz/physics6/gz/physics/sdf/ConstructWorld.hh
[351.180s] -- Installing: /home/julia/workspace/install/include/gz/physics6/gz/physics/sdf/ConstructNestedModel.hh
[351.180s] -- Installing: /home/julia/workspace/install/include/gz/physics6/gz/physics/sdf/ConstructModel.hh
[351.180s] -- Installing: /home/julia/workspace/install/include/gz/physics6/gz/physics/sdf/ConstructCollision.hh
[351.180s] -- Installing: /home/julia/workspace/install/include/gz/physics6/gz/physics/sdf/ConstructVisual.hh
[351.180s] -- Installing: /home/julia/workspace/install/include/gz/physics6/gz/physics/sdf/ConstructJoint.hh
[351.181s] -- Installing: /home/julia/workspace/install/lib/cmake/gz-physics6-heightmap/gz-physics6-heightmap-config.cmake
[351.181s] -- Installing: /home/julia/workspace/install/lib/cmake/gz-physics6-heightmap/gz-physics6-heightmap-config-version.cmake
[351.182s] -- Installing: /home/julia/workspace/install/lib/cmake/gz-physics6-heightmap/gz-physics6-heightmap-targets.cmake
[351.182s] -- Installing: /home/julia/workspace/install/lib/pkgconfig/gz-physics6-heightmap.pc
[351.183s] -- Up-to-date: /home/julia/workspace/install/include/gz/physics6
[351.183s] -- Up-to-date: /home/julia/workspace/install/include/gz/physics6/ignition
[351.183s] -- Up-to-date: /home/julia/workspace/install/include/gz/physics6/ignition/physics
[351.183s] -- Installing: /home/julia/workspace/install/include/gz/physics6/ignition/physics/heightmap
[351.183s] -- Installing: /home/julia/workspace/install/include/gz/physics6/ignition/physics/heightmap/HeightmapShape.hh
[351.183s] -- Up-to-date: /home/julia/workspace/install/include/gz/physics6/gz
[351.183s] -- Up-to-date: /home/julia/workspace/install/include/gz/physics6/gz/physics
[351.183s] -- Installing: /home/julia/workspace/install/include/gz/physics6/gz/physics/heightmap
[351.183s] -- Installing: /home/julia/workspace/install/include/gz/physics6/gz/physics/heightmap/HeightmapShape.hh
[351.184s] -- Installing: /home/julia/workspace/install/include/gz/physics6/gz/physics/heightmap/detail
[351.184s] -- Installing: /home/julia/workspace/install/include/gz/physics6/gz/physics/heightmap/detail/HeightmapShape.hh
[351.184s] -- Installing: /home/julia/workspace/install/lib/cmake/gz-physics6-mesh/gz-physics6-mesh-config.cmake
[351.184s] -- Installing: /home/julia/workspace/install/lib/cmake/gz-physics6-mesh/gz-physics6-mesh-config-version.cmake
[351.185s] -- Installing: /home/julia/workspace/install/lib/cmake/gz-physics6-mesh/gz-physics6-mesh-targets.cmake
[351.185s] -- Installing: /home/julia/workspace/install/lib/pkgconfig/gz-physics6-mesh.pc
[351.186s] -- Up-to-date: /home/julia/workspace/install/include/gz/physics6
[351.186s] -- Up-to-date: /home/julia/workspace/install/include/gz/physics6/ignition
[351.186s] -- Up-to-date: /home/julia/workspace/install/include/gz/physics6/ignition/physics
[351.186s] -- Installing: /home/julia/workspace/install/include/gz/physics6/ignition/physics/mesh
[351.186s] -- Installing: /home/julia/workspace/install/include/gz/physics6/ignition/physics/mesh/MeshShape.hh
[351.186s] -- Up-to-date: /home/julia/workspace/install/include/gz/physics6/gz
[351.187s] -- Up-to-date: /home/julia/workspace/install/include/gz/physics6/gz/physics
[351.187s] -- Installing: /home/julia/workspace/install/include/gz/physics6/gz/physics/mesh
[351.187s] -- Installing: /home/julia/workspace/install/include/gz/physics6/gz/physics/mesh/MeshShape.hh
[351.187s] -- Installing: /home/julia/workspace/install/include/gz/physics6/gz/physics/mesh/detail
[351.187s] -- Installing: /home/julia/workspace/install/include/gz/physics6/gz/physics/mesh/detail/MeshShape.hh
[351.187s] -- Installing: /home/julia/workspace/install/lib/cmake/gz-physics6-dartsim/gz-physics6-dartsim-config.cmake
[351.191s] -- Installing: /home/julia/workspace/install/lib/cmake/gz-physics6-dartsim/gz-physics6-dartsim-config-version.cmake
[351.191s] -- Installing: /home/julia/workspace/install/lib/cmake/gz-physics6-dartsim/gz-physics6-dartsim-targets.cmake
[351.192s] -- Installing: /home/julia/workspace/install/lib/pkgconfig/gz-physics6-dartsim.pc
[351.192s] -- Up-to-date: /home/julia/workspace/install/include/gz/physics6
[351.192s] -- Up-to-date: /home/julia/workspace/install/include/gz/physics6/ignition
[351.192s] -- Up-to-date: /home/julia/workspace/install/include/gz/physics6/ignition/physics
[351.192s] -- Installing: /home/julia/workspace/install/include/gz/physics6/ignition/physics/dartsim
[351.192s] -- Installing: /home/julia/workspace/install/include/gz/physics6/ignition/physics/dartsim/World.hh
[351.193s] -- Installing: /home/julia/workspace/install/include/gz/physics6/ignition/physics/dartsim-plugin
[351.193s] -- Installing: /home/julia/workspace/install/include/gz/physics6/ignition/physics/dartsim-plugin/Export.hh
[351.193s] -- Up-to-date: /home/julia/workspace/install/include/gz/physics6/gz
[351.193s] -- Up-to-date: /home/julia/workspace/install/include/gz/physics6/gz/physics
[351.193s] -- Installing: /home/julia/workspace/install/include/gz/physics6/gz/physics/dartsim
[351.194s] -- Installing: /home/julia/workspace/install/include/gz/physics6/gz/physics/dartsim/World.hh
[351.194s] -- Installing: /home/julia/workspace/install/include/gz/physics6/gz/physics/dartsim-plugin/detail/Export.hh
[351.194s] -- Installing: /home/julia/workspace/install/include/gz/physics6/gz/physics/dartsim-plugin/Export.hh
[351.195s] -- Installing: /home/julia/workspace/install/lib/libgz-physics6-dartsim-plugin.so.6.3.0
[351.313s] -- Installing: /home/julia/workspace/install/lib/libgz-physics6-dartsim-plugin.so.6
[351.314s] -- Set runtime path of "/home/julia/workspace/install/lib/libgz-physics6-dartsim-plugin.so.6.3.0" to ""
[351.314s] -- Installing: /home/julia/workspace/install/lib/libgz-physics6-dartsim-plugin.so
[351.314s] -- Installing: /home/julia/workspace/install/lib/cmake/gz-physics6-dartsim-plugin/gz-physics6-dartsim-plugin-config.cmake
[351.323s] -- Installing: /home/julia/workspace/install/lib/cmake/gz-physics6-dartsim-plugin/gz-physics6-dartsim-plugin-config-version.cmake
[351.323s] -- Installing: /home/julia/workspace/install/lib/cmake/gz-physics6-dartsim-plugin/gz-physics6-dartsim-plugin-targets.cmake
[351.324s] -- Installing: /home/julia/workspace/install/lib/cmake/gz-physics6-dartsim-plugin/gz-physics6-dartsim-plugin-targets-relwithdebinfo.cmake
[351.324s] -- Installing: /home/julia/workspace/install/lib/pkgconfig/gz-physics6-dartsim-plugin.pc
[351.325s] -- Installing: /home/julia/workspace/install/lib/gz-physics-6/engine-plugins/libgz-physics6-dartsim-plugin.so.6.3.0
[351.474s] -- Installing: /home/julia/workspace/install/lib/gz-physics-6/engine-plugins/libgz-physics6-dartsim-plugin.so.6
[351.475s] -- Set runtime path of "/home/julia/workspace/install/lib/gz-physics-6/engine-plugins/libgz-physics6-dartsim-plugin.so.6.3.0" to ""
[351.475s] -- Installing: /home/julia/workspace/install/lib/gz-physics-6/engine-plugins/libgz-physics6-dartsim-plugin.so
[351.475s] -- Installing: /home/julia/workspace/install/lib/gz-physics-6/engine-plugins/libgz-physics-dartsim-plugin.so
[351.483s] -- Up-to-date: /home/julia/workspace/install/include/gz/physics6
[351.483s] -- Up-to-date: /home/julia/workspace/install/include/gz/physics6/ignition
[351.483s] -- Up-to-date: /home/julia/workspace/install/include/gz/physics6/ignition/physics
[351.483s] -- Installing: /home/julia/workspace/install/include/gz/physics6/ignition/physics/tpelib
[351.483s] -- Installing: /home/julia/workspace/install/include/gz/physics6/ignition/physics/tpelib/include
[351.483s] -- Installing: /home/julia/workspace/install/include/gz/physics6/ignition/physics/tpelib/include/ignition
[351.483s] -- Installing: /home/julia/workspace/install/include/gz/physics6/ignition/physics/tpelib/include/ignition/physics
[351.483s] -- Installing: /home/julia/workspace/install/include/gz/physics6/ignition/physics/tpelib/include/ignition/physics/tpelib
[351.484s] -- Installing: /home/julia/workspace/install/include/gz/physics6/ignition/physics/tpelib/include/ignition/physics/tpelib/Export.hh
[351.488s] -- Installing: /home/julia/workspace/install/include/gz/physics6/ignition/physics/tpelib/Export.hh
[351.488s] -- Installing: /home/julia/workspace/install/include/gz/physics6/ignition/physics/tpe-plugin
[351.489s] -- Installing: /home/julia/workspace/install/include/gz/physics6/ignition/physics/tpe-plugin/include
[351.489s] -- Installing: /home/julia/workspace/install/include/gz/physics6/ignition/physics/tpe-plugin/include/ignition
[351.489s] -- Installing: /home/julia/workspace/install/include/gz/physics6/ignition/physics/tpe-plugin/include/ignition/physics
[351.489s] -- Installing: /home/julia/workspace/install/include/gz/physics6/ignition/physics/tpe-plugin/include/ignition/physics/tpe-plugin
[351.489s] -- Installing: /home/julia/workspace/install/include/gz/physics6/ignition/physics/tpe-plugin/include/ignition/physics/tpe-plugin/Export.hh
[351.489s] -- Installing: /home/julia/workspace/install/include/gz/physics6/ignition/physics/tpe-plugin/Export.hh
[351.491s] -- Installing: /home/julia/workspace/install/include/gz/physics6/gz/physics/tpelib/detail/Export.hh
[351.491s] -- Installing: /home/julia/workspace/install/include/gz/physics6/gz/physics/tpelib/Export.hh
[351.491s] -- Installing: /home/julia/workspace/install/lib/libgz-physics6-tpelib.so.6.3.0
[351.501s] -- Installing: /home/julia/workspace/install/lib/libgz-physics6-tpelib.so.6
[351.501s] -- Set runtime path of "/home/julia/workspace/install/lib/libgz-physics6-tpelib.so.6.3.0" to ""
[351.501s] -- Installing: /home/julia/workspace/install/lib/libgz-physics6-tpelib.so
[351.502s] -- Installing: /home/julia/workspace/install/lib/cmake/gz-physics6-tpelib/gz-physics6-tpelib-config.cmake
[351.504s] -- Installing: /home/julia/workspace/install/lib/cmake/gz-physics6-tpelib/gz-physics6-tpelib-config-version.cmake
[351.505s] -- Installing: /home/julia/workspace/install/lib/cmake/gz-physics6-tpelib/gz-physics6-tpelib-targets.cmake
[351.510s] -- Installing: /home/julia/workspace/install/lib/cmake/gz-physics6-tpelib/gz-physics6-tpelib-targets-relwithdebinfo.cmake
[351.510s] -- Installing: /home/julia/workspace/install/lib/pkgconfig/gz-physics6-tpelib.pc
[351.511s] -- Installing: /home/julia/workspace/install/lib/cmake/gz-physics6-tpe/gz-physics6-tpe-config.cmake
[351.511s] -- Installing: /home/julia/workspace/install/lib/cmake/gz-physics6-tpe/gz-physics6-tpe-config-version.cmake
[351.513s] -- Installing: /home/julia/workspace/install/lib/cmake/gz-physics6-tpe/gz-physics6-tpe-targets.cmake
[351.513s] -- Installing: /home/julia/workspace/install/lib/pkgconfig/gz-physics6-tpe.pc
[351.513s] -- Installing: /home/julia/workspace/install/include/gz/physics6/gz/physics/tpe-plugin/detail/Export.hh
[351.514s] -- Installing: /home/julia/workspace/install/include/gz/physics6/gz/physics/tpe-plugin/Export.hh
[351.514s] -- Installing: /home/julia/workspace/install/lib/libgz-physics6-tpe-plugin.so.6.3.0
[351.563s] -- Installing: /home/julia/workspace/install/lib/libgz-physics6-tpe-plugin.so.6
[351.563s] -- Set runtime path of "/home/julia/workspace/install/lib/libgz-physics6-tpe-plugin.so.6.3.0" to ""
[351.563s] -- Installing: /home/julia/workspace/install/lib/libgz-physics6-tpe-plugin.so
[351.564s] -- Installing: /home/julia/workspace/install/lib/cmake/gz-physics6-tpe-plugin/gz-physics6-tpe-plugin-config.cmake
[351.566s] -- Installing: /home/julia/workspace/install/lib/cmake/gz-physics6-tpe-plugin/gz-physics6-tpe-plugin-config-version.cmake
[351.567s] -- Installing: /home/julia/workspace/install/lib/cmake/gz-physics6-tpe-plugin/gz-physics6-tpe-plugin-targets.cmake
[351.576s] -- Installing: /home/julia/workspace/install/lib/cmake/gz-physics6-tpe-plugin/gz-physics6-tpe-plugin-targets-relwithdebinfo.cmake
[351.576s] -- Installing: /home/julia/workspace/install/lib/pkgconfig/gz-physics6-tpe-plugin.pc
[351.576s] -- Installing: /home/julia/workspace/install/lib/gz-physics-6/engine-plugins/libgz-physics6-tpe-plugin.so.6.3.0
[351.612s] -- Installing: /home/julia/workspace/install/lib/gz-physics-6/engine-plugins/libgz-physics6-tpe-plugin.so.6
[351.613s] -- Set runtime path of "/home/julia/workspace/install/lib/gz-physics-6/engine-plugins/libgz-physics6-tpe-plugin.so.6.3.0" to ""
[351.613s] -- Installing: /home/julia/workspace/install/lib/gz-physics-6/engine-plugins/libgz-physics6-tpe-plugin.so
[351.613s] -- Installing: /home/julia/workspace/install/lib/gz-physics-6/engine-plugins/libgz-physics-tpe-plugin.so
[351.623s] -- Installing: /home/julia/workspace/install/lib/cmake/gz-physics6-bullet/gz-physics6-bullet-config.cmake
[351.623s] -- Installing: /home/julia/workspace/install/lib/cmake/gz-physics6-bullet/gz-physics6-bullet-config-version.cmake
[351.624s] -- Installing: /home/julia/workspace/install/lib/cmake/gz-physics6-bullet/gz-physics6-bullet-targets.cmake
[351.624s] -- Installing: /home/julia/workspace/install/lib/pkgconfig/gz-physics6-bullet.pc
[351.625s] -- Installing: /home/julia/workspace/install/include/gz/physics6/gz/physics/bullet-plugin/detail/Export.hh
[351.625s] -- Installing: /home/julia/workspace/install/include/gz/physics6/gz/physics/bullet-plugin/Export.hh
[351.626s] -- Installing: /home/julia/workspace/install/lib/libgz-physics6-bullet-plugin.so.6.3.0
[351.697s] -- Installing: /home/julia/workspace/install/lib/libgz-physics6-bullet-plugin.so.6
[351.697s] -- Set runtime path of "/home/julia/workspace/install/lib/libgz-physics6-bullet-plugin.so.6.3.0" to ""
[351.697s] -- Installing: /home/julia/workspace/install/lib/libgz-physics6-bullet-plugin.so
[351.697s] -- Installing: /home/julia/workspace/install/lib/cmake/gz-physics6-bullet-plugin/gz-physics6-bullet-plugin-config.cmake
[351.697s] -- Installing: /home/julia/workspace/install/lib/cmake/gz-physics6-bullet-plugin/gz-physics6-bullet-plugin-config-version.cmake
[351.698s] -- Installing: /home/julia/workspace/install/lib/cmake/gz-physics6-bullet-plugin/gz-physics6-bullet-plugin-targets.cmake
[351.698s] -- Installing: /home/julia/workspace/install/lib/cmake/gz-physics6-bullet-plugin/gz-physics6-bullet-plugin-targets-relwithdebinfo.cmake
[351.699s] -- Installing: /home/julia/workspace/install/lib/pkgconfig/gz-physics6-bullet-plugin.pc
[351.699s] -- Installing: /home/julia/workspace/install/lib/gz-physics-6/engine-plugins/libgz-physics6-bullet-plugin.so.6.3.0
[351.735s] -- Installing: /home/julia/workspace/install/lib/gz-physics-6/engine-plugins/libgz-physics6-bullet-plugin.so.6
[351.736s] -- Set runtime path of "/home/julia/workspace/install/lib/gz-physics-6/engine-plugins/libgz-physics6-bullet-plugin.so.6.3.0" to ""
[351.736s] -- Installing: /home/julia/workspace/install/lib/gz-physics-6/engine-plugins/libgz-physics6-bullet-plugin.so
[351.736s] -- Up-to-date: /home/julia/workspace/install/include/gz/physics6
[351.737s] -- Up-to-date: /home/julia/workspace/install/include/gz/physics6/ignition
[351.737s] -- Up-to-date: /home/julia/workspace/install/include/gz/physics6/ignition/physics
[351.737s] -- Installing: /home/julia/workspace/install/include/gz/physics6/ignition/physics/bullet-plugin
[351.737s] -- Installing: /home/julia/workspace/install/include/gz/physics6/ignition/physics/bullet-plugin/Export.hh
[351.741s] -- Installing: /home/julia/workspace/install/lib/gz-physics-6/engine-plugins/libgz-physics-bullet-plugin.so
[351.742s] -- Installing: /home/julia/workspace/install/lib/cmake/gz-physics6-bullet-featherstone/gz-physics6-bullet-featherstone-config.cmake
[351.743s] -- Installing: /home/julia/workspace/install/lib/cmake/gz-physics6-bullet-featherstone/gz-physics6-bullet-featherstone-config-version.cmake
[351.743s] -- Installing: /home/julia/workspace/install/lib/cmake/gz-physics6-bullet-featherstone/gz-physics6-bullet-featherstone-targets.cmake
[351.744s] -- Installing: /home/julia/workspace/install/lib/pkgconfig/gz-physics6-bullet-featherstone.pc
[351.744s] -- Installing: /home/julia/workspace/install/include/gz/physics6/gz/physics/bullet-featherstone-plugin/detail/Export.hh
[351.745s] -- Installing: /home/julia/workspace/install/include/gz/physics6/gz/physics/bullet-featherstone-plugin/Export.hh
[351.745s] -- Installing: /home/julia/workspace/install/lib/libgz-physics6-bullet-featherstone-plugin.so.6.3.0
[351.793s] -- Installing: /home/julia/workspace/install/lib/libgz-physics6-bullet-featherstone-plugin.so.6
[351.794s] -- Set runtime path of "/home/julia/workspace/install/lib/libgz-physics6-bullet-featherstone-plugin.so.6.3.0" to ""
[351.794s] -- Installing: /home/julia/workspace/install/lib/libgz-physics6-bullet-featherstone-plugin.so
[351.795s] -- Installing: /home/julia/workspace/install/lib/cmake/gz-physics6-bullet-featherstone-plugin/gz-physics6-bullet-featherstone-plugin-config.cmake
[351.803s] -- Installing: /home/julia/workspace/install/lib/cmake/gz-physics6-bullet-featherstone-plugin/gz-physics6-bullet-featherstone-plugin-config-version.cmake
[351.804s] -- Installing: /home/julia/workspace/install/lib/cmake/gz-physics6-bullet-featherstone-plugin/gz-physics6-bullet-featherstone-plugin-targets.cmake
[351.805s] -- Installing: /home/julia/workspace/install/lib/cmake/gz-physics6-bullet-featherstone-plugin/gz-physics6-bullet-featherstone-plugin-targets-relwithdebinfo.cmake
[351.805s] -- Installing: /home/julia/workspace/install/lib/pkgconfig/gz-physics6-bullet-featherstone-plugin.pc
[351.806s] -- Installing: /home/julia/workspace/install/lib/gz-physics-6/engine-plugins/libgz-physics6-bullet-featherstone-plugin.so.6.3.0
[351.884s] -- Installing: /home/julia/workspace/install/lib/gz-physics-6/engine-plugins/libgz-physics6-bullet-featherstone-plugin.so.6
[351.885s] -- Set runtime path of "/home/julia/workspace/install/lib/gz-physics-6/engine-plugins/libgz-physics6-bullet-featherstone-plugin.so.6.3.0" to ""
[351.886s] -- Installing: /home/julia/workspace/install/lib/gz-physics-6/engine-plugins/libgz-physics6-bullet-featherstone-plugin.so
[351.886s] -- Installing: /home/julia/workspace/install/lib/gz-physics-6/engine-plugins/libgz-physics-bullet-featherstone-plugin.so
[351.886s] -- Up-to-date: /home/julia/workspace/install/lib/gz-physics-6/engine-plugins/libgz-physics-bullet-featherstone-plugin.so
[351.894s] Invoked command in '/home/julia/workspace/build/gz-physics6' returned '0': CMAKE_PREFIX_PATH=/home/julia/workspace/install LD_LIBRARY_PATH=/home/julia/workspace/install/lib PATH=/home/julia/workspace/install/bin:${PATH} PKG_CONFIG_PATH=/home/julia/workspace/install/lib/pkgconfig /usr/bin/cmake --install /home/julia/workspace/build/gz-physics6
