-- The C compiler identification is GNU 9.4.0
-- The CXX compiler identification is GNU 9.4.0
-- Check for working C compiler: /usr/bin/cc
-- Check for working C compiler: /usr/bin/cc -- works
-- Detecting C compiler ABI info
-- Detecting C compiler ABI info - done
-- Detecting C compile features
-- Detecting C compile features - done
-- Check for working CXX compiler: /usr/bin/c++
-- Check for working CXX compiler: /usr/bin/c++ -- works
-- Detecting CXX compiler ABI info
-- Detecting CXX compiler ABI info - done
-- Detecting CXX compile features
-- Detecting CXX compile features - done
-- gz-fuel_tools9 version 9.0.0
-- Operating system is Linux
-- Found CPack generators: DEB
-- Checking for module 'tinyxml2'
--   Found tinyxml2, version 6.2.0
-- Looking for tinyxml2 - found

-- Found CURL: /usr/lib/x86_64-linux-gnu/libcurl.so (found version "7.68.0")  
-- Looking for curl - found

-- Checking for module 'jsoncpp'
--   Found jsoncpp, version 1.7.4
-- Found JSONCPP: TRUE  
-- Looking for JSONCPP - found

-- Checking for module 'yaml-0.1'
--   Found yaml-0.1, version 0.2.2
-- Found YAML: TRUE  
-- Looking for YAML - found

-- Checking for module 'libzip'
--   Found libzip, version 1.5.1
-- Found ZIP: TRUE  
-- Looking for ZIP - found

-- Looking for gz-utils2 -- found version 2.0.0
-- Searching for dependencies of gz-utils2
-- Looking for gz-utils2 - found

-- Looking for gz-common5 -- found version 5.3.1
-- Searching for dependencies of gz-common5
-- Looking for gz-utils2 -- found version 2.0.0
-- Looking for dlfcn.h - found
-- Looking for libdl - found
-- Found DL: TRUE  
-- Checking for module 'uuid'
--   Found uuid, version 2.34.0
-- Found UUID: TRUE  
-- Looking for gz-common5 - found

-- Looking for gz-math7 -- found version 7.1.0
-- Searching for dependencies of gz-math7
-- Looking for gz-utils2 -- found version 2.0.0
-- Looking for gz-math7 - found

-- Looking for gz-msgs10 -- found version 10.0.0
-- Searching for dependencies of gz-msgs10
-- Found Protobuf: /usr/lib/x86_64-linux-gnu/libprotobuf.so;-lpthread (found suitable version "3.6.1", minimum required is "3") 
-- Looking for gz-math7 -- found version 7.1.0
-- Looking for gz-msgs10 - found

-- 
-- Searching for host SSE information
-- SSE2 found
-- SSE3 found
-- SSE4.1 found
-- SSE4.2 found
-- Configuring library: gz-fuel_tools9
-- Performing Test COMPILER_HAS_HIDDEN_VISIBILITY
-- Performing Test COMPILER_HAS_HIDDEN_VISIBILITY - Success
-- Performing Test COMPILER_HAS_HIDDEN_INLINE_VISIBILITY
-- Performing Test COMPILER_HAS_HIDDEN_INLINE_VISIBILITY - Success
-- Performing Test COMPILER_HAS_DEPRECATED_ATTR
-- Performing Test COMPILER_HAS_DEPRECATED_ATTR - Success
-- Testing is disabled -- skipping UNIT tests
-- The program [cppcheck] was not found! Skipping codecheck setup
-- Build configuration successful
-- Build type: RelWithDebInfo
-- Install prefix: /home/julia/workspace/install
-- Could NOT find Doxygen (missing: DOXYGEN_EXECUTABLE) 
-- Configuring done
-- Generating done
-- Build files have been written to: /home/julia/workspace/build/gz-fuel_tools9
[35m[1mScanning dependencies of target gz-fuel_tools9[0m
[  5%] [32mBuilding CXX object src/CMakeFiles/gz-fuel_tools9.dir/ClientConfig.cc.o[0m
[ 11%] [32mBuilding CXX object src/CMakeFiles/gz-fuel_tools9.dir/FuelClient.cc.o[0m
[ 17%] [32mBuilding CXX object src/CMakeFiles/gz-fuel_tools9.dir/Helpers.cc.o[0m
[ 23%] [32mBuilding CXX object src/CMakeFiles/gz-fuel_tools9.dir/gz.cc.o[0m
[ 29%] [32mBuilding CXX object src/CMakeFiles/gz-fuel_tools9.dir/Interface.cc.o[0m
[ 35%] [32mBuilding CXX object src/CMakeFiles/gz-fuel_tools9.dir/JSONParser.cc.o[0m
[ 41%] [32mBuilding CXX object src/CMakeFiles/gz-fuel_tools9.dir/LocalCache.cc.o[0m
[ 47%] [32mBuilding CXX object src/CMakeFiles/gz-fuel_tools9.dir/Model.cc.o[0m
[ 52%] [32mBuilding CXX object src/CMakeFiles/gz-fuel_tools9.dir/ModelIdentifier.cc.o[0m
[ 58%] [32mBuilding CXX object src/CMakeFiles/gz-fuel_tools9.dir/ModelIter.cc.o[0m
[ 64%] [32mBuilding CXX object src/CMakeFiles/gz-fuel_tools9.dir/RestClient.cc.o[0m
[ 70%] [32mBuilding CXX object src/CMakeFiles/gz-fuel_tools9.dir/Result.cc.o[0m
[ 76%] [32mBuilding CXX object src/CMakeFiles/gz-fuel_tools9.dir/Zip.cc.o[0m
[ 82%] [32mBuilding CXX object src/CMakeFiles/gz-fuel_tools9.dir/WorldIdentifier.cc.o[0m
[ 88%] [32mBuilding CXX object src/CMakeFiles/gz-fuel_tools9.dir/WorldIter.cc.o[0m
[ 94%] [32mBuilding CXX object src/CMakeFiles/gz-fuel_tools9.dir/CollectionIdentifier.cc.o[0m
[100%] [32m[1mLinking CXX shared library ../lib/libgz-fuel_tools9.so[0m
[100%] Built target gz-fuel_tools9
-- Install configuration: "RelWithDebInfo"
-- Installing: /home/julia/workspace/install/lib/cmake/gz-fuel_tools9-all/gz-fuel_tools9-all-config.cmake
-- Installing: /home/julia/workspace/install/lib/cmake/gz-fuel_tools9-all/gz-fuel_tools9-all-config-version.cmake
-- Installing: /home/julia/workspace/install/lib/cmake/gz-fuel_tools9-all/gz-fuel_tools9-all-targets.cmake
-- Installing: /home/julia/workspace/install/include/gz/fuel_tools9/gz/fuel_tools/detail/Export.hh
-- Installing: /home/julia/workspace/install/include/gz/fuel_tools9/gz/fuel_tools/Export.hh
-- Installing: /home/julia/workspace/install/lib/libgz-fuel_tools9.so.9.0.0
-- Installing: /home/julia/workspace/install/lib/libgz-fuel_tools9.so.9
-- Set runtime path of "/home/julia/workspace/install/lib/libgz-fuel_tools9.so.9.0.0" to ""
-- Installing: /home/julia/workspace/install/lib/libgz-fuel_tools9.so
-- Installing: /home/julia/workspace/install/lib/cmake/gz-fuel_tools9/gz-fuel_tools9-config.cmake
-- Installing: /home/julia/workspace/install/lib/cmake/gz-fuel_tools9/gz-fuel_tools9-config-version.cmake
-- Installing: /home/julia/workspace/install/lib/cmake/gz-fuel_tools9/gz-fuel_tools9-targets.cmake
-- Installing: /home/julia/workspace/install/lib/cmake/gz-fuel_tools9/gz-fuel_tools9-targets-relwithdebinfo.cmake
-- Installing: /home/julia/workspace/install/lib/pkgconfig/gz-fuel_tools9.pc
-- Installing: /home/julia/workspace/install/lib/ruby/gz/cmdfuel9.rb
-- Installing: /home/julia/workspace/install/include/gz/fuel_tools9/ignition
-- Installing: /home/julia/workspace/install/include/gz/fuel_tools9/ignition/fuel_tools.hh
-- Installing: /home/julia/workspace/install/include/gz/fuel_tools9/ignition/fuel_tools
-- Installing: /home/julia/workspace/install/include/gz/fuel_tools9/ignition/fuel_tools/ModelIter.hh
-- Installing: /home/julia/workspace/install/include/gz/fuel_tools9/ignition/fuel_tools/WorldIter.hh
-- Installing: /home/julia/workspace/install/include/gz/fuel_tools9/ignition/fuel_tools/Helpers.hh
-- Installing: /home/julia/workspace/install/include/gz/fuel_tools9/ignition/fuel_tools/ModelIdentifier.hh
-- Installing: /home/julia/workspace/install/include/gz/fuel_tools9/ignition/fuel_tools/ClientConfig.hh
-- Installing: /home/julia/workspace/install/include/gz/fuel_tools9/ignition/fuel_tools/RestClient.hh
-- Installing: /home/julia/workspace/install/include/gz/fuel_tools9/ignition/fuel_tools/Export.hh
-- Installing: /home/julia/workspace/install/include/gz/fuel_tools9/ignition/fuel_tools/WorldIdentifier.hh
-- Installing: /home/julia/workspace/install/include/gz/fuel_tools9/ignition/fuel_tools/CollectionIdentifier.hh
-- Installing: /home/julia/workspace/install/include/gz/fuel_tools9/ignition/fuel_tools/Model.hh
-- Installing: /home/julia/workspace/install/include/gz/fuel_tools9/ignition/fuel_tools/Zip.hh
-- Installing: /home/julia/workspace/install/include/gz/fuel_tools9/ignition/fuel_tools/JSONParser.hh
-- Installing: /home/julia/workspace/install/include/gz/fuel_tools9/ignition/fuel_tools/Result.hh
-- Installing: /home/julia/workspace/install/include/gz/fuel_tools9/ignition/fuel_tools/Interface.hh
-- Installing: /home/julia/workspace/install/include/gz/fuel_tools9/ignition/fuel_tools/config.hh
-- Installing: /home/julia/workspace/install/include/gz/fuel_tools9/ignition/fuel_tools/FuelClient.hh
-- Installing: /home/julia/workspace/install/include/gz/fuel_tools9/gz/fuel_tools/ClientConfig.hh
-- Installing: /home/julia/workspace/install/include/gz/fuel_tools9/gz/fuel_tools/CollectionIdentifier.hh
-- Installing: /home/julia/workspace/install/include/gz/fuel_tools9/gz/fuel_tools/FuelClient.hh
-- Installing: /home/julia/workspace/install/include/gz/fuel_tools9/gz/fuel_tools/Helpers.hh
-- Installing: /home/julia/workspace/install/include/gz/fuel_tools9/gz/fuel_tools/Interface.hh
-- Installing: /home/julia/workspace/install/include/gz/fuel_tools9/gz/fuel_tools/JSONParser.hh
-- Installing: /home/julia/workspace/install/include/gz/fuel_tools9/gz/fuel_tools/Model.hh
-- Installing: /home/julia/workspace/install/include/gz/fuel_tools9/gz/fuel_tools/ModelIdentifier.hh
-- Installing: /home/julia/workspace/install/include/gz/fuel_tools9/gz/fuel_tools/ModelIter.hh
-- Installing: /home/julia/workspace/install/include/gz/fuel_tools9/gz/fuel_tools/RestClient.hh
-- Installing: /home/julia/workspace/install/include/gz/fuel_tools9/gz/fuel_tools/Result.hh
-- Installing: /home/julia/workspace/install/include/gz/fuel_tools9/gz/fuel_tools/WorldIdentifier.hh
-- Installing: /home/julia/workspace/install/include/gz/fuel_tools9/gz/fuel_tools/WorldIter.hh
-- Installing: /home/julia/workspace/install/include/gz/fuel_tools9/gz/fuel_tools/Zip.hh
-- Installing: /home/julia/workspace/install/include/gz/fuel_tools9/gz/fuel_tools/../fuel_tools.hh
-- Installing: /home/julia/workspace/install/include/gz/fuel_tools9/gz/fuel_tools/config.hh
-- Installing: /home/julia/workspace/install/share/gz/fuel9.yaml
-- Installing: /home/julia/workspace/install/share/gz/fuel_tools9/config.yaml
