[ 10%] Built target gz-physics6
[ 29%] Built target gz-physics6-tpelib
[ 53%] Built target gz-physics6-dartsim-plugin
[ 67%] Built target gz-physics6-bullet-plugin
[ 85%] Built target gz-physics6-bullet-featherstone-plugin
[100%] Built target gz-physics6-tpe-plugin
-- Install configuration: "RelWithDebInfo"
-- Up-to-date: /home/julia/workspace/install/lib/cmake/gz-physics6-all/gz-physics6-all-config.cmake
-- Up-to-date: /home/julia/workspace/install/lib/cmake/gz-physics6-all/gz-physics6-all-config-version.cmake
-- Up-to-date: /home/julia/workspace/install/lib/cmake/gz-physics6-all/gz-physics6-all-targets.cmake
-- Up-to-date: /home/julia/workspace/install/include/gz/physics6/gz/physics/detail/Export.hh
-- Up-to-date: /home/julia/workspace/install/include/gz/physics6/gz/physics/Export.hh
-- Up-to-date: /home/julia/workspace/install/lib/libgz-physics6.so.6.3.0
-- Up-to-date: /home/julia/workspace/install/lib/libgz-physics6.so.6
-- Up-to-date: /home/julia/workspace/install/lib/libgz-physics6.so
-- Up-to-date: /home/julia/workspace/install/lib/cmake/gz-physics6/gz-physics6-config.cmake
-- Up-to-date: /home/julia/workspace/install/lib/cmake/gz-physics6/gz-physics6-config-version.cmake
-- Up-to-date: /home/julia/workspace/install/lib/cmake/gz-physics6/gz-physics6-targets.cmake
-- Up-to-date: /home/julia/workspace/install/lib/cmake/gz-physics6/gz-physics6-targets-relwithdebinfo.cmake
-- Up-to-date: /home/julia/workspace/install/lib/pkgconfig/gz-physics6.pc
-- Up-to-date: /home/julia/workspace/install/include/gz/physics6/ignition
-- Up-to-date: /home/julia/workspace/install/include/gz/physics6/ignition/physics.hh
-- Up-to-date: /home/julia/workspace/install/include/gz/physics6/ignition/physics
-- Up-to-date: /home/julia/workspace/install/include/gz/physics6/ignition/physics/CompositeData.hh
-- Up-to-date: /home/julia/workspace/install/include/gz/physics6/ignition/physics/DeclareJointType.hh
-- Up-to-date: /home/julia/workspace/install/include/gz/physics6/ignition/physics/CapsuleShape.hh
-- Up-to-date: /home/julia/workspace/install/include/gz/physics6/ignition/physics/FreeGroup.hh
-- Up-to-date: /home/julia/workspace/install/include/gz/physics6/ignition/physics/RequestFeatures.hh
-- Up-to-date: /home/julia/workspace/install/include/gz/physics6/ignition/physics/RequestEngine.hh
-- Up-to-date: /home/julia/workspace/install/include/gz/physics6/ignition/physics/TemplateHelpers.hh
-- Up-to-date: /home/julia/workspace/install/include/gz/physics6/ignition/physics/ContactProperties.hh
-- Up-to-date: /home/julia/workspace/install/include/gz/physics6/ignition/physics/PlaneShape.hh
-- Up-to-date: /home/julia/workspace/install/include/gz/physics6/ignition/physics/RevoluteJoint.hh
-- Up-to-date: /home/julia/workspace/install/include/gz/physics6/ignition/physics/Joint.hh
-- Up-to-date: /home/julia/workspace/install/include/gz/physics6/ignition/physics/RemoveEntities.hh
-- Up-to-date: /home/julia/workspace/install/include/gz/physics6/ignition/physics/Feature.hh
-- Up-to-date: /home/julia/workspace/install/include/gz/physics6/ignition/physics/CanReadData.hh
-- Up-to-date: /home/julia/workspace/install/include/gz/physics6/ignition/physics/PrismaticJoint.hh
-- Up-to-date: /home/julia/workspace/install/include/gz/physics6/ignition/physics/FrameData.hh
-- Up-to-date: /home/julia/workspace/install/include/gz/physics6/ignition/physics/FreeJoint.hh
-- Up-to-date: /home/julia/workspace/install/include/gz/physics6/ignition/physics/SphereShape.hh
-- Up-to-date: /home/julia/workspace/install/include/gz/physics6/ignition/physics/Link.hh
-- Up-to-date: /home/julia/workspace/install/include/gz/physics6/ignition/physics/RegisterMore.hh
-- Up-to-date: /home/julia/workspace/install/include/gz/physics6/ignition/physics/FrameID.hh
-- Up-to-date: /home/julia/workspace/install/include/gz/physics6/ignition/physics/Entity.hh
-- Up-to-date: /home/julia/workspace/install/include/gz/physics6/ignition/physics/GetContacts.hh
-- Up-to-date: /home/julia/workspace/install/include/gz/physics6/ignition/physics/GetEntities.hh
-- Up-to-date: /home/julia/workspace/install/include/gz/physics6/ignition/physics/Export.hh
-- Up-to-date: /home/julia/workspace/install/include/gz/physics6/ignition/physics/OperateOnSpecifiedData.hh
-- Up-to-date: /home/julia/workspace/install/include/gz/physics6/ignition/physics/FeaturePolicy.hh
-- Up-to-date: /home/julia/workspace/install/include/gz/physics6/ignition/physics/World.hh
-- Up-to-date: /home/julia/workspace/install/include/gz/physics6/ignition/physics/Shape.hh
-- Up-to-date: /home/julia/workspace/install/include/gz/physics6/ignition/physics/ForwardStep.hh
-- Up-to-date: /home/julia/workspace/install/include/gz/physics6/ignition/physics/RelativeQuantity.hh
-- Up-to-date: /home/julia/workspace/install/include/gz/physics6/ignition/physics/FixedJoint.hh
-- Up-to-date: /home/julia/workspace/install/include/gz/physics6/ignition/physics/FeatureList.hh
-- Up-to-date: /home/julia/workspace/install/include/gz/physics6/ignition/physics/EllipsoidShape.hh
-- Up-to-date: /home/julia/workspace/install/include/gz/physics6/ignition/physics/ConstructEmpty.hh
-- Up-to-date: /home/julia/workspace/install/include/gz/physics6/ignition/physics/Cloneable.hh
-- Up-to-date: /home/julia/workspace/install/include/gz/physics6/ignition/physics/BoxShape.hh
-- Up-to-date: /home/julia/workspace/install/include/gz/physics6/ignition/physics/Geometry.hh
-- Up-to-date: /home/julia/workspace/install/include/gz/physics6/ignition/physics/Implements.hh
-- Up-to-date: /home/julia/workspace/install/include/gz/physics6/ignition/physics/FindFeatures.hh
-- Up-to-date: /home/julia/workspace/install/include/gz/physics6/ignition/physics/SpecifyData.hh
-- Up-to-date: /home/julia/workspace/install/include/gz/physics6/ignition/physics/Register.hh
-- Up-to-date: /home/julia/workspace/install/include/gz/physics6/ignition/physics/config.hh
-- Up-to-date: /home/julia/workspace/install/include/gz/physics6/ignition/physics/CylinderShape.hh
-- Up-to-date: /home/julia/workspace/install/include/gz/physics6/ignition/physics/FrameSemantics.hh
-- Up-to-date: /home/julia/workspace/install/include/gz/physics6/ignition/physics/DeclareShapeType.hh
-- Up-to-date: /home/julia/workspace/install/include/gz/physics6/ignition/physics/GetBoundingBox.hh
-- Up-to-date: /home/julia/workspace/install/include/gz/physics6/ignition/physics/CanWriteData.hh
-- Up-to-date: /home/julia/workspace/install/include/gz/physics6/ignition/physics/DataStatusMask.hh
-- Up-to-date: /home/julia/workspace/install/include/gz/physics6/gz/physics/detail/BoxShape.hh
-- Up-to-date: /home/julia/workspace/install/include/gz/physics6/gz/physics/detail/CanReadData.hh
-- Up-to-date: /home/julia/workspace/install/include/gz/physics6/gz/physics/detail/CanWriteData.hh
-- Up-to-date: /home/julia/workspace/install/include/gz/physics6/gz/physics/detail/CapsuleShape.hh
-- Up-to-date: /home/julia/workspace/install/include/gz/physics6/gz/physics/detail/Cloneable.hh
-- Up-to-date: /home/julia/workspace/install/include/gz/physics6/gz/physics/detail/CompositeData.hh
-- Up-to-date: /home/julia/workspace/install/include/gz/physics6/gz/physics/detail/ConstructEmpty.hh
-- Up-to-date: /home/julia/workspace/install/include/gz/physics6/gz/physics/detail/ContactProperties.hh
-- Up-to-date: /home/julia/workspace/install/include/gz/physics6/gz/physics/detail/CylinderShape.hh
-- Up-to-date: /home/julia/workspace/install/include/gz/physics6/gz/physics/detail/DeclareDerivedType.hh
-- Up-to-date: /home/julia/workspace/install/include/gz/physics6/gz/physics/detail/EllipsoidShape.hh
-- Up-to-date: /home/julia/workspace/install/include/gz/physics6/gz/physics/detail/Entity.hh
-- Up-to-date: /home/julia/workspace/install/include/gz/physics6/gz/physics/detail/FeatureList.hh
-- Up-to-date: /home/julia/workspace/install/include/gz/physics6/gz/physics/detail/FindFeatures.hh
-- Up-to-date: /home/julia/workspace/install/include/gz/physics6/gz/physics/detail/FixedJoint.hh
-- Up-to-date: /home/julia/workspace/install/include/gz/physics6/gz/physics/detail/FrameData.hh
-- Up-to-date: /home/julia/workspace/install/include/gz/physics6/gz/physics/detail/FrameSemantics.hh
-- Up-to-date: /home/julia/workspace/install/include/gz/physics6/gz/physics/detail/FreeGroup.hh
-- Up-to-date: /home/julia/workspace/install/include/gz/physics6/gz/physics/detail/FreeJoint.hh
-- Up-to-date: /home/julia/workspace/install/include/gz/physics6/gz/physics/detail/GetBoundingBox.hh
-- Up-to-date: /home/julia/workspace/install/include/gz/physics6/gz/physics/detail/GetContacts.hh
-- Up-to-date: /home/julia/workspace/install/include/gz/physics6/gz/physics/detail/GetEntities.hh
-- Up-to-date: /home/julia/workspace/install/include/gz/physics6/gz/physics/detail/Identity.hh
-- Up-to-date: /home/julia/workspace/install/include/gz/physics6/gz/physics/detail/InspectFeatures.hh
-- Up-to-date: /home/julia/workspace/install/include/gz/physics6/gz/physics/detail/Joint.hh
-- Up-to-date: /home/julia/workspace/install/include/gz/physics6/gz/physics/detail/Link.hh
-- Up-to-date: /home/julia/workspace/install/include/gz/physics6/gz/physics/detail/OperateOnSpecifiedData.hh
-- Up-to-date: /home/julia/workspace/install/include/gz/physics6/gz/physics/detail/PlaneShape.hh
-- Up-to-date: /home/julia/workspace/install/include/gz/physics6/gz/physics/detail/PrismaticJoint.hh
-- Up-to-date: /home/julia/workspace/install/include/gz/physics6/gz/physics/detail/PrivateSpecifyData.hh
-- Up-to-date: /home/julia/workspace/install/include/gz/physics6/gz/physics/detail/Register.hh
-- Up-to-date: /home/julia/workspace/install/include/gz/physics6/gz/physics/detail/RelativeQuantity.hh
-- Up-to-date: /home/julia/workspace/install/include/gz/physics6/gz/physics/detail/RemoveEntities.hh
-- Up-to-date: /home/julia/workspace/install/include/gz/physics6/gz/physics/detail/RequestEngine.hh
-- Up-to-date: /home/julia/workspace/install/include/gz/physics6/gz/physics/detail/RequestFeatures.hh
-- Up-to-date: /home/julia/workspace/install/include/gz/physics6/gz/physics/detail/RevoluteJoint.hh
-- Up-to-date: /home/julia/workspace/install/include/gz/physics6/gz/physics/detail/Shape.hh
-- Up-to-date: /home/julia/workspace/install/include/gz/physics6/gz/physics/detail/SpecifyData.hh
-- Up-to-date: /home/julia/workspace/install/include/gz/physics6/gz/physics/detail/SphereShape.hh
-- Up-to-date: /home/julia/workspace/install/include/gz/physics6/gz/physics/detail/World.hh
-- Up-to-date: /home/julia/workspace/install/include/gz/physics6/gz/physics/AddedMass.hh
-- Up-to-date: /home/julia/workspace/install/include/gz/physics6/gz/physics/BoxShape.hh
-- Up-to-date: /home/julia/workspace/install/include/gz/physics6/gz/physics/CanReadData.hh
-- Up-to-date: /home/julia/workspace/install/include/gz/physics6/gz/physics/CanWriteData.hh
-- Up-to-date: /home/julia/workspace/install/include/gz/physics6/gz/physics/CapsuleShape.hh
-- Up-to-date: /home/julia/workspace/install/include/gz/physics6/gz/physics/Cloneable.hh
-- Up-to-date: /home/julia/workspace/install/include/gz/physics6/gz/physics/CompositeData.hh
-- Up-to-date: /home/julia/workspace/install/include/gz/physics6/gz/physics/ConstructEmpty.hh
-- Up-to-date: /home/julia/workspace/install/include/gz/physics6/gz/physics/ContactProperties.hh
-- Up-to-date: /home/julia/workspace/install/include/gz/physics6/gz/physics/CylinderShape.hh
-- Up-to-date: /home/julia/workspace/install/include/gz/physics6/gz/physics/DataStatusMask.hh
-- Up-to-date: /home/julia/workspace/install/include/gz/physics6/gz/physics/DeclareJointType.hh
-- Up-to-date: /home/julia/workspace/install/include/gz/physics6/gz/physics/DeclareShapeType.hh
-- Up-to-date: /home/julia/workspace/install/include/gz/physics6/gz/physics/EllipsoidShape.hh
-- Up-to-date: /home/julia/workspace/install/include/gz/physics6/gz/physics/Entity.hh
-- Up-to-date: /home/julia/workspace/install/include/gz/physics6/gz/physics/Feature.hh
-- Up-to-date: /home/julia/workspace/install/include/gz/physics6/gz/physics/FeatureList.hh
-- Up-to-date: /home/julia/workspace/install/include/gz/physics6/gz/physics/FeaturePolicy.hh
-- Up-to-date: /home/julia/workspace/install/include/gz/physics6/gz/physics/FindFeatures.hh
-- Up-to-date: /home/julia/workspace/install/include/gz/physics6/gz/physics/FixedJoint.hh
-- Up-to-date: /home/julia/workspace/install/include/gz/physics6/gz/physics/ForwardStep.hh
-- Up-to-date: /home/julia/workspace/install/include/gz/physics6/gz/physics/FrameData.hh
-- Up-to-date: /home/julia/workspace/install/include/gz/physics6/gz/physics/FrameID.hh
-- Up-to-date: /home/julia/workspace/install/include/gz/physics6/gz/physics/FrameSemantics.hh
-- Up-to-date: /home/julia/workspace/install/include/gz/physics6/gz/physics/FreeGroup.hh
-- Up-to-date: /home/julia/workspace/install/include/gz/physics6/gz/physics/FreeJoint.hh
-- Up-to-date: /home/julia/workspace/install/include/gz/physics6/gz/physics/Geometry.hh
-- Up-to-date: /home/julia/workspace/install/include/gz/physics6/gz/physics/GetBoundingBox.hh
-- Up-to-date: /home/julia/workspace/install/include/gz/physics6/gz/physics/GetContacts.hh
-- Up-to-date: /home/julia/workspace/install/include/gz/physics6/gz/physics/GetEntities.hh
-- Up-to-date: /home/julia/workspace/install/include/gz/physics6/gz/physics/Implements.hh
-- Up-to-date: /home/julia/workspace/install/include/gz/physics6/gz/physics/Joint.hh
-- Up-to-date: /home/julia/workspace/install/include/gz/physics6/gz/physics/Link.hh
-- Up-to-date: /home/julia/workspace/install/include/gz/physics6/gz/physics/OperateOnSpecifiedData.hh
-- Up-to-date: /home/julia/workspace/install/include/gz/physics6/gz/physics/PlaneShape.hh
-- Up-to-date: /home/julia/workspace/install/include/gz/physics6/gz/physics/PrismaticJoint.hh
-- Up-to-date: /home/julia/workspace/install/include/gz/physics6/gz/physics/Register.hh
-- Up-to-date: /home/julia/workspace/install/include/gz/physics6/gz/physics/RegisterMore.hh
-- Up-to-date: /home/julia/workspace/install/include/gz/physics6/gz/physics/RelativeQuantity.hh
-- Up-to-date: /home/julia/workspace/install/include/gz/physics6/gz/physics/RemoveEntities.hh
-- Up-to-date: /home/julia/workspace/install/include/gz/physics6/gz/physics/RequestEngine.hh
-- Up-to-date: /home/julia/workspace/install/include/gz/physics6/gz/physics/RequestFeatures.hh
-- Up-to-date: /home/julia/workspace/install/include/gz/physics6/gz/physics/RevoluteJoint.hh
-- Up-to-date: /home/julia/workspace/install/include/gz/physics6/gz/physics/Shape.hh
-- Up-to-date: /home/julia/workspace/install/include/gz/physics6/gz/physics/SpecifyData.hh
-- Up-to-date: /home/julia/workspace/install/include/gz/physics6/gz/physics/SphereShape.hh
-- Up-to-date: /home/julia/workspace/install/include/gz/physics6/gz/physics/TemplateHelpers.hh
-- Up-to-date: /home/julia/workspace/install/include/gz/physics6/gz/physics/World.hh
-- Up-to-date: /home/julia/workspace/install/include/gz/physics6/gz/physics/../physics.hh
-- Up-to-date: /home/julia/workspace/install/include/gz/physics6/gz/physics/config.hh
-- Up-to-date: /home/julia/workspace/install/lib/cmake/gz-physics6-sdf/gz-physics6-sdf-config.cmake
-- Up-to-date: /home/julia/workspace/install/lib/cmake/gz-physics6-sdf/gz-physics6-sdf-config-version.cmake
-- Up-to-date: /home/julia/workspace/install/lib/cmake/gz-physics6-sdf/gz-physics6-sdf-targets.cmake
-- Up-to-date: /home/julia/workspace/install/lib/pkgconfig/gz-physics6-sdf.pc
-- Up-to-date: /home/julia/workspace/install/include/gz/physics6
-- Up-to-date: /home/julia/workspace/install/include/gz/physics6/ignition
-- Up-to-date: /home/julia/workspace/install/include/gz/physics6/ignition/physics
-- Up-to-date: /home/julia/workspace/install/include/gz/physics6/ignition/physics/sdf
-- Up-to-date: /home/julia/workspace/install/include/gz/physics6/ignition/physics/sdf/ConstructLink.hh
-- Up-to-date: /home/julia/workspace/install/include/gz/physics6/ignition/physics/sdf/ConstructWorld.hh
-- Up-to-date: /home/julia/workspace/install/include/gz/physics6/ignition/physics/sdf/ConstructNestedModel.hh
-- Up-to-date: /home/julia/workspace/install/include/gz/physics6/ignition/physics/sdf/ConstructModel.hh
-- Up-to-date: /home/julia/workspace/install/include/gz/physics6/ignition/physics/sdf/ConstructCollision.hh
-- Up-to-date: /home/julia/workspace/install/include/gz/physics6/ignition/physics/sdf/ConstructVisual.hh
-- Up-to-date: /home/julia/workspace/install/include/gz/physics6/ignition/physics/sdf/ConstructJoint.hh
-- Up-to-date: /home/julia/workspace/install/include/gz/physics6/gz
-- Up-to-date: /home/julia/workspace/install/include/gz/physics6/gz/physics
-- Up-to-date: /home/julia/workspace/install/include/gz/physics6/gz/physics/sdf
-- Up-to-date: /home/julia/workspace/install/include/gz/physics6/gz/physics/sdf/ConstructLink.hh
-- Up-to-date: /home/julia/workspace/install/include/gz/physics6/gz/physics/sdf/ConstructWorld.hh
-- Up-to-date: /home/julia/workspace/install/include/gz/physics6/gz/physics/sdf/ConstructNestedModel.hh
-- Up-to-date: /home/julia/workspace/install/include/gz/physics6/gz/physics/sdf/ConstructModel.hh
-- Up-to-date: /home/julia/workspace/install/include/gz/physics6/gz/physics/sdf/ConstructCollision.hh
-- Up-to-date: /home/julia/workspace/install/include/gz/physics6/gz/physics/sdf/ConstructVisual.hh
-- Up-to-date: /home/julia/workspace/install/include/gz/physics6/gz/physics/sdf/ConstructJoint.hh
-- Up-to-date: /home/julia/workspace/install/lib/cmake/gz-physics6-heightmap/gz-physics6-heightmap-config.cmake
-- Up-to-date: /home/julia/workspace/install/lib/cmake/gz-physics6-heightmap/gz-physics6-heightmap-config-version.cmake
-- Up-to-date: /home/julia/workspace/install/lib/cmake/gz-physics6-heightmap/gz-physics6-heightmap-targets.cmake
-- Up-to-date: /home/julia/workspace/install/lib/pkgconfig/gz-physics6-heightmap.pc
-- Up-to-date: /home/julia/workspace/install/include/gz/physics6
-- Up-to-date: /home/julia/workspace/install/include/gz/physics6/ignition
-- Up-to-date: /home/julia/workspace/install/include/gz/physics6/ignition/physics
-- Up-to-date: /home/julia/workspace/install/include/gz/physics6/ignition/physics/heightmap
-- Up-to-date: /home/julia/workspace/install/include/gz/physics6/ignition/physics/heightmap/HeightmapShape.hh
-- Up-to-date: /home/julia/workspace/install/include/gz/physics6/gz
-- Up-to-date: /home/julia/workspace/install/include/gz/physics6/gz/physics
-- Up-to-date: /home/julia/workspace/install/include/gz/physics6/gz/physics/heightmap
-- Up-to-date: /home/julia/workspace/install/include/gz/physics6/gz/physics/heightmap/HeightmapShape.hh
-- Up-to-date: /home/julia/workspace/install/include/gz/physics6/gz/physics/heightmap/detail
-- Up-to-date: /home/julia/workspace/install/include/gz/physics6/gz/physics/heightmap/detail/HeightmapShape.hh
-- Up-to-date: /home/julia/workspace/install/lib/cmake/gz-physics6-mesh/gz-physics6-mesh-config.cmake
-- Up-to-date: /home/julia/workspace/install/lib/cmake/gz-physics6-mesh/gz-physics6-mesh-config-version.cmake
-- Up-to-date: /home/julia/workspace/install/lib/cmake/gz-physics6-mesh/gz-physics6-mesh-targets.cmake
-- Up-to-date: /home/julia/workspace/install/lib/pkgconfig/gz-physics6-mesh.pc
-- Up-to-date: /home/julia/workspace/install/include/gz/physics6
-- Up-to-date: /home/julia/workspace/install/include/gz/physics6/ignition
-- Up-to-date: /home/julia/workspace/install/include/gz/physics6/ignition/physics
-- Up-to-date: /home/julia/workspace/install/include/gz/physics6/ignition/physics/mesh
-- Up-to-date: /home/julia/workspace/install/include/gz/physics6/ignition/physics/mesh/MeshShape.hh
-- Up-to-date: /home/julia/workspace/install/include/gz/physics6/gz
-- Up-to-date: /home/julia/workspace/install/include/gz/physics6/gz/physics
-- Up-to-date: /home/julia/workspace/install/include/gz/physics6/gz/physics/mesh
-- Up-to-date: /home/julia/workspace/install/include/gz/physics6/gz/physics/mesh/MeshShape.hh
-- Up-to-date: /home/julia/workspace/install/include/gz/physics6/gz/physics/mesh/detail
-- Up-to-date: /home/julia/workspace/install/include/gz/physics6/gz/physics/mesh/detail/MeshShape.hh
-- Up-to-date: /home/julia/workspace/install/lib/cmake/gz-physics6-dartsim/gz-physics6-dartsim-config.cmake
-- Up-to-date: /home/julia/workspace/install/lib/cmake/gz-physics6-dartsim/gz-physics6-dartsim-config-version.cmake
-- Up-to-date: /home/julia/workspace/install/lib/cmake/gz-physics6-dartsim/gz-physics6-dartsim-targets.cmake
-- Up-to-date: /home/julia/workspace/install/lib/pkgconfig/gz-physics6-dartsim.pc
-- Up-to-date: /home/julia/workspace/install/include/gz/physics6
-- Up-to-date: /home/julia/workspace/install/include/gz/physics6/ignition
-- Up-to-date: /home/julia/workspace/install/include/gz/physics6/ignition/physics
-- Up-to-date: /home/julia/workspace/install/include/gz/physics6/ignition/physics/dartsim
-- Up-to-date: /home/julia/workspace/install/include/gz/physics6/ignition/physics/dartsim/World.hh
-- Up-to-date: /home/julia/workspace/install/include/gz/physics6/ignition/physics/dartsim-plugin
-- Up-to-date: /home/julia/workspace/install/include/gz/physics6/ignition/physics/dartsim-plugin/Export.hh
-- Up-to-date: /home/julia/workspace/install/include/gz/physics6/gz
-- Up-to-date: /home/julia/workspace/install/include/gz/physics6/gz/physics
-- Up-to-date: /home/julia/workspace/install/include/gz/physics6/gz/physics/dartsim
-- Up-to-date: /home/julia/workspace/install/include/gz/physics6/gz/physics/dartsim/World.hh
-- Up-to-date: /home/julia/workspace/install/include/gz/physics6/gz/physics/dartsim-plugin/detail/Export.hh
-- Up-to-date: /home/julia/workspace/install/include/gz/physics6/gz/physics/dartsim-plugin/Export.hh
-- Up-to-date: /home/julia/workspace/install/lib/libgz-physics6-dartsim-plugin.so.6.3.0
-- Up-to-date: /home/julia/workspace/install/lib/libgz-physics6-dartsim-plugin.so.6
-- Up-to-date: /home/julia/workspace/install/lib/libgz-physics6-dartsim-plugin.so
-- Up-to-date: /home/julia/workspace/install/lib/cmake/gz-physics6-dartsim-plugin/gz-physics6-dartsim-plugin-config.cmake
-- Up-to-date: /home/julia/workspace/install/lib/cmake/gz-physics6-dartsim-plugin/gz-physics6-dartsim-plugin-config-version.cmake
-- Up-to-date: /home/julia/workspace/install/lib/cmake/gz-physics6-dartsim-plugin/gz-physics6-dartsim-plugin-targets.cmake
-- Up-to-date: /home/julia/workspace/install/lib/cmake/gz-physics6-dartsim-plugin/gz-physics6-dartsim-plugin-targets-relwithdebinfo.cmake
-- Up-to-date: /home/julia/workspace/install/lib/pkgconfig/gz-physics6-dartsim-plugin.pc
-- Up-to-date: /home/julia/workspace/install/lib/gz-physics-6/engine-plugins/libgz-physics6-dartsim-plugin.so.6.3.0
-- Up-to-date: /home/julia/workspace/install/lib/gz-physics-6/engine-plugins/libgz-physics6-dartsim-plugin.so.6
-- Up-to-date: /home/julia/workspace/install/lib/gz-physics-6/engine-plugins/libgz-physics6-dartsim-plugin.so
-- Up-to-date: /home/julia/workspace/install/lib/gz-physics-6/engine-plugins/libgz-physics-dartsim-plugin.so
-- Up-to-date: /home/julia/workspace/install/include/gz/physics6
-- Up-to-date: /home/julia/workspace/install/include/gz/physics6/ignition
-- Up-to-date: /home/julia/workspace/install/include/gz/physics6/ignition/physics
-- Up-to-date: /home/julia/workspace/install/include/gz/physics6/ignition/physics/tpelib
-- Up-to-date: /home/julia/workspace/install/include/gz/physics6/ignition/physics/tpelib/include
-- Up-to-date: /home/julia/workspace/install/include/gz/physics6/ignition/physics/tpelib/include/ignition
-- Up-to-date: /home/julia/workspace/install/include/gz/physics6/ignition/physics/tpelib/include/ignition/physics
-- Up-to-date: /home/julia/workspace/install/include/gz/physics6/ignition/physics/tpelib/include/ignition/physics/tpelib
-- Up-to-date: /home/julia/workspace/install/include/gz/physics6/ignition/physics/tpelib/include/ignition/physics/tpelib/Export.hh
-- Up-to-date: /home/julia/workspace/install/include/gz/physics6/ignition/physics/tpelib/Export.hh
-- Up-to-date: /home/julia/workspace/install/include/gz/physics6/ignition/physics/tpe-plugin
-- Up-to-date: /home/julia/workspace/install/include/gz/physics6/ignition/physics/tpe-plugin/include
-- Up-to-date: /home/julia/workspace/install/include/gz/physics6/ignition/physics/tpe-plugin/include/ignition
-- Up-to-date: /home/julia/workspace/install/include/gz/physics6/ignition/physics/tpe-plugin/include/ignition/physics
-- Up-to-date: /home/julia/workspace/install/include/gz/physics6/ignition/physics/tpe-plugin/include/ignition/physics/tpe-plugin
-- Up-to-date: /home/julia/workspace/install/include/gz/physics6/ignition/physics/tpe-plugin/include/ignition/physics/tpe-plugin/Export.hh
-- Up-to-date: /home/julia/workspace/install/include/gz/physics6/ignition/physics/tpe-plugin/Export.hh
-- Up-to-date: /home/julia/workspace/install/include/gz/physics6/gz/physics/tpelib/detail/Export.hh
-- Up-to-date: /home/julia/workspace/install/include/gz/physics6/gz/physics/tpelib/Export.hh
-- Up-to-date: /home/julia/workspace/install/lib/libgz-physics6-tpelib.so.6.3.0
-- Up-to-date: /home/julia/workspace/install/lib/libgz-physics6-tpelib.so.6
-- Up-to-date: /home/julia/workspace/install/lib/libgz-physics6-tpelib.so
-- Up-to-date: /home/julia/workspace/install/lib/cmake/gz-physics6-tpelib/gz-physics6-tpelib-config.cmake
-- Up-to-date: /home/julia/workspace/install/lib/cmake/gz-physics6-tpelib/gz-physics6-tpelib-config-version.cmake
-- Up-to-date: /home/julia/workspace/install/lib/cmake/gz-physics6-tpelib/gz-physics6-tpelib-targets.cmake
-- Up-to-date: /home/julia/workspace/install/lib/cmake/gz-physics6-tpelib/gz-physics6-tpelib-targets-relwithdebinfo.cmake
-- Up-to-date: /home/julia/workspace/install/lib/pkgconfig/gz-physics6-tpelib.pc
-- Up-to-date: /home/julia/workspace/install/lib/cmake/gz-physics6-tpe/gz-physics6-tpe-config.cmake
-- Up-to-date: /home/julia/workspace/install/lib/cmake/gz-physics6-tpe/gz-physics6-tpe-config-version.cmake
-- Up-to-date: /home/julia/workspace/install/lib/cmake/gz-physics6-tpe/gz-physics6-tpe-targets.cmake
-- Up-to-date: /home/julia/workspace/install/lib/pkgconfig/gz-physics6-tpe.pc
-- Up-to-date: /home/julia/workspace/install/include/gz/physics6/gz/physics/tpe-plugin/detail/Export.hh
-- Up-to-date: /home/julia/workspace/install/include/gz/physics6/gz/physics/tpe-plugin/Export.hh
-- Up-to-date: /home/julia/workspace/install/lib/libgz-physics6-tpe-plugin.so.6.3.0
-- Up-to-date: /home/julia/workspace/install/lib/libgz-physics6-tpe-plugin.so.6
-- Up-to-date: /home/julia/workspace/install/lib/libgz-physics6-tpe-plugin.so
-- Up-to-date: /home/julia/workspace/install/lib/cmake/gz-physics6-tpe-plugin/gz-physics6-tpe-plugin-config.cmake
-- Up-to-date: /home/julia/workspace/install/lib/cmake/gz-physics6-tpe-plugin/gz-physics6-tpe-plugin-config-version.cmake
-- Up-to-date: /home/julia/workspace/install/lib/cmake/gz-physics6-tpe-plugin/gz-physics6-tpe-plugin-targets.cmake
-- Up-to-date: /home/julia/workspace/install/lib/cmake/gz-physics6-tpe-plugin/gz-physics6-tpe-plugin-targets-relwithdebinfo.cmake
-- Up-to-date: /home/julia/workspace/install/lib/pkgconfig/gz-physics6-tpe-plugin.pc
-- Up-to-date: /home/julia/workspace/install/lib/gz-physics-6/engine-plugins/libgz-physics6-tpe-plugin.so.6.3.0
-- Up-to-date: /home/julia/workspace/install/lib/gz-physics-6/engine-plugins/libgz-physics6-tpe-plugin.so.6
-- Up-to-date: /home/julia/workspace/install/lib/gz-physics-6/engine-plugins/libgz-physics6-tpe-plugin.so
-- Up-to-date: /home/julia/workspace/install/lib/gz-physics-6/engine-plugins/libgz-physics-tpe-plugin.so
-- Up-to-date: /home/julia/workspace/install/lib/cmake/gz-physics6-bullet/gz-physics6-bullet-config.cmake
-- Up-to-date: /home/julia/workspace/install/lib/cmake/gz-physics6-bullet/gz-physics6-bullet-config-version.cmake
-- Up-to-date: /home/julia/workspace/install/lib/cmake/gz-physics6-bullet/gz-physics6-bullet-targets.cmake
-- Up-to-date: /home/julia/workspace/install/lib/pkgconfig/gz-physics6-bullet.pc
-- Up-to-date: /home/julia/workspace/install/include/gz/physics6/gz/physics/bullet-plugin/detail/Export.hh
-- Up-to-date: /home/julia/workspace/install/include/gz/physics6/gz/physics/bullet-plugin/Export.hh
-- Up-to-date: /home/julia/workspace/install/lib/libgz-physics6-bullet-plugin.so.6.3.0
-- Up-to-date: /home/julia/workspace/install/lib/libgz-physics6-bullet-plugin.so.6
-- Up-to-date: /home/julia/workspace/install/lib/libgz-physics6-bullet-plugin.so
-- Up-to-date: /home/julia/workspace/install/lib/cmake/gz-physics6-bullet-plugin/gz-physics6-bullet-plugin-config.cmake
-- Up-to-date: /home/julia/workspace/install/lib/cmake/gz-physics6-bullet-plugin/gz-physics6-bullet-plugin-config-version.cmake
-- Up-to-date: /home/julia/workspace/install/lib/cmake/gz-physics6-bullet-plugin/gz-physics6-bullet-plugin-targets.cmake
-- Up-to-date: /home/julia/workspace/install/lib/cmake/gz-physics6-bullet-plugin/gz-physics6-bullet-plugin-targets-relwithdebinfo.cmake
-- Up-to-date: /home/julia/workspace/install/lib/pkgconfig/gz-physics6-bullet-plugin.pc
-- Up-to-date: /home/julia/workspace/install/lib/gz-physics-6/engine-plugins/libgz-physics6-bullet-plugin.so.6.3.0
-- Up-to-date: /home/julia/workspace/install/lib/gz-physics-6/engine-plugins/libgz-physics6-bullet-plugin.so.6
-- Up-to-date: /home/julia/workspace/install/lib/gz-physics-6/engine-plugins/libgz-physics6-bullet-plugin.so
-- Up-to-date: /home/julia/workspace/install/include/gz/physics6
-- Up-to-date: /home/julia/workspace/install/include/gz/physics6/ignition
-- Up-to-date: /home/julia/workspace/install/include/gz/physics6/ignition/physics
-- Up-to-date: /home/julia/workspace/install/include/gz/physics6/ignition/physics/bullet-plugin
-- Up-to-date: /home/julia/workspace/install/include/gz/physics6/ignition/physics/bullet-plugin/Export.hh
-- Up-to-date: /home/julia/workspace/install/lib/gz-physics-6/engine-plugins/libgz-physics-bullet-plugin.so
-- Up-to-date: /home/julia/workspace/install/lib/cmake/gz-physics6-bullet-featherstone/gz-physics6-bullet-featherstone-config.cmake
-- Up-to-date: /home/julia/workspace/install/lib/cmake/gz-physics6-bullet-featherstone/gz-physics6-bullet-featherstone-config-version.cmake
-- Up-to-date: /home/julia/workspace/install/lib/cmake/gz-physics6-bullet-featherstone/gz-physics6-bullet-featherstone-targets.cmake
-- Up-to-date: /home/julia/workspace/install/lib/pkgconfig/gz-physics6-bullet-featherstone.pc
-- Up-to-date: /home/julia/workspace/install/include/gz/physics6/gz/physics/bullet-featherstone-plugin/detail/Export.hh
-- Up-to-date: /home/julia/workspace/install/include/gz/physics6/gz/physics/bullet-featherstone-plugin/Export.hh
-- Up-to-date: /home/julia/workspace/install/lib/libgz-physics6-bullet-featherstone-plugin.so.6.3.0
-- Up-to-date: /home/julia/workspace/install/lib/libgz-physics6-bullet-featherstone-plugin.so.6
-- Up-to-date: /home/julia/workspace/install/lib/libgz-physics6-bullet-featherstone-plugin.so
-- Up-to-date: /home/julia/workspace/install/lib/cmake/gz-physics6-bullet-featherstone-plugin/gz-physics6-bullet-featherstone-plugin-config.cmake
-- Up-to-date: /home/julia/workspace/install/lib/cmake/gz-physics6-bullet-featherstone-plugin/gz-physics6-bullet-featherstone-plugin-config-version.cmake
-- Up-to-date: /home/julia/workspace/install/lib/cmake/gz-physics6-bullet-featherstone-plugin/gz-physics6-bullet-featherstone-plugin-targets.cmake
-- Up-to-date: /home/julia/workspace/install/lib/cmake/gz-physics6-bullet-featherstone-plugin/gz-physics6-bullet-featherstone-plugin-targets-relwithdebinfo.cmake
-- Up-to-date: /home/julia/workspace/install/lib/pkgconfig/gz-physics6-bullet-featherstone-plugin.pc
-- Up-to-date: /home/julia/workspace/install/lib/gz-physics-6/engine-plugins/libgz-physics6-bullet-featherstone-plugin.so.6.3.0
-- Up-to-date: /home/julia/workspace/install/lib/gz-physics-6/engine-plugins/libgz-physics6-bullet-featherstone-plugin.so.6
-- Up-to-date: /home/julia/workspace/install/lib/gz-physics-6/engine-plugins/libgz-physics6-bullet-featherstone-plugin.so
-- Up-to-date: /home/julia/workspace/install/lib/gz-physics-6/engine-plugins/libgz-physics-bullet-featherstone-plugin.so
-- Up-to-date: /home/julia/workspace/install/lib/gz-physics-6/engine-plugins/libgz-physics-bullet-featherstone-plugin.so
