[0.074s] Invoking command in '/home/julia/workspace/build/gz-physics6': /usr/bin/cmake --build /home/julia/workspace/build/gz-physics6 -- -j3 -l3
[0.148s] [ 10%] Built target gz-physics6
[0.215s] [ 29%] Built target gz-physics6-tpelib
[0.221s] [ 53%] Built target gz-physics6-dartsim-plugin
[0.237s] [ 67%] Built target gz-physics6-bullet-plugin
[0.290s] [ 85%] Built target gz-physics6-bullet-featherstone-plugin
[0.300s] [100%] Built target gz-physics6-tpe-plugin
[0.314s] Invoked command in '/home/julia/workspace/build/gz-physics6' returned '0': /usr/bin/cmake --build /home/julia/workspace/build/gz-physics6 -- -j3 -l3
[0.354s] Invoking command in '/home/julia/workspace/build/gz-physics6': /usr/bin/cmake --install /home/julia/workspace/build/gz-physics6
[0.367s] -- Install configuration: "RelWithDebInfo"
[0.367s] -- Up-to-date: /home/julia/workspace/install/lib/cmake/gz-physics6-all/gz-physics6-all-config.cmake
[0.367s] -- Up-to-date: /home/julia/workspace/install/lib/cmake/gz-physics6-all/gz-physics6-all-config-version.cmake
[0.369s] -- Up-to-date: /home/julia/workspace/install/lib/cmake/gz-physics6-all/gz-physics6-all-targets.cmake
[0.373s] -- Up-to-date: /home/julia/workspace/install/include/gz/physics6/gz/physics/detail/Export.hh
[0.373s] -- Up-to-date: /home/julia/workspace/install/include/gz/physics6/gz/physics/Export.hh
[0.373s] -- Up-to-date: /home/julia/workspace/install/lib/libgz-physics6.so.6.3.0
[0.373s] -- Up-to-date: /home/julia/workspace/install/lib/libgz-physics6.so.6
[0.374s] -- Up-to-date: /home/julia/workspace/install/lib/libgz-physics6.so
[0.374s] -- Up-to-date: /home/julia/workspace/install/lib/cmake/gz-physics6/gz-physics6-config.cmake
[0.374s] -- Up-to-date: /home/julia/workspace/install/lib/cmake/gz-physics6/gz-physics6-config-version.cmake
[0.375s] -- Up-to-date: /home/julia/workspace/install/lib/cmake/gz-physics6/gz-physics6-targets.cmake
[0.375s] -- Up-to-date: /home/julia/workspace/install/lib/cmake/gz-physics6/gz-physics6-targets-relwithdebinfo.cmake
[0.375s] -- Up-to-date: /home/julia/workspace/install/lib/pkgconfig/gz-physics6.pc
[0.375s] -- Up-to-date: /home/julia/workspace/install/include/gz/physics6/ignition
[0.375s] -- Up-to-date: /home/julia/workspace/install/include/gz/physics6/ignition/physics.hh
[0.375s] -- Up-to-date: /home/julia/workspace/install/include/gz/physics6/ignition/physics
[0.376s] -- Up-to-date: /home/julia/workspace/install/include/gz/physics6/ignition/physics/CompositeData.hh
[0.376s] -- Up-to-date: /home/julia/workspace/install/include/gz/physics6/ignition/physics/DeclareJointType.hh
[0.376s] -- Up-to-date: /home/julia/workspace/install/include/gz/physics6/ignition/physics/CapsuleShape.hh
[0.376s] -- Up-to-date: /home/julia/workspace/install/include/gz/physics6/ignition/physics/FreeGroup.hh
[0.376s] -- Up-to-date: /home/julia/workspace/install/include/gz/physics6/ignition/physics/RequestFeatures.hh
[0.376s] -- Up-to-date: /home/julia/workspace/install/include/gz/physics6/ignition/physics/RequestEngine.hh
[0.377s] -- Up-to-date: /home/julia/workspace/install/include/gz/physics6/ignition/physics/TemplateHelpers.hh
[0.377s] -- Up-to-date: /home/julia/workspace/install/include/gz/physics6/ignition/physics/ContactProperties.hh
[0.377s] -- Up-to-date: /home/julia/workspace/install/include/gz/physics6/ignition/physics/PlaneShape.hh
[0.377s] -- Up-to-date: /home/julia/workspace/install/include/gz/physics6/ignition/physics/RevoluteJoint.hh
[0.377s] -- Up-to-date: /home/julia/workspace/install/include/gz/physics6/ignition/physics/Joint.hh
[0.377s] -- Up-to-date: /home/julia/workspace/install/include/gz/physics6/ignition/physics/RemoveEntities.hh
[0.377s] -- Up-to-date: /home/julia/workspace/install/include/gz/physics6/ignition/physics/Feature.hh
[0.377s] -- Up-to-date: /home/julia/workspace/install/include/gz/physics6/ignition/physics/CanReadData.hh
[0.377s] -- Up-to-date: /home/julia/workspace/install/include/gz/physics6/ignition/physics/PrismaticJoint.hh
[0.377s] -- Up-to-date: /home/julia/workspace/install/include/gz/physics6/ignition/physics/FrameData.hh
[0.377s] -- Up-to-date: /home/julia/workspace/install/include/gz/physics6/ignition/physics/FreeJoint.hh
[0.377s] -- Up-to-date: /home/julia/workspace/install/include/gz/physics6/ignition/physics/SphereShape.hh
[0.377s] -- Up-to-date: /home/julia/workspace/install/include/gz/physics6/ignition/physics/Link.hh
[0.377s] -- Up-to-date: /home/julia/workspace/install/include/gz/physics6/ignition/physics/RegisterMore.hh
[0.377s] -- Up-to-date: /home/julia/workspace/install/include/gz/physics6/ignition/physics/FrameID.hh
[0.377s] -- Up-to-date: /home/julia/workspace/install/include/gz/physics6/ignition/physics/Entity.hh
[0.378s] -- Up-to-date: /home/julia/workspace/install/include/gz/physics6/ignition/physics/GetContacts.hh
[0.378s] -- Up-to-date: /home/julia/workspace/install/include/gz/physics6/ignition/physics/GetEntities.hh
[0.379s] -- Up-to-date: /home/julia/workspace/install/include/gz/physics6/ignition/physics/Export.hh
[0.379s] -- Up-to-date: /home/julia/workspace/install/include/gz/physics6/ignition/physics/OperateOnSpecifiedData.hh
[0.380s] -- Up-to-date: /home/julia/workspace/install/include/gz/physics6/ignition/physics/FeaturePolicy.hh
[0.380s] -- Up-to-date: /home/julia/workspace/install/include/gz/physics6/ignition/physics/World.hh
[0.380s] -- Up-to-date: /home/julia/workspace/install/include/gz/physics6/ignition/physics/Shape.hh
[0.380s] -- Up-to-date: /home/julia/workspace/install/include/gz/physics6/ignition/physics/ForwardStep.hh
[0.381s] -- Up-to-date: /home/julia/workspace/install/include/gz/physics6/ignition/physics/RelativeQuantity.hh
[0.381s] -- Up-to-date: /home/julia/workspace/install/include/gz/physics6/ignition/physics/FixedJoint.hh
[0.381s] -- Up-to-date: /home/julia/workspace/install/include/gz/physics6/ignition/physics/FeatureList.hh
[0.381s] -- Up-to-date: /home/julia/workspace/install/include/gz/physics6/ignition/physics/EllipsoidShape.hh
[0.381s] -- Up-to-date: /home/julia/workspace/install/include/gz/physics6/ignition/physics/ConstructEmpty.hh
[0.382s] -- Up-to-date: /home/julia/workspace/install/include/gz/physics6/ignition/physics/Cloneable.hh
[0.382s] -- Up-to-date: /home/julia/workspace/install/include/gz/physics6/ignition/physics/BoxShape.hh
[0.382s] -- Up-to-date: /home/julia/workspace/install/include/gz/physics6/ignition/physics/Geometry.hh
[0.382s] -- Up-to-date: /home/julia/workspace/install/include/gz/physics6/ignition/physics/Implements.hh
[0.382s] -- Up-to-date: /home/julia/workspace/install/include/gz/physics6/ignition/physics/FindFeatures.hh
[0.383s] -- Up-to-date: /home/julia/workspace/install/include/gz/physics6/ignition/physics/SpecifyData.hh
[0.383s] -- Up-to-date: /home/julia/workspace/install/include/gz/physics6/ignition/physics/Register.hh
[0.383s] -- Up-to-date: /home/julia/workspace/install/include/gz/physics6/ignition/physics/config.hh
[0.383s] -- Up-to-date: /home/julia/workspace/install/include/gz/physics6/ignition/physics/CylinderShape.hh
[0.383s] -- Up-to-date: /home/julia/workspace/install/include/gz/physics6/ignition/physics/FrameSemantics.hh
[0.383s] -- Up-to-date: /home/julia/workspace/install/include/gz/physics6/ignition/physics/DeclareShapeType.hh
[0.383s] -- Up-to-date: /home/julia/workspace/install/include/gz/physics6/ignition/physics/GetBoundingBox.hh
[0.384s] -- Up-to-date: /home/julia/workspace/install/include/gz/physics6/ignition/physics/CanWriteData.hh
[0.384s] -- Up-to-date: /home/julia/workspace/install/include/gz/physics6/ignition/physics/DataStatusMask.hh
[0.384s] -- Up-to-date: /home/julia/workspace/install/include/gz/physics6/gz/physics/detail/BoxShape.hh
[0.384s] -- Up-to-date: /home/julia/workspace/install/include/gz/physics6/gz/physics/detail/CanReadData.hh
[0.384s] -- Up-to-date: /home/julia/workspace/install/include/gz/physics6/gz/physics/detail/CanWriteData.hh
[0.384s] -- Up-to-date: /home/julia/workspace/install/include/gz/physics6/gz/physics/detail/CapsuleShape.hh
[0.384s] -- Up-to-date: /home/julia/workspace/install/include/gz/physics6/gz/physics/detail/Cloneable.hh
[0.384s] -- Up-to-date: /home/julia/workspace/install/include/gz/physics6/gz/physics/detail/CompositeData.hh
[0.384s] -- Up-to-date: /home/julia/workspace/install/include/gz/physics6/gz/physics/detail/ConstructEmpty.hh
[0.384s] -- Up-to-date: /home/julia/workspace/install/include/gz/physics6/gz/physics/detail/ContactProperties.hh
[0.384s] -- Up-to-date: /home/julia/workspace/install/include/gz/physics6/gz/physics/detail/CylinderShape.hh
[0.385s] -- Up-to-date: /home/julia/workspace/install/include/gz/physics6/gz/physics/detail/DeclareDerivedType.hh
[0.385s] -- Up-to-date: /home/julia/workspace/install/include/gz/physics6/gz/physics/detail/EllipsoidShape.hh
[0.385s] -- Up-to-date: /home/julia/workspace/install/include/gz/physics6/gz/physics/detail/Entity.hh
[0.385s] -- Up-to-date: /home/julia/workspace/install/include/gz/physics6/gz/physics/detail/FeatureList.hh
[0.385s] -- Up-to-date: /home/julia/workspace/install/include/gz/physics6/gz/physics/detail/FindFeatures.hh
[0.385s] -- Up-to-date: /home/julia/workspace/install/include/gz/physics6/gz/physics/detail/FixedJoint.hh
[0.385s] -- Up-to-date: /home/julia/workspace/install/include/gz/physics6/gz/physics/detail/FrameData.hh
[0.385s] -- Up-to-date: /home/julia/workspace/install/include/gz/physics6/gz/physics/detail/FrameSemantics.hh
[0.385s] -- Up-to-date: /home/julia/workspace/install/include/gz/physics6/gz/physics/detail/FreeGroup.hh
[0.385s] -- Up-to-date: /home/julia/workspace/install/include/gz/physics6/gz/physics/detail/FreeJoint.hh
[0.385s] -- Up-to-date: /home/julia/workspace/install/include/gz/physics6/gz/physics/detail/GetBoundingBox.hh
[0.386s] -- Up-to-date: /home/julia/workspace/install/include/gz/physics6/gz/physics/detail/GetContacts.hh
[0.386s] -- Up-to-date: /home/julia/workspace/install/include/gz/physics6/gz/physics/detail/GetEntities.hh
[0.386s] -- Up-to-date: /home/julia/workspace/install/include/gz/physics6/gz/physics/detail/Identity.hh
[0.386s] -- Up-to-date: /home/julia/workspace/install/include/gz/physics6/gz/physics/detail/InspectFeatures.hh
[0.386s] -- Up-to-date: /home/julia/workspace/install/include/gz/physics6/gz/physics/detail/Joint.hh
[0.386s] -- Up-to-date: /home/julia/workspace/install/include/gz/physics6/gz/physics/detail/Link.hh
[0.386s] -- Up-to-date: /home/julia/workspace/install/include/gz/physics6/gz/physics/detail/OperateOnSpecifiedData.hh
[0.386s] -- Up-to-date: /home/julia/workspace/install/include/gz/physics6/gz/physics/detail/PlaneShape.hh
[0.387s] -- Up-to-date: /home/julia/workspace/install/include/gz/physics6/gz/physics/detail/PrismaticJoint.hh
[0.387s] -- Up-to-date: /home/julia/workspace/install/include/gz/physics6/gz/physics/detail/PrivateSpecifyData.hh
[0.387s] -- Up-to-date: /home/julia/workspace/install/include/gz/physics6/gz/physics/detail/Register.hh
[0.387s] -- Up-to-date: /home/julia/workspace/install/include/gz/physics6/gz/physics/detail/RelativeQuantity.hh
[0.387s] -- Up-to-date: /home/julia/workspace/install/include/gz/physics6/gz/physics/detail/RemoveEntities.hh
[0.388s] -- Up-to-date: /home/julia/workspace/install/include/gz/physics6/gz/physics/detail/RequestEngine.hh
[0.388s] -- Up-to-date: /home/julia/workspace/install/include/gz/physics6/gz/physics/detail/RequestFeatures.hh
[0.388s] -- Up-to-date: /home/julia/workspace/install/include/gz/physics6/gz/physics/detail/RevoluteJoint.hh
[0.388s] -- Up-to-date: /home/julia/workspace/install/include/gz/physics6/gz/physics/detail/Shape.hh
[0.388s] -- Up-to-date: /home/julia/workspace/install/include/gz/physics6/gz/physics/detail/SpecifyData.hh
[0.388s] -- Up-to-date: /home/julia/workspace/install/include/gz/physics6/gz/physics/detail/SphereShape.hh
[0.388s] -- Up-to-date: /home/julia/workspace/install/include/gz/physics6/gz/physics/detail/World.hh
[0.388s] -- Up-to-date: /home/julia/workspace/install/include/gz/physics6/gz/physics/AddedMass.hh
[0.388s] -- Up-to-date: /home/julia/workspace/install/include/gz/physics6/gz/physics/BoxShape.hh
[0.389s] -- Up-to-date: /home/julia/workspace/install/include/gz/physics6/gz/physics/CanReadData.hh
[0.389s] -- Up-to-date: /home/julia/workspace/install/include/gz/physics6/gz/physics/CanWriteData.hh
[0.389s] -- Up-to-date: /home/julia/workspace/install/include/gz/physics6/gz/physics/CapsuleShape.hh
[0.389s] -- Up-to-date: /home/julia/workspace/install/include/gz/physics6/gz/physics/Cloneable.hh
[0.389s] -- Up-to-date: /home/julia/workspace/install/include/gz/physics6/gz/physics/CompositeData.hh
[0.389s] -- Up-to-date: /home/julia/workspace/install/include/gz/physics6/gz/physics/ConstructEmpty.hh
[0.389s] -- Up-to-date: /home/julia/workspace/install/include/gz/physics6/gz/physics/ContactProperties.hh
[0.389s] -- Up-to-date: /home/julia/workspace/install/include/gz/physics6/gz/physics/CylinderShape.hh
[0.389s] -- Up-to-date: /home/julia/workspace/install/include/gz/physics6/gz/physics/DataStatusMask.hh
[0.389s] -- Up-to-date: /home/julia/workspace/install/include/gz/physics6/gz/physics/DeclareJointType.hh
[0.389s] -- Up-to-date: /home/julia/workspace/install/include/gz/physics6/gz/physics/DeclareShapeType.hh
[0.389s] -- Up-to-date: /home/julia/workspace/install/include/gz/physics6/gz/physics/EllipsoidShape.hh
[0.390s] -- Up-to-date: /home/julia/workspace/install/include/gz/physics6/gz/physics/Entity.hh
[0.390s] -- Up-to-date: /home/julia/workspace/install/include/gz/physics6/gz/physics/Feature.hh
[0.390s] -- Up-to-date: /home/julia/workspace/install/include/gz/physics6/gz/physics/FeatureList.hh
[0.390s] -- Up-to-date: /home/julia/workspace/install/include/gz/physics6/gz/physics/FeaturePolicy.hh
[0.390s] -- Up-to-date: /home/julia/workspace/install/include/gz/physics6/gz/physics/FindFeatures.hh
[0.390s] -- Up-to-date: /home/julia/workspace/install/include/gz/physics6/gz/physics/FixedJoint.hh
[0.390s] -- Up-to-date: /home/julia/workspace/install/include/gz/physics6/gz/physics/ForwardStep.hh
[0.390s] -- Up-to-date: /home/julia/workspace/install/include/gz/physics6/gz/physics/FrameData.hh
[0.390s] -- Up-to-date: /home/julia/workspace/install/include/gz/physics6/gz/physics/FrameID.hh
[0.391s] -- Up-to-date: /home/julia/workspace/install/include/gz/physics6/gz/physics/FrameSemantics.hh
[0.391s] -- Up-to-date: /home/julia/workspace/install/include/gz/physics6/gz/physics/FreeGroup.hh
[0.391s] -- Up-to-date: /home/julia/workspace/install/include/gz/physics6/gz/physics/FreeJoint.hh
[0.391s] -- Up-to-date: /home/julia/workspace/install/include/gz/physics6/gz/physics/Geometry.hh
[0.391s] -- Up-to-date: /home/julia/workspace/install/include/gz/physics6/gz/physics/GetBoundingBox.hh
[0.391s] -- Up-to-date: /home/julia/workspace/install/include/gz/physics6/gz/physics/GetContacts.hh
[0.391s] -- Up-to-date: /home/julia/workspace/install/include/gz/physics6/gz/physics/GetEntities.hh
[0.391s] -- Up-to-date: /home/julia/workspace/install/include/gz/physics6/gz/physics/Implements.hh
[0.391s] -- Up-to-date: /home/julia/workspace/install/include/gz/physics6/gz/physics/Joint.hh
[0.391s] -- Up-to-date: /home/julia/workspace/install/include/gz/physics6/gz/physics/Link.hh
[0.391s] -- Up-to-date: /home/julia/workspace/install/include/gz/physics6/gz/physics/OperateOnSpecifiedData.hh
[0.391s] -- Up-to-date: /home/julia/workspace/install/include/gz/physics6/gz/physics/PlaneShape.hh
[0.391s] -- Up-to-date: /home/julia/workspace/install/include/gz/physics6/gz/physics/PrismaticJoint.hh
[0.391s] -- Up-to-date: /home/julia/workspace/install/include/gz/physics6/gz/physics/Register.hh
[0.391s] -- Up-to-date: /home/julia/workspace/install/include/gz/physics6/gz/physics/RegisterMore.hh
[0.392s] -- Up-to-date: /home/julia/workspace/install/include/gz/physics6/gz/physics/RelativeQuantity.hh
[0.392s] -- Up-to-date: /home/julia/workspace/install/include/gz/physics6/gz/physics/RemoveEntities.hh
[0.392s] -- Up-to-date: /home/julia/workspace/install/include/gz/physics6/gz/physics/RequestEngine.hh
[0.392s] -- Up-to-date: /home/julia/workspace/install/include/gz/physics6/gz/physics/RequestFeatures.hh
[0.392s] -- Up-to-date: /home/julia/workspace/install/include/gz/physics6/gz/physics/RevoluteJoint.hh
[0.392s] -- Up-to-date: /home/julia/workspace/install/include/gz/physics6/gz/physics/Shape.hh
[0.392s] -- Up-to-date: /home/julia/workspace/install/include/gz/physics6/gz/physics/SpecifyData.hh
[0.392s] -- Up-to-date: /home/julia/workspace/install/include/gz/physics6/gz/physics/SphereShape.hh
[0.392s] -- Up-to-date: /home/julia/workspace/install/include/gz/physics6/gz/physics/TemplateHelpers.hh
[0.392s] -- Up-to-date: /home/julia/workspace/install/include/gz/physics6/gz/physics/World.hh
[0.392s] -- Up-to-date: /home/julia/workspace/install/include/gz/physics6/gz/physics/../physics.hh
[0.392s] -- Up-to-date: /home/julia/workspace/install/include/gz/physics6/gz/physics/config.hh
[0.394s] -- Up-to-date: /home/julia/workspace/install/lib/cmake/gz-physics6-sdf/gz-physics6-sdf-config.cmake
[0.394s] -- Up-to-date: /home/julia/workspace/install/lib/cmake/gz-physics6-sdf/gz-physics6-sdf-config-version.cmake
[0.396s] -- Up-to-date: /home/julia/workspace/install/lib/cmake/gz-physics6-sdf/gz-physics6-sdf-targets.cmake
[0.397s] -- Up-to-date: /home/julia/workspace/install/lib/pkgconfig/gz-physics6-sdf.pc
[0.398s] -- Up-to-date: /home/julia/workspace/install/include/gz/physics6
[0.398s] -- Up-to-date: /home/julia/workspace/install/include/gz/physics6/ignition
[0.398s] -- Up-to-date: /home/julia/workspace/install/include/gz/physics6/ignition/physics
[0.398s] -- Up-to-date: /home/julia/workspace/install/include/gz/physics6/ignition/physics/sdf
[0.398s] -- Up-to-date: /home/julia/workspace/install/include/gz/physics6/ignition/physics/sdf/ConstructLink.hh
[0.399s] -- Up-to-date: /home/julia/workspace/install/include/gz/physics6/ignition/physics/sdf/ConstructWorld.hh
[0.399s] -- Up-to-date: /home/julia/workspace/install/include/gz/physics6/ignition/physics/sdf/ConstructNestedModel.hh
[0.399s] -- Up-to-date: /home/julia/workspace/install/include/gz/physics6/ignition/physics/sdf/ConstructModel.hh
[0.399s] -- Up-to-date: /home/julia/workspace/install/include/gz/physics6/ignition/physics/sdf/ConstructCollision.hh
[0.399s] -- Up-to-date: /home/julia/workspace/install/include/gz/physics6/ignition/physics/sdf/ConstructVisual.hh
[0.400s] -- Up-to-date: /home/julia/workspace/install/include/gz/physics6/ignition/physics/sdf/ConstructJoint.hh
[0.400s] -- Up-to-date: /home/julia/workspace/install/include/gz/physics6/gz
[0.400s] -- Up-to-date: /home/julia/workspace/install/include/gz/physics6/gz/physics
[0.400s] -- Up-to-date: /home/julia/workspace/install/include/gz/physics6/gz/physics/sdf
[0.400s] -- Up-to-date: /home/julia/workspace/install/include/gz/physics6/gz/physics/sdf/ConstructLink.hh
[0.401s] -- Up-to-date: /home/julia/workspace/install/include/gz/physics6/gz/physics/sdf/ConstructWorld.hh
[0.401s] -- Up-to-date: /home/julia/workspace/install/include/gz/physics6/gz/physics/sdf/ConstructNestedModel.hh
[0.401s] -- Up-to-date: /home/julia/workspace/install/include/gz/physics6/gz/physics/sdf/ConstructModel.hh
[0.402s] -- Up-to-date: /home/julia/workspace/install/include/gz/physics6/gz/physics/sdf/ConstructCollision.hh
[0.402s] -- Up-to-date: /home/julia/workspace/install/include/gz/physics6/gz/physics/sdf/ConstructVisual.hh
[0.402s] -- Up-to-date: /home/julia/workspace/install/include/gz/physics6/gz/physics/sdf/ConstructJoint.hh
[0.406s] -- Up-to-date: /home/julia/workspace/install/lib/cmake/gz-physics6-heightmap/gz-physics6-heightmap-config.cmake
[0.407s] -- Up-to-date: /home/julia/workspace/install/lib/cmake/gz-physics6-heightmap/gz-physics6-heightmap-config-version.cmake
[0.412s] -- Up-to-date: /home/julia/workspace/install/lib/cmake/gz-physics6-heightmap/gz-physics6-heightmap-targets.cmake
[0.412s] -- Up-to-date: /home/julia/workspace/install/lib/pkgconfig/gz-physics6-heightmap.pc
[0.412s] -- Up-to-date: /home/julia/workspace/install/include/gz/physics6
[0.413s] -- Up-to-date: /home/julia/workspace/install/include/gz/physics6/ignition
[0.413s] -- Up-to-date: /home/julia/workspace/install/include/gz/physics6/ignition/physics
[0.413s] -- Up-to-date: /home/julia/workspace/install/include/gz/physics6/ignition/physics/heightmap
[0.413s] -- Up-to-date: /home/julia/workspace/install/include/gz/physics6/ignition/physics/heightmap/HeightmapShape.hh
[0.413s] -- Up-to-date: /home/julia/workspace/install/include/gz/physics6/gz
[0.413s] -- Up-to-date: /home/julia/workspace/install/include/gz/physics6/gz/physics
[0.413s] -- Up-to-date: /home/julia/workspace/install/include/gz/physics6/gz/physics/heightmap
[0.413s] -- Up-to-date: /home/julia/workspace/install/include/gz/physics6/gz/physics/heightmap/HeightmapShape.hh
[0.414s] -- Up-to-date: /home/julia/workspace/install/include/gz/physics6/gz/physics/heightmap/detail
[0.414s] -- Up-to-date: /home/julia/workspace/install/include/gz/physics6/gz/physics/heightmap/detail/HeightmapShape.hh
[0.414s] -- Up-to-date: /home/julia/workspace/install/lib/cmake/gz-physics6-mesh/gz-physics6-mesh-config.cmake
[0.414s] -- Up-to-date: /home/julia/workspace/install/lib/cmake/gz-physics6-mesh/gz-physics6-mesh-config-version.cmake
[0.414s] -- Up-to-date: /home/julia/workspace/install/lib/cmake/gz-physics6-mesh/gz-physics6-mesh-targets.cmake
[0.414s] -- Up-to-date: /home/julia/workspace/install/lib/pkgconfig/gz-physics6-mesh.pc
[0.415s] -- Up-to-date: /home/julia/workspace/install/include/gz/physics6
[0.415s] -- Up-to-date: /home/julia/workspace/install/include/gz/physics6/ignition
[0.415s] -- Up-to-date: /home/julia/workspace/install/include/gz/physics6/ignition/physics
[0.415s] -- Up-to-date: /home/julia/workspace/install/include/gz/physics6/ignition/physics/mesh
[0.417s] -- Up-to-date: /home/julia/workspace/install/include/gz/physics6/ignition/physics/mesh/MeshShape.hh
[0.417s] -- Up-to-date: /home/julia/workspace/install/include/gz/physics6/gz
[0.418s] -- Up-to-date: /home/julia/workspace/install/include/gz/physics6/gz/physics
[0.419s] -- Up-to-date: /home/julia/workspace/install/include/gz/physics6/gz/physics/mesh
[0.419s] -- Up-to-date: /home/julia/workspace/install/include/gz/physics6/gz/physics/mesh/MeshShape.hh
[0.419s] -- Up-to-date: /home/julia/workspace/install/include/gz/physics6/gz/physics/mesh/detail
[0.420s] -- Up-to-date: /home/julia/workspace/install/include/gz/physics6/gz/physics/mesh/detail/MeshShape.hh
[0.433s] -- Up-to-date: /home/julia/workspace/install/lib/cmake/gz-physics6-dartsim/gz-physics6-dartsim-config.cmake
[0.433s] -- Up-to-date: /home/julia/workspace/install/lib/cmake/gz-physics6-dartsim/gz-physics6-dartsim-config-version.cmake
[0.436s] -- Up-to-date: /home/julia/workspace/install/lib/cmake/gz-physics6-dartsim/gz-physics6-dartsim-targets.cmake
[0.437s] -- Up-to-date: /home/julia/workspace/install/lib/pkgconfig/gz-physics6-dartsim.pc
[0.437s] -- Up-to-date: /home/julia/workspace/install/include/gz/physics6
[0.437s] -- Up-to-date: /home/julia/workspace/install/include/gz/physics6/ignition
[0.437s] -- Up-to-date: /home/julia/workspace/install/include/gz/physics6/ignition/physics
[0.437s] -- Up-to-date: /home/julia/workspace/install/include/gz/physics6/ignition/physics/dartsim
[0.438s] -- Up-to-date: /home/julia/workspace/install/include/gz/physics6/ignition/physics/dartsim/World.hh
[0.438s] -- Up-to-date: /home/julia/workspace/install/include/gz/physics6/ignition/physics/dartsim-plugin
[0.438s] -- Up-to-date: /home/julia/workspace/install/include/gz/physics6/ignition/physics/dartsim-plugin/Export.hh
[0.438s] -- Up-to-date: /home/julia/workspace/install/include/gz/physics6/gz
[0.438s] -- Up-to-date: /home/julia/workspace/install/include/gz/physics6/gz/physics
[0.438s] -- Up-to-date: /home/julia/workspace/install/include/gz/physics6/gz/physics/dartsim
[0.439s] -- Up-to-date: /home/julia/workspace/install/include/gz/physics6/gz/physics/dartsim/World.hh
[0.439s] -- Up-to-date: /home/julia/workspace/install/include/gz/physics6/gz/physics/dartsim-plugin/detail/Export.hh
[0.439s] -- Up-to-date: /home/julia/workspace/install/include/gz/physics6/gz/physics/dartsim-plugin/Export.hh
[0.439s] -- Up-to-date: /home/julia/workspace/install/lib/libgz-physics6-dartsim-plugin.so.6.3.0
[0.440s] -- Up-to-date: /home/julia/workspace/install/lib/libgz-physics6-dartsim-plugin.so.6
[0.440s] -- Up-to-date: /home/julia/workspace/install/lib/libgz-physics6-dartsim-plugin.so
[0.440s] -- Up-to-date: /home/julia/workspace/install/lib/cmake/gz-physics6-dartsim-plugin/gz-physics6-dartsim-plugin-config.cmake
[0.440s] -- Up-to-date: /home/julia/workspace/install/lib/cmake/gz-physics6-dartsim-plugin/gz-physics6-dartsim-plugin-config-version.cmake
[0.441s] -- Up-to-date: /home/julia/workspace/install/lib/cmake/gz-physics6-dartsim-plugin/gz-physics6-dartsim-plugin-targets.cmake
[0.441s] -- Up-to-date: /home/julia/workspace/install/lib/cmake/gz-physics6-dartsim-plugin/gz-physics6-dartsim-plugin-targets-relwithdebinfo.cmake
[0.441s] -- Up-to-date: /home/julia/workspace/install/lib/pkgconfig/gz-physics6-dartsim-plugin.pc
[0.442s] -- Up-to-date: /home/julia/workspace/install/lib/gz-physics-6/engine-plugins/libgz-physics6-dartsim-plugin.so.6.3.0
[0.442s] -- Up-to-date: /home/julia/workspace/install/lib/gz-physics-6/engine-plugins/libgz-physics6-dartsim-plugin.so.6
[0.442s] -- Up-to-date: /home/julia/workspace/install/lib/gz-physics-6/engine-plugins/libgz-physics6-dartsim-plugin.so
[0.443s] -- Up-to-date: /home/julia/workspace/install/lib/gz-physics-6/engine-plugins/libgz-physics-dartsim-plugin.so
[0.443s] -- Up-to-date: /home/julia/workspace/install/include/gz/physics6
[0.443s] -- Up-to-date: /home/julia/workspace/install/include/gz/physics6/ignition
[0.444s] -- Up-to-date: /home/julia/workspace/install/include/gz/physics6/ignition/physics
[0.444s] -- Up-to-date: /home/julia/workspace/install/include/gz/physics6/ignition/physics/tpelib
[0.444s] -- Up-to-date: /home/julia/workspace/install/include/gz/physics6/ignition/physics/tpelib/include
[0.444s] -- Up-to-date: /home/julia/workspace/install/include/gz/physics6/ignition/physics/tpelib/include/ignition
[0.444s] -- Up-to-date: /home/julia/workspace/install/include/gz/physics6/ignition/physics/tpelib/include/ignition/physics
[0.445s] -- Up-to-date: /home/julia/workspace/install/include/gz/physics6/ignition/physics/tpelib/include/ignition/physics/tpelib
[0.446s] -- Up-to-date: /home/julia/workspace/install/include/gz/physics6/ignition/physics/tpelib/include/ignition/physics/tpelib/Export.hh
[0.446s] -- Up-to-date: /home/julia/workspace/install/include/gz/physics6/ignition/physics/tpelib/Export.hh
[0.447s] -- Up-to-date: /home/julia/workspace/install/include/gz/physics6/ignition/physics/tpe-plugin
[0.447s] -- Up-to-date: /home/julia/workspace/install/include/gz/physics6/ignition/physics/tpe-plugin/include
[0.447s] -- Up-to-date: /home/julia/workspace/install/include/gz/physics6/ignition/physics/tpe-plugin/include/ignition
[0.448s] -- Up-to-date: /home/julia/workspace/install/include/gz/physics6/ignition/physics/tpe-plugin/include/ignition/physics
[0.448s] -- Up-to-date: /home/julia/workspace/install/include/gz/physics6/ignition/physics/tpe-plugin/include/ignition/physics/tpe-plugin
[0.449s] -- Up-to-date: /home/julia/workspace/install/include/gz/physics6/ignition/physics/tpe-plugin/include/ignition/physics/tpe-plugin/Export.hh
[0.449s] -- Up-to-date: /home/julia/workspace/install/include/gz/physics6/ignition/physics/tpe-plugin/Export.hh
[0.451s] -- Up-to-date: /home/julia/workspace/install/include/gz/physics6/gz/physics/tpelib/detail/Export.hh
[0.451s] -- Up-to-date: /home/julia/workspace/install/include/gz/physics6/gz/physics/tpelib/Export.hh
[0.451s] -- Up-to-date: /home/julia/workspace/install/lib/libgz-physics6-tpelib.so.6.3.0
[0.451s] -- Up-to-date: /home/julia/workspace/install/lib/libgz-physics6-tpelib.so.6
[0.453s] -- Up-to-date: /home/julia/workspace/install/lib/libgz-physics6-tpelib.so
[0.453s] -- Up-to-date: /home/julia/workspace/install/lib/cmake/gz-physics6-tpelib/gz-physics6-tpelib-config.cmake
[0.453s] -- Up-to-date: /home/julia/workspace/install/lib/cmake/gz-physics6-tpelib/gz-physics6-tpelib-config-version.cmake
[0.458s] -- Up-to-date: /home/julia/workspace/install/lib/cmake/gz-physics6-tpelib/gz-physics6-tpelib-targets.cmake
[0.460s] -- Up-to-date: /home/julia/workspace/install/lib/cmake/gz-physics6-tpelib/gz-physics6-tpelib-targets-relwithdebinfo.cmake
[0.460s] -- Up-to-date: /home/julia/workspace/install/lib/pkgconfig/gz-physics6-tpelib.pc
[0.466s] -- Up-to-date: /home/julia/workspace/install/lib/cmake/gz-physics6-tpe/gz-physics6-tpe-config.cmake
[0.466s] -- Up-to-date: /home/julia/workspace/install/lib/cmake/gz-physics6-tpe/gz-physics6-tpe-config-version.cmake
[0.467s] -- Up-to-date: /home/julia/workspace/install/lib/cmake/gz-physics6-tpe/gz-physics6-tpe-targets.cmake
[0.467s] -- Up-to-date: /home/julia/workspace/install/lib/pkgconfig/gz-physics6-tpe.pc
[0.467s] -- Up-to-date: /home/julia/workspace/install/include/gz/physics6/gz/physics/tpe-plugin/detail/Export.hh
[0.467s] -- Up-to-date: /home/julia/workspace/install/include/gz/physics6/gz/physics/tpe-plugin/Export.hh
[0.468s] -- Up-to-date: /home/julia/workspace/install/lib/libgz-physics6-tpe-plugin.so.6.3.0
[0.468s] -- Up-to-date: /home/julia/workspace/install/lib/libgz-physics6-tpe-plugin.so.6
[0.468s] -- Up-to-date: /home/julia/workspace/install/lib/libgz-physics6-tpe-plugin.so
[0.468s] -- Up-to-date: /home/julia/workspace/install/lib/cmake/gz-physics6-tpe-plugin/gz-physics6-tpe-plugin-config.cmake
[0.469s] -- Up-to-date: /home/julia/workspace/install/lib/cmake/gz-physics6-tpe-plugin/gz-physics6-tpe-plugin-config-version.cmake
[0.469s] -- Up-to-date: /home/julia/workspace/install/lib/cmake/gz-physics6-tpe-plugin/gz-physics6-tpe-plugin-targets.cmake
[0.469s] -- Up-to-date: /home/julia/workspace/install/lib/cmake/gz-physics6-tpe-plugin/gz-physics6-tpe-plugin-targets-relwithdebinfo.cmake
[0.469s] -- Up-to-date: /home/julia/workspace/install/lib/pkgconfig/gz-physics6-tpe-plugin.pc
[0.469s] -- Up-to-date: /home/julia/workspace/install/lib/gz-physics-6/engine-plugins/libgz-physics6-tpe-plugin.so.6.3.0
[0.470s] -- Up-to-date: /home/julia/workspace/install/lib/gz-physics-6/engine-plugins/libgz-physics6-tpe-plugin.so.6
[0.472s] -- Up-to-date: /home/julia/workspace/install/lib/gz-physics-6/engine-plugins/libgz-physics6-tpe-plugin.so
[0.473s] -- Up-to-date: /home/julia/workspace/install/lib/gz-physics-6/engine-plugins/libgz-physics-tpe-plugin.so
[0.477s] -- Up-to-date: /home/julia/workspace/install/lib/cmake/gz-physics6-bullet/gz-physics6-bullet-config.cmake
[0.477s] -- Up-to-date: /home/julia/workspace/install/lib/cmake/gz-physics6-bullet/gz-physics6-bullet-config-version.cmake
[0.480s] -- Up-to-date: /home/julia/workspace/install/lib/cmake/gz-physics6-bullet/gz-physics6-bullet-targets.cmake
[0.481s] -- Up-to-date: /home/julia/workspace/install/lib/pkgconfig/gz-physics6-bullet.pc
[0.482s] -- Up-to-date: /home/julia/workspace/install/include/gz/physics6/gz/physics/bullet-plugin/detail/Export.hh
[0.482s] -- Up-to-date: /home/julia/workspace/install/include/gz/physics6/gz/physics/bullet-plugin/Export.hh
[0.483s] -- Up-to-date: /home/julia/workspace/install/lib/libgz-physics6-bullet-plugin.so.6.3.0
[0.483s] -- Up-to-date: /home/julia/workspace/install/lib/libgz-physics6-bullet-plugin.so.6
[0.485s] -- Up-to-date: /home/julia/workspace/install/lib/libgz-physics6-bullet-plugin.so
[0.485s] -- Up-to-date: /home/julia/workspace/install/lib/cmake/gz-physics6-bullet-plugin/gz-physics6-bullet-plugin-config.cmake
[0.486s] -- Up-to-date: /home/julia/workspace/install/lib/cmake/gz-physics6-bullet-plugin/gz-physics6-bullet-plugin-config-version.cmake
[0.491s] -- Up-to-date: /home/julia/workspace/install/lib/cmake/gz-physics6-bullet-plugin/gz-physics6-bullet-plugin-targets.cmake
[0.491s] -- Up-to-date: /home/julia/workspace/install/lib/cmake/gz-physics6-bullet-plugin/gz-physics6-bullet-plugin-targets-relwithdebinfo.cmake
[0.491s] -- Up-to-date: /home/julia/workspace/install/lib/pkgconfig/gz-physics6-bullet-plugin.pc
[0.493s] -- Up-to-date: /home/julia/workspace/install/lib/gz-physics-6/engine-plugins/libgz-physics6-bullet-plugin.so.6.3.0
[0.493s] -- Up-to-date: /home/julia/workspace/install/lib/gz-physics-6/engine-plugins/libgz-physics6-bullet-plugin.so.6
[0.495s] -- Up-to-date: /home/julia/workspace/install/lib/gz-physics-6/engine-plugins/libgz-physics6-bullet-plugin.so
[0.496s] -- Up-to-date: /home/julia/workspace/install/include/gz/physics6
[0.496s] -- Up-to-date: /home/julia/workspace/install/include/gz/physics6/ignition
[0.496s] -- Up-to-date: /home/julia/workspace/install/include/gz/physics6/ignition/physics
[0.497s] -- Up-to-date: /home/julia/workspace/install/include/gz/physics6/ignition/physics/bullet-plugin
[0.497s] -- Up-to-date: /home/julia/workspace/install/include/gz/physics6/ignition/physics/bullet-plugin/Export.hh
[0.498s] -- Up-to-date: /home/julia/workspace/install/lib/gz-physics-6/engine-plugins/libgz-physics-bullet-plugin.so
[0.502s] -- Up-to-date: /home/julia/workspace/install/lib/cmake/gz-physics6-bullet-featherstone/gz-physics6-bullet-featherstone-config.cmake
[0.502s] -- Up-to-date: /home/julia/workspace/install/lib/cmake/gz-physics6-bullet-featherstone/gz-physics6-bullet-featherstone-config-version.cmake
[0.505s] -- Up-to-date: /home/julia/workspace/install/lib/cmake/gz-physics6-bullet-featherstone/gz-physics6-bullet-featherstone-targets.cmake
[0.506s] -- Up-to-date: /home/julia/workspace/install/lib/pkgconfig/gz-physics6-bullet-featherstone.pc
[0.506s] -- Up-to-date: /home/julia/workspace/install/include/gz/physics6/gz/physics/bullet-featherstone-plugin/detail/Export.hh
[0.507s] -- Up-to-date: /home/julia/workspace/install/include/gz/physics6/gz/physics/bullet-featherstone-plugin/Export.hh
[0.508s] -- Up-to-date: /home/julia/workspace/install/lib/libgz-physics6-bullet-featherstone-plugin.so.6.3.0
[0.508s] -- Up-to-date: /home/julia/workspace/install/lib/libgz-physics6-bullet-featherstone-plugin.so.6
[0.512s] -- Up-to-date: /home/julia/workspace/install/lib/libgz-physics6-bullet-featherstone-plugin.so
[0.512s] -- Up-to-date: /home/julia/workspace/install/lib/cmake/gz-physics6-bullet-featherstone-plugin/gz-physics6-bullet-featherstone-plugin-config.cmake
[0.512s] -- Up-to-date: /home/julia/workspace/install/lib/cmake/gz-physics6-bullet-featherstone-plugin/gz-physics6-bullet-featherstone-plugin-config-version.cmake
[0.517s] -- Up-to-date: /home/julia/workspace/install/lib/cmake/gz-physics6-bullet-featherstone-plugin/gz-physics6-bullet-featherstone-plugin-targets.cmake
[0.518s] -- Up-to-date: /home/julia/workspace/install/lib/cmake/gz-physics6-bullet-featherstone-plugin/gz-physics6-bullet-featherstone-plugin-targets-relwithdebinfo.cmake
[0.518s] -- Up-to-date: /home/julia/workspace/install/lib/pkgconfig/gz-physics6-bullet-featherstone-plugin.pc
[0.520s] -- Up-to-date: /home/julia/workspace/install/lib/gz-physics-6/engine-plugins/libgz-physics6-bullet-featherstone-plugin.so.6.3.0
[0.520s] -- Up-to-date: /home/julia/workspace/install/lib/gz-physics-6/engine-plugins/libgz-physics6-bullet-featherstone-plugin.so.6
[0.523s] -- Up-to-date: /home/julia/workspace/install/lib/gz-physics-6/engine-plugins/libgz-physics6-bullet-featherstone-plugin.so
[0.524s] -- Up-to-date: /home/julia/workspace/install/lib/gz-physics-6/engine-plugins/libgz-physics-bullet-featherstone-plugin.so
[0.524s] -- Up-to-date: /home/julia/workspace/install/lib/gz-physics-6/engine-plugins/libgz-physics-bullet-featherstone-plugin.so
[0.537s] Invoked command in '/home/julia/workspace/build/gz-physics6' returned '0': /usr/bin/cmake --install /home/julia/workspace/build/gz-physics6
