[0.029s] Invoking command in '/home/julia/workspace/build/gz-cmake3': /usr/bin/cmake --build /home/julia/workspace/build/gz-cmake3 -- -j3 -l3
[0.074s] Invoked command in '/home/julia/workspace/build/gz-cmake3' returned '0': /usr/bin/cmake --build /home/julia/workspace/build/gz-cmake3 -- -j3 -l3
[0.109s] Invoking command in '/home/julia/workspace/build/gz-cmake3': /usr/bin/cmake --install /home/julia/workspace/build/gz-cmake3
[0.117s] -- Install configuration: ""
[0.117s] -- Up-to-date: /home/julia/workspace/install/share/gz/gz-cmake3/benchmark
[0.117s] -- Up-to-date: /home/julia/workspace/install/share/gz/gz-cmake3/benchmark/run_benchmarks.py
[0.118s] -- Up-to-date: /home/julia/workspace/install/share/gz/gz-cmake3/codecheck
[0.118s] -- Up-to-date: /home/julia/workspace/install/share/gz/gz-cmake3/codecheck/header_guard.rule
[0.119s] -- Up-to-date: /home/julia/workspace/install/share/gz/gz-cmake3/codecheck/namespace_AZ.rule
[0.119s] -- Up-to-date: /home/julia/workspace/install/share/gz/gz-cmake3/codecheck/cpplint.py
[0.119s] -- Up-to-date: /home/julia/workspace/install/share/gz/gz-cmake3/tools
[0.119s] -- Up-to-date: /home/julia/workspace/install/share/gz/gz-cmake3/tools/check_test_ran.py
[0.119s] -- Up-to-date: /home/julia/workspace/install/share/gz/gz-cmake3/tools/doc_check.sh
[0.120s] -- Up-to-date: /home/julia/workspace/install/share/cmake/gz-cmake3/gz-cmake3-config.cmake
[0.120s] -- Up-to-date: /home/julia/workspace/install/share/cmake/gz-cmake3/gz-cmake3-config-version.cmake
[0.120s] -- Up-to-date: /home/julia/workspace/install/lib/pkgconfig/gz-cmake3.pc
[0.121s] -- Up-to-date: /home/julia/workspace/install/share/cmake/gz-cmake3/gz-cmake3-utilities-targets.cmake
[0.122s] -- Up-to-date: /home/julia/workspace/install/include/gz/cmake3
[0.122s] -- Up-to-date: /home/julia/workspace/install/include/gz/cmake3/ignition
[0.122s] -- Up-to-date: /home/julia/workspace/install/include/gz/cmake3/ignition/utilities
[0.122s] -- Up-to-date: /home/julia/workspace/install/include/gz/cmake3/ignition/utilities/ExtraTestMacros.hh
[0.122s] -- Up-to-date: /home/julia/workspace/install/include/gz/cmake3/ignition/utilities/SuppressWarning.hh
[0.122s] -- Up-to-date: /home/julia/workspace/install/include/gz/cmake3/gz
[0.122s] -- Up-to-date: /home/julia/workspace/install/include/gz/cmake3/gz/utilities
[0.122s] -- Up-to-date: /home/julia/workspace/install/include/gz/cmake3/gz/utilities/ExtraTestMacros.hh
[0.122s] -- Up-to-date: /home/julia/workspace/install/include/gz/cmake3/gz/utilities/SuppressWarning.hh
[0.123s] -- Up-to-date: /home/julia/workspace/install/include/gz/cmake3/gz/utilities/detail
[0.123s] -- Up-to-date: /home/julia/workspace/install/include/gz/cmake3/gz/utilities/detail/ExtraTestMacros.hh
[0.123s] -- Up-to-date: /home/julia/workspace/install/include/gz/cmake3/gz/utilities/detail/SuppressWarning.hh
[0.123s] -- Up-to-date: /home/julia/workspace/install/share/cmake/gz-cmake3/cmake3/FindAVCODEC.cmake
[0.123s] -- Up-to-date: /home/julia/workspace/install/share/cmake/gz-cmake3/cmake3/FindAVDEVICE.cmake
[0.123s] -- Up-to-date: /home/julia/workspace/install/share/cmake/gz-cmake3/cmake3/FindAVFORMAT.cmake
[0.123s] -- Up-to-date: /home/julia/workspace/install/share/cmake/gz-cmake3/cmake3/FindAVUTIL.cmake
[0.123s] -- Up-to-date: /home/julia/workspace/install/share/cmake/gz-cmake3/cmake3/FindCPPZMQ.cmake
[0.123s] -- Up-to-date: /home/julia/workspace/install/share/cmake/gz-cmake3/cmake3/FindDL.cmake
[0.123s] -- Up-to-date: /home/julia/workspace/install/share/cmake/gz-cmake3/cmake3/FindEIGEN3.cmake
[0.123s] -- Up-to-date: /home/julia/workspace/install/share/cmake/gz-cmake3/cmake3/FindFreeImage.cmake
[0.123s] -- Up-to-date: /home/julia/workspace/install/share/cmake/gz-cmake3/cmake3/FindGTS.cmake
[0.123s] -- Up-to-date: /home/julia/workspace/install/share/cmake/gz-cmake3/cmake3/FindGzAssimp.cmake
[0.123s] -- Up-to-date: /home/julia/workspace/install/share/cmake/gz-cmake3/cmake3/FindGzBullet.cmake
[0.124s] -- Up-to-date: /home/julia/workspace/install/share/cmake/gz-cmake3/cmake3/FindGzCURL.cmake
[0.124s] -- Up-to-date: /home/julia/workspace/install/share/cmake/gz-cmake3/cmake3/FindGzOGRE.cmake
[0.124s] -- Up-to-date: /home/julia/workspace/install/share/cmake/gz-cmake3/cmake3/FindGzOGRE2.cmake
[0.124s] -- Up-to-date: /home/julia/workspace/install/share/cmake/gz-cmake3/cmake3/FindGzProtobuf.cmake
[0.124s] -- Up-to-date: /home/julia/workspace/install/share/cmake/gz-cmake3/cmake3/FindGzURDFDOM.cmake
[0.124s] -- Up-to-date: /home/julia/workspace/install/share/cmake/gz-cmake3/cmake3/FindIFADDRS.cmake
[0.124s] -- Up-to-date: /home/julia/workspace/install/share/cmake/gz-cmake3/cmake3/FindJSONCPP.cmake
[0.124s] -- Up-to-date: /home/julia/workspace/install/share/cmake/gz-cmake3/cmake3/FindODE.cmake
[0.124s] -- Up-to-date: /home/julia/workspace/install/share/cmake/gz-cmake3/cmake3/FindOptiX.cmake
[0.124s] -- Up-to-date: /home/julia/workspace/install/share/cmake/gz-cmake3/cmake3/FindSQLite3.cmake
[0.124s] -- Up-to-date: /home/julia/workspace/install/share/cmake/gz-cmake3/cmake3/FindSWSCALE.cmake
[0.124s] -- Up-to-date: /home/julia/workspace/install/share/cmake/gz-cmake3/cmake3/FindTINYXML2.cmake
[0.124s] -- Up-to-date: /home/julia/workspace/install/share/cmake/gz-cmake3/cmake3/FindUUID.cmake
[0.124s] -- Up-to-date: /home/julia/workspace/install/share/cmake/gz-cmake3/cmake3/FindYAML.cmake
[0.124s] -- Up-to-date: /home/julia/workspace/install/share/cmake/gz-cmake3/cmake3/FindZIP.cmake
[0.124s] -- Up-to-date: /home/julia/workspace/install/share/cmake/gz-cmake3/cmake3/FindZeroMQ.cmake
[0.124s] -- Up-to-date: /home/julia/workspace/install/share/cmake/gz-cmake3/cmake3/GzBenchmark.cmake
[0.124s] -- Up-to-date: /home/julia/workspace/install/share/cmake/gz-cmake3/cmake3/GzCMake.cmake
[0.124s] -- Up-to-date: /home/julia/workspace/install/share/cmake/gz-cmake3/cmake3/GzCheckSSE.cmake
[0.124s] -- Up-to-date: /home/julia/workspace/install/share/cmake/gz-cmake3/cmake3/GzCodeCheck.cmake
[0.124s] -- Up-to-date: /home/julia/workspace/install/share/cmake/gz-cmake3/cmake3/GzCodeCoverage.cmake
[0.125s] -- Up-to-date: /home/julia/workspace/install/share/cmake/gz-cmake3/cmake3/GzConfigureBuild.cmake
[0.125s] -- Up-to-date: /home/julia/workspace/install/share/cmake/gz-cmake3/cmake3/GzConfigureProject.cmake
[0.125s] -- Up-to-date: /home/julia/workspace/install/share/cmake/gz-cmake3/cmake3/GzCreateDocs.cmake
[0.125s] -- Up-to-date: /home/julia/workspace/install/share/cmake/gz-cmake3/cmake3/GzGenerateVersionInfo.cmake
[0.125s] -- Up-to-date: /home/julia/workspace/install/share/cmake/gz-cmake3/cmake3/GzImportTarget.cmake
[0.125s] -- Up-to-date: /home/julia/workspace/install/share/cmake/gz-cmake3/cmake3/GzManualSearch.cmake
[0.125s] -- Up-to-date: /home/julia/workspace/install/share/cmake/gz-cmake3/cmake3/GzPackaging.cmake
[0.125s] -- Up-to-date: /home/julia/workspace/install/share/cmake/gz-cmake3/cmake3/GzPkgConfig.cmake
[0.125s] -- Up-to-date: /home/julia/workspace/install/share/cmake/gz-cmake3/cmake3/GzPython.cmake
[0.125s] -- Up-to-date: /home/julia/workspace/install/share/cmake/gz-cmake3/cmake3/GzRonn2Man.cmake
[0.125s] -- Up-to-date: /home/julia/workspace/install/share/cmake/gz-cmake3/cmake3/GzSanitizers.cmake
[0.125s] -- Up-to-date: /home/julia/workspace/install/share/cmake/gz-cmake3/cmake3/GzSetCompilerFlags.cmake
[0.125s] -- Up-to-date: /home/julia/workspace/install/share/cmake/gz-cmake3/cmake3/GzUtils.cmake
[0.125s] -- Up-to-date: /home/julia/workspace/install/share/cmake/gz-cmake3/cmake3/JoinPaths.cmake
[0.125s] -- Up-to-date: /home/julia/workspace/install/share/cmake/gz-cmake3/cmake3/Export.hh.in
[0.125s] -- Up-to-date: /home/julia/workspace/install/share/cmake/gz-cmake3/cmake3/cmake_uninstall.cmake.in
[0.125s] -- Up-to-date: /home/julia/workspace/install/share/cmake/gz-cmake3/cmake3/cpack_options.cmake.in
[0.125s] -- Up-to-date: /home/julia/workspace/install/share/cmake/gz-cmake3/cmake3/gz-all-config.cmake.in
[0.125s] -- Up-to-date: /home/julia/workspace/install/share/cmake/gz-cmake3/cmake3/gz-component-config.cmake.in
[0.125s] -- Up-to-date: /home/julia/workspace/install/share/cmake/gz-cmake3/cmake3/gz-config.cmake.in
[0.125s] -- Up-to-date: /home/julia/workspace/install/share/cmake/gz-cmake3/cmake3/gz_auto_headers.hh.in
[0.125s] -- Up-to-date: /home/julia/workspace/install/share/cmake/gz-cmake3/cmake3/upload_doc.sh.in
[0.125s] -- Up-to-date: /home/julia/workspace/install/share/cmake/gz-cmake3/cmake3/version_info.json.in
[0.125s] -- Up-to-date: /home/julia/workspace/install/share/cmake/gz-cmake3/cmake3/pkgconfig/gz-component.pc.in
[0.126s] -- Up-to-date: /home/julia/workspace/install/share/cmake/gz-cmake3/cmake3/pkgconfig/gz.pc.in
[0.152s] -- Up-to-date: /home/julia/workspace/install/share/gz/gz-cmake3/doxygen
[0.153s] -- Up-to-date: /home/julia/workspace/install/share/gz/gz-cmake3/doxygen/layout.xml
[0.153s] -- Up-to-date: /home/julia/workspace/install/share/gz/gz-cmake3/doxygen/api.in
[0.153s] -- Up-to-date: /home/julia/workspace/install/share/gz/gz-cmake3/doxygen/footer.html
[0.153s] -- Up-to-date: /home/julia/workspace/install/share/gz/gz-cmake3/doxygen/header.html
[0.153s] -- Up-to-date: /home/julia/workspace/install/share/gz/gz-cmake3/doxygen/cppreference.tag.xml
[0.156s] Invoked command in '/home/julia/workspace/build/gz-cmake3' returned '0': /usr/bin/cmake --install /home/julia/workspace/build/gz-cmake3
