[100%] Built target gz-fuel_tools9
-- Install configuration: "RelWithDebInfo"
-- Up-to-date: /home/julia/workspace/install/lib/cmake/gz-fuel_tools9-all/gz-fuel_tools9-all-config.cmake
-- Up-to-date: /home/julia/workspace/install/lib/cmake/gz-fuel_tools9-all/gz-fuel_tools9-all-config-version.cmake
-- Up-to-date: /home/julia/workspace/install/lib/cmake/gz-fuel_tools9-all/gz-fuel_tools9-all-targets.cmake
-- Up-to-date: /home/julia/workspace/install/include/gz/fuel_tools9/gz/fuel_tools/detail/Export.hh
-- Up-to-date: /home/julia/workspace/install/include/gz/fuel_tools9/gz/fuel_tools/Export.hh
-- Up-to-date: /home/julia/workspace/install/lib/libgz-fuel_tools9.so.9.0.0
-- Up-to-date: /home/julia/workspace/install/lib/libgz-fuel_tools9.so.9
-- Up-to-date: /home/julia/workspace/install/lib/libgz-fuel_tools9.so
-- Up-to-date: /home/julia/workspace/install/lib/cmake/gz-fuel_tools9/gz-fuel_tools9-config.cmake
-- Up-to-date: /home/julia/workspace/install/lib/cmake/gz-fuel_tools9/gz-fuel_tools9-config-version.cmake
-- Up-to-date: /home/julia/workspace/install/lib/cmake/gz-fuel_tools9/gz-fuel_tools9-targets.cmake
-- Up-to-date: /home/julia/workspace/install/lib/cmake/gz-fuel_tools9/gz-fuel_tools9-targets-relwithdebinfo.cmake
-- Up-to-date: /home/julia/workspace/install/lib/pkgconfig/gz-fuel_tools9.pc
-- Up-to-date: /home/julia/workspace/install/lib/ruby/gz/cmdfuel9.rb
-- Up-to-date: /home/julia/workspace/install/include/gz/fuel_tools9/ignition
-- Up-to-date: /home/julia/workspace/install/include/gz/fuel_tools9/ignition/fuel_tools.hh
-- Up-to-date: /home/julia/workspace/install/include/gz/fuel_tools9/ignition/fuel_tools
-- Up-to-date: /home/julia/workspace/install/include/gz/fuel_tools9/ignition/fuel_tools/ModelIter.hh
-- Up-to-date: /home/julia/workspace/install/include/gz/fuel_tools9/ignition/fuel_tools/WorldIter.hh
-- Up-to-date: /home/julia/workspace/install/include/gz/fuel_tools9/ignition/fuel_tools/Helpers.hh
-- Up-to-date: /home/julia/workspace/install/include/gz/fuel_tools9/ignition/fuel_tools/ModelIdentifier.hh
-- Up-to-date: /home/julia/workspace/install/include/gz/fuel_tools9/ignition/fuel_tools/ClientConfig.hh
-- Up-to-date: /home/julia/workspace/install/include/gz/fuel_tools9/ignition/fuel_tools/RestClient.hh
-- Up-to-date: /home/julia/workspace/install/include/gz/fuel_tools9/ignition/fuel_tools/Export.hh
-- Up-to-date: /home/julia/workspace/install/include/gz/fuel_tools9/ignition/fuel_tools/WorldIdentifier.hh
-- Up-to-date: /home/julia/workspace/install/include/gz/fuel_tools9/ignition/fuel_tools/CollectionIdentifier.hh
-- Up-to-date: /home/julia/workspace/install/include/gz/fuel_tools9/ignition/fuel_tools/Model.hh
-- Up-to-date: /home/julia/workspace/install/include/gz/fuel_tools9/ignition/fuel_tools/Zip.hh
-- Up-to-date: /home/julia/workspace/install/include/gz/fuel_tools9/ignition/fuel_tools/JSONParser.hh
-- Up-to-date: /home/julia/workspace/install/include/gz/fuel_tools9/ignition/fuel_tools/Result.hh
-- Up-to-date: /home/julia/workspace/install/include/gz/fuel_tools9/ignition/fuel_tools/Interface.hh
-- Up-to-date: /home/julia/workspace/install/include/gz/fuel_tools9/ignition/fuel_tools/config.hh
-- Up-to-date: /home/julia/workspace/install/include/gz/fuel_tools9/ignition/fuel_tools/FuelClient.hh
-- Up-to-date: /home/julia/workspace/install/include/gz/fuel_tools9/gz/fuel_tools/ClientConfig.hh
-- Up-to-date: /home/julia/workspace/install/include/gz/fuel_tools9/gz/fuel_tools/CollectionIdentifier.hh
-- Up-to-date: /home/julia/workspace/install/include/gz/fuel_tools9/gz/fuel_tools/FuelClient.hh
-- Up-to-date: /home/julia/workspace/install/include/gz/fuel_tools9/gz/fuel_tools/Helpers.hh
-- Up-to-date: /home/julia/workspace/install/include/gz/fuel_tools9/gz/fuel_tools/Interface.hh
-- Up-to-date: /home/julia/workspace/install/include/gz/fuel_tools9/gz/fuel_tools/JSONParser.hh
-- Up-to-date: /home/julia/workspace/install/include/gz/fuel_tools9/gz/fuel_tools/Model.hh
-- Up-to-date: /home/julia/workspace/install/include/gz/fuel_tools9/gz/fuel_tools/ModelIdentifier.hh
-- Up-to-date: /home/julia/workspace/install/include/gz/fuel_tools9/gz/fuel_tools/ModelIter.hh
-- Up-to-date: /home/julia/workspace/install/include/gz/fuel_tools9/gz/fuel_tools/RestClient.hh
-- Up-to-date: /home/julia/workspace/install/include/gz/fuel_tools9/gz/fuel_tools/Result.hh
-- Up-to-date: /home/julia/workspace/install/include/gz/fuel_tools9/gz/fuel_tools/WorldIdentifier.hh
-- Up-to-date: /home/julia/workspace/install/include/gz/fuel_tools9/gz/fuel_tools/WorldIter.hh
-- Up-to-date: /home/julia/workspace/install/include/gz/fuel_tools9/gz/fuel_tools/Zip.hh
-- Up-to-date: /home/julia/workspace/install/include/gz/fuel_tools9/gz/fuel_tools/../fuel_tools.hh
-- Up-to-date: /home/julia/workspace/install/include/gz/fuel_tools9/gz/fuel_tools/config.hh
-- Up-to-date: /home/julia/workspace/install/share/gz/fuel9.yaml
-- Up-to-date: /home/julia/workspace/install/share/gz/fuel_tools9/config.yaml
