[  6%] Built target terra
[ 42%] Built target gz-rendering8
[ 68%] Built target gz-rendering8-ogre
[100%] Built target gz-rendering8-ogre2
-- Install configuration: "RelWithDebInfo"
-- Up-to-date: /home/julia/workspace/install/lib/cmake/gz-rendering8-all/gz-rendering8-all-config.cmake
-- Up-to-date: /home/julia/workspace/install/lib/cmake/gz-rendering8-all/gz-rendering8-all-config-version.cmake
-- Up-to-date: /home/julia/workspace/install/lib/cmake/gz-rendering8-all/gz-rendering8-all-targets.cmake
-- Up-to-date: /home/julia/workspace/install/include/gz/rendering8/gz/rendering/detail/Export.hh
-- Up-to-date: /home/julia/workspace/install/include/gz/rendering8/gz/rendering/Export.hh
-- Up-to-date: /home/julia/workspace/install/lib/libgz-rendering8.so.8.0.0~pre1
-- Up-to-date: /home/julia/workspace/install/lib/libgz-rendering8.so.8
-- Up-to-date: /home/julia/workspace/install/lib/libgz-rendering8.so
-- Up-to-date: /home/julia/workspace/install/lib/cmake/gz-rendering8/gz-rendering8-config.cmake
-- Up-to-date: /home/julia/workspace/install/lib/cmake/gz-rendering8/gz-rendering8-config-version.cmake
-- Up-to-date: /home/julia/workspace/install/lib/cmake/gz-rendering8/gz-rendering8-targets.cmake
-- Up-to-date: /home/julia/workspace/install/lib/cmake/gz-rendering8/gz-rendering8-targets-relwithdebinfo.cmake
-- Up-to-date: /home/julia/workspace/install/lib/pkgconfig/gz-rendering8.pc
-- Up-to-date: /home/julia/workspace/install/share/gz/gz-rendering8/media/materials/textures/com.png
-- Up-to-date: /home/julia/workspace/install/include/gz/rendering8/ignition
-- Up-to-date: /home/julia/workspace/install/include/gz/rendering8/ignition/rendering
-- Up-to-date: /home/julia/workspace/install/include/gz/rendering8/ignition/rendering/PixelFormat.hh
-- Up-to-date: /home/julia/workspace/install/include/gz/rendering8/ignition/rendering/Visual.hh
-- Up-to-date: /home/julia/workspace/install/include/gz/rendering8/ignition/rendering/ViewController.hh
-- Up-to-date: /home/julia/workspace/install/include/gz/rendering8/ignition/rendering/SegmentationCamera.hh
-- Up-to-date: /home/julia/workspace/install/include/gz/rendering8/ignition/rendering/RenderPassSystem.hh
-- Up-to-date: /home/julia/workspace/install/include/gz/rendering8/ignition/rendering/AxisVisual.hh
-- Up-to-date: /home/julia/workspace/install/include/gz/rendering8/ignition/rendering/CameraLens.hh
-- Up-to-date: /home/julia/workspace/install/include/gz/rendering8/ignition/rendering/GizmoVisual.hh
-- Up-to-date: /home/julia/workspace/install/include/gz/rendering8/ignition/rendering/CompositeVisual.hh
-- Up-to-date: /home/julia/workspace/install/include/gz/rendering8/ignition/rendering/ThermalCamera.hh
-- Up-to-date: /home/julia/workspace/install/include/gz/rendering8/ignition/rendering/ShaderParam.hh
-- Up-to-date: /home/julia/workspace/install/include/gz/rendering8/ignition/rendering/Utils.hh
-- Up-to-date: /home/julia/workspace/install/include/gz/rendering8/ignition/rendering/Camera.hh
-- Up-to-date: /home/julia/workspace/install/include/gz/rendering8/ignition/rendering/RenderEnginePlugin.hh
-- Up-to-date: /home/julia/workspace/install/include/gz/rendering8/ignition/rendering/Storage.hh
-- Up-to-date: /home/julia/workspace/install/include/gz/rendering8/ignition/rendering/base
-- Up-to-date: /home/julia/workspace/install/include/gz/rendering8/ignition/rendering/base/BaseArrowVisual.hh
-- Up-to-date: /home/julia/workspace/install/include/gz/rendering8/ignition/rendering/base/BaseGpuRays.hh
-- Up-to-date: /home/julia/workspace/install/include/gz/rendering8/ignition/rendering/base/BaseMesh.hh
-- Up-to-date: /home/julia/workspace/install/include/gz/rendering8/ignition/rendering/base/BaseWireBox.hh
-- Up-to-date: /home/julia/workspace/install/include/gz/rendering8/ignition/rendering/base/BaseText.hh
-- Up-to-date: /home/julia/workspace/install/include/gz/rendering8/ignition/rendering/base/BaseLight.hh
-- Up-to-date: /home/julia/workspace/install/include/gz/rendering8/ignition/rendering/base/BaseBoundingBoxCamera.hh
-- Up-to-date: /home/julia/workspace/install/include/gz/rendering8/ignition/rendering/base/BaseSensor.hh
-- Up-to-date: /home/julia/workspace/install/include/gz/rendering8/ignition/rendering/base/BaseNode.hh
-- Up-to-date: /home/julia/workspace/install/include/gz/rendering8/ignition/rendering/base/BaseVisual.hh
-- Up-to-date: /home/julia/workspace/install/include/gz/rendering8/ignition/rendering/base/BaseRenderEngine.hh
-- Up-to-date: /home/julia/workspace/install/include/gz/rendering8/ignition/rendering/base/BaseGrid.hh
-- Up-to-date: /home/julia/workspace/install/include/gz/rendering8/ignition/rendering/base/BaseRenderPass.hh
-- Up-to-date: /home/julia/workspace/install/include/gz/rendering8/ignition/rendering/base/BaseRayQuery.hh
-- Up-to-date: /home/julia/workspace/install/include/gz/rendering8/ignition/rendering/base/BaseRenderTypes.hh
-- Up-to-date: /home/julia/workspace/install/include/gz/rendering8/ignition/rendering/base/BaseDistortionPass.hh
-- Up-to-date: /home/julia/workspace/install/include/gz/rendering8/ignition/rendering/base/BaseInertiaVisual.hh
-- Up-to-date: /home/julia/workspace/install/include/gz/rendering8/ignition/rendering/base/BaseJointVisual.hh
-- Up-to-date: /home/julia/workspace/install/include/gz/rendering8/ignition/rendering/base/BaseParticleEmitter.hh
-- Up-to-date: /home/julia/workspace/install/include/gz/rendering8/ignition/rendering/base/BaseGaussianNoisePass.hh
-- Up-to-date: /home/julia/workspace/install/include/gz/rendering8/ignition/rendering/base/BaseDepthCamera.hh
-- Up-to-date: /home/julia/workspace/install/include/gz/rendering8/ignition/rendering/base/BaseThermalCamera.hh
-- Up-to-date: /home/julia/workspace/install/include/gz/rendering8/ignition/rendering/base/BaseMaterial.hh
-- Up-to-date: /home/julia/workspace/install/include/gz/rendering8/ignition/rendering/base/BaseObject.hh
-- Up-to-date: /home/julia/workspace/install/include/gz/rendering8/ignition/rendering/base/BaseGeometry.hh
-- Up-to-date: /home/julia/workspace/install/include/gz/rendering8/ignition/rendering/base/BaseLightVisual.hh
-- Up-to-date: /home/julia/workspace/install/include/gz/rendering8/ignition/rendering/base/BaseCapsule.hh
-- Up-to-date: /home/julia/workspace/install/include/gz/rendering8/ignition/rendering/base/BaseMarker.hh
-- Up-to-date: /home/julia/workspace/install/include/gz/rendering8/ignition/rendering/base/BaseLidarVisual.hh
-- Up-to-date: /home/julia/workspace/install/include/gz/rendering8/ignition/rendering/base/BaseSegmentationCamera.hh
-- Up-to-date: /home/julia/workspace/install/include/gz/rendering8/ignition/rendering/base/BaseCamera.hh
-- Up-to-date: /home/julia/workspace/install/include/gz/rendering8/ignition/rendering/base/BaseGizmoVisual.hh
-- Up-to-date: /home/julia/workspace/install/include/gz/rendering8/ignition/rendering/base/BaseScene.hh
-- Up-to-date: /home/julia/workspace/install/include/gz/rendering8/ignition/rendering/base/BaseCOMVisual.hh
-- Up-to-date: /home/julia/workspace/install/include/gz/rendering8/ignition/rendering/base/BaseAxisVisual.hh
-- Up-to-date: /home/julia/workspace/install/include/gz/rendering8/ignition/rendering/base/BaseRenderTarget.hh
-- Up-to-date: /home/julia/workspace/install/include/gz/rendering8/ignition/rendering/base/BaseWideAngleCamera.hh
-- Up-to-date: /home/julia/workspace/install/include/gz/rendering8/ignition/rendering/base/BaseStorage.hh
-- Up-to-date: /home/julia/workspace/install/include/gz/rendering8/ignition/rendering/base/BaseHeightmap.hh
-- Up-to-date: /home/julia/workspace/install/include/gz/rendering8/ignition/rendering/LightVisual.hh
-- Up-to-date: /home/julia/workspace/install/include/gz/rendering8/ignition/rendering/Object.hh
-- Up-to-date: /home/julia/workspace/install/include/gz/rendering8/ignition/rendering/Text.hh
-- Up-to-date: /home/julia/workspace/install/include/gz/rendering8/ignition/rendering/RayQuery.hh
-- Up-to-date: /home/julia/workspace/install/include/gz/rendering8/ignition/rendering/JointVisual.hh
-- Up-to-date: /home/julia/workspace/install/include/gz/rendering8/ignition/rendering/TransformController.hh
-- Up-to-date: /home/julia/workspace/install/include/gz/rendering8/ignition/rendering/GaussianNoisePass.hh
-- Up-to-date: /home/julia/workspace/install/include/gz/rendering8/ignition/rendering/InertiaVisual.hh
-- Up-to-date: /home/julia/workspace/install/include/gz/rendering8/ignition/rendering/LidarVisual.hh
-- Up-to-date: /home/julia/workspace/install/include/gz/rendering8/ignition/rendering/TransformType.hh
-- Up-to-date: /home/julia/workspace/install/include/gz/rendering8/ignition/rendering/ShaderType.hh
-- Up-to-date: /home/julia/workspace/install/include/gz/rendering8/ignition/rendering/RenderEngine.hh
-- Up-to-date: /home/julia/workspace/install/include/gz/rendering8/ignition/rendering/Sensor.hh
-- Up-to-date: /home/julia/workspace/install/include/gz/rendering8/ignition/rendering/GpuRays.hh
-- Up-to-date: /home/julia/workspace/install/include/gz/rendering8/ignition/rendering/Export.hh
-- Up-to-date: /home/julia/workspace/install/include/gz/rendering8/ignition/rendering/WireBox.hh
-- Up-to-date: /home/julia/workspace/install/include/gz/rendering8/ignition/rendering/DistortionPass.hh
-- Up-to-date: /home/julia/workspace/install/include/gz/rendering8/ignition/rendering/BoundingBoxCamera.hh
-- Up-to-date: /home/julia/workspace/install/include/gz/rendering8/ignition/rendering/Grid.hh
-- Up-to-date: /home/julia/workspace/install/include/gz/rendering8/ignition/rendering/BoundingBox.hh
-- Up-to-date: /home/julia/workspace/install/include/gz/rendering8/ignition/rendering/RenderTypes.hh
-- Up-to-date: /home/julia/workspace/install/include/gz/rendering8/ignition/rendering/RenderTarget.hh
-- Up-to-date: /home/julia/workspace/install/include/gz/rendering8/ignition/rendering/Material.hh
-- Up-to-date: /home/julia/workspace/install/include/gz/rendering8/ignition/rendering/Capsule.hh
-- Up-to-date: /home/julia/workspace/install/include/gz/rendering8/ignition/rendering/Image.hh
-- Up-to-date: /home/julia/workspace/install/include/gz/rendering8/ignition/rendering/OrthoViewController.hh
-- Up-to-date: /home/julia/workspace/install/include/gz/rendering8/ignition/rendering/GraphicsAPI.hh
-- Up-to-date: /home/julia/workspace/install/include/gz/rendering8/ignition/rendering/HeightmapDescriptor.hh
-- Up-to-date: /home/julia/workspace/install/include/gz/rendering8/ignition/rendering/Geometry.hh
-- Up-to-date: /home/julia/workspace/install/include/gz/rendering8/ignition/rendering/Scene.hh
-- Up-to-date: /home/julia/workspace/install/include/gz/rendering8/ignition/rendering/ArrowVisual.hh
-- Up-to-date: /home/julia/workspace/install/include/gz/rendering8/ignition/rendering/config.hh
-- Up-to-date: /home/julia/workspace/install/include/gz/rendering8/ignition/rendering/MoveToHelper.hh
-- Up-to-date: /home/julia/workspace/install/include/gz/rendering8/ignition/rendering/Light.hh
-- Up-to-date: /home/julia/workspace/install/include/gz/rendering8/ignition/rendering/COMVisual.hh
-- Up-to-date: /home/julia/workspace/install/include/gz/rendering8/ignition/rendering/ParticleEmitter.hh
-- Up-to-date: /home/julia/workspace/install/include/gz/rendering8/ignition/rendering/Mesh.hh
-- Up-to-date: /home/julia/workspace/install/include/gz/rendering8/ignition/rendering/Node.hh
-- Up-to-date: /home/julia/workspace/install/include/gz/rendering8/ignition/rendering/DepthCamera.hh
-- Up-to-date: /home/julia/workspace/install/include/gz/rendering8/ignition/rendering/Heightmap.hh
-- Up-to-date: /home/julia/workspace/install/include/gz/rendering8/ignition/rendering/OrbitViewController.hh
-- Up-to-date: /home/julia/workspace/install/include/gz/rendering8/ignition/rendering/RenderingIface.hh
-- Up-to-date: /home/julia/workspace/install/include/gz/rendering8/ignition/rendering/Marker.hh
-- Up-to-date: /home/julia/workspace/install/include/gz/rendering8/ignition/rendering/MeshDescriptor.hh
-- Up-to-date: /home/julia/workspace/install/include/gz/rendering8/ignition/rendering/RenderEngineManager.hh
-- Up-to-date: /home/julia/workspace/install/include/gz/rendering8/ignition/rendering/WideAngleCamera.hh
-- Up-to-date: /home/julia/workspace/install/include/gz/rendering8/ignition/rendering/ShaderParams.hh
-- Up-to-date: /home/julia/workspace/install/include/gz/rendering8/ignition/rendering/RenderPass.hh
-- Up-to-date: /home/julia/workspace/install/include/gz/rendering8/ignition/rendering.hh
-- Up-to-date: /home/julia/workspace/install/include/gz/rendering8/gz/rendering/base/BaseArrowVisual.hh
-- Up-to-date: /home/julia/workspace/install/include/gz/rendering8/gz/rendering/base/BaseAxisVisual.hh
-- Up-to-date: /home/julia/workspace/install/include/gz/rendering8/gz/rendering/base/BaseBoundingBoxCamera.hh
-- Up-to-date: /home/julia/workspace/install/include/gz/rendering8/gz/rendering/base/BaseCOMVisual.hh
-- Up-to-date: /home/julia/workspace/install/include/gz/rendering8/gz/rendering/base/BaseCamera.hh
-- Up-to-date: /home/julia/workspace/install/include/gz/rendering8/gz/rendering/base/BaseCapsule.hh
-- Up-to-date: /home/julia/workspace/install/include/gz/rendering8/gz/rendering/base/BaseDepthCamera.hh
-- Up-to-date: /home/julia/workspace/install/include/gz/rendering8/gz/rendering/base/BaseDistortionPass.hh
-- Up-to-date: /home/julia/workspace/install/include/gz/rendering8/gz/rendering/base/BaseGaussianNoisePass.hh
-- Up-to-date: /home/julia/workspace/install/include/gz/rendering8/gz/rendering/base/BaseGeometry.hh
-- Up-to-date: /home/julia/workspace/install/include/gz/rendering8/gz/rendering/base/BaseGizmoVisual.hh
-- Up-to-date: /home/julia/workspace/install/include/gz/rendering8/gz/rendering/base/BaseGlobalIlluminationVct.hh
-- Up-to-date: /home/julia/workspace/install/include/gz/rendering8/gz/rendering/base/BaseGpuRays.hh
-- Up-to-date: /home/julia/workspace/install/include/gz/rendering8/gz/rendering/base/BaseGrid.hh
-- Up-to-date: /home/julia/workspace/install/include/gz/rendering8/gz/rendering/base/BaseHeightmap.hh
-- Up-to-date: /home/julia/workspace/install/include/gz/rendering8/gz/rendering/base/BaseInertiaVisual.hh
-- Up-to-date: /home/julia/workspace/install/include/gz/rendering8/gz/rendering/base/BaseJointVisual.hh
-- Up-to-date: /home/julia/workspace/install/include/gz/rendering8/gz/rendering/base/BaseLensFlarePass.hh
-- Up-to-date: /home/julia/workspace/install/include/gz/rendering8/gz/rendering/base/BaseLidarVisual.hh
-- Up-to-date: /home/julia/workspace/install/include/gz/rendering8/gz/rendering/base/BaseLight.hh
-- Up-to-date: /home/julia/workspace/install/include/gz/rendering8/gz/rendering/base/BaseLightVisual.hh
-- Up-to-date: /home/julia/workspace/install/include/gz/rendering8/gz/rendering/base/BaseMarker.hh
-- Up-to-date: /home/julia/workspace/install/include/gz/rendering8/gz/rendering/base/BaseMaterial.hh
-- Up-to-date: /home/julia/workspace/install/include/gz/rendering8/gz/rendering/base/BaseMesh.hh
-- Up-to-date: /home/julia/workspace/install/include/gz/rendering8/gz/rendering/base/BaseNativeWindow.hh
-- Up-to-date: /home/julia/workspace/install/include/gz/rendering8/gz/rendering/base/BaseNode.hh
-- Up-to-date: /home/julia/workspace/install/include/gz/rendering8/gz/rendering/base/BaseObject.hh
-- Up-to-date: /home/julia/workspace/install/include/gz/rendering8/gz/rendering/base/BaseParticleEmitter.hh
-- Up-to-date: /home/julia/workspace/install/include/gz/rendering8/gz/rendering/base/BaseRayQuery.hh
-- Up-to-date: /home/julia/workspace/install/include/gz/rendering8/gz/rendering/base/BaseRenderEngine.hh
-- Up-to-date: /home/julia/workspace/install/include/gz/rendering8/gz/rendering/base/BaseRenderPass.hh
-- Up-to-date: /home/julia/workspace/install/include/gz/rendering8/gz/rendering/base/BaseRenderTarget.hh
-- Up-to-date: /home/julia/workspace/install/include/gz/rendering8/gz/rendering/base/BaseRenderTypes.hh
-- Up-to-date: /home/julia/workspace/install/include/gz/rendering8/gz/rendering/base/BaseScene.hh
-- Up-to-date: /home/julia/workspace/install/include/gz/rendering8/gz/rendering/base/BaseSegmentationCamera.hh
-- Up-to-date: /home/julia/workspace/install/include/gz/rendering8/gz/rendering/base/BaseSensor.hh
-- Up-to-date: /home/julia/workspace/install/include/gz/rendering8/gz/rendering/base/BaseStorage.hh
-- Up-to-date: /home/julia/workspace/install/include/gz/rendering8/gz/rendering/base/BaseText.hh
-- Up-to-date: /home/julia/workspace/install/include/gz/rendering8/gz/rendering/base/BaseThermalCamera.hh
-- Up-to-date: /home/julia/workspace/install/include/gz/rendering8/gz/rendering/base/BaseVisual.hh
-- Up-to-date: /home/julia/workspace/install/include/gz/rendering8/gz/rendering/base/BaseWideAngleCamera.hh
-- Up-to-date: /home/julia/workspace/install/include/gz/rendering8/gz/rendering/base/BaseWireBox.hh
-- Up-to-date: /home/julia/workspace/install/include/gz/rendering8/gz/rendering/ArrowVisual.hh
-- Up-to-date: /home/julia/workspace/install/include/gz/rendering8/gz/rendering/AxisVisual.hh
-- Up-to-date: /home/julia/workspace/install/include/gz/rendering8/gz/rendering/BoundingBox.hh
-- Up-to-date: /home/julia/workspace/install/include/gz/rendering8/gz/rendering/BoundingBoxCamera.hh
-- Up-to-date: /home/julia/workspace/install/include/gz/rendering8/gz/rendering/COMVisual.hh
-- Up-to-date: /home/julia/workspace/install/include/gz/rendering8/gz/rendering/Camera.hh
-- Up-to-date: /home/julia/workspace/install/include/gz/rendering8/gz/rendering/CameraLens.hh
-- Up-to-date: /home/julia/workspace/install/include/gz/rendering8/gz/rendering/Capsule.hh
-- Up-to-date: /home/julia/workspace/install/include/gz/rendering8/gz/rendering/CompositeVisual.hh
-- Up-to-date: /home/julia/workspace/install/include/gz/rendering8/gz/rendering/DepthCamera.hh
-- Up-to-date: /home/julia/workspace/install/include/gz/rendering8/gz/rendering/DistortionPass.hh
-- Up-to-date: /home/julia/workspace/install/include/gz/rendering8/gz/rendering/GaussianNoisePass.hh
-- Up-to-date: /home/julia/workspace/install/include/gz/rendering8/gz/rendering/Geometry.hh
-- Up-to-date: /home/julia/workspace/install/include/gz/rendering8/gz/rendering/GizmoVisual.hh
-- Up-to-date: /home/julia/workspace/install/include/gz/rendering8/gz/rendering/GlobalIlluminationBase.hh
-- Up-to-date: /home/julia/workspace/install/include/gz/rendering8/gz/rendering/GlobalIlluminationCiVct.hh
-- Up-to-date: /home/julia/workspace/install/include/gz/rendering8/gz/rendering/GlobalIlluminationVct.hh
-- Up-to-date: /home/julia/workspace/install/include/gz/rendering8/gz/rendering/GpuRays.hh
-- Up-to-date: /home/julia/workspace/install/include/gz/rendering8/gz/rendering/GraphicsAPI.hh
-- Up-to-date: /home/julia/workspace/install/include/gz/rendering8/gz/rendering/Grid.hh
-- Up-to-date: /home/julia/workspace/install/include/gz/rendering8/gz/rendering/Heightmap.hh
-- Up-to-date: /home/julia/workspace/install/include/gz/rendering8/gz/rendering/HeightmapDescriptor.hh
-- Up-to-date: /home/julia/workspace/install/include/gz/rendering8/gz/rendering/Image.hh
-- Up-to-date: /home/julia/workspace/install/include/gz/rendering8/gz/rendering/InertiaVisual.hh
-- Up-to-date: /home/julia/workspace/install/include/gz/rendering8/gz/rendering/JointVisual.hh
-- Up-to-date: /home/julia/workspace/install/include/gz/rendering8/gz/rendering/LensFlarePass.hh
-- Up-to-date: /home/julia/workspace/install/include/gz/rendering8/gz/rendering/LidarVisual.hh
-- Up-to-date: /home/julia/workspace/install/include/gz/rendering8/gz/rendering/Light.hh
-- Up-to-date: /home/julia/workspace/install/include/gz/rendering8/gz/rendering/LightVisual.hh
-- Up-to-date: /home/julia/workspace/install/include/gz/rendering8/gz/rendering/Marker.hh
-- Up-to-date: /home/julia/workspace/install/include/gz/rendering8/gz/rendering/Material.hh
-- Up-to-date: /home/julia/workspace/install/include/gz/rendering8/gz/rendering/Mesh.hh
-- Up-to-date: /home/julia/workspace/install/include/gz/rendering8/gz/rendering/MeshDescriptor.hh
-- Up-to-date: /home/julia/workspace/install/include/gz/rendering8/gz/rendering/MoveToHelper.hh
-- Up-to-date: /home/julia/workspace/install/include/gz/rendering8/gz/rendering/NativeWindow.hh
-- Up-to-date: /home/julia/workspace/install/include/gz/rendering8/gz/rendering/Node.hh
-- Up-to-date: /home/julia/workspace/install/include/gz/rendering8/gz/rendering/Object.hh
-- Up-to-date: /home/julia/workspace/install/include/gz/rendering8/gz/rendering/OrbitViewController.hh
-- Up-to-date: /home/julia/workspace/install/include/gz/rendering8/gz/rendering/OrthoViewController.hh
-- Up-to-date: /home/julia/workspace/install/include/gz/rendering8/gz/rendering/ParticleEmitter.hh
-- Up-to-date: /home/julia/workspace/install/include/gz/rendering8/gz/rendering/PixelFormat.hh
-- Up-to-date: /home/julia/workspace/install/include/gz/rendering8/gz/rendering/RayQuery.hh
-- Up-to-date: /home/julia/workspace/install/include/gz/rendering8/gz/rendering/RenderEngine.hh
-- Up-to-date: /home/julia/workspace/install/include/gz/rendering8/gz/rendering/RenderEngineManager.hh
-- Up-to-date: /home/julia/workspace/install/include/gz/rendering8/gz/rendering/RenderEnginePlugin.hh
-- Up-to-date: /home/julia/workspace/install/include/gz/rendering8/gz/rendering/RenderEngineVulkanExternalDeviceStructs.hh
-- Up-to-date: /home/julia/workspace/install/include/gz/rendering8/gz/rendering/RenderPass.hh
-- Up-to-date: /home/julia/workspace/install/include/gz/rendering8/gz/rendering/RenderPassSystem.hh
-- Up-to-date: /home/julia/workspace/install/include/gz/rendering8/gz/rendering/RenderTarget.hh
-- Up-to-date: /home/julia/workspace/install/include/gz/rendering8/gz/rendering/RenderTypes.hh
-- Up-to-date: /home/julia/workspace/install/include/gz/rendering8/gz/rendering/RenderingIface.hh
-- Up-to-date: /home/julia/workspace/install/include/gz/rendering8/gz/rendering/Scene.hh
-- Up-to-date: /home/julia/workspace/install/include/gz/rendering8/gz/rendering/SegmentationCamera.hh
-- Up-to-date: /home/julia/workspace/install/include/gz/rendering8/gz/rendering/Sensor.hh
-- Up-to-date: /home/julia/workspace/install/include/gz/rendering8/gz/rendering/ShaderParam.hh
-- Up-to-date: /home/julia/workspace/install/include/gz/rendering8/gz/rendering/ShaderParams.hh
-- Up-to-date: /home/julia/workspace/install/include/gz/rendering8/gz/rendering/ShaderType.hh
-- Up-to-date: /home/julia/workspace/install/include/gz/rendering8/gz/rendering/Storage.hh
-- Up-to-date: /home/julia/workspace/install/include/gz/rendering8/gz/rendering/Text.hh
-- Up-to-date: /home/julia/workspace/install/include/gz/rendering8/gz/rendering/ThermalCamera.hh
-- Up-to-date: /home/julia/workspace/install/include/gz/rendering8/gz/rendering/TransformController.hh
-- Up-to-date: /home/julia/workspace/install/include/gz/rendering8/gz/rendering/TransformType.hh
-- Up-to-date: /home/julia/workspace/install/include/gz/rendering8/gz/rendering/Utils.hh
-- Up-to-date: /home/julia/workspace/install/include/gz/rendering8/gz/rendering/ViewController.hh
-- Up-to-date: /home/julia/workspace/install/include/gz/rendering8/gz/rendering/Visual.hh
-- Up-to-date: /home/julia/workspace/install/include/gz/rendering8/gz/rendering/WideAngleCamera.hh
-- Up-to-date: /home/julia/workspace/install/include/gz/rendering8/gz/rendering/WireBox.hh
-- Up-to-date: /home/julia/workspace/install/include/gz/rendering8/gz/rendering/../rendering.hh
-- Up-to-date: /home/julia/workspace/install/include/gz/rendering8/gz/rendering/config.hh
-- Up-to-date: /home/julia/workspace/install/include/gz/rendering8/gz/rendering/ogre/detail/Export.hh
-- Up-to-date: /home/julia/workspace/install/include/gz/rendering8/gz/rendering/ogre/Export.hh
-- Up-to-date: /home/julia/workspace/install/lib/libgz-rendering8-ogre.so.8.0.0~pre1
-- Up-to-date: /home/julia/workspace/install/lib/libgz-rendering8-ogre.so.8
-- Up-to-date: /home/julia/workspace/install/lib/libgz-rendering8-ogre.so
-- Up-to-date: /home/julia/workspace/install/lib/cmake/gz-rendering8-ogre/gz-rendering8-ogre-config.cmake
-- Up-to-date: /home/julia/workspace/install/lib/cmake/gz-rendering8-ogre/gz-rendering8-ogre-config-version.cmake
-- Up-to-date: /home/julia/workspace/install/lib/cmake/gz-rendering8-ogre/gz-rendering8-ogre-targets.cmake
-- Up-to-date: /home/julia/workspace/install/lib/cmake/gz-rendering8-ogre/gz-rendering8-ogre-targets-relwithdebinfo.cmake
-- Up-to-date: /home/julia/workspace/install/lib/pkgconfig/gz-rendering8-ogre.pc
-- Up-to-date: /home/julia/workspace/install/lib/gz-rendering-8/engine-plugins/libgz-rendering8-ogre.so.8.0.0~pre1
-- Up-to-date: /home/julia/workspace/install/lib/gz-rendering-8/engine-plugins/libgz-rendering8-ogre.so.8
-- Up-to-date: /home/julia/workspace/install/lib/gz-rendering-8/engine-plugins/libgz-rendering8-ogre.so
-- Up-to-date: /home/julia/workspace/install/lib/gz-rendering-8/engine-plugins/libgz-rendering-ogre.so
-- Up-to-date: /home/julia/workspace/install/share/gz/gz-rendering8/ogre/media/fonts/console.ttf
-- Up-to-date: /home/julia/workspace/install/share/gz/gz-rendering8/ogre/media/fonts/font_matisse_itc.png
-- Up-to-date: /home/julia/workspace/install/share/gz/gz-rendering8/ogre/media/fonts/gz-rendering.fontdef
-- Up-to-date: /home/julia/workspace/install/share/gz/gz-rendering8/ogre/media/fonts/liberation-sans
-- Up-to-date: /home/julia/workspace/install/share/gz/gz-rendering8/ogre/media/fonts/liberation-sans/LiberationSans-Bold.ttf
-- Up-to-date: /home/julia/workspace/install/share/gz/gz-rendering8/ogre/media/fonts/liberation-sans/LiberationSans-Regular.ttf
-- Up-to-date: /home/julia/workspace/install/share/gz/gz-rendering8/ogre/media/fonts/liberation-sans/SIL Open Font License.txt
-- Up-to-date: /home/julia/workspace/install/share/gz/gz-rendering8/ogre/media/fonts/liberation-sans/LiberationSans-Italic.ttf
-- Up-to-date: /home/julia/workspace/install/share/gz/gz-rendering8/ogre/media/fonts/liberation-sans/LiberationSans-BoldItalic.ttf
-- Up-to-date: /home/julia/workspace/install/share/gz/gz-rendering8/ogre/media/materials/programs/camera_distortion_map_fs.glsl
-- Up-to-date: /home/julia/workspace/install/share/gz/gz-rendering8/ogre/media/materials/programs/camera_distortion_map_vs.glsl
-- Up-to-date: /home/julia/workspace/install/share/gz/gz-rendering8/ogre/media/materials/programs/depth_fragment_shader.glsl
-- Up-to-date: /home/julia/workspace/install/share/gz/gz-rendering8/ogre/media/materials/programs/depth_points_fs.glsl
-- Up-to-date: /home/julia/workspace/install/share/gz/gz-rendering8/ogre/media/materials/programs/depth_points_vs.glsl
-- Up-to-date: /home/julia/workspace/install/share/gz/gz-rendering8/ogre/media/materials/programs/depth_vertex_shader.glsl
-- Up-to-date: /home/julia/workspace/install/share/gz/gz-rendering8/ogre/media/materials/programs/fragment_shader.glsl
-- Up-to-date: /home/julia/workspace/install/share/gz/gz-rendering8/ogre/media/materials/programs/gaussian_noise_fs.glsl
-- Up-to-date: /home/julia/workspace/install/share/gz/gz-rendering8/ogre/media/materials/programs/gaussian_noise_vs.glsl
-- Up-to-date: /home/julia/workspace/install/share/gz/gz-rendering8/ogre/media/materials/programs/gpu_rays_1st_pass_fs.glsl
-- Up-to-date: /home/julia/workspace/install/share/gz/gz-rendering8/ogre/media/materials/programs/gpu_rays_1st_pass_vs.glsl
-- Up-to-date: /home/julia/workspace/install/share/gz/gz-rendering8/ogre/media/materials/programs/gpu_rays_2nd_pass_fs.glsl
-- Up-to-date: /home/julia/workspace/install/share/gz/gz-rendering8/ogre/media/materials/programs/gpu_rays_2nd_pass_vs.glsl
-- Up-to-date: /home/julia/workspace/install/share/gz/gz-rendering8/ogre/media/materials/programs/heat_source_fs.glsl
-- Up-to-date: /home/julia/workspace/install/share/gz/gz-rendering8/ogre/media/materials/programs/lens_flare_fs.glsl
-- Up-to-date: /home/julia/workspace/install/share/gz/gz-rendering8/ogre/media/materials/programs/lens_flare_vs.glsl
-- Up-to-date: /home/julia/workspace/install/share/gz/gz-rendering8/ogre/media/materials/programs/plain_color_fs.glsl
-- Up-to-date: /home/julia/workspace/install/share/gz/gz-rendering8/ogre/media/materials/programs/plain_color_vs.glsl
-- Up-to-date: /home/julia/workspace/install/share/gz/gz-rendering8/ogre/media/materials/programs/point_fs.glsl
-- Up-to-date: /home/julia/workspace/install/share/gz/gz-rendering8/ogre/media/materials/programs/point_vs.glsl
-- Up-to-date: /home/julia/workspace/install/share/gz/gz-rendering8/ogre/media/materials/programs/shadow_caster_fp.glsl
-- Up-to-date: /home/julia/workspace/install/share/gz/gz-rendering8/ogre/media/materials/programs/shadow_caster_vp.glsl
-- Up-to-date: /home/julia/workspace/install/share/gz/gz-rendering8/ogre/media/materials/programs/thermal_camera_fs.glsl
-- Up-to-date: /home/julia/workspace/install/share/gz/gz-rendering8/ogre/media/materials/programs/vertex_shader.glsl
-- Up-to-date: /home/julia/workspace/install/share/gz/gz-rendering8/ogre/media/materials/programs/wide_lens_map_fp.glsl
-- Up-to-date: /home/julia/workspace/install/share/gz/gz-rendering8/ogre/media/materials/programs/wide_lens_map_vs.glsl
-- Up-to-date: /home/julia/workspace/install/share/gz/gz-rendering8/ogre/media/materials/scripts/distortion.compositor
-- Up-to-date: /home/julia/workspace/install/share/gz/gz-rendering8/ogre/media/materials/scripts/distortion.material
-- Up-to-date: /home/julia/workspace/install/share/gz/gz-rendering8/ogre/media/materials/scripts/gaussian_noise.compositor
-- Up-to-date: /home/julia/workspace/install/share/gz/gz-rendering8/ogre/media/materials/scripts/gaussian_noise.material
-- Up-to-date: /home/julia/workspace/install/share/gz/gz-rendering8/ogre/media/materials/scripts/gpu_rays.material
-- Up-to-date: /home/julia/workspace/install/share/gz/gz-rendering8/ogre/media/materials/scripts/lens_flare.compositor
-- Up-to-date: /home/julia/workspace/install/share/gz/gz-rendering8/ogre/media/materials/scripts/lens_flare.material
-- Up-to-date: /home/julia/workspace/install/share/gz/gz-rendering8/ogre/media/materials/scripts/picker.material
-- Up-to-date: /home/julia/workspace/install/share/gz/gz-rendering8/ogre/media/materials/scripts/point_cloud_point.material
-- Up-to-date: /home/julia/workspace/install/share/gz/gz-rendering8/ogre/media/materials/scripts/pssm.material
-- Up-to-date: /home/julia/workspace/install/share/gz/gz-rendering8/ogre/media/materials/scripts/thermal.material
-- Up-to-date: /home/julia/workspace/install/share/gz/gz-rendering8/ogre/media/materials/scripts/thermal_camera.compositor
-- Up-to-date: /home/julia/workspace/install/share/gz/gz-rendering8/ogre/media/materials/scripts/wide_angle_camera.material
-- Up-to-date: /home/julia/workspace/install/share/gz/gz-rendering8/ogre/media/materials/scripts/wide_camera_lens_map.compositor
-- Up-to-date: /home/julia/workspace/install/share/gz/gz-rendering8/ogre/media/rtshaderlib150/FFPLib_Common.glsl
-- Up-to-date: /home/julia/workspace/install/share/gz/gz-rendering8/ogre/media/rtshaderlib150/FFPLib_Fog.glsl
-- Up-to-date: /home/julia/workspace/install/share/gz/gz-rendering8/ogre/media/rtshaderlib150/FFPLib_Lighting.glsl
-- Up-to-date: /home/julia/workspace/install/share/gz/gz-rendering8/ogre/media/rtshaderlib150/FFPLib_Texturing.glsl
-- Up-to-date: /home/julia/workspace/install/share/gz/gz-rendering8/ogre/media/rtshaderlib150/FFPLib_Transform.glsl
-- Up-to-date: /home/julia/workspace/install/share/gz/gz-rendering8/ogre/media/rtshaderlib150/SampleLib_ReflectionMap.glsl
-- Up-to-date: /home/julia/workspace/install/share/gz/gz-rendering8/ogre/media/rtshaderlib150/SGXLib_IntegratedPSSM.glsl
-- Up-to-date: /home/julia/workspace/install/share/gz/gz-rendering8/ogre/media/rtshaderlib150/SGXLib_NormalMapLighting.glsl
-- Up-to-date: /home/julia/workspace/install/share/gz/gz-rendering8/ogre/media/rtshaderlib150/SGXLib_PerPixelLighting.glsl
-- Up-to-date: /home/julia/workspace/install/include/gz/rendering8/ignition
-- Up-to-date: /home/julia/workspace/install/include/gz/rendering8/ignition/rendering
-- Up-to-date: /home/julia/workspace/install/include/gz/rendering8/ignition/rendering/ogre
-- Up-to-date: /home/julia/workspace/install/include/gz/rendering8/ignition/rendering/ogre/OgreMesh.hh
-- Up-to-date: /home/julia/workspace/install/include/gz/rendering8/ignition/rendering/ogre/OgreMaterial.hh
-- Up-to-date: /home/julia/workspace/install/include/gz/rendering8/ignition/rendering/ogre/OgreAxisVisual.hh
-- Up-to-date: /home/julia/workspace/install/include/gz/rendering8/ignition/rendering/ogre/OgreCapsule.hh
-- Up-to-date: /home/julia/workspace/install/include/gz/rendering8/ignition/rendering/ogre/OgreInertiaVisual.hh
-- Up-to-date: /home/julia/workspace/install/include/gz/rendering8/ignition/rendering/ogre/OgreObjectInterface.hh
-- Up-to-date: /home/julia/workspace/install/include/gz/rendering8/ignition/rendering/ogre/OgreMarker.hh
-- Up-to-date: /home/julia/workspace/install/include/gz/rendering8/ignition/rendering/ogre/OgreMeshFactory.hh
-- Up-to-date: /home/julia/workspace/install/include/gz/rendering8/ignition/rendering/ogre/OgreStorage.hh
-- Up-to-date: /home/julia/workspace/install/include/gz/rendering8/ignition/rendering/ogre/OgreDistortionPass.hh
-- Up-to-date: /home/julia/workspace/install/include/gz/rendering8/ignition/rendering/ogre/OgreLight.hh
-- Up-to-date: /home/julia/workspace/install/include/gz/rendering8/ignition/rendering/ogre/OgreNode.hh
-- Up-to-date: /home/julia/workspace/install/include/gz/rendering8/ignition/rendering/ogre/OgreRenderTargetMaterial.hh
-- Up-to-date: /home/julia/workspace/install/include/gz/rendering8/ignition/rendering/ogre/OgreRenderTarget.hh
-- Up-to-date: /home/julia/workspace/install/include/gz/rendering8/ignition/rendering/ogre/OgreSelectionBuffer.hh
-- Up-to-date: /home/julia/workspace/install/include/gz/rendering8/ignition/rendering/ogre/OgreVisual.hh
-- Up-to-date: /home/julia/workspace/install/include/gz/rendering8/ignition/rendering/ogre/OgreCamera.hh
-- Up-to-date: /home/julia/workspace/install/include/gz/rendering8/ignition/rendering/ogre/OgreSensor.hh
-- Up-to-date: /home/julia/workspace/install/include/gz/rendering8/ignition/rendering/ogre/OgreGeometry.hh
-- Up-to-date: /home/julia/workspace/install/include/gz/rendering8/ignition/rendering/ogre/OgreGrid.hh
-- Up-to-date: /home/julia/workspace/install/include/gz/rendering8/ignition/rendering/ogre/OgreObject.hh
-- Up-to-date: /home/julia/workspace/install/include/gz/rendering8/ignition/rendering/ogre/Export.hh
-- Up-to-date: /home/julia/workspace/install/include/gz/rendering8/ignition/rendering/ogre/OgreGaussianNoisePass.hh
-- Up-to-date: /home/julia/workspace/install/include/gz/rendering8/ignition/rendering/ogre/OgreThermalCamera.hh
-- Up-to-date: /home/julia/workspace/install/include/gz/rendering8/ignition/rendering/ogre/OgreRayQuery.hh
-- Up-to-date: /home/julia/workspace/install/include/gz/rendering8/ignition/rendering/ogre/OgreHeightmap.hh
-- Up-to-date: /home/julia/workspace/install/include/gz/rendering8/ignition/rendering/ogre/OgreMaterialSwitcher.hh
-- Up-to-date: /home/julia/workspace/install/include/gz/rendering8/ignition/rendering/ogre/OgreRenderEngine.hh
-- Up-to-date: /home/julia/workspace/install/include/gz/rendering8/ignition/rendering/ogre/OgreLightVisual.hh
-- Up-to-date: /home/julia/workspace/install/include/gz/rendering8/ignition/rendering/ogre/OgreParticleEmitter.hh
-- Up-to-date: /home/julia/workspace/install/include/gz/rendering8/ignition/rendering/ogre/OgreLidarVisual.hh
-- Up-to-date: /home/julia/workspace/install/include/gz/rendering8/ignition/rendering/ogre/OgreGizmoVisual.hh
-- Up-to-date: /home/julia/workspace/install/include/gz/rendering8/ignition/rendering/ogre/OgreCOMVisual.hh
-- Up-to-date: /home/julia/workspace/install/include/gz/rendering8/ignition/rendering/ogre/OgreDynamicLines.hh
-- Up-to-date: /home/julia/workspace/install/include/gz/rendering8/ignition/rendering/ogre/OgreWideAngleCamera.hh
-- Up-to-date: /home/julia/workspace/install/include/gz/rendering8/ignition/rendering/ogre/OgreRTShaderSystem.hh
-- Up-to-date: /home/julia/workspace/install/include/gz/rendering8/ignition/rendering/ogre/OgreText.hh
-- Up-to-date: /home/julia/workspace/install/include/gz/rendering8/ignition/rendering/ogre/OgreIncludes.hh
-- Up-to-date: /home/julia/workspace/install/include/gz/rendering8/ignition/rendering/ogre/OgreRenderPass.hh
-- Up-to-date: /home/julia/workspace/install/include/gz/rendering8/ignition/rendering/ogre/OgreWireBox.hh
-- Up-to-date: /home/julia/workspace/install/include/gz/rendering8/ignition/rendering/ogre/OgreDynamicRenderable.hh
-- Up-to-date: /home/julia/workspace/install/include/gz/rendering8/ignition/rendering/ogre/OgreConversions.hh
-- Up-to-date: /home/julia/workspace/install/include/gz/rendering8/ignition/rendering/ogre/OgreArrowVisual.hh
-- Up-to-date: /home/julia/workspace/install/include/gz/rendering8/ignition/rendering/ogre/OgreScene.hh
-- Up-to-date: /home/julia/workspace/install/include/gz/rendering8/ignition/rendering/ogre/OgreDepthCamera.hh
-- Up-to-date: /home/julia/workspace/install/include/gz/rendering8/ignition/rendering/ogre/OgreJointVisual.hh
-- Up-to-date: /home/julia/workspace/install/include/gz/rendering8/ignition/rendering/ogre/OgreGpuRays.hh
-- Up-to-date: /home/julia/workspace/install/include/gz/rendering8/ignition/rendering/ogre/OgreRenderTypes.hh
-- Up-to-date: /home/julia/workspace/install/include/gz/rendering8/ignition/rendering/ogre.hh
-- Up-to-date: /home/julia/workspace/install/include/gz/rendering8/gz/rendering/ogre/OgreArrowVisual.hh
-- Up-to-date: /home/julia/workspace/install/include/gz/rendering8/gz/rendering/ogre/OgreAxisVisual.hh
-- Up-to-date: /home/julia/workspace/install/include/gz/rendering8/gz/rendering/ogre/OgreCOMVisual.hh
-- Up-to-date: /home/julia/workspace/install/include/gz/rendering8/gz/rendering/ogre/OgreCamera.hh
-- Up-to-date: /home/julia/workspace/install/include/gz/rendering8/gz/rendering/ogre/OgreCapsule.hh
-- Up-to-date: /home/julia/workspace/install/include/gz/rendering8/gz/rendering/ogre/OgreConversions.hh
-- Up-to-date: /home/julia/workspace/install/include/gz/rendering8/gz/rendering/ogre/OgreDepthCamera.hh
-- Up-to-date: /home/julia/workspace/install/include/gz/rendering8/gz/rendering/ogre/OgreDistortionPass.hh
-- Up-to-date: /home/julia/workspace/install/include/gz/rendering8/gz/rendering/ogre/OgreDynamicLines.hh
-- Up-to-date: /home/julia/workspace/install/include/gz/rendering8/gz/rendering/ogre/OgreDynamicRenderable.hh
-- Up-to-date: /home/julia/workspace/install/include/gz/rendering8/gz/rendering/ogre/OgreGaussianNoisePass.hh
-- Up-to-date: /home/julia/workspace/install/include/gz/rendering8/gz/rendering/ogre/OgreGeometry.hh
-- Up-to-date: /home/julia/workspace/install/include/gz/rendering8/gz/rendering/ogre/OgreGizmoVisual.hh
-- Up-to-date: /home/julia/workspace/install/include/gz/rendering8/gz/rendering/ogre/OgreGpuRays.hh
-- Up-to-date: /home/julia/workspace/install/include/gz/rendering8/gz/rendering/ogre/OgreGrid.hh
-- Up-to-date: /home/julia/workspace/install/include/gz/rendering8/gz/rendering/ogre/OgreHeightmap.hh
-- Up-to-date: /home/julia/workspace/install/include/gz/rendering8/gz/rendering/ogre/OgreIncludes.hh
-- Up-to-date: /home/julia/workspace/install/include/gz/rendering8/gz/rendering/ogre/OgreInertiaVisual.hh
-- Up-to-date: /home/julia/workspace/install/include/gz/rendering8/gz/rendering/ogre/OgreJointVisual.hh
-- Up-to-date: /home/julia/workspace/install/include/gz/rendering8/gz/rendering/ogre/OgreLensFlarePass.hh
-- Up-to-date: /home/julia/workspace/install/include/gz/rendering8/gz/rendering/ogre/OgreLidarVisual.hh
-- Up-to-date: /home/julia/workspace/install/include/gz/rendering8/gz/rendering/ogre/OgreLight.hh
-- Up-to-date: /home/julia/workspace/install/include/gz/rendering8/gz/rendering/ogre/OgreLightVisual.hh
-- Up-to-date: /home/julia/workspace/install/include/gz/rendering8/gz/rendering/ogre/OgreMarker.hh
-- Up-to-date: /home/julia/workspace/install/include/gz/rendering8/gz/rendering/ogre/OgreMaterial.hh
-- Up-to-date: /home/julia/workspace/install/include/gz/rendering8/gz/rendering/ogre/OgreMaterialSwitcher.hh
-- Up-to-date: /home/julia/workspace/install/include/gz/rendering8/gz/rendering/ogre/OgreMesh.hh
-- Up-to-date: /home/julia/workspace/install/include/gz/rendering8/gz/rendering/ogre/OgreMeshFactory.hh
-- Up-to-date: /home/julia/workspace/install/include/gz/rendering8/gz/rendering/ogre/OgreNode.hh
-- Up-to-date: /home/julia/workspace/install/include/gz/rendering8/gz/rendering/ogre/OgreObject.hh
-- Up-to-date: /home/julia/workspace/install/include/gz/rendering8/gz/rendering/ogre/OgreObjectInterface.hh
-- Up-to-date: /home/julia/workspace/install/include/gz/rendering8/gz/rendering/ogre/OgreParticleEmitter.hh
-- Up-to-date: /home/julia/workspace/install/include/gz/rendering8/gz/rendering/ogre/OgreRTShaderSystem.hh
-- Up-to-date: /home/julia/workspace/install/include/gz/rendering8/gz/rendering/ogre/OgreRayQuery.hh
-- Up-to-date: /home/julia/workspace/install/include/gz/rendering8/gz/rendering/ogre/OgreRenderEngine.hh
-- Up-to-date: /home/julia/workspace/install/include/gz/rendering8/gz/rendering/ogre/OgreRenderPass.hh
-- Up-to-date: /home/julia/workspace/install/include/gz/rendering8/gz/rendering/ogre/OgreRenderTarget.hh
-- Up-to-date: /home/julia/workspace/install/include/gz/rendering8/gz/rendering/ogre/OgreRenderTargetMaterial.hh
-- Up-to-date: /home/julia/workspace/install/include/gz/rendering8/gz/rendering/ogre/OgreRenderTypes.hh
-- Up-to-date: /home/julia/workspace/install/include/gz/rendering8/gz/rendering/ogre/OgreScene.hh
-- Up-to-date: /home/julia/workspace/install/include/gz/rendering8/gz/rendering/ogre/OgreSelectionBuffer.hh
-- Up-to-date: /home/julia/workspace/install/include/gz/rendering8/gz/rendering/ogre/OgreSensor.hh
-- Up-to-date: /home/julia/workspace/install/include/gz/rendering8/gz/rendering/ogre/OgreStorage.hh
-- Up-to-date: /home/julia/workspace/install/include/gz/rendering8/gz/rendering/ogre/OgreText.hh
-- Up-to-date: /home/julia/workspace/install/include/gz/rendering8/gz/rendering/ogre/OgreThermalCamera.hh
-- Up-to-date: /home/julia/workspace/install/include/gz/rendering8/gz/rendering/ogre/OgreVisual.hh
-- Up-to-date: /home/julia/workspace/install/include/gz/rendering8/gz/rendering/ogre/OgreWideAngleCamera.hh
-- Up-to-date: /home/julia/workspace/install/include/gz/rendering8/gz/rendering/ogre/OgreWireBox.hh
-- Up-to-date: /home/julia/workspace/install/include/gz/rendering8/gz/rendering/ogre/../ogre.hh
-- Up-to-date: /home/julia/workspace/install/include/gz/rendering8/gz/rendering/ogre2/detail/Export.hh
-- Up-to-date: /home/julia/workspace/install/include/gz/rendering8/gz/rendering/ogre2/Export.hh
-- Up-to-date: /home/julia/workspace/install/lib/libgz-rendering8-ogre2.so.8.0.0~pre1
-- Up-to-date: /home/julia/workspace/install/lib/libgz-rendering8-ogre2.so.8
-- Up-to-date: /home/julia/workspace/install/lib/libgz-rendering8-ogre2.so
-- Up-to-date: /home/julia/workspace/install/lib/cmake/gz-rendering8-ogre2/gz-rendering8-ogre2-config.cmake
-- Up-to-date: /home/julia/workspace/install/lib/cmake/gz-rendering8-ogre2/gz-rendering8-ogre2-config-version.cmake
-- Up-to-date: /home/julia/workspace/install/lib/cmake/gz-rendering8-ogre2/gz-rendering8-ogre2-targets.cmake
-- Up-to-date: /home/julia/workspace/install/lib/cmake/gz-rendering8-ogre2/gz-rendering8-ogre2-targets-relwithdebinfo.cmake
-- Up-to-date: /home/julia/workspace/install/lib/pkgconfig/gz-rendering8-ogre2.pc
-- Up-to-date: /home/julia/workspace/install/lib/gz-rendering-8/engine-plugins/libgz-rendering8-ogre2.so.8.0.0~pre1
-- Up-to-date: /home/julia/workspace/install/lib/gz-rendering-8/engine-plugins/libgz-rendering8-ogre2.so.8
-- Up-to-date: /home/julia/workspace/install/lib/gz-rendering-8/engine-plugins/libgz-rendering8-ogre2.so
-- Up-to-date: /home/julia/workspace/install/lib/gz-rendering-8/engine-plugins/libgz-rendering-ogre2.so
-- Up-to-date: /home/julia/workspace/install/share/gz/gz-rendering8/ogre2/media
-- Up-to-date: /home/julia/workspace/install/share/gz/gz-rendering8/ogre2/media/Hlms
-- Up-to-date: /home/julia/workspace/install/share/gz/gz-rendering8/ogre2/media/Hlms/Terra
-- Up-to-date: /home/julia/workspace/install/share/gz/gz-rendering8/ogre2/media/Hlms/Terra/GLSL
-- Up-to-date: /home/julia/workspace/install/share/gz/gz-rendering8/ogre2/media/Hlms/Terra/GLSL/PbsTerraShadows
-- Up-to-date: /home/julia/workspace/install/share/gz/gz-rendering8/ogre2/media/Hlms/Terra/GLSL/PbsTerraShadows/PbsTerraShadows_piece_vs_piece_ps.glsl
-- Up-to-date: /home/julia/workspace/install/share/gz/gz-rendering8/ogre2/media/Hlms/Terra/GLSL/VertexShader_vs.glsl
-- Up-to-date: /home/julia/workspace/install/share/gz/gz-rendering8/ogre2/media/Hlms/Terra/GLSL/PixelShader_ps.glsl
-- Up-to-date: /home/julia/workspace/install/share/gz/gz-rendering8/ogre2/media/Hlms/Terra/Any
-- Up-to-date: /home/julia/workspace/install/share/gz/gz-rendering8/ogre2/media/Hlms/Terra/Any/800.PixelShader_piece_ps.any
-- Up-to-date: /home/julia/workspace/install/share/gz/gz-rendering8/ogre2/media/Hlms/Terra/Any/500.Structs_piece_vs_piece_ps.any
-- Up-to-date: /home/julia/workspace/install/share/gz/gz-rendering8/ogre2/media/Hlms/Terra/Any/800.VertexShader_piece_vs.any
-- Up-to-date: /home/julia/workspace/install/share/gz/gz-rendering8/ogre2/media/Hlms/Terra/Any/200.Textures_piece_ps.any
-- Up-to-date: /home/julia/workspace/install/share/gz/gz-rendering8/ogre2/media/Hlms/Terra/HLSL
-- Up-to-date: /home/julia/workspace/install/share/gz/gz-rendering8/ogre2/media/Hlms/Terra/HLSL/PbsTerraShadows
-- Up-to-date: /home/julia/workspace/install/share/gz/gz-rendering8/ogre2/media/Hlms/Terra/HLSL/PbsTerraShadows/PbsTerraShadows_piece_vs_piece_ps.hlsl
-- Up-to-date: /home/julia/workspace/install/share/gz/gz-rendering8/ogre2/media/Hlms/Terra/HLSL/VertexShader_vs.hlsl
-- Up-to-date: /home/julia/workspace/install/share/gz/gz-rendering8/ogre2/media/Hlms/Terra/HLSL/PixelShader_ps.hlsl
-- Up-to-date: /home/julia/workspace/install/share/gz/gz-rendering8/ogre2/media/Hlms/Terra/Metal
-- Up-to-date: /home/julia/workspace/install/share/gz/gz-rendering8/ogre2/media/Hlms/Terra/Metal/PixelShader_ps.metal
-- Up-to-date: /home/julia/workspace/install/share/gz/gz-rendering8/ogre2/media/Hlms/Terra/Metal/PbsTerraShadows
-- Up-to-date: /home/julia/workspace/install/share/gz/gz-rendering8/ogre2/media/Hlms/Terra/Metal/PbsTerraShadows/PbsTerraShadows_piece_vs_piece_ps.metal
-- Up-to-date: /home/julia/workspace/install/share/gz/gz-rendering8/ogre2/media/Hlms/Terra/Metal/VertexShader_vs.metal
-- Up-to-date: /home/julia/workspace/install/share/gz/gz-rendering8/ogre2/media/Hlms/Terra/gz
-- Up-to-date: /home/julia/workspace/install/share/gz/gz-rendering8/ogre2/media/Hlms/Terra/gz/500.gz_Structs_piece_all.any
-- Up-to-date: /home/julia/workspace/install/share/gz/gz-rendering8/ogre2/media/Hlms/Terra/gz/100.gz_CustomVs_piece_vs.any
-- Up-to-date: /home/julia/workspace/install/share/gz/gz-rendering8/ogre2/media/Hlms/Terra/gz/100.gz_CustomWeights_piece_ps.any
-- Up-to-date: /home/julia/workspace/install/share/gz/gz-rendering8/ogre2/media/Hlms/Common
-- Up-to-date: /home/julia/workspace/install/share/gz/gz-rendering8/ogre2/media/Hlms/Common/GLSLES
-- Up-to-date: /home/julia/workspace/install/share/gz/gz-rendering8/ogre2/media/Hlms/Common/GLSLES/RenderDepthOnly_piece_ps.glsl
-- Up-to-date: /home/julia/workspace/install/share/gz/gz-rendering8/ogre2/media/Hlms/Common/GLSLES/CrossPlatformSettings_piece_all.glsl
-- Up-to-date: /home/julia/workspace/install/share/gz/gz-rendering8/ogre2/media/Hlms/Common/GLSLES/QuaternionCode_piece_all.glsl
-- Up-to-date: /home/julia/workspace/install/share/gz/gz-rendering8/ogre2/media/Hlms/Common/GLSLES/Matrix_piece_all.glsl
-- Up-to-date: /home/julia/workspace/install/share/gz/gz-rendering8/ogre2/media/Hlms/Common/GLSL
-- Up-to-date: /home/julia/workspace/install/share/gz/gz-rendering8/ogre2/media/Hlms/Common/GLSL/RenderDepthOnly_piece_ps.glsl
-- Up-to-date: /home/julia/workspace/install/share/gz/gz-rendering8/ogre2/media/Hlms/Common/GLSL/CrossPlatformSettings_piece_all.glsl
-- Up-to-date: /home/julia/workspace/install/share/gz/gz-rendering8/ogre2/media/Hlms/Common/GLSL/QuaternionCode_piece_all.glsl
-- Up-to-date: /home/julia/workspace/install/share/gz/gz-rendering8/ogre2/media/Hlms/Common/GLSL/UavCrossPlatform_piece_all.glsl
-- Up-to-date: /home/julia/workspace/install/share/gz/gz-rendering8/ogre2/media/Hlms/Common/GLSL/Matrix_piece_all.glsl
-- Up-to-date: /home/julia/workspace/install/share/gz/gz-rendering8/ogre2/media/Hlms/Common/Any
-- Up-to-date: /home/julia/workspace/install/share/gz/gz-rendering8/ogre2/media/Hlms/Common/Any/ShadowCaster_piece_ps.any
-- Up-to-date: /home/julia/workspace/install/share/gz/gz-rendering8/ogre2/media/Hlms/Common/Any/ShadowCaster_piece_vs.any
-- Up-to-date: /home/julia/workspace/install/share/gz/gz-rendering8/ogre2/media/Hlms/Common/Any/UnpackHelpers_piece_all.any
-- Up-to-date: /home/julia/workspace/install/share/gz/gz-rendering8/ogre2/media/Hlms/Common/Any/ReverseDepthHelpers_piece_ps.any
-- Up-to-date: /home/julia/workspace/install/share/gz/gz-rendering8/ogre2/media/Hlms/Common/Any/DualParaboloid_piece_ps.any
-- Up-to-date: /home/julia/workspace/install/share/gz/gz-rendering8/ogre2/media/Hlms/Common/Any/Cubemap_piece_all.any
-- Up-to-date: /home/julia/workspace/install/share/gz/gz-rendering8/ogre2/media/Hlms/Common/HLSL
-- Up-to-date: /home/julia/workspace/install/share/gz/gz-rendering8/ogre2/media/Hlms/Common/HLSL/QuaternionCode_piece_all.hlsl
-- Up-to-date: /home/julia/workspace/install/share/gz/gz-rendering8/ogre2/media/Hlms/Common/HLSL/RenderDepthOnly_piece_ps.hlsl
-- Up-to-date: /home/julia/workspace/install/share/gz/gz-rendering8/ogre2/media/Hlms/Common/HLSL/UavCrossPlatform_piece_all.hlsl
-- Up-to-date: /home/julia/workspace/install/share/gz/gz-rendering8/ogre2/media/Hlms/Common/HLSL/Matrix_piece_all.hlsl
-- Up-to-date: /home/julia/workspace/install/share/gz/gz-rendering8/ogre2/media/Hlms/Common/HLSL/CrossPlatformSettings_piece_all.hlsl
-- Up-to-date: /home/julia/workspace/install/share/gz/gz-rendering8/ogre2/media/Hlms/Common/Metal
-- Up-to-date: /home/julia/workspace/install/share/gz/gz-rendering8/ogre2/media/Hlms/Common/Metal/RenderDepthOnly_piece_ps.metal
-- Up-to-date: /home/julia/workspace/install/share/gz/gz-rendering8/ogre2/media/Hlms/Common/Metal/Matrix_piece_all.metal
-- Up-to-date: /home/julia/workspace/install/share/gz/gz-rendering8/ogre2/media/Hlms/Common/Metal/QuaternionCode_piece_all.metal
-- Up-to-date: /home/julia/workspace/install/share/gz/gz-rendering8/ogre2/media/Hlms/Common/Metal/CrossPlatformSettings_piece_all.metal
-- Up-to-date: /home/julia/workspace/install/share/gz/gz-rendering8/ogre2/media/Hlms/Common/Metal/UavCrossPlatform_piece_all.metal
-- Up-to-date: /home/julia/workspace/install/share/gz/gz-rendering8/ogre2/media/Hlms/Gz
-- Up-to-date: /home/julia/workspace/install/share/gz/gz-rendering8/ogre2/media/Hlms/Gz/SolidColor
-- Up-to-date: /home/julia/workspace/install/share/gz/gz-rendering8/ogre2/media/Hlms/Gz/SolidColor/800.GzSolidColor_piece_ps.any
-- Up-to-date: /home/julia/workspace/install/share/gz/gz-rendering8/ogre2/media/Hlms/Gz/SolidColor/800.GzSolidColor_piece_vs.any
-- Up-to-date: /home/julia/workspace/install/share/gz/gz-rendering8/ogre2/media/Hlms/Gz/SolidColor/500.GzSolidColorStructs_piece_all.any
-- Up-to-date: /home/julia/workspace/install/share/gz/gz-rendering8/ogre2/media/Hlms/Gz/SphericalClipMinDistance
-- Up-to-date: /home/julia/workspace/install/share/gz/gz-rendering8/ogre2/media/Hlms/Gz/SphericalClipMinDistance/SphericalClipMinDistanceStructs_piece_all.any
-- Up-to-date: /home/julia/workspace/install/share/gz/gz-rendering8/ogre2/media/Hlms/Gz/SphericalClipMinDistance/GzSphericalClipMinDistance_piece_vs.any
-- Up-to-date: /home/julia/workspace/install/share/gz/gz-rendering8/ogre2/media/Hlms/Gz/Pbs
-- Up-to-date: /home/julia/workspace/install/share/gz/gz-rendering8/ogre2/media/Hlms/Gz/Pbs/800.GzPbsCode_piece_vs.any
-- Up-to-date: /home/julia/workspace/install/share/gz/gz-rendering8/ogre2/media/Hlms/Gz/Pbs/500.GzPbsStructs_piece_all.any
-- Up-to-date: /home/julia/workspace/install/share/gz/gz-rendering8/ogre2/media/Hlms/Gz/Pbs/800.GzPbsCode_piece_ps.any
-- Up-to-date: /home/julia/workspace/install/share/gz/gz-rendering8/ogre2/media/Hlms/Unlit
-- Up-to-date: /home/julia/workspace/install/share/gz/gz-rendering8/ogre2/media/Hlms/Unlit/GLSLES
-- Up-to-date: /home/julia/workspace/install/share/gz/gz-rendering8/ogre2/media/Hlms/Unlit/GLSLES/Structs_piece_vs_piece_ps.glsl
-- Up-to-date: /home/julia/workspace/install/share/gz/gz-rendering8/ogre2/media/Hlms/Unlit/GLSLES/BlendModes_piece_ps.glsl
-- Up-to-date: /home/julia/workspace/install/share/gz/gz-rendering8/ogre2/media/Hlms/Unlit/GLSLES/VertexShader_vs.glsl
-- Up-to-date: /home/julia/workspace/install/share/gz/gz-rendering8/ogre2/media/Hlms/Unlit/GLSLES/PixelShader_ps.glsl
-- Up-to-date: /home/julia/workspace/install/share/gz/gz-rendering8/ogre2/media/Hlms/Unlit/GLSL
-- Up-to-date: /home/julia/workspace/install/share/gz/gz-rendering8/ogre2/media/Hlms/Unlit/GLSL/VertexShader_vs.glsl
-- Up-to-date: /home/julia/workspace/install/share/gz/gz-rendering8/ogre2/media/Hlms/Unlit/GLSL/PixelShader_ps.glsl
-- Up-to-date: /home/julia/workspace/install/share/gz/gz-rendering8/ogre2/media/Hlms/Unlit/Any
-- Up-to-date: /home/julia/workspace/install/share/gz/gz-rendering8/ogre2/media/Hlms/Unlit/Any/800.PixelShader_piece_ps.any
-- Up-to-date: /home/julia/workspace/install/share/gz/gz-rendering8/ogre2/media/Hlms/Unlit/Any/800.VertexShader_piece_vs.any
-- Up-to-date: /home/julia/workspace/install/share/gz/gz-rendering8/ogre2/media/Hlms/Unlit/Any/700.BlendModes_piece_ps.any
-- Up-to-date: /home/julia/workspace/install/share/gz/gz-rendering8/ogre2/media/Hlms/Unlit/Any/500.StructsUnlit_piece_all.any
-- Up-to-date: /home/julia/workspace/install/share/gz/gz-rendering8/ogre2/media/Hlms/Unlit/HLSL
-- Up-to-date: /home/julia/workspace/install/share/gz/gz-rendering8/ogre2/media/Hlms/Unlit/HLSL/VertexShader_vs.hlsl
-- Up-to-date: /home/julia/workspace/install/share/gz/gz-rendering8/ogre2/media/Hlms/Unlit/HLSL/PixelShader_ps.hlsl
-- Up-to-date: /home/julia/workspace/install/share/gz/gz-rendering8/ogre2/media/Hlms/Unlit/Metal
-- Up-to-date: /home/julia/workspace/install/share/gz/gz-rendering8/ogre2/media/Hlms/Unlit/Metal/PixelShader_ps.metal
-- Up-to-date: /home/julia/workspace/install/share/gz/gz-rendering8/ogre2/media/Hlms/Unlit/Metal/VertexShader_vs.metal
-- Up-to-date: /home/julia/workspace/install/share/gz/gz-rendering8/ogre2/media/Hlms/Pbs
-- Up-to-date: /home/julia/workspace/install/share/gz/gz-rendering8/ogre2/media/Hlms/Pbs/GLSLES
-- Up-to-date: /home/julia/workspace/install/share/gz/gz-rendering8/ogre2/media/Hlms/Pbs/GLSLES/Structs_piece_vs_piece_ps.glsl
-- Up-to-date: /home/julia/workspace/install/share/gz/gz-rendering8/ogre2/media/Hlms/Pbs/GLSLES/Forward3D_piece_ps.glsl
-- Up-to-date: /home/julia/workspace/install/share/gz/gz-rendering8/ogre2/media/Hlms/Pbs/GLSLES/DetailMaps_piece_ps.glsl
-- Up-to-date: /home/julia/workspace/install/share/gz/gz-rendering8/ogre2/media/Hlms/Pbs/GLSLES/IrradianceVolume_piece_ps.glsl
-- Up-to-date: /home/julia/workspace/install/share/gz/gz-rendering8/ogre2/media/Hlms/Pbs/GLSLES/BlendModes_piece_ps.glsl
-- Up-to-date: /home/julia/workspace/install/share/gz/gz-rendering8/ogre2/media/Hlms/Pbs/GLSLES/BRDFs_piece_ps.glsl
-- Up-to-date: /home/julia/workspace/install/share/gz/gz-rendering8/ogre2/media/Hlms/Pbs/GLSLES/VertexShader_vs.glsl
-- Up-to-date: /home/julia/workspace/install/share/gz/gz-rendering8/ogre2/media/Hlms/Pbs/GLSLES/PixelShader_ps.glsl
-- Up-to-date: /home/julia/workspace/install/share/gz/gz-rendering8/ogre2/media/Hlms/Pbs/GLSLES/Textures_piece_ps.glsl
-- Up-to-date: /home/julia/workspace/install/share/gz/gz-rendering8/ogre2/media/Hlms/Pbs/GLSL
-- Up-to-date: /home/julia/workspace/install/share/gz/gz-rendering8/ogre2/media/Hlms/Pbs/GLSL/Forward3D_piece_ps.glsl
-- Up-to-date: /home/julia/workspace/install/share/gz/gz-rendering8/ogre2/media/Hlms/Pbs/GLSL/VertexShader_vs.glsl
-- Up-to-date: /home/julia/workspace/install/share/gz/gz-rendering8/ogre2/media/Hlms/Pbs/GLSL/PixelShader_ps.glsl
-- Up-to-date: /home/julia/workspace/install/share/gz/gz-rendering8/ogre2/media/Hlms/Pbs/Any
-- Up-to-date: /home/julia/workspace/install/share/gz/gz-rendering8/ogre2/media/Hlms/Pbs/Any/Refractions_piece_ps.any
-- Up-to-date: /home/julia/workspace/install/share/gz/gz-rendering8/ogre2/media/Hlms/Pbs/Any/ShadowMapping_piece_ps.any
-- Up-to-date: /home/julia/workspace/install/share/gz/gz-rendering8/ogre2/media/Hlms/Pbs/Any/IrradianceField_piece_all.any
-- Up-to-date: /home/julia/workspace/install/share/gz/gz-rendering8/ogre2/media/Hlms/Pbs/Any/AreaLights_piece_ps.any
-- Up-to-date: /home/julia/workspace/install/share/gz/gz-rendering8/ogre2/media/Hlms/Pbs/Any/IrradianceField_piece_ps.any
-- Up-to-date: /home/julia/workspace/install/share/gz/gz-rendering8/ogre2/media/Hlms/Pbs/Any/Vct_piece_all.any
-- Up-to-date: /home/julia/workspace/install/share/gz/gz-rendering8/ogre2/media/Hlms/Pbs/Any/UvModifierMacros_piece_ps.any
-- Up-to-date: /home/julia/workspace/install/share/gz/gz-rendering8/ogre2/media/Hlms/Pbs/Any/IrradianceVolume_piece_ps.any
-- Up-to-date: /home/julia/workspace/install/share/gz/gz-rendering8/ogre2/media/Hlms/Pbs/Any/AmbientLighting_piece_ps.any
-- Up-to-date: /home/julia/workspace/install/share/gz/gz-rendering8/ogre2/media/Hlms/Pbs/Any/ClearCoat_piece_ps.any
-- Up-to-date: /home/julia/workspace/install/share/gz/gz-rendering8/ogre2/media/Hlms/Pbs/Any/LightProfiles_piece_ps.any
-- Up-to-date: /home/julia/workspace/install/share/gz/gz-rendering8/ogre2/media/Hlms/Pbs/Any/AreaLights_LTC_piece_ps.any
-- Up-to-date: /home/julia/workspace/install/share/gz/gz-rendering8/ogre2/media/Hlms/Pbs/Any/PlanarReflections_piece_ps.any
-- Up-to-date: /home/julia/workspace/install/share/gz/gz-rendering8/ogre2/media/Hlms/Pbs/Any/PlanarReflections_piece_all.any
-- Up-to-date: /home/julia/workspace/install/share/gz/gz-rendering8/ogre2/media/Hlms/Pbs/Any/Main
-- Up-to-date: /home/julia/workspace/install/share/gz/gz-rendering8/ogre2/media/Hlms/Pbs/Any/Main/800.PixelShader_piece_ps.any
-- Up-to-date: /home/julia/workspace/install/share/gz/gz-rendering8/ogre2/media/Hlms/Pbs/Any/Main/200.BlendModes_piece_ps.any
-- Up-to-date: /home/julia/workspace/install/share/gz/gz-rendering8/ogre2/media/Hlms/Pbs/Any/Main/200.DetailMaps_piece_ps.any
-- Up-to-date: /home/julia/workspace/install/share/gz/gz-rendering8/ogre2/media/Hlms/Pbs/Any/Main/200.ForwardPlus_piece_ps.any
-- Up-to-date: /home/julia/workspace/install/share/gz/gz-rendering8/ogre2/media/Hlms/Pbs/Any/Main/200.BRDFs_piece_ps.any
-- Up-to-date: /home/julia/workspace/install/share/gz/gz-rendering8/ogre2/media/Hlms/Pbs/Any/Main/500.Structs_piece_vs_piece_ps.any
-- Up-to-date: /home/julia/workspace/install/share/gz/gz-rendering8/ogre2/media/Hlms/Pbs/Any/Main/800.VertexShader_piece_vs.any
-- Up-to-date: /home/julia/workspace/install/share/gz/gz-rendering8/ogre2/media/Hlms/Pbs/Any/Main/200.Textures_piece_ps.any
-- Up-to-date: /home/julia/workspace/install/share/gz/gz-rendering8/ogre2/media/Hlms/Pbs/Any/ShadowMapping_piece_all.any
-- Up-to-date: /home/julia/workspace/install/share/gz/gz-rendering8/ogre2/media/Hlms/Pbs/Any/200.TextureRegisters_piece_vs.any
-- Up-to-date: /home/julia/workspace/install/share/gz/gz-rendering8/ogre2/media/Hlms/Pbs/Any/ShadowMapping_piece_vs.any
-- Up-to-date: /home/julia/workspace/install/share/gz/gz-rendering8/ogre2/media/Hlms/Pbs/Any/Vct_piece_ps.any
-- Up-to-date: /home/julia/workspace/install/share/gz/gz-rendering8/ogre2/media/Hlms/Pbs/Any/ForwardPlus_DecalsCubemaps_piece_ps.any
-- Up-to-date: /home/julia/workspace/install/share/gz/gz-rendering8/ogre2/media/Hlms/Pbs/HLSL
-- Up-to-date: /home/julia/workspace/install/share/gz/gz-rendering8/ogre2/media/Hlms/Pbs/HLSL/Forward3D_piece_ps.hlsl
-- Up-to-date: /home/julia/workspace/install/share/gz/gz-rendering8/ogre2/media/Hlms/Pbs/HLSL/Textures_piece_ps.hlsl
-- Up-to-date: /home/julia/workspace/install/share/gz/gz-rendering8/ogre2/media/Hlms/Pbs/HLSL/VertexShader_vs.hlsl
-- Up-to-date: /home/julia/workspace/install/share/gz/gz-rendering8/ogre2/media/Hlms/Pbs/HLSL/PixelShader_ps.hlsl
-- Up-to-date: /home/julia/workspace/install/share/gz/gz-rendering8/ogre2/media/Hlms/Pbs/Metal
-- Up-to-date: /home/julia/workspace/install/share/gz/gz-rendering8/ogre2/media/Hlms/Pbs/Metal/PixelShader_ps.metal
-- Up-to-date: /home/julia/workspace/install/share/gz/gz-rendering8/ogre2/media/Hlms/Pbs/Metal/Textures_piece_ps.metal
-- Up-to-date: /home/julia/workspace/install/share/gz/gz-rendering8/ogre2/media/Hlms/Pbs/Metal/Forward3D_piece_ps.metal
-- Up-to-date: /home/julia/workspace/install/share/gz/gz-rendering8/ogre2/media/Hlms/Pbs/Metal/VertexShader_vs.metal
-- Up-to-date: /home/julia/workspace/install/share/gz/gz-rendering8/ogre2/media/2.0
-- Up-to-date: /home/julia/workspace/install/share/gz/gz-rendering8/ogre2/media/2.0/scripts
-- Up-to-date: /home/julia/workspace/install/share/gz/gz-rendering8/ogre2/media/2.0/scripts/materials
-- Up-to-date: /home/julia/workspace/install/share/gz/gz-rendering8/ogre2/media/2.0/scripts/materials/Terra
-- Up-to-date: /home/julia/workspace/install/share/gz/gz-rendering8/ogre2/media/2.0/scripts/materials/Terra/GLSL
-- Up-to-date: /home/julia/workspace/install/share/gz/gz-rendering8/ogre2/media/2.0/scripts/materials/Terra/GLSL/GpuNormalMapper_ps.glsl
-- Up-to-date: /home/julia/workspace/install/share/gz/gz-rendering8/ogre2/media/2.0/scripts/materials/Terra/GLSL/TerraGaussianBlur_cs.glsl
-- Up-to-date: /home/julia/workspace/install/share/gz/gz-rendering8/ogre2/media/2.0/scripts/materials/Terra/GLSL/TerraShadowGenerator.glsl
-- Up-to-date: /home/julia/workspace/install/share/gz/gz-rendering8/ogre2/media/2.0/scripts/materials/Terra/TerraShadowGenerator.material.json
-- Up-to-date: /home/julia/workspace/install/share/gz/gz-rendering8/ogre2/media/2.0/scripts/materials/Terra/Metal
-- Up-to-date: /home/julia/workspace/install/share/gz/gz-rendering8/ogre2/media/2.0/scripts/materials/Terra/Metal/TerraShadowGenerator.metal
-- Up-to-date: /home/julia/workspace/install/share/gz/gz-rendering8/ogre2/media/2.0/scripts/materials/Terra/Metal/GpuNormalMapper_ps.metal
-- Up-to-date: /home/julia/workspace/install/share/gz/gz-rendering8/ogre2/media/2.0/scripts/materials/Terra/Metal/TerraGaussianBlur_cs.metal
-- Up-to-date: /home/julia/workspace/install/share/gz/gz-rendering8/ogre2/media/2.0/scripts/materials/Terra/GpuNormalMapper.material
-- Up-to-date: /home/julia/workspace/install/share/gz/gz-rendering8/ogre2/media/2.0/scripts/materials/Terra/TerraShadowGenerator.compositor
-- Up-to-date: /home/julia/workspace/install/share/gz/gz-rendering8/ogre2/media/2.0/scripts/materials/Terra/GpuNormalMapper.compositor
-- Up-to-date: /home/julia/workspace/install/share/gz/gz-rendering8/ogre2/media/2.0/scripts/materials/Common
-- Up-to-date: /home/julia/workspace/install/share/gz/gz-rendering8/ogre2/media/2.0/scripts/materials/Common/ltcMatrix1.dds
-- Up-to-date: /home/julia/workspace/install/share/gz/gz-rendering8/ogre2/media/2.0/scripts/materials/Common/DPSM.material
-- Up-to-date: /home/julia/workspace/install/share/gz/gz-rendering8/ogre2/media/2.0/scripts/materials/Common/Mipmaps.material.json
-- Up-to-date: /home/julia/workspace/install/share/gz/gz-rendering8/ogre2/media/2.0/scripts/materials/Common/GLSL
-- Up-to-date: /home/julia/workspace/install/share/gz/gz-rendering8/ogre2/media/2.0/scripts/materials/Common/GLSL/Copyback_1xFP32_ps.glsl
-- Up-to-date: /home/julia/workspace/install/share/gz/gz-rendering8/ogre2/media/2.0/scripts/materials/Common/GLSL/EsmGaussianBlurLogFilter_cs.glsl
-- Up-to-date: /home/julia/workspace/install/share/gz/gz-rendering8/ogre2/media/2.0/scripts/materials/Common/GLSL/HiddenAreaMeshVr_ps.glsl
-- Up-to-date: /home/julia/workspace/install/share/gz/gz-rendering8/ogre2/media/2.0/scripts/materials/Common/GLSL/QuadCameraDirNoUV_vs.glsl
-- Up-to-date: /home/julia/workspace/install/share/gz/gz-rendering8/ogre2/media/2.0/scripts/materials/Common/GLSL/GaussianBlurBase_cs.glsl
-- Up-to-date: /home/julia/workspace/install/share/gz/gz-rendering8/ogre2/media/2.0/scripts/materials/Common/GLSL/Resolve_1xFP32_Subsample0_ps.glsl
-- Up-to-date: /home/julia/workspace/install/share/gz/gz-rendering8/ogre2/media/2.0/scripts/materials/Common/GLSL/GaussianBlurLogFilterBase_cs.glsl
-- Up-to-date: /home/julia/workspace/install/share/gz/gz-rendering8/ogre2/media/2.0/scripts/materials/Common/GLSL/Copyback_4xFP32_2DArray_ps.glsl
-- Up-to-date: /home/julia/workspace/install/share/gz/gz-rendering8/ogre2/media/2.0/scripts/materials/Common/GLSL/QuadCameraDir_vs.glsl
-- Up-to-date: /home/julia/workspace/install/share/gz/gz-rendering8/ogre2/media/2.0/scripts/materials/Common/GLSL/SkyCubemap_ps.glsl
-- Up-to-date: /home/julia/workspace/install/share/gz/gz-rendering8/ogre2/media/2.0/scripts/materials/Common/GLSL/SkyEquirectangular_ps.glsl
-- Up-to-date: /home/julia/workspace/install/share/gz/gz-rendering8/ogre2/media/2.0/scripts/materials/Common/GLSL/MipmapsGaussianBlur_cs.glsl
-- Up-to-date: /home/julia/workspace/install/share/gz/gz-rendering8/ogre2/media/2.0/scripts/materials/Common/GLSL/CubeToDpm_4xFP16_ps.glsl
-- Up-to-date: /home/julia/workspace/install/share/gz/gz-rendering8/ogre2/media/2.0/scripts/materials/Common/GLSL/Copyback_3xFP32_ps.glsl
-- Up-to-date: /home/julia/workspace/install/share/gz/gz-rendering8/ogre2/media/2.0/scripts/materials/Common/GLSL/RadialDensityMask_vs.glsl
-- Up-to-date: /home/julia/workspace/install/share/gz/gz-rendering8/ogre2/media/2.0/scripts/materials/Common/GLSL/PccDepthCompressor_ps.glsl
-- Up-to-date: /home/julia/workspace/install/share/gz/gz-rendering8/ogre2/media/2.0/scripts/materials/Common/GLSL/RadialDensityMask_ps.glsl
-- Up-to-date: /home/julia/workspace/install/share/gz/gz-rendering8/ogre2/media/2.0/scripts/materials/Common/GLSL/CubeToDpsm_ps.glsl
-- Up-to-date: /home/julia/workspace/install/share/gz/gz-rendering8/ogre2/media/2.0/scripts/materials/Common/GLSL/HiddenAreaMeshVr_vs.glsl
-- Up-to-date: /home/julia/workspace/install/share/gz/gz-rendering8/ogre2/media/2.0/scripts/materials/Common/GLSL/GaussianBlurLogFilter_ps.glsl
-- Up-to-date: /home/julia/workspace/install/share/gz/gz-rendering8/ogre2/media/2.0/scripts/materials/Common/GLSL/DepthDownscaleMax_ps.glsl
-- Up-to-date: /home/julia/workspace/install/share/gz/gz-rendering8/ogre2/media/2.0/scripts/materials/Common/GLSL/Copyback_4xFP32_ps.glsl
-- Up-to-date: /home/julia/workspace/install/share/gz/gz-rendering8/ogre2/media/2.0/scripts/materials/Common/GLSL/Quad_vs.glsl
-- Up-to-date: /home/julia/workspace/install/share/gz/gz-rendering8/ogre2/media/2.0/scripts/materials/Common/EsmGaussianBlurLogFilter.material.json
-- Up-to-date: /home/julia/workspace/install/share/gz/gz-rendering8/ogre2/media/2.0/scripts/materials/Common/EsmGaussianBlurLogFilter.material
-- Up-to-date: /home/julia/workspace/install/share/gz/gz-rendering8/ogre2/media/2.0/scripts/materials/Common/ltcMatrix0.dds
-- Up-to-date: /home/julia/workspace/install/share/gz/gz-rendering8/ogre2/media/2.0/scripts/materials/Common/brtfLutDfg.dds
-- Up-to-date: /home/julia/workspace/install/share/gz/gz-rendering8/ogre2/media/2.0/scripts/materials/Common/Quad.program
-- Up-to-date: /home/julia/workspace/install/share/gz/gz-rendering8/ogre2/media/2.0/scripts/materials/Common/Metal
-- Up-to-date: /home/julia/workspace/install/share/gz/gz-rendering8/ogre2/media/2.0/scripts/materials/Common/Metal/GaussianBlurLogFilter_ps.metal
-- Up-to-date: /home/julia/workspace/install/share/gz/gz-rendering8/ogre2/media/2.0/scripts/materials/Common/Metal/GaussianBlurLogFilterBase_cs.metal
-- Up-to-date: /home/julia/workspace/install/share/gz/gz-rendering8/ogre2/media/2.0/scripts/materials/Common/Metal/DepthDownscaleMax_ps.metal
-- Up-to-date: /home/julia/workspace/install/share/gz/gz-rendering8/ogre2/media/2.0/scripts/materials/Common/Metal/PccDepthCompressor_ps.metal
-- Up-to-date: /home/julia/workspace/install/share/gz/gz-rendering8/ogre2/media/2.0/scripts/materials/Common/Metal/Copyback_4xFP32_ps.metal
-- Up-to-date: /home/julia/workspace/install/share/gz/gz-rendering8/ogre2/media/2.0/scripts/materials/Common/Metal/RadialDensityMask_ps.metal
-- Up-to-date: /home/julia/workspace/install/share/gz/gz-rendering8/ogre2/media/2.0/scripts/materials/Common/Metal/EsmGaussianBlurLogFilter_cs.metal
-- Up-to-date: /home/julia/workspace/install/share/gz/gz-rendering8/ogre2/media/2.0/scripts/materials/Common/Metal/HiddenAreaMeshVr_ps.metal
-- Up-to-date: /home/julia/workspace/install/share/gz/gz-rendering8/ogre2/media/2.0/scripts/materials/Common/Metal/HiddenAreaMeshVr_vs.metal
-- Up-to-date: /home/julia/workspace/install/share/gz/gz-rendering8/ogre2/media/2.0/scripts/materials/Common/Metal/CubeToDpsm_ps.metal
-- Up-to-date: /home/julia/workspace/install/share/gz/gz-rendering8/ogre2/media/2.0/scripts/materials/Common/Metal/Copyback_3xFP32_ps.metal
-- Up-to-date: /home/julia/workspace/install/share/gz/gz-rendering8/ogre2/media/2.0/scripts/materials/Common/Metal/Quad_vs.metal
-- Up-to-date: /home/julia/workspace/install/share/gz/gz-rendering8/ogre2/media/2.0/scripts/materials/Common/Metal/CubeToDpm_4xFP16_ps.metal
-- Up-to-date: /home/julia/workspace/install/share/gz/gz-rendering8/ogre2/media/2.0/scripts/materials/Common/Metal/QuadCameraDirNoUV_vs.metal
-- Up-to-date: /home/julia/workspace/install/share/gz/gz-rendering8/ogre2/media/2.0/scripts/materials/Common/Metal/Copyback_1xFP32_ps.metal
-- Up-to-date: /home/julia/workspace/install/share/gz/gz-rendering8/ogre2/media/2.0/scripts/materials/Common/Metal/GaussianBlurBase_cs.metal
-- Up-to-date: /home/julia/workspace/install/share/gz/gz-rendering8/ogre2/media/2.0/scripts/materials/Common/Metal/SkyCubemap_ps.metal
-- Up-to-date: /home/julia/workspace/install/share/gz/gz-rendering8/ogre2/media/2.0/scripts/materials/Common/Metal/Resolve_1xFP32_Subsample0_ps.metal
-- Up-to-date: /home/julia/workspace/install/share/gz/gz-rendering8/ogre2/media/2.0/scripts/materials/Common/Metal/MipmapsGaussianBlur_cs.metal
-- Up-to-date: /home/julia/workspace/install/share/gz/gz-rendering8/ogre2/media/2.0/scripts/materials/Common/Metal/QuadCameraDir_vs.metal
-- Up-to-date: /home/julia/workspace/install/share/gz/gz-rendering8/ogre2/media/2.0/scripts/materials/Common/Metal/RadialDensityMask_vs.metal
-- Up-to-date: /home/julia/workspace/install/share/gz/gz-rendering8/ogre2/media/2.0/scripts/materials/Common/Metal/SkyEquirectangular_ps.metal
-- Up-to-date: /home/julia/workspace/install/share/gz/gz-rendering8/ogre2/media/2.0/scripts/materials/Common/Metal/Copyback_4xFP32_2DArray_ps.metal
-- Up-to-date: /home/julia/workspace/install/share/gz/gz-rendering8/ogre2/media/2.0/scripts/materials/Common/DepthUtils.material
-- Up-to-date: /home/julia/workspace/install/share/gz/gz-rendering8/ogre2/media/2.0/scripts/materials/Common/Copyback.material
-- Up-to-date: /home/julia/workspace/install/share/gz/gz-rendering8/ogre2/media/materials
-- Up-to-date: /home/julia/workspace/install/share/gz/gz-rendering8/ogre2/media/materials/programs
-- Up-to-date: /home/julia/workspace/install/share/gz/gz-rendering8/ogre2/media/materials/programs/GLSL
-- Up-to-date: /home/julia/workspace/install/share/gz/gz-rendering8/ogre2/media/materials/programs/GLSL/heat_signature_fs.glsl
-- Up-to-date: /home/julia/workspace/install/share/gz/gz-rendering8/ogre2/media/materials/programs/GLSL/depth_camera_final_fs.glsl
-- Up-to-date: /home/julia/workspace/install/share/gz/gz-rendering8/ogre2/media/materials/programs/GLSL/depth_camera_final_vs.glsl
-- Up-to-date: /home/julia/workspace/install/share/gz/gz-rendering8/ogre2/media/materials/programs/GLSL/selection_buffer_fs.glsl
-- Up-to-date: /home/julia/workspace/install/share/gz/gz-rendering8/ogre2/media/materials/programs/GLSL/thermal_camera_fs.glsl
-- Up-to-date: /home/julia/workspace/install/share/gz/gz-rendering8/ogre2/media/materials/programs/GLSL/gpu_rays_1st_pass_vs.glsl
-- Up-to-date: /home/julia/workspace/install/share/gz/gz-rendering8/ogre2/media/materials/programs/GLSL/lens_flare_fs.glsl
-- Up-to-date: /home/julia/workspace/install/share/gz/gz-rendering8/ogre2/media/materials/programs/GLSL/plain_color_vs.glsl
-- Up-to-date: /home/julia/workspace/install/share/gz/gz-rendering8/ogre2/media/materials/programs/GLSL/point_vs.glsl
-- Up-to-date: /home/julia/workspace/install/share/gz/gz-rendering8/ogre2/media/materials/programs/GLSL/point_fs.glsl
-- Up-to-date: /home/julia/workspace/install/share/gz/gz-rendering8/ogre2/media/materials/programs/GLSL/depth_camera_fs.glsl
-- Up-to-date: /home/julia/workspace/install/share/gz/gz-rendering8/ogre2/media/materials/programs/GLSL/gpu_rays_2nd_pass_fs.glsl
-- Up-to-date: /home/julia/workspace/install/share/gz/gz-rendering8/ogre2/media/materials/programs/GLSL/gaussian_noise_depth_fs.glsl
-- Up-to-date: /home/julia/workspace/install/share/gz/gz-rendering8/ogre2/media/materials/programs/GLSL/wide_lens_map_fp.glsl
-- Up-to-date: /home/julia/workspace/install/share/gz/gz-rendering8/ogre2/media/materials/programs/GLSL/wide_lens_map_vs.glsl
-- Up-to-date: /home/julia/workspace/install/share/gz/gz-rendering8/ogre2/media/materials/programs/GLSL/gaussian_noise_vs.glsl
-- Up-to-date: /home/julia/workspace/install/share/gz/gz-rendering8/ogre2/media/materials/programs/GLSL/skybox_fs.glsl
-- Up-to-date: /home/julia/workspace/install/share/gz/gz-rendering8/ogre2/media/materials/programs/GLSL/plain_color_fs.glsl
-- Up-to-date: /home/julia/workspace/install/share/gz/gz-rendering8/ogre2/media/materials/programs/GLSL/gpu_rays_1st_pass_fs.glsl
-- Up-to-date: /home/julia/workspace/install/share/gz/gz-rendering8/ogre2/media/materials/programs/GLSL/gaussian_noise_fs.glsl
-- Up-to-date: /home/julia/workspace/install/share/gz/gz-rendering8/ogre2/media/materials/programs/GLSL/skybox_vs.glsl
-- Up-to-date: /home/julia/workspace/install/share/gz/gz-rendering8/ogre2/media/materials/programs/GLSL/depth_camera_vs.glsl
-- Up-to-date: /home/julia/workspace/install/share/gz/gz-rendering8/ogre2/media/materials/programs/Metal
-- Up-to-date: /home/julia/workspace/install/share/gz/gz-rendering8/ogre2/media/materials/programs/Metal/gpu_rays_2nd_pass_fs.metal
-- Up-to-date: /home/julia/workspace/install/share/gz/gz-rendering8/ogre2/media/materials/programs/Metal/depth_camera_vs.metal
-- Up-to-date: /home/julia/workspace/install/share/gz/gz-rendering8/ogre2/media/materials/programs/Metal/plain_color_fs.metal
-- Up-to-date: /home/julia/workspace/install/share/gz/gz-rendering8/ogre2/media/materials/programs/Metal/wide_lens_map_vs.metal
-- Up-to-date: /home/julia/workspace/install/share/gz/gz-rendering8/ogre2/media/materials/programs/Metal/gpu_rays_1st_pass_vs.metal
-- Up-to-date: /home/julia/workspace/install/share/gz/gz-rendering8/ogre2/media/materials/programs/Metal/gaussian_noise_depth_fs.metal
-- Up-to-date: /home/julia/workspace/install/share/gz/gz-rendering8/ogre2/media/materials/programs/Metal/wide_lens_map_fp.metal
-- Up-to-date: /home/julia/workspace/install/share/gz/gz-rendering8/ogre2/media/materials/programs/Metal/gaussian_noise_fs.metal
-- Up-to-date: /home/julia/workspace/install/share/gz/gz-rendering8/ogre2/media/materials/programs/Metal/skybox_fs.metal
-- Up-to-date: /home/julia/workspace/install/share/gz/gz-rendering8/ogre2/media/materials/programs/Metal/selection_buffer_fs.metal
-- Up-to-date: /home/julia/workspace/install/share/gz/gz-rendering8/ogre2/media/materials/programs/Metal/depth_camera_final_fs.metal
-- Up-to-date: /home/julia/workspace/install/share/gz/gz-rendering8/ogre2/media/materials/programs/Metal/gaussian_noise_vs.metal
-- Up-to-date: /home/julia/workspace/install/share/gz/gz-rendering8/ogre2/media/materials/programs/Metal/point_fs.metal
-- Up-to-date: /home/julia/workspace/install/share/gz/gz-rendering8/ogre2/media/materials/programs/Metal/depth_camera_final_vs.metal
-- Up-to-date: /home/julia/workspace/install/share/gz/gz-rendering8/ogre2/media/materials/programs/Metal/plain_color_vs.metal
-- Up-to-date: /home/julia/workspace/install/share/gz/gz-rendering8/ogre2/media/materials/programs/Metal/depth_camera_fs.metal
-- Up-to-date: /home/julia/workspace/install/share/gz/gz-rendering8/ogre2/media/materials/programs/Metal/gpu_rays_1st_pass_fs.metal
-- Up-to-date: /home/julia/workspace/install/share/gz/gz-rendering8/ogre2/media/materials/programs/Metal/lens_flare_fs.metal
-- Up-to-date: /home/julia/workspace/install/share/gz/gz-rendering8/ogre2/media/materials/programs/Metal/skybox_vs.metal
-- Up-to-date: /home/julia/workspace/install/share/gz/gz-rendering8/ogre2/media/materials/programs/Metal/thermal_camera_fs.metal
-- Up-to-date: /home/julia/workspace/install/share/gz/gz-rendering8/ogre2/media/materials/programs/Metal/point_vs.metal
-- Up-to-date: /home/julia/workspace/install/share/gz/gz-rendering8/ogre2/media/materials/programs/Metal/heat_signature_fs.metal
-- Up-to-date: /home/julia/workspace/install/share/gz/gz-rendering8/ogre2/media/materials/scripts
-- Up-to-date: /home/julia/workspace/install/share/gz/gz-rendering8/ogre2/media/materials/scripts/wide_angle_camera.material
-- Up-to-date: /home/julia/workspace/install/share/gz/gz-rendering8/ogre2/media/materials/scripts/gaussian_noise.material
-- Up-to-date: /home/julia/workspace/install/share/gz/gz-rendering8/ogre2/media/materials/scripts/GpuRays.compositor
-- Up-to-date: /home/julia/workspace/install/share/gz/gz-rendering8/ogre2/media/materials/scripts/selection_buffer.material
-- Up-to-date: /home/julia/workspace/install/share/gz/gz-rendering8/ogre2/media/materials/scripts/gpu_rays.material
-- Up-to-date: /home/julia/workspace/install/share/gz/gz-rendering8/ogre2/media/materials/scripts/lens_flare.compositor
-- Up-to-date: /home/julia/workspace/install/share/gz/gz-rendering8/ogre2/media/materials/scripts/thermal.material
-- Up-to-date: /home/julia/workspace/install/share/gz/gz-rendering8/ogre2/media/materials/scripts/picker.material
-- Up-to-date: /home/julia/workspace/install/share/gz/gz-rendering8/ogre2/media/materials/scripts/picker.program
-- Up-to-date: /home/julia/workspace/install/share/gz/gz-rendering8/ogre2/media/materials/scripts/wide_angle_camera.compositor
-- Up-to-date: /home/julia/workspace/install/share/gz/gz-rendering8/ogre2/media/materials/scripts/skybox.material
-- Up-to-date: /home/julia/workspace/install/share/gz/gz-rendering8/ogre2/media/materials/scripts/point_cloud_point.material
-- Up-to-date: /home/julia/workspace/install/share/gz/gz-rendering8/ogre2/media/materials/scripts/depth_camera.material
-- Up-to-date: /home/julia/workspace/install/share/gz/gz-rendering8/ogre2/media/materials/scripts/lens_flare.material
-- Up-to-date: /home/julia/workspace/install/share/gz/gz-rendering8/ogre2/media/materials/textures
-- Up-to-date: /home/julia/workspace/install/share/gz/gz-rendering8/ogre2/media/materials/textures/skybox.dds
-- Up-to-date: /home/julia/workspace/install/share/gz/gz-rendering8/ogre2/media/VCT
-- Up-to-date: /home/julia/workspace/install/share/gz/gz-rendering8/ogre2/media/VCT/Voxelizer_cs.metal
-- Up-to-date: /home/julia/workspace/install/share/gz/gz-rendering8/ogre2/media/VCT/AnisotropicMipVctStep1_piece_cs.any
-- Up-to-date: /home/julia/workspace/install/share/gz/gz-rendering8/ogre2/media/VCT/AnisotropicMipVctStep1_cs.metal
-- Up-to-date: /home/julia/workspace/install/share/gz/gz-rendering8/ogre2/media/VCT/Voxelizer_piece_cs.any
-- Up-to-date: /home/julia/workspace/install/share/gz/gz-rendering8/ogre2/media/VCT/AabbWorldSpace_cs.metal
-- Up-to-date: /home/julia/workspace/install/share/gz/gz-rendering8/ogre2/media/VCT/LightVctBounceInject_cs.hlsl
-- Up-to-date: /home/julia/workspace/install/share/gz/gz-rendering8/ogre2/media/VCT/AabbCalcultor_cs.hlsl
-- Up-to-date: /home/julia/workspace/install/share/gz/gz-rendering8/ogre2/media/VCT/LightInjection_cs.glsl
-- Up-to-date: /home/julia/workspace/install/share/gz/gz-rendering8/ogre2/media/VCT/AabbWorldSpace_cs.glsl
-- Up-to-date: /home/julia/workspace/install/share/gz/gz-rendering8/ogre2/media/VCT/AnisotropicMipVctStep1_cs.glsl
-- Up-to-date: /home/julia/workspace/install/share/gz/gz-rendering8/ogre2/media/VCT/AnisotropicMipVctStep0_cs.hlsl
-- Up-to-date: /home/julia/workspace/install/share/gz/gz-rendering8/ogre2/media/VCT/Voxelizer_cs.hlsl
-- Up-to-date: /home/julia/workspace/install/share/gz/gz-rendering8/ogre2/media/VCT/AabbCalcultor_piece_cs.any
-- Up-to-date: /home/julia/workspace/install/share/gz/gz-rendering8/ogre2/media/VCT/LightInjection_cs.metal
-- Up-to-date: /home/julia/workspace/install/share/gz/gz-rendering8/ogre2/media/VCT/AnisotropicMipVctStep0_piece_cs.any
-- Up-to-date: /home/julia/workspace/install/share/gz/gz-rendering8/ogre2/media/VCT/LightInjection_piece_cs.any
-- Up-to-date: /home/julia/workspace/install/share/gz/gz-rendering8/ogre2/media/VCT/LightVctBounceInject_piece_cs.any
-- Up-to-date: /home/julia/workspace/install/share/gz/gz-rendering8/ogre2/media/VCT/AnisotropicMipVctStep1_cs.hlsl
-- Up-to-date: /home/julia/workspace/install/share/gz/gz-rendering8/ogre2/media/VCT/AnisotropicMipVctStep0_cs.glsl
-- Up-to-date: /home/julia/workspace/install/share/gz/gz-rendering8/ogre2/media/VCT/LightVctBounceInject_cs.metal
-- Up-to-date: /home/julia/workspace/install/share/gz/gz-rendering8/ogre2/media/VCT/AnisotropicMipVctStep0_cs.metal
-- Up-to-date: /home/julia/workspace/install/share/gz/gz-rendering8/ogre2/media/VCT/Voxelizer.material.json
-- Up-to-date: /home/julia/workspace/install/share/gz/gz-rendering8/ogre2/media/VCT/AabbCalcultor_cs.glsl
-- Up-to-date: /home/julia/workspace/install/share/gz/gz-rendering8/ogre2/media/VCT/LightVctBounceInject_cs.glsl
-- Up-to-date: /home/julia/workspace/install/share/gz/gz-rendering8/ogre2/media/VCT/Voxelizer_cs.glsl
-- Up-to-date: /home/julia/workspace/install/share/gz/gz-rendering8/ogre2/media/VCT/LightInjection_cs.hlsl
-- Up-to-date: /home/julia/workspace/install/share/gz/gz-rendering8/ogre2/media/VCT/AabbWorldSpace_cs.hlsl
-- Up-to-date: /home/julia/workspace/install/share/gz/gz-rendering8/ogre2/media/VCT/AabbCalcultor_cs.metal
-- Up-to-date: /home/julia/workspace/install/share/gz/gz-rendering8/ogre2/media/VCT/VctTexDownsample.compositor
-- Up-to-date: /home/julia/workspace/install/share/gz/gz-rendering8/ogre2/media/VCT/AabbWorldSpace_piece_cs.any
-- Up-to-date: /home/julia/workspace/install/share/gz/gz-rendering8/ogre2/media/VCT/ImageVoxelizer
-- Up-to-date: /home/julia/workspace/install/share/gz/gz-rendering8/ogre2/media/VCT/ImageVoxelizer/VoxelPartialClear_piece_cs.any
-- Up-to-date: /home/julia/workspace/install/share/gz/gz-rendering8/ogre2/media/VCT/ImageVoxelizer/ImageVoxelizer_cs.hlsl
-- Up-to-date: /home/julia/workspace/install/share/gz/gz-rendering8/ogre2/media/VCT/ImageVoxelizer/VoxelPartialClear_cs.hlsl
-- Up-to-date: /home/julia/workspace/install/share/gz/gz-rendering8/ogre2/media/VCT/ImageVoxelizer/ImageVoxelizer_cs.metal
-- Up-to-date: /home/julia/workspace/install/share/gz/gz-rendering8/ogre2/media/VCT/ImageVoxelizer/VoxelPartialClear_cs.glsl
-- Up-to-date: /home/julia/workspace/install/share/gz/gz-rendering8/ogre2/media/VCT/ImageVoxelizer/VoxelPartialClear_cs.metal
-- Up-to-date: /home/julia/workspace/install/share/gz/gz-rendering8/ogre2/media/VCT/ImageVoxelizer/ImageVoxelizer_piece_cs.any
-- Up-to-date: /home/julia/workspace/install/share/gz/gz-rendering8/ogre2/media/VCT/ImageVoxelizer/ImageVoxelizer_cs.glsl
-- Up-to-date: /home/julia/workspace/install/share/gz/gz-rendering8/ogre2/media/VCT/Visualizer
-- Up-to-date: /home/julia/workspace/install/share/gz/gz-rendering8/ogre2/media/VCT/Visualizer/VoxelVisualizer_vs.any
-- Up-to-date: /home/julia/workspace/install/share/gz/gz-rendering8/ogre2/media/VCT/Visualizer/VoxelVisualizer_ps.glsl
-- Up-to-date: /home/julia/workspace/install/share/gz/gz-rendering8/ogre2/media/VCT/Visualizer/VoxelVisualizer.material
-- Up-to-date: /home/julia/workspace/install/share/gz/gz-rendering8/ogre2/media/VCT/Visualizer/VoxelVisualizer_ps.hlsl
-- Up-to-date: /home/julia/workspace/install/share/gz/gz-rendering8/ogre2/media/VCT/Visualizer/VoxelVisualizer_vs.hlsl
-- Up-to-date: /home/julia/workspace/install/share/gz/gz-rendering8/ogre2/media/VCT/Visualizer/VoxelVisualizer_vs.glsl
-- Up-to-date: /home/julia/workspace/install/share/gz/gz-rendering8/ogre2/media/VCT/Visualizer/VoxelVisualizer_vs.metal
-- Up-to-date: /home/julia/workspace/install/share/gz/gz-rendering8/ogre2/media/VCT/Visualizer/VoxelVisualizer_ps.metal
-- Up-to-date: /home/julia/workspace/install/share/gz/gz-rendering8/ogre2/media/Compute
-- Up-to-date: /home/julia/workspace/install/share/gz/gz-rendering8/ogre2/media/Compute/Tools
-- Up-to-date: /home/julia/workspace/install/share/gz/gz-rendering8/ogre2/media/Compute/Tools/GLSL
-- Up-to-date: /home/julia/workspace/install/share/gz/gz-rendering8/ogre2/media/Compute/Tools/GLSL/ClearUav_cs.glsl
-- Up-to-date: /home/julia/workspace/install/share/gz/gz-rendering8/ogre2/media/Compute/Tools/ClearUav.material.json
-- Up-to-date: /home/julia/workspace/install/share/gz/gz-rendering8/ogre2/media/Compute/Tools/Any
-- Up-to-date: /home/julia/workspace/install/share/gz/gz-rendering8/ogre2/media/Compute/Tools/Any/sRGB.any
-- Up-to-date: /home/julia/workspace/install/share/gz/gz-rendering8/ogre2/media/Compute/Tools/HLSL
-- Up-to-date: /home/julia/workspace/install/share/gz/gz-rendering8/ogre2/media/Compute/Tools/HLSL/ClearUav_cs.hlsl
-- Up-to-date: /home/julia/workspace/install/share/gz/gz-rendering8/ogre2/media/Compute/Tools/Metal
-- Up-to-date: /home/julia/workspace/install/share/gz/gz-rendering8/ogre2/media/Compute/Tools/Metal/ClearUav_cs.metal
-- Up-to-date: /home/julia/workspace/install/include/gz/rendering8/ignition
-- Up-to-date: /home/julia/workspace/install/include/gz/rendering8/ignition/rendering
-- Up-to-date: /home/julia/workspace/install/include/gz/rendering8/ignition/rendering/ogre2
-- Up-to-date: /home/julia/workspace/install/include/gz/rendering8/ignition/rendering/ogre2/Ogre2DynamicRenderable.hh
-- Up-to-date: /home/julia/workspace/install/include/gz/rendering8/ignition/rendering/ogre2/Ogre2Conversions.hh
-- Up-to-date: /home/julia/workspace/install/include/gz/rendering8/ignition/rendering/ogre2/Ogre2Mesh.hh
-- Up-to-date: /home/julia/workspace/install/include/gz/rendering8/ignition/rendering/ogre2/Ogre2GizmoVisual.hh
-- Up-to-date: /home/julia/workspace/install/include/gz/rendering8/ignition/rendering/ogre2/Ogre2JointVisual.hh
-- Up-to-date: /home/julia/workspace/install/include/gz/rendering8/ignition/rendering/ogre2/Ogre2Heightmap.hh
-- Up-to-date: /home/julia/workspace/install/include/gz/rendering8/ignition/rendering/ogre2/Ogre2Storage.hh
-- Up-to-date: /home/julia/workspace/install/include/gz/rendering8/ignition/rendering/ogre2/Ogre2Node.hh
-- Up-to-date: /home/julia/workspace/install/include/gz/rendering8/ignition/rendering/ogre2/Ogre2LightVisual.hh
-- Up-to-date: /home/julia/workspace/install/include/gz/rendering8/ignition/rendering/ogre2/Ogre2ThermalCamera.hh
-- Up-to-date: /home/julia/workspace/install/include/gz/rendering8/ignition/rendering/ogre2/Ogre2RenderTargetMaterial.hh
-- Up-to-date: /home/julia/workspace/install/include/gz/rendering8/ignition/rendering/ogre2/Ogre2IgnOgreRenderingMode.hh
-- Up-to-date: /home/julia/workspace/install/include/gz/rendering8/ignition/rendering/ogre2/Ogre2Includes.hh
-- Up-to-date: /home/julia/workspace/install/include/gz/rendering8/ignition/rendering/ogre2/Ogre2ParticleEmitter.hh
-- Up-to-date: /home/julia/workspace/install/include/gz/rendering8/ignition/rendering/ogre2/Ogre2RenderTypes.hh
-- Up-to-date: /home/julia/workspace/install/include/gz/rendering8/ignition/rendering/ogre2/Ogre2ArrowVisual.hh
-- Up-to-date: /home/julia/workspace/install/include/gz/rendering8/ignition/rendering/ogre2/Ogre2DepthCamera.hh
-- Up-to-date: /home/julia/workspace/install/include/gz/rendering8/ignition/rendering/ogre2/Ogre2LidarVisual.hh
-- Up-to-date: /home/julia/workspace/install/include/gz/rendering8/ignition/rendering/ogre2/Ogre2GpuRays.hh
-- Up-to-date: /home/julia/workspace/install/include/gz/rendering8/ignition/rendering/ogre2/Ogre2Object.hh
-- Up-to-date: /home/julia/workspace/install/include/gz/rendering8/ignition/rendering/ogre2/Ogre2Geometry.hh
-- Up-to-date: /home/julia/workspace/install/include/gz/rendering8/ignition/rendering/ogre2/Ogre2GaussianNoisePass.hh
-- Up-to-date: /home/julia/workspace/install/include/gz/rendering8/ignition/rendering/ogre2/Ogre2MeshFactory.hh
-- Up-to-date: /home/julia/workspace/install/include/gz/rendering8/ignition/rendering/ogre2/Ogre2MaterialSwitcher.hh
-- Up-to-date: /home/julia/workspace/install/include/gz/rendering8/ignition/rendering/ogre2/Ogre2Camera.hh
-- Up-to-date: /home/julia/workspace/install/include/gz/rendering8/ignition/rendering/ogre2/Ogre2RenderTarget.hh
-- Up-to-date: /home/julia/workspace/install/include/gz/rendering8/ignition/rendering/ogre2/Ogre2Marker.hh
-- Up-to-date: /home/julia/workspace/install/include/gz/rendering8/ignition/rendering/ogre2/Ogre2Sensor.hh
-- Up-to-date: /home/julia/workspace/install/include/gz/rendering8/ignition/rendering/ogre2/Ogre2InertiaVisual.hh
-- Up-to-date: /home/julia/workspace/install/include/gz/rendering8/ignition/rendering/ogre2/Export.hh
-- Up-to-date: /home/julia/workspace/install/include/gz/rendering8/ignition/rendering/ogre2/Ogre2Scene.hh
-- Up-to-date: /home/julia/workspace/install/include/gz/rendering8/ignition/rendering/ogre2/Ogre2Light.hh
-- Up-to-date: /home/julia/workspace/install/include/gz/rendering8/ignition/rendering/ogre2/Ogre2RenderEngine.hh
-- Up-to-date: /home/julia/workspace/install/include/gz/rendering8/ignition/rendering/ogre2/Ogre2RenderPass.hh
-- Up-to-date: /home/julia/workspace/install/include/gz/rendering8/ignition/rendering/ogre2/Ogre2ObjectInterface.hh
-- Up-to-date: /home/julia/workspace/install/include/gz/rendering8/ignition/rendering/ogre2/Ogre2Capsule.hh
-- Up-to-date: /home/julia/workspace/install/include/gz/rendering8/ignition/rendering/ogre2/Ogre2Visual.hh
-- Up-to-date: /home/julia/workspace/install/include/gz/rendering8/ignition/rendering/ogre2/Ogre2BoundingBoxCamera.hh
-- Up-to-date: /home/julia/workspace/install/include/gz/rendering8/ignition/rendering/ogre2/Ogre2SegmentationCamera.hh
-- Up-to-date: /home/julia/workspace/install/include/gz/rendering8/ignition/rendering/ogre2/Ogre2Grid.hh
-- Up-to-date: /home/julia/workspace/install/include/gz/rendering8/ignition/rendering/ogre2/Ogre2AxisVisual.hh
-- Up-to-date: /home/julia/workspace/install/include/gz/rendering8/ignition/rendering/ogre2/Ogre2SelectionBuffer.hh
-- Up-to-date: /home/julia/workspace/install/include/gz/rendering8/ignition/rendering/ogre2/detail
-- Up-to-date: /home/julia/workspace/install/include/gz/rendering8/ignition/rendering/ogre2/detail/Export.hh
-- Up-to-date: /home/julia/workspace/install/include/gz/rendering8/ignition/rendering/ogre2/Ogre2COMVisual.hh
-- Up-to-date: /home/julia/workspace/install/include/gz/rendering8/ignition/rendering/ogre2/Ogre2Material.hh
-- Up-to-date: /home/julia/workspace/install/include/gz/rendering8/ignition/rendering/ogre2/Ogre2RayQuery.hh
-- Up-to-date: /home/julia/workspace/install/include/gz/rendering8/ignition/rendering/ogre2/Ogre2WireBox.hh
-- Up-to-date: /home/julia/workspace/install/include/gz/rendering8/ignition/rendering/ogre2.hh
-- Up-to-date: /home/julia/workspace/install/include/gz/rendering8/gz/rendering/ogre2/Ogre2ArrowVisual.hh
-- Up-to-date: /home/julia/workspace/install/include/gz/rendering8/gz/rendering/ogre2/Ogre2AxisVisual.hh
-- Up-to-date: /home/julia/workspace/install/include/gz/rendering8/gz/rendering/ogre2/Ogre2BoundingBoxCamera.hh
-- Up-to-date: /home/julia/workspace/install/include/gz/rendering8/gz/rendering/ogre2/Ogre2COMVisual.hh
-- Up-to-date: /home/julia/workspace/install/include/gz/rendering8/gz/rendering/ogre2/Ogre2Camera.hh
-- Up-to-date: /home/julia/workspace/install/include/gz/rendering8/gz/rendering/ogre2/Ogre2Capsule.hh
-- Up-to-date: /home/julia/workspace/install/include/gz/rendering8/gz/rendering/ogre2/Ogre2Conversions.hh
-- Up-to-date: /home/julia/workspace/install/include/gz/rendering8/gz/rendering/ogre2/Ogre2DepthCamera.hh
-- Up-to-date: /home/julia/workspace/install/include/gz/rendering8/gz/rendering/ogre2/Ogre2DynamicRenderable.hh
-- Up-to-date: /home/julia/workspace/install/include/gz/rendering8/gz/rendering/ogre2/Ogre2GaussianNoisePass.hh
-- Up-to-date: /home/julia/workspace/install/include/gz/rendering8/gz/rendering/ogre2/Ogre2Geometry.hh
-- Up-to-date: /home/julia/workspace/install/include/gz/rendering8/gz/rendering/ogre2/Ogre2GizmoVisual.hh
-- Up-to-date: /home/julia/workspace/install/include/gz/rendering8/gz/rendering/ogre2/Ogre2GlobalIlluminationCiVct.hh
-- Up-to-date: /home/julia/workspace/install/include/gz/rendering8/gz/rendering/ogre2/Ogre2GlobalIlluminationVct.hh
-- Up-to-date: /home/julia/workspace/install/include/gz/rendering8/gz/rendering/ogre2/Ogre2GpuRays.hh
-- Up-to-date: /home/julia/workspace/install/include/gz/rendering8/gz/rendering/ogre2/Ogre2Grid.hh
-- Up-to-date: /home/julia/workspace/install/include/gz/rendering8/gz/rendering/ogre2/Ogre2GzOgreRenderingMode.hh
-- Up-to-date: /home/julia/workspace/install/include/gz/rendering8/gz/rendering/ogre2/Ogre2Heightmap.hh
-- Up-to-date: /home/julia/workspace/install/include/gz/rendering8/gz/rendering/ogre2/Ogre2Includes.hh
-- Up-to-date: /home/julia/workspace/install/include/gz/rendering8/gz/rendering/ogre2/Ogre2InertiaVisual.hh
-- Up-to-date: /home/julia/workspace/install/include/gz/rendering8/gz/rendering/ogre2/Ogre2JointVisual.hh
-- Up-to-date: /home/julia/workspace/install/include/gz/rendering8/gz/rendering/ogre2/Ogre2LensFlarePass.hh
-- Up-to-date: /home/julia/workspace/install/include/gz/rendering8/gz/rendering/ogre2/Ogre2LidarVisual.hh
-- Up-to-date: /home/julia/workspace/install/include/gz/rendering8/gz/rendering/ogre2/Ogre2Light.hh
-- Up-to-date: /home/julia/workspace/install/include/gz/rendering8/gz/rendering/ogre2/Ogre2LightVisual.hh
-- Up-to-date: /home/julia/workspace/install/include/gz/rendering8/gz/rendering/ogre2/Ogre2Marker.hh
-- Up-to-date: /home/julia/workspace/install/include/gz/rendering8/gz/rendering/ogre2/Ogre2Material.hh
-- Up-to-date: /home/julia/workspace/install/include/gz/rendering8/gz/rendering/ogre2/Ogre2MaterialSwitcher.hh
-- Up-to-date: /home/julia/workspace/install/include/gz/rendering8/gz/rendering/ogre2/Ogre2Mesh.hh
-- Up-to-date: /home/julia/workspace/install/include/gz/rendering8/gz/rendering/ogre2/Ogre2MeshFactory.hh
-- Up-to-date: /home/julia/workspace/install/include/gz/rendering8/gz/rendering/ogre2/Ogre2NativeWindow.hh
-- Up-to-date: /home/julia/workspace/install/include/gz/rendering8/gz/rendering/ogre2/Ogre2Node.hh
-- Up-to-date: /home/julia/workspace/install/include/gz/rendering8/gz/rendering/ogre2/Ogre2Object.hh
-- Up-to-date: /home/julia/workspace/install/include/gz/rendering8/gz/rendering/ogre2/Ogre2ObjectInterface.hh
-- Up-to-date: /home/julia/workspace/install/include/gz/rendering8/gz/rendering/ogre2/Ogre2ParticleEmitter.hh
-- Up-to-date: /home/julia/workspace/install/include/gz/rendering8/gz/rendering/ogre2/Ogre2RayQuery.hh
-- Up-to-date: /home/julia/workspace/install/include/gz/rendering8/gz/rendering/ogre2/Ogre2RenderEngine.hh
-- Up-to-date: /home/julia/workspace/install/include/gz/rendering8/gz/rendering/ogre2/Ogre2RenderPass.hh
-- Up-to-date: /home/julia/workspace/install/include/gz/rendering8/gz/rendering/ogre2/Ogre2RenderTarget.hh
-- Up-to-date: /home/julia/workspace/install/include/gz/rendering8/gz/rendering/ogre2/Ogre2RenderTargetMaterial.hh
-- Up-to-date: /home/julia/workspace/install/include/gz/rendering8/gz/rendering/ogre2/Ogre2RenderTypes.hh
-- Up-to-date: /home/julia/workspace/install/include/gz/rendering8/gz/rendering/ogre2/Ogre2Scene.hh
-- Up-to-date: /home/julia/workspace/install/include/gz/rendering8/gz/rendering/ogre2/Ogre2SegmentationCamera.hh
-- Up-to-date: /home/julia/workspace/install/include/gz/rendering8/gz/rendering/ogre2/Ogre2SelectionBuffer.hh
-- Up-to-date: /home/julia/workspace/install/include/gz/rendering8/gz/rendering/ogre2/Ogre2Sensor.hh
-- Up-to-date: /home/julia/workspace/install/include/gz/rendering8/gz/rendering/ogre2/Ogre2Storage.hh
-- Up-to-date: /home/julia/workspace/install/include/gz/rendering8/gz/rendering/ogre2/Ogre2ThermalCamera.hh
-- Up-to-date: /home/julia/workspace/install/include/gz/rendering8/gz/rendering/ogre2/Ogre2Visual.hh
-- Up-to-date: /home/julia/workspace/install/include/gz/rendering8/gz/rendering/ogre2/Ogre2WideAngleCamera.hh
-- Up-to-date: /home/julia/workspace/install/include/gz/rendering8/gz/rendering/ogre2/Ogre2WireBox.hh
-- Up-to-date: /home/julia/workspace/install/include/gz/rendering8/gz/rendering/ogre2/../ogre2.hh
