[ 46%] Built target gz-plugin2
[ 73%] Built target gz-plugin2-loader
[ 86%] Built target gz
[100%] Built target gz-plugin
-- Install configuration: "RelWithDebInfo"
-- Up-to-date: /home/julia/workspace/install/lib/cmake/gz-plugin2-all/gz-plugin2-all-config.cmake
-- Up-to-date: /home/julia/workspace/install/lib/cmake/gz-plugin2-all/gz-plugin2-all-config-version.cmake
-- Up-to-date: /home/julia/workspace/install/lib/cmake/gz-plugin2-all/gz-plugin2-all-targets.cmake
-- Up-to-date: /home/julia/workspace/install/include/gz/plugin2/gz/plugin/detail/Export.hh
-- Up-to-date: /home/julia/workspace/install/include/gz/plugin2/gz/plugin/Export.hh
-- Up-to-date: /home/julia/workspace/install/lib/libgz-plugin2.so.2.0.1
-- Up-to-date: /home/julia/workspace/install/lib/libgz-plugin2.so.2
-- Up-to-date: /home/julia/workspace/install/lib/libgz-plugin2.so
-- Up-to-date: /home/julia/workspace/install/lib/cmake/gz-plugin2/gz-plugin2-config.cmake
-- Up-to-date: /home/julia/workspace/install/lib/cmake/gz-plugin2/gz-plugin2-config-version.cmake
-- Up-to-date: /home/julia/workspace/install/lib/cmake/gz-plugin2/gz-plugin2-targets.cmake
-- Up-to-date: /home/julia/workspace/install/lib/cmake/gz-plugin2/gz-plugin2-targets-relwithdebinfo.cmake
-- Up-to-date: /home/julia/workspace/install/lib/pkgconfig/gz-plugin2.pc
-- Up-to-date: /home/julia/workspace/install/include/gz/plugin2/ignition
-- Up-to-date: /home/julia/workspace/install/include/gz/plugin2/ignition/plugin.hh
-- Up-to-date: /home/julia/workspace/install/include/gz/plugin2/ignition/plugin
-- Up-to-date: /home/julia/workspace/install/include/gz/plugin2/ignition/plugin/SpecializedPlugin.hh
-- Up-to-date: /home/julia/workspace/install/include/gz/plugin2/ignition/plugin/utility.hh
-- Up-to-date: /home/julia/workspace/install/include/gz/plugin2/ignition/plugin/PluginPtr.hh
-- Up-to-date: /home/julia/workspace/install/include/gz/plugin2/ignition/plugin/Export.hh
-- Up-to-date: /home/julia/workspace/install/include/gz/plugin2/ignition/plugin/EnablePluginFromThis.hh
-- Up-to-date: /home/julia/workspace/install/include/gz/plugin2/ignition/plugin/Factory.hh
-- Up-to-date: /home/julia/workspace/install/include/gz/plugin2/ignition/plugin/WeakPluginPtr.hh
-- Up-to-date: /home/julia/workspace/install/include/gz/plugin2/ignition/plugin/SpecializedPluginPtr.hh
-- Up-to-date: /home/julia/workspace/install/include/gz/plugin2/ignition/plugin/config.hh
-- Up-to-date: /home/julia/workspace/install/include/gz/plugin2/ignition/plugin/detail
-- Up-to-date: /home/julia/workspace/install/include/gz/plugin2/ignition/plugin/detail/SpecializedPlugin.hh
-- Up-to-date: /home/julia/workspace/install/include/gz/plugin2/ignition/plugin/detail/utility.hh
-- Up-to-date: /home/julia/workspace/install/include/gz/plugin2/ignition/plugin/detail/PluginPtr.hh
-- Up-to-date: /home/julia/workspace/install/include/gz/plugin2/ignition/plugin/detail/Export.hh
-- Up-to-date: /home/julia/workspace/install/include/gz/plugin2/ignition/plugin/detail/Factory.hh
-- Up-to-date: /home/julia/workspace/install/include/gz/plugin2/ignition/plugin/detail/Plugin.hh
-- Up-to-date: /home/julia/workspace/install/include/gz/plugin2/ignition/plugin/Plugin.hh
-- Up-to-date: /home/julia/workspace/install/include/gz/plugin2/ignition/plugin/Info.hh
-- Up-to-date: /home/julia/workspace/install/include/gz/plugin2/gz/plugin/detail/Factory.hh
-- Up-to-date: /home/julia/workspace/install/include/gz/plugin2/gz/plugin/detail/Plugin.hh
-- Up-to-date: /home/julia/workspace/install/include/gz/plugin2/gz/plugin/detail/PluginPtr.hh
-- Up-to-date: /home/julia/workspace/install/include/gz/plugin2/gz/plugin/detail/SpecializedPlugin.hh
-- Up-to-date: /home/julia/workspace/install/include/gz/plugin2/gz/plugin/detail/utility.hh
-- Up-to-date: /home/julia/workspace/install/include/gz/plugin2/gz/plugin/EnablePluginFromThis.hh
-- Up-to-date: /home/julia/workspace/install/include/gz/plugin2/gz/plugin/Factory.hh
-- Up-to-date: /home/julia/workspace/install/include/gz/plugin2/gz/plugin/Info.hh
-- Up-to-date: /home/julia/workspace/install/include/gz/plugin2/gz/plugin/Plugin.hh
-- Up-to-date: /home/julia/workspace/install/include/gz/plugin2/gz/plugin/PluginPtr.hh
-- Up-to-date: /home/julia/workspace/install/include/gz/plugin2/gz/plugin/SpecializedPlugin.hh
-- Up-to-date: /home/julia/workspace/install/include/gz/plugin2/gz/plugin/SpecializedPluginPtr.hh
-- Up-to-date: /home/julia/workspace/install/include/gz/plugin2/gz/plugin/WeakPluginPtr.hh
-- Up-to-date: /home/julia/workspace/install/include/gz/plugin2/gz/plugin/utility.hh
-- Up-to-date: /home/julia/workspace/install/include/gz/plugin2/gz/plugin/../plugin.hh
-- Up-to-date: /home/julia/workspace/install/include/gz/plugin2/gz/plugin/config.hh
-- Up-to-date: /home/julia/workspace/install/include/gz/plugin2/gz/plugin/loader/detail/Export.hh
-- Up-to-date: /home/julia/workspace/install/include/gz/plugin2/gz/plugin/loader/Export.hh
-- Up-to-date: /home/julia/workspace/install/lib/libgz-plugin2-loader.so.2.0.1
-- Up-to-date: /home/julia/workspace/install/lib/libgz-plugin2-loader.so.2
-- Up-to-date: /home/julia/workspace/install/lib/libgz-plugin2-loader.so
-- Up-to-date: /home/julia/workspace/install/lib/cmake/gz-plugin2-loader/gz-plugin2-loader-config.cmake
-- Up-to-date: /home/julia/workspace/install/lib/cmake/gz-plugin2-loader/gz-plugin2-loader-config-version.cmake
-- Up-to-date: /home/julia/workspace/install/lib/cmake/gz-plugin2-loader/gz-plugin2-loader-targets.cmake
-- Up-to-date: /home/julia/workspace/install/lib/cmake/gz-plugin2-loader/gz-plugin2-loader-targets-relwithdebinfo.cmake
-- Up-to-date: /home/julia/workspace/install/lib/pkgconfig/gz-plugin2-loader.pc
-- Up-to-date: /home/julia/workspace/install/include/gz/plugin2
-- Up-to-date: /home/julia/workspace/install/include/gz/plugin2/ignition
-- Up-to-date: /home/julia/workspace/install/include/gz/plugin2/ignition/plugin
-- Up-to-date: /home/julia/workspace/install/include/gz/plugin2/ignition/plugin/loader
-- Up-to-date: /home/julia/workspace/install/include/gz/plugin2/ignition/plugin/loader/Export.hh
-- Up-to-date: /home/julia/workspace/install/include/gz/plugin2/ignition/plugin/loader/detail
-- Up-to-date: /home/julia/workspace/install/include/gz/plugin2/ignition/plugin/loader/detail/Export.hh
-- Up-to-date: /home/julia/workspace/install/include/gz/plugin2/ignition/plugin/Loader.hh
-- Up-to-date: /home/julia/workspace/install/include/gz/plugin2/ignition/plugin/detail
-- Up-to-date: /home/julia/workspace/install/include/gz/plugin2/ignition/plugin/detail/Loader.hh
-- Up-to-date: /home/julia/workspace/install/include/gz/plugin2/gz
-- Up-to-date: /home/julia/workspace/install/include/gz/plugin2/gz/plugin
-- Up-to-date: /home/julia/workspace/install/include/gz/plugin2/gz/plugin/Loader.hh
-- Up-to-date: /home/julia/workspace/install/include/gz/plugin2/gz/plugin/detail
-- Up-to-date: /home/julia/workspace/install/include/gz/plugin2/gz/plugin/detail/StaticRegistry.hh
-- Up-to-date: /home/julia/workspace/install/include/gz/plugin2/gz/plugin/detail/Loader.hh
-- Up-to-date: /home/julia/workspace/install/include/gz/plugin2/gz/plugin/detail/Registry.hh
-- Up-to-date: /home/julia/workspace/install/share/gz/plugin2.yaml
-- Up-to-date: /home/julia/workspace/install/share/gz/gz2.completion.d/plugin2.bash_completion.sh
-- Up-to-date: /home/julia/workspace/install/libexec/gz/plugin2/gz-plugin
-- Up-to-date: /home/julia/workspace/install/lib/ruby/gz/cmdplugin2.rb
-- Up-to-date: /home/julia/workspace/install/lib/cmake/gz-plugin2-register/gz-plugin2-register-config.cmake
-- Up-to-date: /home/julia/workspace/install/lib/cmake/gz-plugin2-register/gz-plugin2-register-config-version.cmake
-- Up-to-date: /home/julia/workspace/install/lib/cmake/gz-plugin2-register/gz-plugin2-register-targets.cmake
-- Up-to-date: /home/julia/workspace/install/lib/pkgconfig/gz-plugin2-register.pc
-- Up-to-date: /home/julia/workspace/install/include/gz/plugin2
-- Up-to-date: /home/julia/workspace/install/include/gz/plugin2/ignition
-- Up-to-date: /home/julia/workspace/install/include/gz/plugin2/ignition/plugin
-- Up-to-date: /home/julia/workspace/install/include/gz/plugin2/ignition/plugin/RegisterMore.hh
-- Up-to-date: /home/julia/workspace/install/include/gz/plugin2/ignition/plugin/Register.hh
-- Up-to-date: /home/julia/workspace/install/include/gz/plugin2/ignition/plugin/RegisterStatic.hh
-- Up-to-date: /home/julia/workspace/install/include/gz/plugin2/ignition/plugin/detail
-- Up-to-date: /home/julia/workspace/install/include/gz/plugin2/ignition/plugin/detail/Register.hh
-- Up-to-date: /home/julia/workspace/install/include/gz/plugin2/ignition/plugin/detail/RegisterStatic.hh
-- Up-to-date: /home/julia/workspace/install/include/gz/plugin2/gz
-- Up-to-date: /home/julia/workspace/install/include/gz/plugin2/gz/plugin
-- Up-to-date: /home/julia/workspace/install/include/gz/plugin2/gz/plugin/RegisterMore.hh
-- Up-to-date: /home/julia/workspace/install/include/gz/plugin2/gz/plugin/Register.hh
-- Up-to-date: /home/julia/workspace/install/include/gz/plugin2/gz/plugin/RegisterStatic.hh
-- Up-to-date: /home/julia/workspace/install/include/gz/plugin2/gz/plugin/detail
-- Up-to-date: /home/julia/workspace/install/include/gz/plugin2/gz/plugin/detail/Common.hh
-- Up-to-date: /home/julia/workspace/install/include/gz/plugin2/gz/plugin/detail/Register.hh
-- Up-to-date: /home/julia/workspace/install/include/gz/plugin2/gz/plugin/detail/RegisterStatic.hh
