[0.051s] Invoking command in '/home/julia/workspace/build/gz-plugin2': /usr/bin/cmake --build /home/julia/workspace/build/gz-plugin2 -- -j3 -l3
[0.129s] [ 46%] Built target gz-plugin2
[0.166s] [ 73%] Built target gz-plugin2-loader
[0.183s] [ 86%] Built target gz
[0.230s] [100%] Built target gz-plugin
[0.252s] Invoked command in '/home/julia/workspace/build/gz-plugin2' returned '0': /usr/bin/cmake --build /home/julia/workspace/build/gz-plugin2 -- -j3 -l3
[0.329s] Invoking command in '/home/julia/workspace/build/gz-plugin2': /usr/bin/cmake --install /home/julia/workspace/build/gz-plugin2
[0.338s] -- Install configuration: "RelWithDebInfo"
[0.339s] -- Up-to-date: /home/julia/workspace/install/lib/cmake/gz-plugin2-all/gz-plugin2-all-config.cmake
[0.339s] -- Up-to-date: /home/julia/workspace/install/lib/cmake/gz-plugin2-all/gz-plugin2-all-config-version.cmake
[0.341s] -- Up-to-date: /home/julia/workspace/install/lib/cmake/gz-plugin2-all/gz-plugin2-all-targets.cmake
[0.346s] -- Up-to-date: /home/julia/workspace/install/include/gz/plugin2/gz/plugin/detail/Export.hh
[0.346s] -- Up-to-date: /home/julia/workspace/install/include/gz/plugin2/gz/plugin/Export.hh
[0.347s] -- Up-to-date: /home/julia/workspace/install/lib/libgz-plugin2.so.2.0.1
[0.347s] -- Up-to-date: /home/julia/workspace/install/lib/libgz-plugin2.so.2
[0.348s] -- Up-to-date: /home/julia/workspace/install/lib/libgz-plugin2.so
[0.348s] -- Up-to-date: /home/julia/workspace/install/lib/cmake/gz-plugin2/gz-plugin2-config.cmake
[0.348s] -- Up-to-date: /home/julia/workspace/install/lib/cmake/gz-plugin2/gz-plugin2-config-version.cmake
[0.354s] -- Up-to-date: /home/julia/workspace/install/lib/cmake/gz-plugin2/gz-plugin2-targets.cmake
[0.354s] -- Up-to-date: /home/julia/workspace/install/lib/cmake/gz-plugin2/gz-plugin2-targets-relwithdebinfo.cmake
[0.354s] -- Up-to-date: /home/julia/workspace/install/lib/pkgconfig/gz-plugin2.pc
[0.354s] -- Up-to-date: /home/julia/workspace/install/include/gz/plugin2/ignition
[0.354s] -- Up-to-date: /home/julia/workspace/install/include/gz/plugin2/ignition/plugin.hh
[0.354s] -- Up-to-date: /home/julia/workspace/install/include/gz/plugin2/ignition/plugin
[0.354s] -- Up-to-date: /home/julia/workspace/install/include/gz/plugin2/ignition/plugin/SpecializedPlugin.hh
[0.354s] -- Up-to-date: /home/julia/workspace/install/include/gz/plugin2/ignition/plugin/utility.hh
[0.354s] -- Up-to-date: /home/julia/workspace/install/include/gz/plugin2/ignition/plugin/PluginPtr.hh
[0.354s] -- Up-to-date: /home/julia/workspace/install/include/gz/plugin2/ignition/plugin/Export.hh
[0.355s] -- Up-to-date: /home/julia/workspace/install/include/gz/plugin2/ignition/plugin/EnablePluginFromThis.hh
[0.355s] -- Up-to-date: /home/julia/workspace/install/include/gz/plugin2/ignition/plugin/Factory.hh
[0.355s] -- Up-to-date: /home/julia/workspace/install/include/gz/plugin2/ignition/plugin/WeakPluginPtr.hh
[0.355s] -- Up-to-date: /home/julia/workspace/install/include/gz/plugin2/ignition/plugin/SpecializedPluginPtr.hh
[0.355s] -- Up-to-date: /home/julia/workspace/install/include/gz/plugin2/ignition/plugin/config.hh
[0.355s] -- Up-to-date: /home/julia/workspace/install/include/gz/plugin2/ignition/plugin/detail
[0.355s] -- Up-to-date: /home/julia/workspace/install/include/gz/plugin2/ignition/plugin/detail/SpecializedPlugin.hh
[0.355s] -- Up-to-date: /home/julia/workspace/install/include/gz/plugin2/ignition/plugin/detail/utility.hh
[0.355s] -- Up-to-date: /home/julia/workspace/install/include/gz/plugin2/ignition/plugin/detail/PluginPtr.hh
[0.355s] -- Up-to-date: /home/julia/workspace/install/include/gz/plugin2/ignition/plugin/detail/Export.hh
[0.355s] -- Up-to-date: /home/julia/workspace/install/include/gz/plugin2/ignition/plugin/detail/Factory.hh
[0.356s] -- Up-to-date: /home/julia/workspace/install/include/gz/plugin2/ignition/plugin/detail/Plugin.hh
[0.356s] -- Up-to-date: /home/julia/workspace/install/include/gz/plugin2/ignition/plugin/Plugin.hh
[0.356s] -- Up-to-date: /home/julia/workspace/install/include/gz/plugin2/ignition/plugin/Info.hh
[0.356s] -- Up-to-date: /home/julia/workspace/install/include/gz/plugin2/gz/plugin/detail/Factory.hh
[0.356s] -- Up-to-date: /home/julia/workspace/install/include/gz/plugin2/gz/plugin/detail/Plugin.hh
[0.356s] -- Up-to-date: /home/julia/workspace/install/include/gz/plugin2/gz/plugin/detail/PluginPtr.hh
[0.356s] -- Up-to-date: /home/julia/workspace/install/include/gz/plugin2/gz/plugin/detail/SpecializedPlugin.hh
[0.356s] -- Up-to-date: /home/julia/workspace/install/include/gz/plugin2/gz/plugin/detail/utility.hh
[0.356s] -- Up-to-date: /home/julia/workspace/install/include/gz/plugin2/gz/plugin/EnablePluginFromThis.hh
[0.356s] -- Up-to-date: /home/julia/workspace/install/include/gz/plugin2/gz/plugin/Factory.hh
[0.356s] -- Up-to-date: /home/julia/workspace/install/include/gz/plugin2/gz/plugin/Info.hh
[0.356s] -- Up-to-date: /home/julia/workspace/install/include/gz/plugin2/gz/plugin/Plugin.hh
[0.356s] -- Up-to-date: /home/julia/workspace/install/include/gz/plugin2/gz/plugin/PluginPtr.hh
[0.356s] -- Up-to-date: /home/julia/workspace/install/include/gz/plugin2/gz/plugin/SpecializedPlugin.hh
[0.356s] -- Up-to-date: /home/julia/workspace/install/include/gz/plugin2/gz/plugin/SpecializedPluginPtr.hh
[0.356s] -- Up-to-date: /home/julia/workspace/install/include/gz/plugin2/gz/plugin/WeakPluginPtr.hh
[0.357s] -- Up-to-date: /home/julia/workspace/install/include/gz/plugin2/gz/plugin/utility.hh
[0.357s] -- Up-to-date: /home/julia/workspace/install/include/gz/plugin2/gz/plugin/../plugin.hh
[0.357s] -- Up-to-date: /home/julia/workspace/install/include/gz/plugin2/gz/plugin/config.hh
[0.357s] -- Up-to-date: /home/julia/workspace/install/include/gz/plugin2/gz/plugin/loader/detail/Export.hh
[0.357s] -- Up-to-date: /home/julia/workspace/install/include/gz/plugin2/gz/plugin/loader/Export.hh
[0.357s] -- Up-to-date: /home/julia/workspace/install/lib/libgz-plugin2-loader.so.2.0.1
[0.357s] -- Up-to-date: /home/julia/workspace/install/lib/libgz-plugin2-loader.so.2
[0.357s] -- Up-to-date: /home/julia/workspace/install/lib/libgz-plugin2-loader.so
[0.357s] -- Up-to-date: /home/julia/workspace/install/lib/cmake/gz-plugin2-loader/gz-plugin2-loader-config.cmake
[0.357s] -- Up-to-date: /home/julia/workspace/install/lib/cmake/gz-plugin2-loader/gz-plugin2-loader-config-version.cmake
[0.357s] -- Up-to-date: /home/julia/workspace/install/lib/cmake/gz-plugin2-loader/gz-plugin2-loader-targets.cmake
[0.358s] -- Up-to-date: /home/julia/workspace/install/lib/cmake/gz-plugin2-loader/gz-plugin2-loader-targets-relwithdebinfo.cmake
[0.358s] -- Up-to-date: /home/julia/workspace/install/lib/pkgconfig/gz-plugin2-loader.pc
[0.358s] -- Up-to-date: /home/julia/workspace/install/include/gz/plugin2
[0.358s] -- Up-to-date: /home/julia/workspace/install/include/gz/plugin2/ignition
[0.359s] -- Up-to-date: /home/julia/workspace/install/include/gz/plugin2/ignition/plugin
[0.359s] -- Up-to-date: /home/julia/workspace/install/include/gz/plugin2/ignition/plugin/loader
[0.359s] -- Up-to-date: /home/julia/workspace/install/include/gz/plugin2/ignition/plugin/loader/Export.hh
[0.359s] -- Up-to-date: /home/julia/workspace/install/include/gz/plugin2/ignition/plugin/loader/detail
[0.359s] -- Up-to-date: /home/julia/workspace/install/include/gz/plugin2/ignition/plugin/loader/detail/Export.hh
[0.359s] -- Up-to-date: /home/julia/workspace/install/include/gz/plugin2/ignition/plugin/Loader.hh
[0.360s] -- Up-to-date: /home/julia/workspace/install/include/gz/plugin2/ignition/plugin/detail
[0.360s] -- Up-to-date: /home/julia/workspace/install/include/gz/plugin2/ignition/plugin/detail/Loader.hh
[0.360s] -- Up-to-date: /home/julia/workspace/install/include/gz/plugin2/gz
[0.360s] -- Up-to-date: /home/julia/workspace/install/include/gz/plugin2/gz/plugin
[0.360s] -- Up-to-date: /home/julia/workspace/install/include/gz/plugin2/gz/plugin/Loader.hh
[0.360s] -- Up-to-date: /home/julia/workspace/install/include/gz/plugin2/gz/plugin/detail
[0.361s] -- Up-to-date: /home/julia/workspace/install/include/gz/plugin2/gz/plugin/detail/StaticRegistry.hh
[0.361s] -- Up-to-date: /home/julia/workspace/install/include/gz/plugin2/gz/plugin/detail/Loader.hh
[0.361s] -- Up-to-date: /home/julia/workspace/install/include/gz/plugin2/gz/plugin/detail/Registry.hh
[0.361s] -- Up-to-date: /home/julia/workspace/install/share/gz/plugin2.yaml
[0.361s] -- Up-to-date: /home/julia/workspace/install/share/gz/gz2.completion.d/plugin2.bash_completion.sh
[0.362s] -- Up-to-date: /home/julia/workspace/install/libexec/gz/plugin2/gz-plugin
[0.363s] -- Up-to-date: /home/julia/workspace/install/lib/ruby/gz/cmdplugin2.rb
[0.364s] -- Up-to-date: /home/julia/workspace/install/lib/cmake/gz-plugin2-register/gz-plugin2-register-config.cmake
[0.364s] -- Up-to-date: /home/julia/workspace/install/lib/cmake/gz-plugin2-register/gz-plugin2-register-config-version.cmake
[0.370s] -- Up-to-date: /home/julia/workspace/install/lib/cmake/gz-plugin2-register/gz-plugin2-register-targets.cmake
[0.371s] -- Up-to-date: /home/julia/workspace/install/lib/pkgconfig/gz-plugin2-register.pc
[0.371s] -- Up-to-date: /home/julia/workspace/install/include/gz/plugin2
[0.371s] -- Up-to-date: /home/julia/workspace/install/include/gz/plugin2/ignition
[0.372s] -- Up-to-date: /home/julia/workspace/install/include/gz/plugin2/ignition/plugin
[0.372s] -- Up-to-date: /home/julia/workspace/install/include/gz/plugin2/ignition/plugin/RegisterMore.hh
[0.372s] -- Up-to-date: /home/julia/workspace/install/include/gz/plugin2/ignition/plugin/Register.hh
[0.373s] -- Up-to-date: /home/julia/workspace/install/include/gz/plugin2/ignition/plugin/RegisterStatic.hh
[0.373s] -- Up-to-date: /home/julia/workspace/install/include/gz/plugin2/ignition/plugin/detail
[0.373s] -- Up-to-date: /home/julia/workspace/install/include/gz/plugin2/ignition/plugin/detail/Register.hh
[0.373s] -- Up-to-date: /home/julia/workspace/install/include/gz/plugin2/ignition/plugin/detail/RegisterStatic.hh
[0.374s] -- Up-to-date: /home/julia/workspace/install/include/gz/plugin2/gz
[0.374s] -- Up-to-date: /home/julia/workspace/install/include/gz/plugin2/gz/plugin
[0.374s] -- Up-to-date: /home/julia/workspace/install/include/gz/plugin2/gz/plugin/RegisterMore.hh
[0.374s] -- Up-to-date: /home/julia/workspace/install/include/gz/plugin2/gz/plugin/Register.hh
[0.374s] -- Up-to-date: /home/julia/workspace/install/include/gz/plugin2/gz/plugin/RegisterStatic.hh
[0.374s] -- Up-to-date: /home/julia/workspace/install/include/gz/plugin2/gz/plugin/detail
[0.374s] -- Up-to-date: /home/julia/workspace/install/include/gz/plugin2/gz/plugin/detail/Common.hh
[0.374s] -- Up-to-date: /home/julia/workspace/install/include/gz/plugin2/gz/plugin/detail/Register.hh
[0.375s] -- Up-to-date: /home/julia/workspace/install/include/gz/plugin2/gz/plugin/detail/RegisterStatic.hh
[0.384s] Invoked command in '/home/julia/workspace/build/gz-plugin2' returned '0': /usr/bin/cmake --install /home/julia/workspace/build/gz-plugin2
