[  8%] Built target rbmath_swig_compilation
[ 38%] Built target gz-math7
[ 90%] Built target math7
[100%] Built target rbmath
-- Install configuration: "RelWithDebInfo"
-- Up-to-date: /home/julia/workspace/install/lib/cmake/gz-math7-all/gz-math7-all-config.cmake
-- Up-to-date: /home/julia/workspace/install/lib/cmake/gz-math7-all/gz-math7-all-config-version.cmake
-- Up-to-date: /home/julia/workspace/install/lib/cmake/gz-math7-all/gz-math7-all-targets.cmake
-- Up-to-date: /home/julia/workspace/install/include/gz/math7/gz/math/detail/Export.hh
-- Up-to-date: /home/julia/workspace/install/include/gz/math7/gz/math/Export.hh
-- Up-to-date: /home/julia/workspace/install/lib/libgz-math7.so.7.1.0
-- Up-to-date: /home/julia/workspace/install/lib/libgz-math7.so.7
-- Up-to-date: /home/julia/workspace/install/lib/libgz-math7.so
-- Up-to-date: /home/julia/workspace/install/lib/cmake/gz-math7/gz-math7-config.cmake
-- Up-to-date: /home/julia/workspace/install/lib/cmake/gz-math7/gz-math7-config-version.cmake
-- Up-to-date: /home/julia/workspace/install/lib/cmake/gz-math7/gz-math7-targets.cmake
-- Up-to-date: /home/julia/workspace/install/lib/cmake/gz-math7/gz-math7-targets-relwithdebinfo.cmake
-- Up-to-date: /home/julia/workspace/install/lib/pkgconfig/gz-math7.pc
-- Up-to-date: /home/julia/workspace/install/lib/python/gz/math7.cpython-38-x86_64-linux-gnu.so
-- Up-to-date: /home/julia/workspace/install/lib/ruby/gz/math.so
-- Up-to-date: /home/julia/workspace/install/include/gz/math7/ignition
-- Up-to-date: /home/julia/workspace/install/include/gz/math7/ignition/math
-- Up-to-date: /home/julia/workspace/install/include/gz/math7/ignition/math/Color.hh
-- Up-to-date: /home/julia/workspace/install/include/gz/math7/ignition/math/VolumetricGridLookupField.hh
-- Up-to-date: /home/julia/workspace/install/include/gz/math7/ignition/math/Stopwatch.hh
-- Up-to-date: /home/julia/workspace/install/include/gz/math7/ignition/math/SpeedLimiter.hh
-- Up-to-date: /home/julia/workspace/install/include/gz/math7/ignition/math/Vector2.hh
-- Up-to-date: /home/julia/workspace/install/include/gz/math7/ignition/math/Spline.hh
-- Up-to-date: /home/julia/workspace/install/include/gz/math7/ignition/math/Plane.hh
-- Up-to-date: /home/julia/workspace/install/include/gz/math7/ignition/math/RotationSpline.hh
-- Up-to-date: /home/julia/workspace/install/include/gz/math7/ignition/math/Vector3.hh
-- Up-to-date: /home/julia/workspace/install/include/gz/math7/ignition/math/graph
-- Up-to-date: /home/julia/workspace/install/include/gz/math7/ignition/math/graph/Edge.hh
-- Up-to-date: /home/julia/workspace/install/include/gz/math7/ignition/math/graph/GraphAlgorithms.hh
-- Up-to-date: /home/julia/workspace/install/include/gz/math7/ignition/math/graph/Vertex.hh
-- Up-to-date: /home/julia/workspace/install/include/gz/math7/ignition/math/graph/Graph.hh
-- Up-to-date: /home/julia/workspace/install/include/gz/math7/ignition/math/Temperature.hh
-- Up-to-date: /home/julia/workspace/install/include/gz/math7/ignition/math/Ellipsoid.hh
-- Up-to-date: /home/julia/workspace/install/include/gz/math7/ignition/math/OrientedBox.hh
-- Up-to-date: /home/julia/workspace/install/include/gz/math7/ignition/math/PID.hh
-- Up-to-date: /home/julia/workspace/install/include/gz/math7/ignition/math/Interval.hh
-- Up-to-date: /home/julia/workspace/install/include/gz/math7/ignition/math/Kmeans.hh
-- Up-to-date: /home/julia/workspace/install/include/gz/math7/ignition/math/Region3.hh
-- Up-to-date: /home/julia/workspace/install/include/gz/math7/ignition/math/Vector4.hh
-- Up-to-date: /home/julia/workspace/install/include/gz/math7/ignition/math/Helpers.hh
-- Up-to-date: /home/julia/workspace/install/include/gz/math7/ignition/math/MaterialType.hh
-- Up-to-date: /home/julia/workspace/install/include/gz/math7/ignition/math/Angle.hh
-- Up-to-date: /home/julia/workspace/install/include/gz/math7/ignition/math/Matrix6.hh
-- Up-to-date: /home/julia/workspace/install/include/gz/math7/ignition/math/DiffDriveOdometry.hh
-- Up-to-date: /home/julia/workspace/install/include/gz/math7/ignition/math/Inertial.hh
-- Up-to-date: /home/julia/workspace/install/include/gz/math7/ignition/math/Cylinder.hh
-- Up-to-date: /home/julia/workspace/install/include/gz/math7/ignition/math/Matrix3.hh
-- Up-to-date: /home/julia/workspace/install/include/gz/math7/ignition/math/RollingMean.hh
-- Up-to-date: /home/julia/workspace/install/include/gz/math7/ignition/math/Export.hh
-- Up-to-date: /home/julia/workspace/install/include/gz/math7/ignition/math/Sphere.hh
-- Up-to-date: /home/julia/workspace/install/include/gz/math7/ignition/math/Box.hh
-- Up-to-date: /home/julia/workspace/install/include/gz/math7/ignition/math/Matrix4.hh
-- Up-to-date: /home/julia/workspace/install/include/gz/math7/ignition/math/Line3.hh
-- Up-to-date: /home/julia/workspace/install/include/gz/math7/ignition/math/Material.hh
-- Up-to-date: /home/julia/workspace/install/include/gz/math7/ignition/math/MovingWindowFilter.hh
-- Up-to-date: /home/julia/workspace/install/include/gz/math7/ignition/math/Capsule.hh
-- Up-to-date: /home/julia/workspace/install/include/gz/math7/ignition/math/SignalStats.hh
-- Up-to-date: /home/julia/workspace/install/include/gz/math7/ignition/math/Line2.hh
-- Up-to-date: /home/julia/workspace/install/include/gz/math7/ignition/math/SemanticVersion.hh
-- Up-to-date: /home/julia/workspace/install/include/gz/math7/ignition/math/Pose3.hh
-- Up-to-date: /home/julia/workspace/install/include/gz/math7/ignition/math/MassMatrix3.hh
-- Up-to-date: /home/julia/workspace/install/include/gz/math7/ignition/math/AxisAlignedBox.hh
-- Up-to-date: /home/julia/workspace/install/include/gz/math7/ignition/math/Triangle.hh
-- Up-to-date: /home/julia/workspace/install/include/gz/math7/ignition/math/AdditivelySeparableScalarField3.hh
-- Up-to-date: /home/julia/workspace/install/include/gz/math7/ignition/math/Polynomial3.hh
-- Up-to-date: /home/julia/workspace/install/include/gz/math7/ignition/math/config.hh
-- Up-to-date: /home/julia/workspace/install/include/gz/math7/ignition/math/Frustum.hh
-- Up-to-date: /home/julia/workspace/install/include/gz/math7/ignition/math/Triangle3.hh
-- Up-to-date: /home/julia/workspace/install/include/gz/math7/ignition/math/PiecewiseScalarField3.hh
-- Up-to-date: /home/julia/workspace/install/include/gz/math7/ignition/math/Vector3Stats.hh
-- Up-to-date: /home/julia/workspace/install/include/gz/math7/ignition/math/Quaternion.hh
-- Up-to-date: /home/julia/workspace/install/include/gz/math7/ignition/math/Filter.hh
-- Up-to-date: /home/julia/workspace/install/include/gz/math7/ignition/math/detail
-- Up-to-date: /home/julia/workspace/install/include/gz/math7/ignition/math/detail/Ellipsoid.hh
-- Up-to-date: /home/julia/workspace/install/include/gz/math7/ignition/math/detail/AxisIndex.hh
-- Up-to-date: /home/julia/workspace/install/include/gz/math7/ignition/math/detail/WellOrderedVector.hh
-- Up-to-date: /home/julia/workspace/install/include/gz/math7/ignition/math/detail/Cylinder.hh
-- Up-to-date: /home/julia/workspace/install/include/gz/math7/ignition/math/detail/Export.hh
-- Up-to-date: /home/julia/workspace/install/include/gz/math7/ignition/math/detail/Sphere.hh
-- Up-to-date: /home/julia/workspace/install/include/gz/math7/ignition/math/detail/Box.hh
-- Up-to-date: /home/julia/workspace/install/include/gz/math7/ignition/math/detail/Capsule.hh
-- Up-to-date: /home/julia/workspace/install/include/gz/math7/ignition/math/detail/InterpolationPoint.hh
-- Up-to-date: /home/julia/workspace/install/include/gz/math7/ignition/math/SphericalCoordinates.hh
-- Up-to-date: /home/julia/workspace/install/include/gz/math7/ignition/math/Rand.hh
-- Up-to-date: /home/julia/workspace/install/include/gz/math7/ignition/math/GaussMarkovProcess.hh
-- Up-to-date: /home/julia/workspace/install/include/gz/math7/ignition/math.hh
-- Up-to-date: /home/julia/workspace/install/include/gz/math7/gz/math/graph/Edge.hh
-- Up-to-date: /home/julia/workspace/install/include/gz/math7/gz/math/graph/Graph.hh
-- Up-to-date: /home/julia/workspace/install/include/gz/math7/gz/math/graph/GraphAlgorithms.hh
-- Up-to-date: /home/julia/workspace/install/include/gz/math7/gz/math/graph/Vertex.hh
-- Up-to-date: /home/julia/workspace/install/include/gz/math7/gz/math/AdditivelySeparableScalarField3.hh
-- Up-to-date: /home/julia/workspace/install/include/gz/math7/gz/math/Angle.hh
-- Up-to-date: /home/julia/workspace/install/include/gz/math7/gz/math/AxisAlignedBox.hh
-- Up-to-date: /home/julia/workspace/install/include/gz/math7/gz/math/Box.hh
-- Up-to-date: /home/julia/workspace/install/include/gz/math7/gz/math/Capsule.hh
-- Up-to-date: /home/julia/workspace/install/include/gz/math7/gz/math/Color.hh
-- Up-to-date: /home/julia/workspace/install/include/gz/math7/gz/math/Cylinder.hh
-- Up-to-date: /home/julia/workspace/install/include/gz/math7/gz/math/DiffDriveOdometry.hh
-- Up-to-date: /home/julia/workspace/install/include/gz/math7/gz/math/Ellipsoid.hh
-- Up-to-date: /home/julia/workspace/install/include/gz/math7/gz/math/Filter.hh
-- Up-to-date: /home/julia/workspace/install/include/gz/math7/gz/math/Frustum.hh
-- Up-to-date: /home/julia/workspace/install/include/gz/math7/gz/math/GaussMarkovProcess.hh
-- Up-to-date: /home/julia/workspace/install/include/gz/math7/gz/math/Helpers.hh
-- Up-to-date: /home/julia/workspace/install/include/gz/math7/gz/math/Inertial.hh
-- Up-to-date: /home/julia/workspace/install/include/gz/math7/gz/math/Interval.hh
-- Up-to-date: /home/julia/workspace/install/include/gz/math7/gz/math/Kmeans.hh
-- Up-to-date: /home/julia/workspace/install/include/gz/math7/gz/math/Line2.hh
-- Up-to-date: /home/julia/workspace/install/include/gz/math7/gz/math/Line3.hh
-- Up-to-date: /home/julia/workspace/install/include/gz/math7/gz/math/MassMatrix3.hh
-- Up-to-date: /home/julia/workspace/install/include/gz/math7/gz/math/Material.hh
-- Up-to-date: /home/julia/workspace/install/include/gz/math7/gz/math/MaterialType.hh
-- Up-to-date: /home/julia/workspace/install/include/gz/math7/gz/math/Matrix3.hh
-- Up-to-date: /home/julia/workspace/install/include/gz/math7/gz/math/Matrix4.hh
-- Up-to-date: /home/julia/workspace/install/include/gz/math7/gz/math/Matrix6.hh
-- Up-to-date: /home/julia/workspace/install/include/gz/math7/gz/math/MovingWindowFilter.hh
-- Up-to-date: /home/julia/workspace/install/include/gz/math7/gz/math/OrientedBox.hh
-- Up-to-date: /home/julia/workspace/install/include/gz/math7/gz/math/PID.hh
-- Up-to-date: /home/julia/workspace/install/include/gz/math7/gz/math/PiecewiseScalarField3.hh
-- Up-to-date: /home/julia/workspace/install/include/gz/math7/gz/math/Plane.hh
-- Up-to-date: /home/julia/workspace/install/include/gz/math7/gz/math/Polynomial3.hh
-- Up-to-date: /home/julia/workspace/install/include/gz/math7/gz/math/Pose3.hh
-- Up-to-date: /home/julia/workspace/install/include/gz/math7/gz/math/Quaternion.hh
-- Up-to-date: /home/julia/workspace/install/include/gz/math7/gz/math/Rand.hh
-- Up-to-date: /home/julia/workspace/install/include/gz/math7/gz/math/Region3.hh
-- Up-to-date: /home/julia/workspace/install/include/gz/math7/gz/math/RollingMean.hh
-- Up-to-date: /home/julia/workspace/install/include/gz/math7/gz/math/RotationSpline.hh
-- Up-to-date: /home/julia/workspace/install/include/gz/math7/gz/math/SemanticVersion.hh
-- Up-to-date: /home/julia/workspace/install/include/gz/math7/gz/math/SignalStats.hh
-- Up-to-date: /home/julia/workspace/install/include/gz/math7/gz/math/SpeedLimiter.hh
-- Up-to-date: /home/julia/workspace/install/include/gz/math7/gz/math/Sphere.hh
-- Up-to-date: /home/julia/workspace/install/include/gz/math7/gz/math/SphericalCoordinates.hh
-- Up-to-date: /home/julia/workspace/install/include/gz/math7/gz/math/Spline.hh
-- Up-to-date: /home/julia/workspace/install/include/gz/math7/gz/math/Stopwatch.hh
-- Up-to-date: /home/julia/workspace/install/include/gz/math7/gz/math/Temperature.hh
-- Up-to-date: /home/julia/workspace/install/include/gz/math7/gz/math/TimeVaryingVolumetricGrid.hh
-- Up-to-date: /home/julia/workspace/install/include/gz/math7/gz/math/TimeVaryingVolumetricGridLookupField.hh
-- Up-to-date: /home/julia/workspace/install/include/gz/math7/gz/math/Triangle.hh
-- Up-to-date: /home/julia/workspace/install/include/gz/math7/gz/math/Triangle3.hh
-- Up-to-date: /home/julia/workspace/install/include/gz/math7/gz/math/Vector2.hh
-- Up-to-date: /home/julia/workspace/install/include/gz/math7/gz/math/Vector3.hh
-- Up-to-date: /home/julia/workspace/install/include/gz/math7/gz/math/Vector3Stats.hh
-- Up-to-date: /home/julia/workspace/install/include/gz/math7/gz/math/Vector4.hh
-- Up-to-date: /home/julia/workspace/install/include/gz/math7/gz/math/VolumetricGridLookupField.hh
-- Up-to-date: /home/julia/workspace/install/include/gz/math7/gz/math/../math.hh
-- Up-to-date: /home/julia/workspace/install/include/gz/math7/gz/math/config.hh
-- Up-to-date: /home/julia/workspace/install/include/gz/math7/gz/math/detail
-- Up-to-date: /home/julia/workspace/install/include/gz/math7/gz/math/detail/Ellipsoid.hh
-- Up-to-date: /home/julia/workspace/install/include/gz/math7/gz/math/detail/AxisIndex.hh
-- Up-to-date: /home/julia/workspace/install/include/gz/math7/gz/math/detail/WellOrderedVector.hh
-- Up-to-date: /home/julia/workspace/install/include/gz/math7/gz/math/detail/Cylinder.hh
-- Up-to-date: /home/julia/workspace/install/include/gz/math7/gz/math/detail/Sphere.hh
-- Up-to-date: /home/julia/workspace/install/include/gz/math7/gz/math/detail/Box.hh
-- Up-to-date: /home/julia/workspace/install/include/gz/math7/gz/math/detail/Capsule.hh
-- Up-to-date: /home/julia/workspace/install/include/gz/math7/gz/math/detail/InterpolationPoint.hh
-- Up-to-date: /home/julia/workspace/install/lib/cmake/gz-math7-eigen3/gz-math7-eigen3-config.cmake
-- Up-to-date: /home/julia/workspace/install/lib/cmake/gz-math7-eigen3/gz-math7-eigen3-config-version.cmake
-- Up-to-date: /home/julia/workspace/install/lib/cmake/gz-math7-eigen3/gz-math7-eigen3-targets.cmake
-- Up-to-date: /home/julia/workspace/install/lib/pkgconfig/gz-math7-eigen3.pc
-- Up-to-date: /home/julia/workspace/install/include/gz/math7/ignition
-- Up-to-date: /home/julia/workspace/install/include/gz/math7/ignition/math
-- Up-to-date: /home/julia/workspace/install/include/gz/math7/ignition/math/eigen3
-- Up-to-date: /home/julia/workspace/install/include/gz/math7/ignition/math/eigen3/Util.hh
-- Up-to-date: /home/julia/workspace/install/include/gz/math7/ignition/math/eigen3/Conversions.hh
-- Up-to-date: /home/julia/workspace/install/include/gz/math7/ignition/math/eigen3.hh
-- Up-to-date: /home/julia/workspace/install/include/gz/math7/gz/math/eigen3/Conversions.hh
-- Up-to-date: /home/julia/workspace/install/include/gz/math7/gz/math/eigen3/Util.hh
-- Up-to-date: /home/julia/workspace/install/include/gz/math7/gz/math/eigen3/../eigen3.hh
