[0.016s] Invoking command in '/home/julia/workspace/build/gz-math7': /usr/bin/cmake --build /home/julia/workspace/build/gz-math7 -- -j3 -l3
[0.090s] [  8%] Built target rbmath_swig_compilation
[0.093s] [ 38%] Built target gz-math7
[0.126s] [ 90%] Built target math7
[0.127s] [100%] Built target rbmath
[0.137s] Invoked command in '/home/julia/workspace/build/gz-math7' returned '0': /usr/bin/cmake --build /home/julia/workspace/build/gz-math7 -- -j3 -l3
[0.171s] Invoking command in '/home/julia/workspace/build/gz-math7': /usr/bin/cmake --install /home/julia/workspace/build/gz-math7
[0.180s] -- Install configuration: "RelWithDebInfo"
[0.180s] -- Up-to-date: /home/julia/workspace/install/lib/cmake/gz-math7-all/gz-math7-all-config.cmake
[0.180s] -- Up-to-date: /home/julia/workspace/install/lib/cmake/gz-math7-all/gz-math7-all-config-version.cmake
[0.183s] -- Up-to-date: /home/julia/workspace/install/lib/cmake/gz-math7-all/gz-math7-all-targets.cmake
[0.188s] -- Up-to-date: /home/julia/workspace/install/include/gz/math7/gz/math/detail/Export.hh
[0.188s] -- Up-to-date: /home/julia/workspace/install/include/gz/math7/gz/math/Export.hh
[0.189s] -- Up-to-date: /home/julia/workspace/install/lib/libgz-math7.so.7.1.0
[0.189s] -- Up-to-date: /home/julia/workspace/install/lib/libgz-math7.so.7
[0.190s] -- Up-to-date: /home/julia/workspace/install/lib/libgz-math7.so
[0.190s] -- Up-to-date: /home/julia/workspace/install/lib/cmake/gz-math7/gz-math7-config.cmake
[0.190s] -- Up-to-date: /home/julia/workspace/install/lib/cmake/gz-math7/gz-math7-config-version.cmake
[0.192s] -- Up-to-date: /home/julia/workspace/install/lib/cmake/gz-math7/gz-math7-targets.cmake
[0.192s] -- Up-to-date: /home/julia/workspace/install/lib/cmake/gz-math7/gz-math7-targets-relwithdebinfo.cmake
[0.192s] -- Up-to-date: /home/julia/workspace/install/lib/pkgconfig/gz-math7.pc
[0.195s] -- Up-to-date: /home/julia/workspace/install/lib/python/gz/math7.cpython-38-x86_64-linux-gnu.so
[0.197s] -- Up-to-date: /home/julia/workspace/install/lib/ruby/gz/math.so
[0.198s] -- Up-to-date: /home/julia/workspace/install/include/gz/math7/ignition
[0.198s] -- Up-to-date: /home/julia/workspace/install/include/gz/math7/ignition/math
[0.198s] -- Up-to-date: /home/julia/workspace/install/include/gz/math7/ignition/math/Color.hh
[0.198s] -- Up-to-date: /home/julia/workspace/install/include/gz/math7/ignition/math/VolumetricGridLookupField.hh
[0.198s] -- Up-to-date: /home/julia/workspace/install/include/gz/math7/ignition/math/Stopwatch.hh
[0.199s] -- Up-to-date: /home/julia/workspace/install/include/gz/math7/ignition/math/SpeedLimiter.hh
[0.199s] -- Up-to-date: /home/julia/workspace/install/include/gz/math7/ignition/math/Vector2.hh
[0.199s] -- Up-to-date: /home/julia/workspace/install/include/gz/math7/ignition/math/Spline.hh
[0.199s] -- Up-to-date: /home/julia/workspace/install/include/gz/math7/ignition/math/Plane.hh
[0.199s] -- Up-to-date: /home/julia/workspace/install/include/gz/math7/ignition/math/RotationSpline.hh
[0.200s] -- Up-to-date: /home/julia/workspace/install/include/gz/math7/ignition/math/Vector3.hh
[0.200s] -- Up-to-date: /home/julia/workspace/install/include/gz/math7/ignition/math/graph
[0.200s] -- Up-to-date: /home/julia/workspace/install/include/gz/math7/ignition/math/graph/Edge.hh
[0.200s] -- Up-to-date: /home/julia/workspace/install/include/gz/math7/ignition/math/graph/GraphAlgorithms.hh
[0.200s] -- Up-to-date: /home/julia/workspace/install/include/gz/math7/ignition/math/graph/Vertex.hh
[0.200s] -- Up-to-date: /home/julia/workspace/install/include/gz/math7/ignition/math/graph/Graph.hh
[0.200s] -- Up-to-date: /home/julia/workspace/install/include/gz/math7/ignition/math/Temperature.hh
[0.200s] -- Up-to-date: /home/julia/workspace/install/include/gz/math7/ignition/math/Ellipsoid.hh
[0.201s] -- Up-to-date: /home/julia/workspace/install/include/gz/math7/ignition/math/OrientedBox.hh
[0.201s] -- Up-to-date: /home/julia/workspace/install/include/gz/math7/ignition/math/PID.hh
[0.201s] -- Up-to-date: /home/julia/workspace/install/include/gz/math7/ignition/math/Interval.hh
[0.201s] -- Up-to-date: /home/julia/workspace/install/include/gz/math7/ignition/math/Kmeans.hh
[0.201s] -- Up-to-date: /home/julia/workspace/install/include/gz/math7/ignition/math/Region3.hh
[0.201s] -- Up-to-date: /home/julia/workspace/install/include/gz/math7/ignition/math/Vector4.hh
[0.201s] -- Up-to-date: /home/julia/workspace/install/include/gz/math7/ignition/math/Helpers.hh
[0.201s] -- Up-to-date: /home/julia/workspace/install/include/gz/math7/ignition/math/MaterialType.hh
[0.201s] -- Up-to-date: /home/julia/workspace/install/include/gz/math7/ignition/math/Angle.hh
[0.201s] -- Up-to-date: /home/julia/workspace/install/include/gz/math7/ignition/math/Matrix6.hh
[0.201s] -- Up-to-date: /home/julia/workspace/install/include/gz/math7/ignition/math/DiffDriveOdometry.hh
[0.201s] -- Up-to-date: /home/julia/workspace/install/include/gz/math7/ignition/math/Inertial.hh
[0.201s] -- Up-to-date: /home/julia/workspace/install/include/gz/math7/ignition/math/Cylinder.hh
[0.201s] -- Up-to-date: /home/julia/workspace/install/include/gz/math7/ignition/math/Matrix3.hh
[0.201s] -- Up-to-date: /home/julia/workspace/install/include/gz/math7/ignition/math/RollingMean.hh
[0.201s] -- Up-to-date: /home/julia/workspace/install/include/gz/math7/ignition/math/Export.hh
[0.201s] -- Up-to-date: /home/julia/workspace/install/include/gz/math7/ignition/math/Sphere.hh
[0.202s] -- Up-to-date: /home/julia/workspace/install/include/gz/math7/ignition/math/Box.hh
[0.202s] -- Up-to-date: /home/julia/workspace/install/include/gz/math7/ignition/math/Matrix4.hh
[0.202s] -- Up-to-date: /home/julia/workspace/install/include/gz/math7/ignition/math/Line3.hh
[0.202s] -- Up-to-date: /home/julia/workspace/install/include/gz/math7/ignition/math/Material.hh
[0.202s] -- Up-to-date: /home/julia/workspace/install/include/gz/math7/ignition/math/MovingWindowFilter.hh
[0.202s] -- Up-to-date: /home/julia/workspace/install/include/gz/math7/ignition/math/Capsule.hh
[0.203s] -- Up-to-date: /home/julia/workspace/install/include/gz/math7/ignition/math/SignalStats.hh
[0.203s] -- Up-to-date: /home/julia/workspace/install/include/gz/math7/ignition/math/Line2.hh
[0.203s] -- Up-to-date: /home/julia/workspace/install/include/gz/math7/ignition/math/SemanticVersion.hh
[0.203s] -- Up-to-date: /home/julia/workspace/install/include/gz/math7/ignition/math/Pose3.hh
[0.203s] -- Up-to-date: /home/julia/workspace/install/include/gz/math7/ignition/math/MassMatrix3.hh
[0.203s] -- Up-to-date: /home/julia/workspace/install/include/gz/math7/ignition/math/AxisAlignedBox.hh
[0.203s] -- Up-to-date: /home/julia/workspace/install/include/gz/math7/ignition/math/Triangle.hh
[0.204s] -- Up-to-date: /home/julia/workspace/install/include/gz/math7/ignition/math/AdditivelySeparableScalarField3.hh
[0.204s] -- Up-to-date: /home/julia/workspace/install/include/gz/math7/ignition/math/Polynomial3.hh
[0.204s] -- Up-to-date: /home/julia/workspace/install/include/gz/math7/ignition/math/config.hh
[0.204s] -- Up-to-date: /home/julia/workspace/install/include/gz/math7/ignition/math/Frustum.hh
[0.204s] -- Up-to-date: /home/julia/workspace/install/include/gz/math7/ignition/math/Triangle3.hh
[0.204s] -- Up-to-date: /home/julia/workspace/install/include/gz/math7/ignition/math/PiecewiseScalarField3.hh
[0.204s] -- Up-to-date: /home/julia/workspace/install/include/gz/math7/ignition/math/Vector3Stats.hh
[0.205s] -- Up-to-date: /home/julia/workspace/install/include/gz/math7/ignition/math/Quaternion.hh
[0.205s] -- Up-to-date: /home/julia/workspace/install/include/gz/math7/ignition/math/Filter.hh
[0.205s] -- Up-to-date: /home/julia/workspace/install/include/gz/math7/ignition/math/detail
[0.205s] -- Up-to-date: /home/julia/workspace/install/include/gz/math7/ignition/math/detail/Ellipsoid.hh
[0.205s] -- Up-to-date: /home/julia/workspace/install/include/gz/math7/ignition/math/detail/AxisIndex.hh
[0.205s] -- Up-to-date: /home/julia/workspace/install/include/gz/math7/ignition/math/detail/WellOrderedVector.hh
[0.205s] -- Up-to-date: /home/julia/workspace/install/include/gz/math7/ignition/math/detail/Cylinder.hh
[0.205s] -- Up-to-date: /home/julia/workspace/install/include/gz/math7/ignition/math/detail/Export.hh
[0.205s] -- Up-to-date: /home/julia/workspace/install/include/gz/math7/ignition/math/detail/Sphere.hh
[0.205s] -- Up-to-date: /home/julia/workspace/install/include/gz/math7/ignition/math/detail/Box.hh
[0.205s] -- Up-to-date: /home/julia/workspace/install/include/gz/math7/ignition/math/detail/Capsule.hh
[0.206s] -- Up-to-date: /home/julia/workspace/install/include/gz/math7/ignition/math/detail/InterpolationPoint.hh
[0.206s] -- Up-to-date: /home/julia/workspace/install/include/gz/math7/ignition/math/SphericalCoordinates.hh
[0.206s] -- Up-to-date: /home/julia/workspace/install/include/gz/math7/ignition/math/Rand.hh
[0.206s] -- Up-to-date: /home/julia/workspace/install/include/gz/math7/ignition/math/GaussMarkovProcess.hh
[0.206s] -- Up-to-date: /home/julia/workspace/install/include/gz/math7/ignition/math.hh
[0.206s] -- Up-to-date: /home/julia/workspace/install/include/gz/math7/gz/math/graph/Edge.hh
[0.206s] -- Up-to-date: /home/julia/workspace/install/include/gz/math7/gz/math/graph/Graph.hh
[0.206s] -- Up-to-date: /home/julia/workspace/install/include/gz/math7/gz/math/graph/GraphAlgorithms.hh
[0.206s] -- Up-to-date: /home/julia/workspace/install/include/gz/math7/gz/math/graph/Vertex.hh
[0.206s] -- Up-to-date: /home/julia/workspace/install/include/gz/math7/gz/math/AdditivelySeparableScalarField3.hh
[0.206s] -- Up-to-date: /home/julia/workspace/install/include/gz/math7/gz/math/Angle.hh
[0.206s] -- Up-to-date: /home/julia/workspace/install/include/gz/math7/gz/math/AxisAlignedBox.hh
[0.206s] -- Up-to-date: /home/julia/workspace/install/include/gz/math7/gz/math/Box.hh
[0.206s] -- Up-to-date: /home/julia/workspace/install/include/gz/math7/gz/math/Capsule.hh
[0.206s] -- Up-to-date: /home/julia/workspace/install/include/gz/math7/gz/math/Color.hh
[0.206s] -- Up-to-date: /home/julia/workspace/install/include/gz/math7/gz/math/Cylinder.hh
[0.206s] -- Up-to-date: /home/julia/workspace/install/include/gz/math7/gz/math/DiffDriveOdometry.hh
[0.206s] -- Up-to-date: /home/julia/workspace/install/include/gz/math7/gz/math/Ellipsoid.hh
[0.207s] -- Up-to-date: /home/julia/workspace/install/include/gz/math7/gz/math/Filter.hh
[0.207s] -- Up-to-date: /home/julia/workspace/install/include/gz/math7/gz/math/Frustum.hh
[0.207s] -- Up-to-date: /home/julia/workspace/install/include/gz/math7/gz/math/GaussMarkovProcess.hh
[0.207s] -- Up-to-date: /home/julia/workspace/install/include/gz/math7/gz/math/Helpers.hh
[0.207s] -- Up-to-date: /home/julia/workspace/install/include/gz/math7/gz/math/Inertial.hh
[0.207s] -- Up-to-date: /home/julia/workspace/install/include/gz/math7/gz/math/Interval.hh
[0.207s] -- Up-to-date: /home/julia/workspace/install/include/gz/math7/gz/math/Kmeans.hh
[0.207s] -- Up-to-date: /home/julia/workspace/install/include/gz/math7/gz/math/Line2.hh
[0.207s] -- Up-to-date: /home/julia/workspace/install/include/gz/math7/gz/math/Line3.hh
[0.207s] -- Up-to-date: /home/julia/workspace/install/include/gz/math7/gz/math/MassMatrix3.hh
[0.207s] -- Up-to-date: /home/julia/workspace/install/include/gz/math7/gz/math/Material.hh
[0.207s] -- Up-to-date: /home/julia/workspace/install/include/gz/math7/gz/math/MaterialType.hh
[0.208s] -- Up-to-date: /home/julia/workspace/install/include/gz/math7/gz/math/Matrix3.hh
[0.208s] -- Up-to-date: /home/julia/workspace/install/include/gz/math7/gz/math/Matrix4.hh
[0.208s] -- Up-to-date: /home/julia/workspace/install/include/gz/math7/gz/math/Matrix6.hh
[0.208s] -- Up-to-date: /home/julia/workspace/install/include/gz/math7/gz/math/MovingWindowFilter.hh
[0.208s] -- Up-to-date: /home/julia/workspace/install/include/gz/math7/gz/math/OrientedBox.hh
[0.208s] -- Up-to-date: /home/julia/workspace/install/include/gz/math7/gz/math/PID.hh
[0.208s] -- Up-to-date: /home/julia/workspace/install/include/gz/math7/gz/math/PiecewiseScalarField3.hh
[0.209s] -- Up-to-date: /home/julia/workspace/install/include/gz/math7/gz/math/Plane.hh
[0.209s] -- Up-to-date: /home/julia/workspace/install/include/gz/math7/gz/math/Polynomial3.hh
[0.209s] -- Up-to-date: /home/julia/workspace/install/include/gz/math7/gz/math/Pose3.hh
[0.209s] -- Up-to-date: /home/julia/workspace/install/include/gz/math7/gz/math/Quaternion.hh
[0.209s] -- Up-to-date: /home/julia/workspace/install/include/gz/math7/gz/math/Rand.hh
[0.209s] -- Up-to-date: /home/julia/workspace/install/include/gz/math7/gz/math/Region3.hh
[0.209s] -- Up-to-date: /home/julia/workspace/install/include/gz/math7/gz/math/RollingMean.hh
[0.209s] -- Up-to-date: /home/julia/workspace/install/include/gz/math7/gz/math/RotationSpline.hh
[0.209s] -- Up-to-date: /home/julia/workspace/install/include/gz/math7/gz/math/SemanticVersion.hh
[0.210s] -- Up-to-date: /home/julia/workspace/install/include/gz/math7/gz/math/SignalStats.hh
[0.210s] -- Up-to-date: /home/julia/workspace/install/include/gz/math7/gz/math/SpeedLimiter.hh
[0.210s] -- Up-to-date: /home/julia/workspace/install/include/gz/math7/gz/math/Sphere.hh
[0.210s] -- Up-to-date: /home/julia/workspace/install/include/gz/math7/gz/math/SphericalCoordinates.hh
[0.210s] -- Up-to-date: /home/julia/workspace/install/include/gz/math7/gz/math/Spline.hh
[0.210s] -- Up-to-date: /home/julia/workspace/install/include/gz/math7/gz/math/Stopwatch.hh
[0.210s] -- Up-to-date: /home/julia/workspace/install/include/gz/math7/gz/math/Temperature.hh
[0.210s] -- Up-to-date: /home/julia/workspace/install/include/gz/math7/gz/math/TimeVaryingVolumetricGrid.hh
[0.210s] -- Up-to-date: /home/julia/workspace/install/include/gz/math7/gz/math/TimeVaryingVolumetricGridLookupField.hh
[0.210s] -- Up-to-date: /home/julia/workspace/install/include/gz/math7/gz/math/Triangle.hh
[0.210s] -- Up-to-date: /home/julia/workspace/install/include/gz/math7/gz/math/Triangle3.hh
[0.210s] -- Up-to-date: /home/julia/workspace/install/include/gz/math7/gz/math/Vector2.hh
[0.210s] -- Up-to-date: /home/julia/workspace/install/include/gz/math7/gz/math/Vector3.hh
[0.210s] -- Up-to-date: /home/julia/workspace/install/include/gz/math7/gz/math/Vector3Stats.hh
[0.210s] -- Up-to-date: /home/julia/workspace/install/include/gz/math7/gz/math/Vector4.hh
[0.210s] -- Up-to-date: /home/julia/workspace/install/include/gz/math7/gz/math/VolumetricGridLookupField.hh
[0.210s] -- Up-to-date: /home/julia/workspace/install/include/gz/math7/gz/math/../math.hh
[0.210s] -- Up-to-date: /home/julia/workspace/install/include/gz/math7/gz/math/config.hh
[0.210s] -- Up-to-date: /home/julia/workspace/install/include/gz/math7/gz/math/detail
[0.211s] -- Up-to-date: /home/julia/workspace/install/include/gz/math7/gz/math/detail/Ellipsoid.hh
[0.211s] -- Up-to-date: /home/julia/workspace/install/include/gz/math7/gz/math/detail/AxisIndex.hh
[0.211s] -- Up-to-date: /home/julia/workspace/install/include/gz/math7/gz/math/detail/WellOrderedVector.hh
[0.211s] -- Up-to-date: /home/julia/workspace/install/include/gz/math7/gz/math/detail/Cylinder.hh
[0.211s] -- Up-to-date: /home/julia/workspace/install/include/gz/math7/gz/math/detail/Sphere.hh
[0.211s] -- Up-to-date: /home/julia/workspace/install/include/gz/math7/gz/math/detail/Box.hh
[0.211s] -- Up-to-date: /home/julia/workspace/install/include/gz/math7/gz/math/detail/Capsule.hh
[0.211s] -- Up-to-date: /home/julia/workspace/install/include/gz/math7/gz/math/detail/InterpolationPoint.hh
[0.212s] -- Up-to-date: /home/julia/workspace/install/lib/cmake/gz-math7-eigen3/gz-math7-eigen3-config.cmake
[0.212s] -- Up-to-date: /home/julia/workspace/install/lib/cmake/gz-math7-eigen3/gz-math7-eigen3-config-version.cmake
[0.212s] -- Up-to-date: /home/julia/workspace/install/lib/cmake/gz-math7-eigen3/gz-math7-eigen3-targets.cmake
[0.212s] -- Up-to-date: /home/julia/workspace/install/lib/pkgconfig/gz-math7-eigen3.pc
[0.212s] -- Up-to-date: /home/julia/workspace/install/include/gz/math7/ignition
[0.213s] -- Up-to-date: /home/julia/workspace/install/include/gz/math7/ignition/math
[0.213s] -- Up-to-date: /home/julia/workspace/install/include/gz/math7/ignition/math/eigen3
[0.213s] -- Up-to-date: /home/julia/workspace/install/include/gz/math7/ignition/math/eigen3/Util.hh
[0.213s] -- Up-to-date: /home/julia/workspace/install/include/gz/math7/ignition/math/eigen3/Conversions.hh
[0.213s] -- Up-to-date: /home/julia/workspace/install/include/gz/math7/ignition/math/eigen3.hh
[0.214s] -- Up-to-date: /home/julia/workspace/install/include/gz/math7/gz/math/eigen3/Conversions.hh
[0.214s] -- Up-to-date: /home/julia/workspace/install/include/gz/math7/gz/math/eigen3/Util.hh
[0.214s] -- Up-to-date: /home/julia/workspace/install/include/gz/math7/gz/math/eigen3/../eigen3.hh
[0.215s] Invoked command in '/home/julia/workspace/build/gz-math7' returned '0': /usr/bin/cmake --install /home/julia/workspace/build/gz-math7
