[0.047s] Invoking command in '/home/julia/workspace/build/gz-transport13': /usr/bin/cmake --build /home/julia/workspace/build/gz-transport13 -- -j3 -l3
[0.137s] [ 39%] Built target gz-transport13
[0.181s] [ 44%] Built target gz
[0.196s] [ 58%] Built target gz-transport13-parameters
[0.196s] [ 90%] Built target gz-transport13-log
[0.224s] [ 95%] Built target gz-transport-topic
[0.235s] [100%] Built target gz-transport-service
[0.302s] Invoked command in '/home/julia/workspace/build/gz-transport13' returned '0': /usr/bin/cmake --build /home/julia/workspace/build/gz-transport13 -- -j3 -l3
[0.350s] Invoking command in '/home/julia/workspace/build/gz-transport13': /usr/bin/cmake --install /home/julia/workspace/build/gz-transport13
[0.360s] -- Install configuration: "RelWithDebInfo"
[0.360s] -- Up-to-date: /home/julia/workspace/install/lib/cmake/gz-transport13-all/gz-transport13-all-config.cmake
[0.360s] -- Up-to-date: /home/julia/workspace/install/lib/cmake/gz-transport13-all/gz-transport13-all-config-version.cmake
[0.360s] -- Up-to-date: /home/julia/workspace/install/lib/cmake/gz-transport13-all/gz-transport13-all-targets.cmake
[0.365s] -- Up-to-date: /home/julia/workspace/install/include/gz/transport13/gz/transport/detail/Export.hh
[0.365s] -- Up-to-date: /home/julia/workspace/install/include/gz/transport13/gz/transport/Export.hh
[0.366s] -- Up-to-date: /home/julia/workspace/install/lib/libgz-transport13.so.13.0.0~pre1
[0.367s] -- Up-to-date: /home/julia/workspace/install/lib/libgz-transport13.so.13
[0.367s] -- Up-to-date: /home/julia/workspace/install/lib/libgz-transport13.so
[0.367s] -- Up-to-date: /home/julia/workspace/install/lib/cmake/gz-transport13/gz-transport13-config.cmake
[0.367s] -- Up-to-date: /home/julia/workspace/install/lib/cmake/gz-transport13/gz-transport13-config-version.cmake
[0.368s] -- Up-to-date: /home/julia/workspace/install/lib/cmake/gz-transport13/gz-transport13-targets.cmake
[0.368s] -- Up-to-date: /home/julia/workspace/install/lib/cmake/gz-transport13/gz-transport13-targets-relwithdebinfo.cmake
[0.369s] -- Up-to-date: /home/julia/workspace/install/lib/pkgconfig/gz-transport13.pc
[0.370s] -- Up-to-date: /home/julia/workspace/install/libexec/gz/transport13/gz-transport-topic
[0.372s] -- Up-to-date: /home/julia/workspace/install/libexec/gz/transport13/gz-transport-service
[0.372s] -- Up-to-date: /home/julia/workspace/install/lib/ruby/gz/cmdtransport13.rb
[0.372s] -- Up-to-date: /home/julia/workspace/install/share/gz/gz2.completion.d/transport13.bash_completion.sh
[0.381s] -- Up-to-date: /home/julia/workspace/install/include/gz/transport13/ignition
[0.381s] -- Up-to-date: /home/julia/workspace/install/include/gz/transport13/ignition/transport.hh
[0.381s] -- Up-to-date: /home/julia/workspace/install/include/gz/transport13/ignition/transport
[0.381s] -- Up-to-date: /home/julia/workspace/install/include/gz/transport13/ignition/transport/NetUtils.hh
[0.381s] -- Up-to-date: /home/julia/workspace/install/include/gz/transport13/ignition/transport/NodeShared.hh
[0.381s] -- Up-to-date: /home/julia/workspace/install/include/gz/transport13/ignition/transport/SubscribeOptions.hh
[0.381s] -- Up-to-date: /home/julia/workspace/install/include/gz/transport13/ignition/transport/Uuid.hh
[0.382s] -- Up-to-date: /home/julia/workspace/install/include/gz/transport13/ignition/transport/NodeOptions.hh
[0.382s] -- Up-to-date: /home/julia/workspace/install/include/gz/transport13/ignition/transport/Packet.hh
[0.382s] -- Up-to-date: /home/julia/workspace/install/include/gz/transport13/ignition/transport/ReqHandler.hh
[0.382s] -- Up-to-date: /home/julia/workspace/install/include/gz/transport13/ignition/transport/Helpers.hh
[0.382s] -- Up-to-date: /home/julia/workspace/install/include/gz/transport13/ignition/transport/TopicStatistics.hh
[0.382s] -- Up-to-date: /home/julia/workspace/install/include/gz/transport13/ignition/transport/SubscriptionHandler.hh
[0.382s] -- Up-to-date: /home/julia/workspace/install/include/gz/transport13/ignition/transport/RepHandler.hh
[0.382s] -- Up-to-date: /home/julia/workspace/install/include/gz/transport13/ignition/transport/Publisher.hh
[0.382s] -- Up-to-date: /home/julia/workspace/install/include/gz/transport13/ignition/transport/Export.hh
[0.382s] -- Up-to-date: /home/julia/workspace/install/include/gz/transport13/ignition/transport/HandlerStorage.hh
[0.382s] -- Up-to-date: /home/julia/workspace/install/include/gz/transport13/ignition/transport/CIface.h
[0.382s] -- Up-to-date: /home/julia/workspace/install/include/gz/transport13/ignition/transport/TopicStorage.hh
[0.382s] -- Up-to-date: /home/julia/workspace/install/include/gz/transport13/ignition/transport/MessageInfo.hh
[0.382s] -- Up-to-date: /home/julia/workspace/install/include/gz/transport13/ignition/transport/Clock.hh
[0.382s] -- Up-to-date: /home/julia/workspace/install/include/gz/transport13/ignition/transport/AdvertiseOptions.hh
[0.382s] -- Up-to-date: /home/julia/workspace/install/include/gz/transport13/ignition/transport/config.hh
[0.383s] -- Up-to-date: /home/julia/workspace/install/include/gz/transport13/ignition/transport/log.hh
[0.383s] -- Up-to-date: /home/julia/workspace/install/include/gz/transport13/ignition/transport/TransportTypes.hh
[0.383s] -- Up-to-date: /home/julia/workspace/install/include/gz/transport13/ignition/transport/TopicUtils.hh
[0.383s] -- Up-to-date: /home/julia/workspace/install/include/gz/transport13/ignition/transport/Node.hh
[0.383s] -- Up-to-date: /home/julia/workspace/install/include/gz/transport13/ignition/transport/detail
[0.383s] -- Up-to-date: /home/julia/workspace/install/include/gz/transport13/ignition/transport/detail/Export.hh
[0.383s] -- Up-to-date: /home/julia/workspace/install/include/gz/transport13/ignition/transport/detail/Node.hh
[0.383s] -- Up-to-date: /home/julia/workspace/install/include/gz/transport13/ignition/transport/Discovery.hh
[0.383s] -- Up-to-date: /home/julia/workspace/install/include/gz/transport13/gz/transport/AdvertiseOptions.hh
[0.383s] -- Up-to-date: /home/julia/workspace/install/include/gz/transport13/gz/transport/CIface.h
[0.383s] -- Up-to-date: /home/julia/workspace/install/include/gz/transport13/gz/transport/Clock.hh
[0.383s] -- Up-to-date: /home/julia/workspace/install/include/gz/transport13/gz/transport/Discovery.hh
[0.383s] -- Up-to-date: /home/julia/workspace/install/include/gz/transport13/gz/transport/HandlerStorage.hh
[0.383s] -- Up-to-date: /home/julia/workspace/install/include/gz/transport13/gz/transport/Helpers.hh
[0.383s] -- Up-to-date: /home/julia/workspace/install/include/gz/transport13/gz/transport/MessageInfo.hh
[0.383s] -- Up-to-date: /home/julia/workspace/install/include/gz/transport13/gz/transport/NetUtils.hh
[0.383s] -- Up-to-date: /home/julia/workspace/install/include/gz/transport13/gz/transport/Node.hh
[0.384s] -- Up-to-date: /home/julia/workspace/install/include/gz/transport13/gz/transport/NodeOptions.hh
[0.384s] -- Up-to-date: /home/julia/workspace/install/include/gz/transport13/gz/transport/NodeShared.hh
[0.384s] -- Up-to-date: /home/julia/workspace/install/include/gz/transport13/gz/transport/Publisher.hh
[0.384s] -- Up-to-date: /home/julia/workspace/install/include/gz/transport13/gz/transport/RepHandler.hh
[0.385s] -- Up-to-date: /home/julia/workspace/install/include/gz/transport13/gz/transport/ReqHandler.hh
[0.385s] -- Up-to-date: /home/julia/workspace/install/include/gz/transport13/gz/transport/SubscribeOptions.hh
[0.385s] -- Up-to-date: /home/julia/workspace/install/include/gz/transport13/gz/transport/SubscriptionHandler.hh
[0.385s] -- Up-to-date: /home/julia/workspace/install/include/gz/transport13/gz/transport/TopicStatistics.hh
[0.385s] -- Up-to-date: /home/julia/workspace/install/include/gz/transport13/gz/transport/TopicStorage.hh
[0.385s] -- Up-to-date: /home/julia/workspace/install/include/gz/transport13/gz/transport/TopicUtils.hh
[0.385s] -- Up-to-date: /home/julia/workspace/install/include/gz/transport13/gz/transport/TransportTypes.hh
[0.386s] -- Up-to-date: /home/julia/workspace/install/include/gz/transport13/gz/transport/Uuid.hh
[0.386s] -- Up-to-date: /home/julia/workspace/install/include/gz/transport13/gz/transport/../transport.hh
[0.387s] -- Up-to-date: /home/julia/workspace/install/include/gz/transport13/gz/transport/config.hh
[0.387s] -- Up-to-date: /home/julia/workspace/install/include/gz/transport13/gz/transport/detail
[0.388s] -- Up-to-date: /home/julia/workspace/install/include/gz/transport13/gz/transport/detail/Node.hh
[0.388s] -- Up-to-date: /home/julia/workspace/install/include/gz/transport13/gz/transport/log/detail/Export.hh
[0.388s] -- Up-to-date: /home/julia/workspace/install/include/gz/transport13/gz/transport/log/Export.hh
[0.388s] -- Up-to-date: /home/julia/workspace/install/lib/libgz-transport13-log.so.13.0.0~pre1
[0.388s] -- Up-to-date: /home/julia/workspace/install/lib/libgz-transport13-log.so.13
[0.388s] -- Up-to-date: /home/julia/workspace/install/lib/libgz-transport13-log.so
[0.389s] -- Up-to-date: /home/julia/workspace/install/lib/cmake/gz-transport13-log/gz-transport13-log-config.cmake
[0.389s] -- Up-to-date: /home/julia/workspace/install/lib/cmake/gz-transport13-log/gz-transport13-log-config-version.cmake
[0.389s] -- Up-to-date: /home/julia/workspace/install/lib/cmake/gz-transport13-log/gz-transport13-log-targets.cmake
[0.389s] -- Up-to-date: /home/julia/workspace/install/lib/cmake/gz-transport13-log/gz-transport13-log-targets-relwithdebinfo.cmake
[0.389s] -- Up-to-date: /home/julia/workspace/install/lib/pkgconfig/gz-transport13-log.pc
[0.389s] -- Up-to-date: /home/julia/workspace/install/share/gz/gz-transport13/sql
[0.390s] -- Up-to-date: /home/julia/workspace/install/share/gz/gz-transport13/sql/0.1.0.sql
[0.390s] -- Up-to-date: /home/julia/workspace/install/lib/ruby/gz/cmdlog13.rb
[0.390s] -- Up-to-date: /home/julia/workspace/install/share/gz/transportlog13.yaml
[0.390s] -- Up-to-date: /home/julia/workspace/install/include/gz/transport13/ignition
[0.390s] -- Up-to-date: /home/julia/workspace/install/include/gz/transport13/ignition/transport
[0.390s] -- Up-to-date: /home/julia/workspace/install/include/gz/transport13/ignition/transport/log
[0.390s] -- Up-to-date: /home/julia/workspace/install/include/gz/transport13/ignition/transport/log/QueryOptions.hh
[0.390s] -- Up-to-date: /home/julia/workspace/install/include/gz/transport13/ignition/transport/log/Recorder.hh
[0.390s] -- Up-to-date: /home/julia/workspace/install/include/gz/transport13/ignition/transport/log/MsgIter.hh
[0.391s] -- Up-to-date: /home/julia/workspace/install/include/gz/transport13/ignition/transport/log/Export.hh
[0.391s] -- Up-to-date: /home/julia/workspace/install/include/gz/transport13/ignition/transport/log/SqlStatement.hh
[0.391s] -- Up-to-date: /home/julia/workspace/install/include/gz/transport13/ignition/transport/log/Batch.hh
[0.391s] -- Up-to-date: /home/julia/workspace/install/include/gz/transport13/ignition/transport/log/QualifiedTime.hh
[0.391s] -- Up-to-date: /home/julia/workspace/install/include/gz/transport13/ignition/transport/log/Playback.hh
[0.391s] -- Up-to-date: /home/julia/workspace/install/include/gz/transport13/ignition/transport/log/detail
[0.391s] -- Up-to-date: /home/julia/workspace/install/include/gz/transport13/ignition/transport/log/detail/QueryOptions.hh
[0.392s] -- Up-to-date: /home/julia/workspace/install/include/gz/transport13/ignition/transport/log/detail/Export.hh
[0.392s] -- Up-to-date: /home/julia/workspace/install/include/gz/transport13/ignition/transport/log/Descriptor.hh
[0.392s] -- Up-to-date: /home/julia/workspace/install/include/gz/transport13/ignition/transport/log/Log.hh
[0.392s] -- Up-to-date: /home/julia/workspace/install/include/gz/transport13/ignition/transport/log/Message.hh
[0.392s] -- Up-to-date: /home/julia/workspace/install/include/gz/transport13/gz/transport/log/Batch.hh
[0.392s] -- Up-to-date: /home/julia/workspace/install/include/gz/transport13/gz/transport/log/Descriptor.hh
[0.392s] -- Up-to-date: /home/julia/workspace/install/include/gz/transport13/gz/transport/log/Log.hh
[0.392s] -- Up-to-date: /home/julia/workspace/install/include/gz/transport13/gz/transport/log/Message.hh
[0.392s] -- Up-to-date: /home/julia/workspace/install/include/gz/transport13/gz/transport/log/MsgIter.hh
[0.392s] -- Up-to-date: /home/julia/workspace/install/include/gz/transport13/gz/transport/log/Playback.hh
[0.392s] -- Up-to-date: /home/julia/workspace/install/include/gz/transport13/gz/transport/log/QualifiedTime.hh
[0.392s] -- Up-to-date: /home/julia/workspace/install/include/gz/transport13/gz/transport/log/QueryOptions.hh
[0.392s] -- Up-to-date: /home/julia/workspace/install/include/gz/transport13/gz/transport/log/Recorder.hh
[0.392s] -- Up-to-date: /home/julia/workspace/install/include/gz/transport13/gz/transport/log/SqlStatement.hh
[0.392s] -- Up-to-date: /home/julia/workspace/install/include/gz/transport13/gz/transport/log/detail/QueryOptions.hh
[0.392s] -- Up-to-date: /home/julia/workspace/install/include/gz/transport13/gz/transport/log/../log.hh
[0.392s] -- Up-to-date: /home/julia/workspace/install/include/gz/transport13/gz/transport/parameters/detail/Export.hh
[0.393s] -- Up-to-date: /home/julia/workspace/install/include/gz/transport13/gz/transport/parameters/Export.hh
[0.393s] -- Up-to-date: /home/julia/workspace/install/lib/libgz-transport13-parameters.so.13.0.0~pre1
[0.393s] -- Up-to-date: /home/julia/workspace/install/lib/libgz-transport13-parameters.so.13
[0.393s] -- Up-to-date: /home/julia/workspace/install/lib/libgz-transport13-parameters.so
[0.393s] -- Up-to-date: /home/julia/workspace/install/lib/cmake/gz-transport13-parameters/gz-transport13-parameters-config.cmake
[0.393s] -- Up-to-date: /home/julia/workspace/install/lib/cmake/gz-transport13-parameters/gz-transport13-parameters-config-version.cmake
[0.393s] -- Up-to-date: /home/julia/workspace/install/lib/cmake/gz-transport13-parameters/gz-transport13-parameters-targets.cmake
[0.393s] -- Up-to-date: /home/julia/workspace/install/lib/cmake/gz-transport13-parameters/gz-transport13-parameters-targets-relwithdebinfo.cmake
[0.393s] -- Up-to-date: /home/julia/workspace/install/lib/pkgconfig/gz-transport13-parameters.pc
[0.393s] -- Up-to-date: /home/julia/workspace/install/lib/ruby/gz/cmdparam13.rb
[0.393s] -- Up-to-date: /home/julia/workspace/install/share/gz/transportparam13.yaml
[0.393s] -- Up-to-date: /home/julia/workspace/install/include/gz/transport13/gz/transport/parameters/Client.hh
[0.393s] -- Up-to-date: /home/julia/workspace/install/include/gz/transport13/gz/transport/parameters/Interface.hh
[0.394s] -- Up-to-date: /home/julia/workspace/install/include/gz/transport13/gz/transport/parameters/Registry.hh
[0.394s] -- Up-to-date: /home/julia/workspace/install/include/gz/transport13/gz/transport/parameters/result.hh
[0.394s] -- Up-to-date: /home/julia/workspace/install/include/gz/transport13/gz/transport/parameters/../parameters.hh
[0.394s] -- Up-to-date: /home/julia/workspace/install/share/gz/transport13.yaml
[0.458s] Invoked command in '/home/julia/workspace/build/gz-transport13' returned '0': /usr/bin/cmake --install /home/julia/workspace/build/gz-transport13
