[0.034s] Invoking command in '/home/julia/workspace/build/gz-sensors8': /usr/bin/cmake --build /home/julia/workspace/build/gz-sensors8 -- -j3 -l3
[0.106s] [ 21%] Built target gz-sensors8
[0.150s] [ 34%] Built target gz-sensors8-rendering
[0.152s] [ 38%] Built target gz-sensors8-air_speed
[0.160s] [ 41%] Built target gz-sensors8-logical_camera
[0.213s] [ 45%] Built target gz-sensors8-force_torque
[0.215s] [ 49%] Built target gz-sensors8-altimeter
[0.225s] [ 52%] Built target gz-sensors8-lidar
[0.273s] [ 56%] Built target gz-sensors8-air_pressure
[0.283s] [ 60%] Built target gz-sensors8-navsat
[0.295s] [ 63%] Built target gz-sensors8-magnetometer
[0.340s] [ 67%] Built target gz-sensors8-camera
[0.355s] [ 70%] Built target gz-sensors8-imu
[0.375s] [ 74%] Built target gz-sensors8-dvl
[0.425s] [ 78%] Built target gz-sensors8-gpu_lidar
[0.431s] [ 81%] Built target gz-sensors8-wide_angle_camera
[0.464s] [ 85%] Built target gz-sensors8-segmentation_camera
[0.501s] [ 89%] Built target gz-sensors8-thermal_camera
[0.508s] [ 92%] Built target gz-sensors8-boundingbox_camera
[0.539s] [ 96%] Built target gz-sensors8-rgbd_camera
[0.562s] [100%] Built target gz-sensors8-depth_camera
[0.578s] Invoked command in '/home/julia/workspace/build/gz-sensors8' returned '0': /usr/bin/cmake --build /home/julia/workspace/build/gz-sensors8 -- -j3 -l3
[0.646s] Invoking command in '/home/julia/workspace/build/gz-sensors8': /usr/bin/cmake --install /home/julia/workspace/build/gz-sensors8
[0.655s] -- Install configuration: "RelWithDebInfo"
[0.655s] -- Up-to-date: /home/julia/workspace/install/lib/cmake/gz-sensors8-all/gz-sensors8-all-config.cmake
[0.655s] -- Up-to-date: /home/julia/workspace/install/lib/cmake/gz-sensors8-all/gz-sensors8-all-config-version.cmake
[0.656s] -- Up-to-date: /home/julia/workspace/install/lib/cmake/gz-sensors8-all/gz-sensors8-all-targets.cmake
[0.663s] -- Up-to-date: /home/julia/workspace/install/include/gz/sensors8/gz/sensors/detail/Export.hh
[0.663s] -- Up-to-date: /home/julia/workspace/install/include/gz/sensors8/gz/sensors/Export.hh
[0.664s] -- Up-to-date: /home/julia/workspace/install/lib/libgz-sensors8.so.8.0.0~pre1
[0.664s] -- Up-to-date: /home/julia/workspace/install/lib/libgz-sensors8.so.8
[0.665s] -- Up-to-date: /home/julia/workspace/install/lib/libgz-sensors8.so
[0.665s] -- Up-to-date: /home/julia/workspace/install/lib/cmake/gz-sensors8/gz-sensors8-config.cmake
[0.665s] -- Up-to-date: /home/julia/workspace/install/lib/cmake/gz-sensors8/gz-sensors8-config-version.cmake
[0.665s] -- Up-to-date: /home/julia/workspace/install/lib/cmake/gz-sensors8/gz-sensors8-targets.cmake
[0.666s] -- Up-to-date: /home/julia/workspace/install/lib/cmake/gz-sensors8/gz-sensors8-targets-relwithdebinfo.cmake
[0.666s] -- Up-to-date: /home/julia/workspace/install/lib/pkgconfig/gz-sensors8.pc
[0.666s] -- Up-to-date: /home/julia/workspace/install/include/gz/sensors8/gz/sensors/rendering/detail/Export.hh
[0.666s] -- Up-to-date: /home/julia/workspace/install/include/gz/sensors8/gz/sensors/rendering/Export.hh
[0.666s] -- Up-to-date: /home/julia/workspace/install/lib/libgz-sensors8-rendering.so.8.0.0~pre1
[0.668s] -- Up-to-date: /home/julia/workspace/install/lib/libgz-sensors8-rendering.so.8
[0.669s] -- Up-to-date: /home/julia/workspace/install/lib/libgz-sensors8-rendering.so
[0.669s] -- Up-to-date: /home/julia/workspace/install/lib/cmake/gz-sensors8-rendering/gz-sensors8-rendering-config.cmake
[0.669s] -- Up-to-date: /home/julia/workspace/install/lib/cmake/gz-sensors8-rendering/gz-sensors8-rendering-config-version.cmake
[0.669s] -- Up-to-date: /home/julia/workspace/install/lib/cmake/gz-sensors8-rendering/gz-sensors8-rendering-targets.cmake
[0.669s] -- Up-to-date: /home/julia/workspace/install/lib/cmake/gz-sensors8-rendering/gz-sensors8-rendering-targets-relwithdebinfo.cmake
[0.669s] -- Up-to-date: /home/julia/workspace/install/lib/pkgconfig/gz-sensors8-rendering.pc
[0.669s] -- Up-to-date: /home/julia/workspace/install/include/gz/sensors8/gz/sensors/camera/detail/Export.hh
[0.669s] -- Up-to-date: /home/julia/workspace/install/include/gz/sensors8/gz/sensors/camera/Export.hh
[0.669s] -- Up-to-date: /home/julia/workspace/install/lib/libgz-sensors8-camera.so.8.0.0~pre1
[0.669s] -- Up-to-date: /home/julia/workspace/install/lib/libgz-sensors8-camera.so.8
[0.670s] -- Up-to-date: /home/julia/workspace/install/lib/libgz-sensors8-camera.so
[0.670s] -- Up-to-date: /home/julia/workspace/install/lib/cmake/gz-sensors8-camera/gz-sensors8-camera-config.cmake
[0.670s] -- Up-to-date: /home/julia/workspace/install/lib/cmake/gz-sensors8-camera/gz-sensors8-camera-config-version.cmake
[0.670s] -- Up-to-date: /home/julia/workspace/install/lib/cmake/gz-sensors8-camera/gz-sensors8-camera-targets.cmake
[0.670s] -- Up-to-date: /home/julia/workspace/install/lib/cmake/gz-sensors8-camera/gz-sensors8-camera-targets-relwithdebinfo.cmake
[0.670s] -- Up-to-date: /home/julia/workspace/install/lib/pkgconfig/gz-sensors8-camera.pc
[0.670s] -- Up-to-date: /home/julia/workspace/install/include/gz/sensors8/gz/sensors/depth_camera/detail/Export.hh
[0.670s] -- Up-to-date: /home/julia/workspace/install/include/gz/sensors8/gz/sensors/depth_camera/Export.hh
[0.670s] -- Up-to-date: /home/julia/workspace/install/lib/libgz-sensors8-depth_camera.so.8.0.0~pre1
[0.670s] -- Up-to-date: /home/julia/workspace/install/lib/libgz-sensors8-depth_camera.so.8
[0.671s] -- Up-to-date: /home/julia/workspace/install/lib/libgz-sensors8-depth_camera.so
[0.671s] -- Up-to-date: /home/julia/workspace/install/lib/cmake/gz-sensors8-depth_camera/gz-sensors8-depth_camera-config.cmake
[0.671s] -- Up-to-date: /home/julia/workspace/install/lib/cmake/gz-sensors8-depth_camera/gz-sensors8-depth_camera-config-version.cmake
[0.671s] -- Up-to-date: /home/julia/workspace/install/lib/cmake/gz-sensors8-depth_camera/gz-sensors8-depth_camera-targets.cmake
[0.671s] -- Up-to-date: /home/julia/workspace/install/lib/cmake/gz-sensors8-depth_camera/gz-sensors8-depth_camera-targets-relwithdebinfo.cmake
[0.671s] -- Up-to-date: /home/julia/workspace/install/lib/pkgconfig/gz-sensors8-depth_camera.pc
[0.671s] -- Up-to-date: /home/julia/workspace/install/include/gz/sensors8/gz/sensors/dvl/detail/Export.hh
[0.671s] -- Up-to-date: /home/julia/workspace/install/include/gz/sensors8/gz/sensors/dvl/Export.hh
[0.671s] -- Up-to-date: /home/julia/workspace/install/lib/libgz-sensors8-dvl.so.8.0.0~pre1
[0.671s] -- Up-to-date: /home/julia/workspace/install/lib/libgz-sensors8-dvl.so.8
[0.671s] -- Up-to-date: /home/julia/workspace/install/lib/libgz-sensors8-dvl.so
[0.672s] -- Up-to-date: /home/julia/workspace/install/lib/cmake/gz-sensors8-dvl/gz-sensors8-dvl-config.cmake
[0.672s] -- Up-to-date: /home/julia/workspace/install/lib/cmake/gz-sensors8-dvl/gz-sensors8-dvl-config-version.cmake
[0.673s] -- Up-to-date: /home/julia/workspace/install/lib/cmake/gz-sensors8-dvl/gz-sensors8-dvl-targets.cmake
[0.673s] -- Up-to-date: /home/julia/workspace/install/lib/cmake/gz-sensors8-dvl/gz-sensors8-dvl-targets-relwithdebinfo.cmake
[0.673s] -- Up-to-date: /home/julia/workspace/install/lib/pkgconfig/gz-sensors8-dvl.pc
[0.674s] -- Up-to-date: /home/julia/workspace/install/include/gz/sensors8/gz/sensors/lidar/detail/Export.hh
[0.674s] -- Up-to-date: /home/julia/workspace/install/include/gz/sensors8/gz/sensors/lidar/Export.hh
[0.674s] -- Up-to-date: /home/julia/workspace/install/lib/libgz-sensors8-lidar.so.8.0.0~pre1
[0.674s] -- Up-to-date: /home/julia/workspace/install/lib/libgz-sensors8-lidar.so.8
[0.674s] -- Up-to-date: /home/julia/workspace/install/lib/libgz-sensors8-lidar.so
[0.674s] -- Up-to-date: /home/julia/workspace/install/lib/cmake/gz-sensors8-lidar/gz-sensors8-lidar-config.cmake
[0.674s] -- Up-to-date: /home/julia/workspace/install/lib/cmake/gz-sensors8-lidar/gz-sensors8-lidar-config-version.cmake
[0.675s] -- Up-to-date: /home/julia/workspace/install/lib/cmake/gz-sensors8-lidar/gz-sensors8-lidar-targets.cmake
[0.676s] -- Up-to-date: /home/julia/workspace/install/lib/cmake/gz-sensors8-lidar/gz-sensors8-lidar-targets-relwithdebinfo.cmake
[0.676s] -- Up-to-date: /home/julia/workspace/install/lib/pkgconfig/gz-sensors8-lidar.pc
[0.676s] -- Up-to-date: /home/julia/workspace/install/include/gz/sensors8/gz/sensors/gpu_lidar/detail/Export.hh
[0.676s] -- Up-to-date: /home/julia/workspace/install/include/gz/sensors8/gz/sensors/gpu_lidar/Export.hh
[0.676s] -- Up-to-date: /home/julia/workspace/install/lib/libgz-sensors8-gpu_lidar.so.8.0.0~pre1
[0.676s] -- Up-to-date: /home/julia/workspace/install/lib/libgz-sensors8-gpu_lidar.so.8
[0.676s] -- Up-to-date: /home/julia/workspace/install/lib/libgz-sensors8-gpu_lidar.so
[0.676s] -- Up-to-date: /home/julia/workspace/install/lib/cmake/gz-sensors8-gpu_lidar/gz-sensors8-gpu_lidar-config.cmake
[0.676s] -- Up-to-date: /home/julia/workspace/install/lib/cmake/gz-sensors8-gpu_lidar/gz-sensors8-gpu_lidar-config-version.cmake
[0.677s] -- Up-to-date: /home/julia/workspace/install/lib/cmake/gz-sensors8-gpu_lidar/gz-sensors8-gpu_lidar-targets.cmake
[0.677s] -- Up-to-date: /home/julia/workspace/install/lib/cmake/gz-sensors8-gpu_lidar/gz-sensors8-gpu_lidar-targets-relwithdebinfo.cmake
[0.677s] -- Up-to-date: /home/julia/workspace/install/lib/pkgconfig/gz-sensors8-gpu_lidar.pc
[0.677s] -- Up-to-date: /home/julia/workspace/install/include/gz/sensors8/gz/sensors/logical_camera/detail/Export.hh
[0.677s] -- Up-to-date: /home/julia/workspace/install/include/gz/sensors8/gz/sensors/logical_camera/Export.hh
[0.678s] -- Up-to-date: /home/julia/workspace/install/lib/libgz-sensors8-logical_camera.so.8.0.0~pre1
[0.678s] -- Up-to-date: /home/julia/workspace/install/lib/libgz-sensors8-logical_camera.so.8
[0.678s] -- Up-to-date: /home/julia/workspace/install/lib/libgz-sensors8-logical_camera.so
[0.679s] -- Up-to-date: /home/julia/workspace/install/lib/cmake/gz-sensors8-logical_camera/gz-sensors8-logical_camera-config.cmake
[0.679s] -- Up-to-date: /home/julia/workspace/install/lib/cmake/gz-sensors8-logical_camera/gz-sensors8-logical_camera-config-version.cmake
[0.679s] -- Up-to-date: /home/julia/workspace/install/lib/cmake/gz-sensors8-logical_camera/gz-sensors8-logical_camera-targets.cmake
[0.680s] -- Up-to-date: /home/julia/workspace/install/lib/cmake/gz-sensors8-logical_camera/gz-sensors8-logical_camera-targets-relwithdebinfo.cmake
[0.680s] -- Up-to-date: /home/julia/workspace/install/lib/pkgconfig/gz-sensors8-logical_camera.pc
[0.680s] -- Up-to-date: /home/julia/workspace/install/include/gz/sensors8/gz/sensors/magnetometer/detail/Export.hh
[0.680s] -- Up-to-date: /home/julia/workspace/install/include/gz/sensors8/gz/sensors/magnetometer/Export.hh
[0.681s] -- Up-to-date: /home/julia/workspace/install/lib/libgz-sensors8-magnetometer.so.8.0.0~pre1
[0.681s] -- Up-to-date: /home/julia/workspace/install/lib/libgz-sensors8-magnetometer.so.8
[0.681s] -- Up-to-date: /home/julia/workspace/install/lib/libgz-sensors8-magnetometer.so
[0.681s] -- Up-to-date: /home/julia/workspace/install/lib/cmake/gz-sensors8-magnetometer/gz-sensors8-magnetometer-config.cmake
[0.681s] -- Up-to-date: /home/julia/workspace/install/lib/cmake/gz-sensors8-magnetometer/gz-sensors8-magnetometer-config-version.cmake
[0.682s] -- Up-to-date: /home/julia/workspace/install/lib/cmake/gz-sensors8-magnetometer/gz-sensors8-magnetometer-targets.cmake
[0.682s] -- Up-to-date: /home/julia/workspace/install/lib/cmake/gz-sensors8-magnetometer/gz-sensors8-magnetometer-targets-relwithdebinfo.cmake
[0.682s] -- Up-to-date: /home/julia/workspace/install/lib/pkgconfig/gz-sensors8-magnetometer.pc
[0.682s] -- Up-to-date: /home/julia/workspace/install/include/gz/sensors8/gz/sensors/imu/detail/Export.hh
[0.683s] -- Up-to-date: /home/julia/workspace/install/include/gz/sensors8/gz/sensors/imu/Export.hh
[0.683s] -- Up-to-date: /home/julia/workspace/install/lib/libgz-sensors8-imu.so.8.0.0~pre1
[0.683s] -- Up-to-date: /home/julia/workspace/install/lib/libgz-sensors8-imu.so.8
[0.683s] -- Up-to-date: /home/julia/workspace/install/lib/libgz-sensors8-imu.so
[0.684s] -- Up-to-date: /home/julia/workspace/install/lib/cmake/gz-sensors8-imu/gz-sensors8-imu-config.cmake
[0.684s] -- Up-to-date: /home/julia/workspace/install/lib/cmake/gz-sensors8-imu/gz-sensors8-imu-config-version.cmake
[0.684s] -- Up-to-date: /home/julia/workspace/install/lib/cmake/gz-sensors8-imu/gz-sensors8-imu-targets.cmake
[0.684s] -- Up-to-date: /home/julia/workspace/install/lib/cmake/gz-sensors8-imu/gz-sensors8-imu-targets-relwithdebinfo.cmake
[0.685s] -- Up-to-date: /home/julia/workspace/install/lib/pkgconfig/gz-sensors8-imu.pc
[0.685s] -- Up-to-date: /home/julia/workspace/install/include/gz/sensors8/gz/sensors/altimeter/detail/Export.hh
[0.685s] -- Up-to-date: /home/julia/workspace/install/include/gz/sensors8/gz/sensors/altimeter/Export.hh
[0.685s] -- Up-to-date: /home/julia/workspace/install/lib/libgz-sensors8-altimeter.so.8.0.0~pre1
[0.685s] -- Up-to-date: /home/julia/workspace/install/lib/libgz-sensors8-altimeter.so.8
[0.685s] -- Up-to-date: /home/julia/workspace/install/lib/libgz-sensors8-altimeter.so
[0.685s] -- Up-to-date: /home/julia/workspace/install/lib/cmake/gz-sensors8-altimeter/gz-sensors8-altimeter-config.cmake
[0.686s] -- Up-to-date: /home/julia/workspace/install/lib/cmake/gz-sensors8-altimeter/gz-sensors8-altimeter-config-version.cmake
[0.686s] -- Up-to-date: /home/julia/workspace/install/lib/cmake/gz-sensors8-altimeter/gz-sensors8-altimeter-targets.cmake
[0.686s] -- Up-to-date: /home/julia/workspace/install/lib/cmake/gz-sensors8-altimeter/gz-sensors8-altimeter-targets-relwithdebinfo.cmake
[0.686s] -- Up-to-date: /home/julia/workspace/install/lib/pkgconfig/gz-sensors8-altimeter.pc
[0.687s] -- Up-to-date: /home/julia/workspace/install/include/gz/sensors8/gz/sensors/air_pressure/detail/Export.hh
[0.687s] -- Up-to-date: /home/julia/workspace/install/include/gz/sensors8/gz/sensors/air_pressure/Export.hh
[0.687s] -- Up-to-date: /home/julia/workspace/install/lib/libgz-sensors8-air_pressure.so.8.0.0~pre1
[0.687s] -- Up-to-date: /home/julia/workspace/install/lib/libgz-sensors8-air_pressure.so.8
[0.687s] -- Up-to-date: /home/julia/workspace/install/lib/libgz-sensors8-air_pressure.so
[0.688s] -- Up-to-date: /home/julia/workspace/install/lib/cmake/gz-sensors8-air_pressure/gz-sensors8-air_pressure-config.cmake
[0.688s] -- Up-to-date: /home/julia/workspace/install/lib/cmake/gz-sensors8-air_pressure/gz-sensors8-air_pressure-config-version.cmake
[0.688s] -- Up-to-date: /home/julia/workspace/install/lib/cmake/gz-sensors8-air_pressure/gz-sensors8-air_pressure-targets.cmake
[0.688s] -- Up-to-date: /home/julia/workspace/install/lib/cmake/gz-sensors8-air_pressure/gz-sensors8-air_pressure-targets-relwithdebinfo.cmake
[0.689s] -- Up-to-date: /home/julia/workspace/install/lib/pkgconfig/gz-sensors8-air_pressure.pc
[0.689s] -- Up-to-date: /home/julia/workspace/install/include/gz/sensors8/gz/sensors/air_speed/detail/Export.hh
[0.689s] -- Up-to-date: /home/julia/workspace/install/include/gz/sensors8/gz/sensors/air_speed/Export.hh
[0.689s] -- Up-to-date: /home/julia/workspace/install/lib/libgz-sensors8-air_speed.so.8.0.0~pre1
[0.689s] -- Up-to-date: /home/julia/workspace/install/lib/libgz-sensors8-air_speed.so.8
[0.689s] -- Up-to-date: /home/julia/workspace/install/lib/libgz-sensors8-air_speed.so
[0.690s] -- Up-to-date: /home/julia/workspace/install/lib/cmake/gz-sensors8-air_speed/gz-sensors8-air_speed-config.cmake
[0.690s] -- Up-to-date: /home/julia/workspace/install/lib/cmake/gz-sensors8-air_speed/gz-sensors8-air_speed-config-version.cmake
[0.691s] -- Up-to-date: /home/julia/workspace/install/lib/cmake/gz-sensors8-air_speed/gz-sensors8-air_speed-targets.cmake
[0.691s] -- Up-to-date: /home/julia/workspace/install/lib/cmake/gz-sensors8-air_speed/gz-sensors8-air_speed-targets-relwithdebinfo.cmake
[0.691s] -- Up-to-date: /home/julia/workspace/install/lib/pkgconfig/gz-sensors8-air_speed.pc
[0.691s] -- Up-to-date: /home/julia/workspace/install/include/gz/sensors8/gz/sensors/force_torque/detail/Export.hh
[0.691s] -- Up-to-date: /home/julia/workspace/install/include/gz/sensors8/gz/sensors/force_torque/Export.hh
[0.691s] -- Up-to-date: /home/julia/workspace/install/lib/libgz-sensors8-force_torque.so.8.0.0~pre1
[0.692s] -- Up-to-date: /home/julia/workspace/install/lib/libgz-sensors8-force_torque.so.8
[0.692s] -- Up-to-date: /home/julia/workspace/install/lib/libgz-sensors8-force_torque.so
[0.692s] -- Up-to-date: /home/julia/workspace/install/lib/cmake/gz-sensors8-force_torque/gz-sensors8-force_torque-config.cmake
[0.692s] -- Up-to-date: /home/julia/workspace/install/lib/cmake/gz-sensors8-force_torque/gz-sensors8-force_torque-config-version.cmake
[0.693s] -- Up-to-date: /home/julia/workspace/install/lib/cmake/gz-sensors8-force_torque/gz-sensors8-force_torque-targets.cmake
[0.693s] -- Up-to-date: /home/julia/workspace/install/lib/cmake/gz-sensors8-force_torque/gz-sensors8-force_torque-targets-relwithdebinfo.cmake
[0.693s] -- Up-to-date: /home/julia/workspace/install/lib/pkgconfig/gz-sensors8-force_torque.pc
[0.693s] -- Up-to-date: /home/julia/workspace/install/include/gz/sensors8/gz/sensors/navsat/detail/Export.hh
[0.693s] -- Up-to-date: /home/julia/workspace/install/include/gz/sensors8/gz/sensors/navsat/Export.hh
[0.694s] -- Up-to-date: /home/julia/workspace/install/lib/libgz-sensors8-navsat.so.8.0.0~pre1
[0.694s] -- Up-to-date: /home/julia/workspace/install/lib/libgz-sensors8-navsat.so.8
[0.694s] -- Up-to-date: /home/julia/workspace/install/lib/libgz-sensors8-navsat.so
[0.694s] -- Up-to-date: /home/julia/workspace/install/lib/cmake/gz-sensors8-navsat/gz-sensors8-navsat-config.cmake
[0.694s] -- Up-to-date: /home/julia/workspace/install/lib/cmake/gz-sensors8-navsat/gz-sensors8-navsat-config-version.cmake
[0.695s] -- Up-to-date: /home/julia/workspace/install/lib/cmake/gz-sensors8-navsat/gz-sensors8-navsat-targets.cmake
[0.695s] -- Up-to-date: /home/julia/workspace/install/lib/cmake/gz-sensors8-navsat/gz-sensors8-navsat-targets-relwithdebinfo.cmake
[0.695s] -- Up-to-date: /home/julia/workspace/install/lib/pkgconfig/gz-sensors8-navsat.pc
[0.696s] -- Up-to-date: /home/julia/workspace/install/include/gz/sensors8/gz/sensors/rgbd_camera/detail/Export.hh
[0.696s] -- Up-to-date: /home/julia/workspace/install/include/gz/sensors8/gz/sensors/rgbd_camera/Export.hh
[0.696s] -- Up-to-date: /home/julia/workspace/install/lib/libgz-sensors8-rgbd_camera.so.8.0.0~pre1
[0.697s] -- Up-to-date: /home/julia/workspace/install/lib/libgz-sensors8-rgbd_camera.so.8
[0.697s] -- Up-to-date: /home/julia/workspace/install/lib/libgz-sensors8-rgbd_camera.so
[0.697s] -- Up-to-date: /home/julia/workspace/install/lib/cmake/gz-sensors8-rgbd_camera/gz-sensors8-rgbd_camera-config.cmake
[0.697s] -- Up-to-date: /home/julia/workspace/install/lib/cmake/gz-sensors8-rgbd_camera/gz-sensors8-rgbd_camera-config-version.cmake
[0.698s] -- Up-to-date: /home/julia/workspace/install/lib/cmake/gz-sensors8-rgbd_camera/gz-sensors8-rgbd_camera-targets.cmake
[0.698s] -- Up-to-date: /home/julia/workspace/install/lib/cmake/gz-sensors8-rgbd_camera/gz-sensors8-rgbd_camera-targets-relwithdebinfo.cmake
[0.698s] -- Up-to-date: /home/julia/workspace/install/lib/pkgconfig/gz-sensors8-rgbd_camera.pc
[0.698s] -- Up-to-date: /home/julia/workspace/install/include/gz/sensors8/gz/sensors/thermal_camera/detail/Export.hh
[0.698s] -- Up-to-date: /home/julia/workspace/install/include/gz/sensors8/gz/sensors/thermal_camera/Export.hh
[0.698s] -- Up-to-date: /home/julia/workspace/install/lib/libgz-sensors8-thermal_camera.so.8.0.0~pre1
[0.698s] -- Up-to-date: /home/julia/workspace/install/lib/libgz-sensors8-thermal_camera.so.8
[0.698s] -- Up-to-date: /home/julia/workspace/install/lib/libgz-sensors8-thermal_camera.so
[0.699s] -- Up-to-date: /home/julia/workspace/install/lib/cmake/gz-sensors8-thermal_camera/gz-sensors8-thermal_camera-config.cmake
[0.699s] -- Up-to-date: /home/julia/workspace/install/lib/cmake/gz-sensors8-thermal_camera/gz-sensors8-thermal_camera-config-version.cmake
[0.699s] -- Up-to-date: /home/julia/workspace/install/lib/cmake/gz-sensors8-thermal_camera/gz-sensors8-thermal_camera-targets.cmake
[0.700s] -- Up-to-date: /home/julia/workspace/install/lib/cmake/gz-sensors8-thermal_camera/gz-sensors8-thermal_camera-targets-relwithdebinfo.cmake
[0.700s] -- Up-to-date: /home/julia/workspace/install/lib/pkgconfig/gz-sensors8-thermal_camera.pc
[0.700s] -- Up-to-date: /home/julia/workspace/install/include/gz/sensors8/gz/sensors/boundingbox_camera/detail/Export.hh
[0.700s] -- Up-to-date: /home/julia/workspace/install/include/gz/sensors8/gz/sensors/boundingbox_camera/Export.hh
[0.700s] -- Up-to-date: /home/julia/workspace/install/lib/libgz-sensors8-boundingbox_camera.so.8.0.0~pre1
[0.700s] -- Up-to-date: /home/julia/workspace/install/lib/libgz-sensors8-boundingbox_camera.so.8
[0.700s] -- Up-to-date: /home/julia/workspace/install/lib/libgz-sensors8-boundingbox_camera.so
[0.701s] -- Up-to-date: /home/julia/workspace/install/lib/cmake/gz-sensors8-boundingbox_camera/gz-sensors8-boundingbox_camera-config.cmake
[0.701s] -- Up-to-date: /home/julia/workspace/install/lib/cmake/gz-sensors8-boundingbox_camera/gz-sensors8-boundingbox_camera-config-version.cmake
[0.701s] -- Up-to-date: /home/julia/workspace/install/lib/cmake/gz-sensors8-boundingbox_camera/gz-sensors8-boundingbox_camera-targets.cmake
[0.702s] -- Up-to-date: /home/julia/workspace/install/lib/cmake/gz-sensors8-boundingbox_camera/gz-sensors8-boundingbox_camera-targets-relwithdebinfo.cmake
[0.702s] -- Up-to-date: /home/julia/workspace/install/lib/pkgconfig/gz-sensors8-boundingbox_camera.pc
[0.702s] -- Up-to-date: /home/julia/workspace/install/include/gz/sensors8/gz/sensors/segmentation_camera/detail/Export.hh
[0.702s] -- Up-to-date: /home/julia/workspace/install/include/gz/sensors8/gz/sensors/segmentation_camera/Export.hh
[0.702s] -- Up-to-date: /home/julia/workspace/install/lib/libgz-sensors8-segmentation_camera.so.8.0.0~pre1
[0.702s] -- Up-to-date: /home/julia/workspace/install/lib/libgz-sensors8-segmentation_camera.so.8
[0.702s] -- Up-to-date: /home/julia/workspace/install/lib/libgz-sensors8-segmentation_camera.so
[0.703s] -- Up-to-date: /home/julia/workspace/install/lib/cmake/gz-sensors8-segmentation_camera/gz-sensors8-segmentation_camera-config.cmake
[0.703s] -- Up-to-date: /home/julia/workspace/install/lib/cmake/gz-sensors8-segmentation_camera/gz-sensors8-segmentation_camera-config-version.cmake
[0.703s] -- Up-to-date: /home/julia/workspace/install/lib/cmake/gz-sensors8-segmentation_camera/gz-sensors8-segmentation_camera-targets.cmake
[0.703s] -- Up-to-date: /home/julia/workspace/install/lib/cmake/gz-sensors8-segmentation_camera/gz-sensors8-segmentation_camera-targets-relwithdebinfo.cmake
[0.704s] -- Up-to-date: /home/julia/workspace/install/lib/pkgconfig/gz-sensors8-segmentation_camera.pc
[0.704s] -- Up-to-date: /home/julia/workspace/install/include/gz/sensors8/gz/sensors/wide_angle_camera/detail/Export.hh
[0.704s] -- Up-to-date: /home/julia/workspace/install/include/gz/sensors8/gz/sensors/wide_angle_camera/Export.hh
[0.704s] -- Up-to-date: /home/julia/workspace/install/lib/libgz-sensors8-wide_angle_camera.so.8.0.0~pre1
[0.704s] -- Up-to-date: /home/julia/workspace/install/lib/libgz-sensors8-wide_angle_camera.so.8
[0.705s] -- Up-to-date: /home/julia/workspace/install/lib/libgz-sensors8-wide_angle_camera.so
[0.705s] -- Up-to-date: /home/julia/workspace/install/lib/cmake/gz-sensors8-wide_angle_camera/gz-sensors8-wide_angle_camera-config.cmake
[0.705s] -- Up-to-date: /home/julia/workspace/install/lib/cmake/gz-sensors8-wide_angle_camera/gz-sensors8-wide_angle_camera-config-version.cmake
[0.706s] -- Up-to-date: /home/julia/workspace/install/lib/cmake/gz-sensors8-wide_angle_camera/gz-sensors8-wide_angle_camera-targets.cmake
[0.706s] -- Up-to-date: /home/julia/workspace/install/lib/cmake/gz-sensors8-wide_angle_camera/gz-sensors8-wide_angle_camera-targets-relwithdebinfo.cmake
[0.706s] -- Up-to-date: /home/julia/workspace/install/lib/pkgconfig/gz-sensors8-wide_angle_camera.pc
[0.707s] -- Up-to-date: /home/julia/workspace/install/include/gz/sensors8/ignition
[0.707s] -- Up-to-date: /home/julia/workspace/install/include/gz/sensors8/ignition/sensors.hh
[0.707s] -- Up-to-date: /home/julia/workspace/install/include/gz/sensors8/ignition/sensors
[0.707s] -- Up-to-date: /home/julia/workspace/install/include/gz/sensors8/ignition/sensors/logical_camera
[0.707s] -- Up-to-date: /home/julia/workspace/install/include/gz/sensors8/ignition/sensors/logical_camera/Export.hh
[0.708s] -- Up-to-date: /home/julia/workspace/install/include/gz/sensors8/ignition/sensors/air_pressure
[0.708s] -- Up-to-date: /home/julia/workspace/install/include/gz/sensors8/ignition/sensors/air_pressure/Export.hh
[0.708s] -- Up-to-date: /home/julia/workspace/install/include/gz/sensors8/ignition/sensors/ForceTorqueSensor.hh
[0.708s] -- Up-to-date: /home/julia/workspace/install/include/gz/sensors8/ignition/sensors/RenderingEvents.hh
[0.709s] -- Up-to-date: /home/julia/workspace/install/include/gz/sensors8/ignition/sensors/Lidar.hh
[0.709s] -- Up-to-date: /home/julia/workspace/install/include/gz/sensors8/ignition/sensors/segmentation_camera
[0.709s] -- Up-to-date: /home/julia/workspace/install/include/gz/sensors8/ignition/sensors/segmentation_camera/Export.hh
[0.709s] -- Up-to-date: /home/julia/workspace/install/include/gz/sensors8/ignition/sensors/camera
[0.709s] -- Up-to-date: /home/julia/workspace/install/include/gz/sensors8/ignition/sensors/camera/Export.hh
[0.710s] -- Up-to-date: /home/julia/workspace/install/include/gz/sensors8/ignition/sensors/rendering
[0.710s] -- Up-to-date: /home/julia/workspace/install/include/gz/sensors8/ignition/sensors/rendering/Export.hh
[0.710s] -- Up-to-date: /home/julia/workspace/install/include/gz/sensors8/ignition/sensors/MagnetometerSensor.hh
[0.710s] -- Up-to-date: /home/julia/workspace/install/include/gz/sensors8/ignition/sensors/SensorFactory.hh
[0.711s] -- Up-to-date: /home/julia/workspace/install/include/gz/sensors8/ignition/sensors/ImageDistortion.hh
[0.711s] -- Up-to-date: /home/julia/workspace/install/include/gz/sensors8/ignition/sensors/LogicalCameraSensor.hh
[0.711s] -- Up-to-date: /home/julia/workspace/install/include/gz/sensors8/ignition/sensors/altimeter
[0.711s] -- Up-to-date: /home/julia/workspace/install/include/gz/sensors8/ignition/sensors/altimeter/Export.hh
[0.711s] -- Up-to-date: /home/julia/workspace/install/include/gz/sensors8/ignition/sensors/boundingbox_camera
[0.712s] -- Up-to-date: /home/julia/workspace/install/include/gz/sensors8/ignition/sensors/boundingbox_camera/Export.hh
[0.712s] -- Up-to-date: /home/julia/workspace/install/include/gz/sensors8/ignition/sensors/wide_angle_camera
[0.712s] -- Up-to-date: /home/julia/workspace/install/include/gz/sensors8/ignition/sensors/wide_angle_camera/Export.hh
[0.712s] -- Up-to-date: /home/julia/workspace/install/include/gz/sensors8/ignition/sensors/ThermalCameraSensor.hh
[0.712s] -- Up-to-date: /home/julia/workspace/install/include/gz/sensors8/ignition/sensors/gpu_lidar
[0.712s] -- Up-to-date: /home/julia/workspace/install/include/gz/sensors8/ignition/sensors/gpu_lidar/Export.hh
[0.712s] -- Up-to-date: /home/julia/workspace/install/include/gz/sensors8/ignition/sensors/force_torque
[0.712s] -- Up-to-date: /home/julia/workspace/install/include/gz/sensors8/ignition/sensors/force_torque/Export.hh
[0.712s] -- Up-to-date: /home/julia/workspace/install/include/gz/sensors8/ignition/sensors/GaussianNoiseModel.hh
[0.712s] -- Up-to-date: /home/julia/workspace/install/include/gz/sensors8/ignition/sensors/ImageGaussianNoiseModel.hh
[0.713s] -- Up-to-date: /home/julia/workspace/install/include/gz/sensors8/ignition/sensors/lidar
[0.713s] -- Up-to-date: /home/julia/workspace/install/include/gz/sensors8/ignition/sensors/lidar/Export.hh
[0.713s] -- Up-to-date: /home/julia/workspace/install/include/gz/sensors8/ignition/sensors/Util.hh
[0.713s] -- Up-to-date: /home/julia/workspace/install/include/gz/sensors8/ignition/sensors/magnetometer
[0.713s] -- Up-to-date: /home/julia/workspace/install/include/gz/sensors8/ignition/sensors/magnetometer/Export.hh
[0.714s] -- Up-to-date: /home/julia/workspace/install/include/gz/sensors8/ignition/sensors/AltimeterSensor.hh
[0.714s] -- Up-to-date: /home/julia/workspace/install/include/gz/sensors8/ignition/sensors/Distortion.hh
[0.714s] -- Up-to-date: /home/julia/workspace/install/include/gz/sensors8/ignition/sensors/rgbd_camera
[0.714s] -- Up-to-date: /home/julia/workspace/install/include/gz/sensors8/ignition/sensors/rgbd_camera/Export.hh
[0.714s] -- Up-to-date: /home/julia/workspace/install/include/gz/sensors8/ignition/sensors/BoundingBoxCameraSensor.hh
[0.714s] -- Up-to-date: /home/julia/workspace/install/include/gz/sensors8/ignition/sensors/WideAngleCameraSensor.hh
[0.714s] -- Up-to-date: /home/julia/workspace/install/include/gz/sensors8/ignition/sensors/Sensor.hh
[0.714s] -- Up-to-date: /home/julia/workspace/install/include/gz/sensors8/ignition/sensors/Export.hh
[0.714s] -- Up-to-date: /home/julia/workspace/install/include/gz/sensors8/ignition/sensors/RenderingSensor.hh
[0.715s] -- Up-to-date: /home/julia/workspace/install/include/gz/sensors8/ignition/sensors/NavSatSensor.hh
[0.715s] -- Up-to-date: /home/julia/workspace/install/include/gz/sensors8/ignition/sensors/BrownDistortionModel.hh
[0.715s] -- Up-to-date: /home/julia/workspace/install/include/gz/sensors8/ignition/sensors/depth_camera
[0.715s] -- Up-to-date: /home/julia/workspace/install/include/gz/sensors8/ignition/sensors/depth_camera/Export.hh
[0.715s] -- Up-to-date: /home/julia/workspace/install/include/gz/sensors8/ignition/sensors/ImuSensor.hh
[0.715s] -- Up-to-date: /home/julia/workspace/install/include/gz/sensors8/ignition/sensors/AirPressureSensor.hh
[0.715s] -- Up-to-date: /home/julia/workspace/install/include/gz/sensors8/ignition/sensors/thermal_camera
[0.715s] -- Up-to-date: /home/julia/workspace/install/include/gz/sensors8/ignition/sensors/thermal_camera/Export.hh
[0.715s] -- Up-to-date: /home/julia/workspace/install/include/gz/sensors8/ignition/sensors/SensorTypes.hh
[0.715s] -- Up-to-date: /home/julia/workspace/install/include/gz/sensors8/ignition/sensors/GpuLidarSensor.hh
[0.715s] -- Up-to-date: /home/julia/workspace/install/include/gz/sensors8/ignition/sensors/DepthCameraSensor.hh
[0.716s] -- Up-to-date: /home/julia/workspace/install/include/gz/sensors8/ignition/sensors/RgbdCameraSensor.hh
[0.716s] -- Up-to-date: /home/julia/workspace/install/include/gz/sensors8/ignition/sensors/navsat
[0.716s] -- Up-to-date: /home/julia/workspace/install/include/gz/sensors8/ignition/sensors/navsat/Export.hh
[0.716s] -- Up-to-date: /home/julia/workspace/install/include/gz/sensors8/ignition/sensors/config.hh
[0.716s] -- Up-to-date: /home/julia/workspace/install/include/gz/sensors8/ignition/sensors/Noise.hh
[0.717s] -- Up-to-date: /home/julia/workspace/install/include/gz/sensors8/ignition/sensors/SegmentationCameraSensor.hh
[0.717s] -- Up-to-date: /home/julia/workspace/install/include/gz/sensors8/ignition/sensors/CameraSensor.hh
[0.717s] -- Up-to-date: /home/julia/workspace/install/include/gz/sensors8/ignition/sensors/imu
[0.717s] -- Up-to-date: /home/julia/workspace/install/include/gz/sensors8/ignition/sensors/imu/Export.hh
[0.717s] -- Up-to-date: /home/julia/workspace/install/include/gz/sensors8/ignition/sensors/ImageBrownDistortionModel.hh
[0.717s] -- Up-to-date: /home/julia/workspace/install/include/gz/sensors8/ignition/sensors/ImageNoise.hh
[0.717s] -- Up-to-date: /home/julia/workspace/install/include/gz/sensors8/ignition/sensors/Manager.hh
[0.717s] -- Up-to-date: /home/julia/workspace/install/include/gz/sensors8/gz/sensors/AirPressureSensor.hh
[0.717s] -- Up-to-date: /home/julia/workspace/install/include/gz/sensors8/gz/sensors/AirSpeedSensor.hh
[0.718s] -- Up-to-date: /home/julia/workspace/install/include/gz/sensors8/gz/sensors/AltimeterSensor.hh
[0.719s] -- Up-to-date: /home/julia/workspace/install/include/gz/sensors8/gz/sensors/BoundingBoxCameraSensor.hh
[0.719s] -- Up-to-date: /home/julia/workspace/install/include/gz/sensors8/gz/sensors/BrownDistortionModel.hh
[0.719s] -- Up-to-date: /home/julia/workspace/install/include/gz/sensors8/gz/sensors/CameraSensor.hh
[0.719s] -- Up-to-date: /home/julia/workspace/install/include/gz/sensors8/gz/sensors/DepthCameraSensor.hh
[0.719s] -- Up-to-date: /home/julia/workspace/install/include/gz/sensors8/gz/sensors/Distortion.hh
[0.719s] -- Up-to-date: /home/julia/workspace/install/include/gz/sensors8/gz/sensors/DopplerVelocityLog.hh
[0.719s] -- Up-to-date: /home/julia/workspace/install/include/gz/sensors8/gz/sensors/EnvironmentalData.hh
[0.724s] -- Up-to-date: /home/julia/workspace/install/include/gz/sensors8/gz/sensors/ForceTorqueSensor.hh
[0.725s] -- Up-to-date: /home/julia/workspace/install/include/gz/sensors8/gz/sensors/GaussianNoiseModel.hh
[0.725s] -- Up-to-date: /home/julia/workspace/install/include/gz/sensors8/gz/sensors/GpuLidarSensor.hh
[0.725s] -- Up-to-date: /home/julia/workspace/install/include/gz/sensors8/gz/sensors/ImageBrownDistortionModel.hh
[0.725s] -- Up-to-date: /home/julia/workspace/install/include/gz/sensors8/gz/sensors/ImageDistortion.hh
[0.725s] -- Up-to-date: /home/julia/workspace/install/include/gz/sensors8/gz/sensors/ImageGaussianNoiseModel.hh
[0.725s] -- Up-to-date: /home/julia/workspace/install/include/gz/sensors8/gz/sensors/ImageNoise.hh
[0.726s] -- Up-to-date: /home/julia/workspace/install/include/gz/sensors8/gz/sensors/ImuSensor.hh
[0.726s] -- Up-to-date: /home/julia/workspace/install/include/gz/sensors8/gz/sensors/Lidar.hh
[0.726s] -- Up-to-date: /home/julia/workspace/install/include/gz/sensors8/gz/sensors/LogicalCameraSensor.hh
[0.726s] -- Up-to-date: /home/julia/workspace/install/include/gz/sensors8/gz/sensors/MagnetometerSensor.hh
[0.726s] -- Up-to-date: /home/julia/workspace/install/include/gz/sensors8/gz/sensors/Manager.hh
[0.726s] -- Up-to-date: /home/julia/workspace/install/include/gz/sensors8/gz/sensors/NavSatSensor.hh
[0.726s] -- Up-to-date: /home/julia/workspace/install/include/gz/sensors8/gz/sensors/Noise.hh
[0.726s] -- Up-to-date: /home/julia/workspace/install/include/gz/sensors8/gz/sensors/RenderingEvents.hh
[0.727s] -- Up-to-date: /home/julia/workspace/install/include/gz/sensors8/gz/sensors/RenderingSensor.hh
[0.727s] -- Up-to-date: /home/julia/workspace/install/include/gz/sensors8/gz/sensors/RgbdCameraSensor.hh
[0.727s] -- Up-to-date: /home/julia/workspace/install/include/gz/sensors8/gz/sensors/SegmentationCameraSensor.hh
[0.727s] -- Up-to-date: /home/julia/workspace/install/include/gz/sensors8/gz/sensors/Sensor.hh
[0.727s] -- Up-to-date: /home/julia/workspace/install/include/gz/sensors8/gz/sensors/SensorFactory.hh
[0.727s] -- Up-to-date: /home/julia/workspace/install/include/gz/sensors8/gz/sensors/SensorTypes.hh
[0.727s] -- Up-to-date: /home/julia/workspace/install/include/gz/sensors8/gz/sensors/ThermalCameraSensor.hh
[0.728s] -- Up-to-date: /home/julia/workspace/install/include/gz/sensors8/gz/sensors/Util.hh
[0.728s] -- Up-to-date: /home/julia/workspace/install/include/gz/sensors8/gz/sensors/WideAngleCameraSensor.hh
[0.728s] -- Up-to-date: /home/julia/workspace/install/include/gz/sensors8/gz/sensors/../sensors.hh
[0.728s] -- Up-to-date: /home/julia/workspace/install/include/gz/sensors8/gz/sensors/config.hh
[0.728s] Invoked command in '/home/julia/workspace/build/gz-sensors8' returned '0': /usr/bin/cmake --install /home/julia/workspace/build/gz-sensors8
