[100%] Built target gz-utils2
-- Install configuration: "RelWithDebInfo"
-- Up-to-date: /home/julia/workspace/install/lib/cmake/gz-utils2-all/gz-utils2-all-config.cmake
-- Up-to-date: /home/julia/workspace/install/lib/cmake/gz-utils2-all/gz-utils2-all-config-version.cmake
-- Up-to-date: /home/julia/workspace/install/lib/cmake/gz-utils2-all/gz-utils2-all-targets.cmake
-- Up-to-date: /home/julia/workspace/install/include/gz/utils2/gz/utils/detail/Export.hh
-- Up-to-date: /home/julia/workspace/install/include/gz/utils2/gz/utils/Export.hh
-- Up-to-date: /home/julia/workspace/install/lib/libgz-utils2.so.2.0.0
-- Up-to-date: /home/julia/workspace/install/lib/libgz-utils2.so.2
-- Up-to-date: /home/julia/workspace/install/lib/libgz-utils2.so
-- Up-to-date: /home/julia/workspace/install/lib/cmake/gz-utils2/gz-utils2-config.cmake
-- Up-to-date: /home/julia/workspace/install/lib/cmake/gz-utils2/gz-utils2-config-version.cmake
-- Up-to-date: /home/julia/workspace/install/lib/cmake/gz-utils2/gz-utils2-targets.cmake
-- Up-to-date: /home/julia/workspace/install/lib/cmake/gz-utils2/gz-utils2-targets-relwithdebinfo.cmake
-- Up-to-date: /home/julia/workspace/install/lib/pkgconfig/gz-utils2.pc
-- Up-to-date: /home/julia/workspace/install/include/gz/utils2/ignition
-- Up-to-date: /home/julia/workspace/install/include/gz/utils2/ignition/utils.hh
-- Up-to-date: /home/julia/workspace/install/include/gz/utils2/ignition/utils
-- Up-to-date: /home/julia/workspace/install/include/gz/utils2/ignition/utils/ImplPtr.hh
-- Up-to-date: /home/julia/workspace/install/include/gz/utils2/ignition/utils/Environment.hh
-- Up-to-date: /home/julia/workspace/install/include/gz/utils2/ignition/utils/Export.hh
-- Up-to-date: /home/julia/workspace/install/include/gz/utils2/ignition/utils/NeverDestroyed.hh
-- Up-to-date: /home/julia/workspace/install/include/gz/utils2/ignition/utils/ExtraTestMacros.hh
-- Up-to-date: /home/julia/workspace/install/include/gz/utils2/ignition/utils/SuppressWarning.hh
-- Up-to-date: /home/julia/workspace/install/include/gz/utils2/ignition/utils/config.hh
-- Up-to-date: /home/julia/workspace/install/include/gz/utils2/ignition/utils/detail
-- Up-to-date: /home/julia/workspace/install/include/gz/utils2/ignition/utils/detail/ImplPtr.hh
-- Up-to-date: /home/julia/workspace/install/include/gz/utils2/ignition/utils/detail/Export.hh
-- Up-to-date: /home/julia/workspace/install/include/gz/utils2/ignition/utils/detail/DefaultOps.hh
-- Up-to-date: /home/julia/workspace/install/include/gz/utils2/ignition/utils/detail/ExtraTestMacros.hh
-- Up-to-date: /home/julia/workspace/install/include/gz/utils2/ignition/utils/detail/SuppressWarning.hh
-- Up-to-date: /home/julia/workspace/install/include/gz/utils2/gz/utils/detail/DefaultOps.hh
-- Up-to-date: /home/julia/workspace/install/include/gz/utils2/gz/utils/detail/ExtraTestMacros.hh
-- Up-to-date: /home/julia/workspace/install/include/gz/utils2/gz/utils/detail/ImplPtr.hh
-- Up-to-date: /home/julia/workspace/install/include/gz/utils2/gz/utils/detail/SuppressWarning.hh
-- Up-to-date: /home/julia/workspace/install/include/gz/utils2/gz/utils/Environment.hh
-- Up-to-date: /home/julia/workspace/install/include/gz/utils2/gz/utils/ExtraTestMacros.hh
-- Up-to-date: /home/julia/workspace/install/include/gz/utils2/gz/utils/ImplPtr.hh
-- Up-to-date: /home/julia/workspace/install/include/gz/utils2/gz/utils/NeverDestroyed.hh
-- Up-to-date: /home/julia/workspace/install/include/gz/utils2/gz/utils/SuppressWarning.hh
-- Up-to-date: /home/julia/workspace/install/include/gz/utils2/gz/utils/../utils.hh
-- Up-to-date: /home/julia/workspace/install/include/gz/utils2/gz/utils/config.hh
-- Up-to-date: /home/julia/workspace/install/lib/cmake/gz-utils2-cli/gz-utils2-cli-config.cmake
-- Up-to-date: /home/julia/workspace/install/lib/cmake/gz-utils2-cli/gz-utils2-cli-config-version.cmake
-- Up-to-date: /home/julia/workspace/install/lib/cmake/gz-utils2-cli/gz-utils2-cli-targets.cmake
-- Up-to-date: /home/julia/workspace/install/lib/pkgconfig/gz-utils2-cli.pc
-- Up-to-date: /home/julia/workspace/install/include/gz/utils2/ignition
-- Up-to-date: /home/julia/workspace/install/include/gz/utils2/ignition/utils
-- Up-to-date: /home/julia/workspace/install/include/gz/utils2/ignition/utils/cli.hh
-- Up-to-date: /home/julia/workspace/install/include/gz/utils2/ignition/utils/cli
-- Up-to-date: /home/julia/workspace/install/include/gz/utils2/ignition/utils/cli/IgnitionFormatter.hpp
-- Up-to-date: /home/julia/workspace/install/include/gz/utils2/ignition
-- Up-to-date: /home/julia/workspace/install/include/gz/utils2/ignition/utils
-- Up-to-date: /home/julia/workspace/install/include/gz/utils2/ignition/utils/cli
-- Up-to-date: /home/julia/workspace/install/include/gz/utils2/ignition/utils/cli/Formatter.hpp
-- Up-to-date: /home/julia/workspace/install/include/gz/utils2/ignition/utils/cli/Config.hpp
-- Up-to-date: /home/julia/workspace/install/include/gz/utils2/ignition/utils/cli/Option.hpp
-- Up-to-date: /home/julia/workspace/install/include/gz/utils2/ignition/utils/cli/FormatterFwd.hpp
-- Up-to-date: /home/julia/workspace/install/include/gz/utils2/ignition/utils/cli/App.hpp
-- Up-to-date: /home/julia/workspace/install/include/gz/utils2/ignition/utils/cli/Timer.hpp
-- Up-to-date: /home/julia/workspace/install/include/gz/utils2/ignition/utils/cli/Split.hpp
-- Up-to-date: /home/julia/workspace/install/include/gz/utils2/ignition/utils/cli/CLI.hpp
-- Up-to-date: /home/julia/workspace/install/include/gz/utils2/ignition/utils/cli/TypeTools.hpp
-- Up-to-date: /home/julia/workspace/install/include/gz/utils2/ignition/utils/cli/Macros.hpp
-- Up-to-date: /home/julia/workspace/install/include/gz/utils2/ignition/utils/cli/StringTools.hpp
-- Up-to-date: /home/julia/workspace/install/include/gz/utils2/ignition/utils/cli/Error.hpp
-- Up-to-date: /home/julia/workspace/install/include/gz/utils2/ignition/utils/cli/ConfigFwd.hpp
-- Up-to-date: /home/julia/workspace/install/include/gz/utils2/ignition/utils/cli/Validators.hpp
-- Up-to-date: /home/julia/workspace/install/include/gz/utils2/ignition/utils/cli/Version.hpp
-- Up-to-date: /home/julia/workspace/install/include/gz/utils2/gz/utils/cli/App.hpp
-- Up-to-date: /home/julia/workspace/install/include/gz/utils2/gz/utils/cli/CLI.hpp
-- Up-to-date: /home/julia/workspace/install/include/gz/utils2/gz/utils/cli/Config.hpp
-- Up-to-date: /home/julia/workspace/install/include/gz/utils2/gz/utils/cli/ConfigFwd.hpp
-- Up-to-date: /home/julia/workspace/install/include/gz/utils2/gz/utils/cli/Error.hpp
-- Up-to-date: /home/julia/workspace/install/include/gz/utils2/gz/utils/cli/Formatter.hpp
-- Up-to-date: /home/julia/workspace/install/include/gz/utils2/gz/utils/cli/FormatterFwd.hpp
-- Up-to-date: /home/julia/workspace/install/include/gz/utils2/gz/utils/cli/Macros.hpp
-- Up-to-date: /home/julia/workspace/install/include/gz/utils2/gz/utils/cli/Option.hpp
-- Up-to-date: /home/julia/workspace/install/include/gz/utils2/gz/utils/cli/Split.hpp
-- Up-to-date: /home/julia/workspace/install/include/gz/utils2/gz/utils/cli/StringTools.hpp
-- Up-to-date: /home/julia/workspace/install/include/gz/utils2/gz/utils/cli/Timer.hpp
-- Up-to-date: /home/julia/workspace/install/include/gz/utils2/gz/utils/cli/TypeTools.hpp
-- Up-to-date: /home/julia/workspace/install/include/gz/utils2/gz/utils/cli/Validators.hpp
-- Up-to-date: /home/julia/workspace/install/include/gz/utils2/gz/utils/cli/Version.hpp
-- Up-to-date: /home/julia/workspace/install/include/gz/utils2/gz/utils/cli/../cli.hh
-- Up-to-date: /home/julia/workspace/install/include/gz/utils2/gz/utils/cli/GzFormatter.hpp
-- Up-to-date: /home/julia/workspace/install/include/gz/utils2/gz/utils/cli/../cli.hh
