[0.023s] Invoking command in '/home/julia/workspace/build/gz-utils2': /usr/bin/cmake --build /home/julia/workspace/build/gz-utils2 -- -j3 -l3
[0.087s] [100%] Built target gz-utils2
[0.096s] Invoked command in '/home/julia/workspace/build/gz-utils2' returned '0': /usr/bin/cmake --build /home/julia/workspace/build/gz-utils2 -- -j3 -l3
[0.135s] Invoking command in '/home/julia/workspace/build/gz-utils2': /usr/bin/cmake --install /home/julia/workspace/build/gz-utils2
[0.142s] -- Install configuration: "RelWithDebInfo"
[0.143s] -- Up-to-date: /home/julia/workspace/install/lib/cmake/gz-utils2-all/gz-utils2-all-config.cmake
[0.143s] -- Up-to-date: /home/julia/workspace/install/lib/cmake/gz-utils2-all/gz-utils2-all-config-version.cmake
[0.146s] -- Up-to-date: /home/julia/workspace/install/lib/cmake/gz-utils2-all/gz-utils2-all-targets.cmake
[0.152s] -- Up-to-date: /home/julia/workspace/install/include/gz/utils2/gz/utils/detail/Export.hh
[0.152s] -- Up-to-date: /home/julia/workspace/install/include/gz/utils2/gz/utils/Export.hh
[0.153s] -- Up-to-date: /home/julia/workspace/install/lib/libgz-utils2.so.2.0.0
[0.153s] -- Up-to-date: /home/julia/workspace/install/lib/libgz-utils2.so.2
[0.153s] -- Up-to-date: /home/julia/workspace/install/lib/libgz-utils2.so
[0.153s] -- Up-to-date: /home/julia/workspace/install/lib/cmake/gz-utils2/gz-utils2-config.cmake
[0.153s] -- Up-to-date: /home/julia/workspace/install/lib/cmake/gz-utils2/gz-utils2-config-version.cmake
[0.154s] -- Up-to-date: /home/julia/workspace/install/lib/cmake/gz-utils2/gz-utils2-targets.cmake
[0.154s] -- Up-to-date: /home/julia/workspace/install/lib/cmake/gz-utils2/gz-utils2-targets-relwithdebinfo.cmake
[0.155s] -- Up-to-date: /home/julia/workspace/install/lib/pkgconfig/gz-utils2.pc
[0.155s] -- Up-to-date: /home/julia/workspace/install/include/gz/utils2/ignition
[0.155s] -- Up-to-date: /home/julia/workspace/install/include/gz/utils2/ignition/utils.hh
[0.156s] -- Up-to-date: /home/julia/workspace/install/include/gz/utils2/ignition/utils
[0.156s] -- Up-to-date: /home/julia/workspace/install/include/gz/utils2/ignition/utils/ImplPtr.hh
[0.156s] -- Up-to-date: /home/julia/workspace/install/include/gz/utils2/ignition/utils/Environment.hh
[0.156s] -- Up-to-date: /home/julia/workspace/install/include/gz/utils2/ignition/utils/Export.hh
[0.156s] -- Up-to-date: /home/julia/workspace/install/include/gz/utils2/ignition/utils/NeverDestroyed.hh
[0.156s] -- Up-to-date: /home/julia/workspace/install/include/gz/utils2/ignition/utils/ExtraTestMacros.hh
[0.156s] -- Up-to-date: /home/julia/workspace/install/include/gz/utils2/ignition/utils/SuppressWarning.hh
[0.156s] -- Up-to-date: /home/julia/workspace/install/include/gz/utils2/ignition/utils/config.hh
[0.156s] -- Up-to-date: /home/julia/workspace/install/include/gz/utils2/ignition/utils/detail
[0.156s] -- Up-to-date: /home/julia/workspace/install/include/gz/utils2/ignition/utils/detail/ImplPtr.hh
[0.156s] -- Up-to-date: /home/julia/workspace/install/include/gz/utils2/ignition/utils/detail/Export.hh
[0.156s] -- Up-to-date: /home/julia/workspace/install/include/gz/utils2/ignition/utils/detail/DefaultOps.hh
[0.156s] -- Up-to-date: /home/julia/workspace/install/include/gz/utils2/ignition/utils/detail/ExtraTestMacros.hh
[0.156s] -- Up-to-date: /home/julia/workspace/install/include/gz/utils2/ignition/utils/detail/SuppressWarning.hh
[0.157s] -- Up-to-date: /home/julia/workspace/install/include/gz/utils2/gz/utils/detail/DefaultOps.hh
[0.157s] -- Up-to-date: /home/julia/workspace/install/include/gz/utils2/gz/utils/detail/ExtraTestMacros.hh
[0.157s] -- Up-to-date: /home/julia/workspace/install/include/gz/utils2/gz/utils/detail/ImplPtr.hh
[0.157s] -- Up-to-date: /home/julia/workspace/install/include/gz/utils2/gz/utils/detail/SuppressWarning.hh
[0.157s] -- Up-to-date: /home/julia/workspace/install/include/gz/utils2/gz/utils/Environment.hh
[0.157s] -- Up-to-date: /home/julia/workspace/install/include/gz/utils2/gz/utils/ExtraTestMacros.hh
[0.157s] -- Up-to-date: /home/julia/workspace/install/include/gz/utils2/gz/utils/ImplPtr.hh
[0.157s] -- Up-to-date: /home/julia/workspace/install/include/gz/utils2/gz/utils/NeverDestroyed.hh
[0.157s] -- Up-to-date: /home/julia/workspace/install/include/gz/utils2/gz/utils/SuppressWarning.hh
[0.157s] -- Up-to-date: /home/julia/workspace/install/include/gz/utils2/gz/utils/../utils.hh
[0.158s] -- Up-to-date: /home/julia/workspace/install/include/gz/utils2/gz/utils/config.hh
[0.158s] -- Up-to-date: /home/julia/workspace/install/lib/cmake/gz-utils2-cli/gz-utils2-cli-config.cmake
[0.158s] -- Up-to-date: /home/julia/workspace/install/lib/cmake/gz-utils2-cli/gz-utils2-cli-config-version.cmake
[0.160s] -- Up-to-date: /home/julia/workspace/install/lib/cmake/gz-utils2-cli/gz-utils2-cli-targets.cmake
[0.160s] -- Up-to-date: /home/julia/workspace/install/lib/pkgconfig/gz-utils2-cli.pc
[0.167s] -- Up-to-date: /home/julia/workspace/install/include/gz/utils2/ignition
[0.169s] -- Up-to-date: /home/julia/workspace/install/include/gz/utils2/ignition/utils
[0.169s] -- Up-to-date: /home/julia/workspace/install/include/gz/utils2/ignition/utils/cli.hh
[0.169s] -- Up-to-date: /home/julia/workspace/install/include/gz/utils2/ignition/utils/cli
[0.169s] -- Up-to-date: /home/julia/workspace/install/include/gz/utils2/ignition/utils/cli/IgnitionFormatter.hpp
[0.169s] -- Up-to-date: /home/julia/workspace/install/include/gz/utils2/ignition
[0.169s] -- Up-to-date: /home/julia/workspace/install/include/gz/utils2/ignition/utils
[0.169s] -- Up-to-date: /home/julia/workspace/install/include/gz/utils2/ignition/utils/cli
[0.170s] -- Up-to-date: /home/julia/workspace/install/include/gz/utils2/ignition/utils/cli/Formatter.hpp
[0.170s] -- Up-to-date: /home/julia/workspace/install/include/gz/utils2/ignition/utils/cli/Config.hpp
[0.170s] -- Up-to-date: /home/julia/workspace/install/include/gz/utils2/ignition/utils/cli/Option.hpp
[0.170s] -- Up-to-date: /home/julia/workspace/install/include/gz/utils2/ignition/utils/cli/FormatterFwd.hpp
[0.170s] -- Up-to-date: /home/julia/workspace/install/include/gz/utils2/ignition/utils/cli/App.hpp
[0.170s] -- Up-to-date: /home/julia/workspace/install/include/gz/utils2/ignition/utils/cli/Timer.hpp
[0.170s] -- Up-to-date: /home/julia/workspace/install/include/gz/utils2/ignition/utils/cli/Split.hpp
[0.171s] -- Up-to-date: /home/julia/workspace/install/include/gz/utils2/ignition/utils/cli/CLI.hpp
[0.171s] -- Up-to-date: /home/julia/workspace/install/include/gz/utils2/ignition/utils/cli/TypeTools.hpp
[0.171s] -- Up-to-date: /home/julia/workspace/install/include/gz/utils2/ignition/utils/cli/Macros.hpp
[0.171s] -- Up-to-date: /home/julia/workspace/install/include/gz/utils2/ignition/utils/cli/StringTools.hpp
[0.171s] -- Up-to-date: /home/julia/workspace/install/include/gz/utils2/ignition/utils/cli/Error.hpp
[0.171s] -- Up-to-date: /home/julia/workspace/install/include/gz/utils2/ignition/utils/cli/ConfigFwd.hpp
[0.171s] -- Up-to-date: /home/julia/workspace/install/include/gz/utils2/ignition/utils/cli/Validators.hpp
[0.171s] -- Up-to-date: /home/julia/workspace/install/include/gz/utils2/ignition/utils/cli/Version.hpp
[0.172s] -- Up-to-date: /home/julia/workspace/install/include/gz/utils2/gz/utils/cli/App.hpp
[0.172s] -- Up-to-date: /home/julia/workspace/install/include/gz/utils2/gz/utils/cli/CLI.hpp
[0.172s] -- Up-to-date: /home/julia/workspace/install/include/gz/utils2/gz/utils/cli/Config.hpp
[0.172s] -- Up-to-date: /home/julia/workspace/install/include/gz/utils2/gz/utils/cli/ConfigFwd.hpp
[0.172s] -- Up-to-date: /home/julia/workspace/install/include/gz/utils2/gz/utils/cli/Error.hpp
[0.172s] -- Up-to-date: /home/julia/workspace/install/include/gz/utils2/gz/utils/cli/Formatter.hpp
[0.172s] -- Up-to-date: /home/julia/workspace/install/include/gz/utils2/gz/utils/cli/FormatterFwd.hpp
[0.173s] -- Up-to-date: /home/julia/workspace/install/include/gz/utils2/gz/utils/cli/Macros.hpp
[0.173s] -- Up-to-date: /home/julia/workspace/install/include/gz/utils2/gz/utils/cli/Option.hpp
[0.173s] -- Up-to-date: /home/julia/workspace/install/include/gz/utils2/gz/utils/cli/Split.hpp
[0.173s] -- Up-to-date: /home/julia/workspace/install/include/gz/utils2/gz/utils/cli/StringTools.hpp
[0.173s] -- Up-to-date: /home/julia/workspace/install/include/gz/utils2/gz/utils/cli/Timer.hpp
[0.173s] -- Up-to-date: /home/julia/workspace/install/include/gz/utils2/gz/utils/cli/TypeTools.hpp
[0.173s] -- Up-to-date: /home/julia/workspace/install/include/gz/utils2/gz/utils/cli/Validators.hpp
[0.173s] -- Up-to-date: /home/julia/workspace/install/include/gz/utils2/gz/utils/cli/Version.hpp
[0.174s] -- Up-to-date: /home/julia/workspace/install/include/gz/utils2/gz/utils/cli/../cli.hh
[0.174s] -- Up-to-date: /home/julia/workspace/install/include/gz/utils2/gz/utils/cli/GzFormatter.hpp
[0.174s] -- Up-to-date: /home/julia/workspace/install/include/gz/utils2/gz/utils/cli/../cli.hh
[0.213s] Invoked command in '/home/julia/workspace/build/gz-utils2' returned '0': /usr/bin/cmake --install /home/julia/workspace/build/gz-utils2
