-- Install configuration: ""
-- Installing: /home/julia/workspace/install/share/gz/gz-cmake3/benchmark
-- Installing: /home/julia/workspace/install/share/gz/gz-cmake3/benchmark/run_benchmarks.py
-- Installing: /home/julia/workspace/install/share/gz/gz-cmake3/codecheck
-- Installing: /home/julia/workspace/install/share/gz/gz-cmake3/codecheck/header_guard.rule
-- Installing: /home/julia/workspace/install/share/gz/gz-cmake3/codecheck/namespace_AZ.rule
-- Installing: /home/julia/workspace/install/share/gz/gz-cmake3/codecheck/cpplint.py
-- Installing: /home/julia/workspace/install/share/gz/gz-cmake3/tools
-- Installing: /home/julia/workspace/install/share/gz/gz-cmake3/tools/check_test_ran.py
-- Installing: /home/julia/workspace/install/share/gz/gz-cmake3/tools/doc_check.sh
-- Installing: /home/julia/workspace/install/share/cmake/gz-cmake3/gz-cmake3-config.cmake
-- Installing: /home/julia/workspace/install/share/cmake/gz-cmake3/gz-cmake3-config-version.cmake
-- Installing: /home/julia/workspace/install/lib/pkgconfig/gz-cmake3.pc
-- Installing: /home/julia/workspace/install/share/cmake/gz-cmake3/gz-cmake3-utilities-targets.cmake
-- Installing: /home/julia/workspace/install/include/gz/cmake3
-- Installing: /home/julia/workspace/install/include/gz/cmake3/ignition
-- Installing: /home/julia/workspace/install/include/gz/cmake3/ignition/utilities
-- Installing: /home/julia/workspace/install/include/gz/cmake3/ignition/utilities/ExtraTestMacros.hh
-- Installing: /home/julia/workspace/install/include/gz/cmake3/ignition/utilities/SuppressWarning.hh
-- Installing: /home/julia/workspace/install/include/gz/cmake3/gz
-- Installing: /home/julia/workspace/install/include/gz/cmake3/gz/utilities
-- Installing: /home/julia/workspace/install/include/gz/cmake3/gz/utilities/ExtraTestMacros.hh
-- Installing: /home/julia/workspace/install/include/gz/cmake3/gz/utilities/SuppressWarning.hh
-- Installing: /home/julia/workspace/install/include/gz/cmake3/gz/utilities/detail
-- Installing: /home/julia/workspace/install/include/gz/cmake3/gz/utilities/detail/ExtraTestMacros.hh
-- Installing: /home/julia/workspace/install/include/gz/cmake3/gz/utilities/detail/SuppressWarning.hh
-- Installing: /home/julia/workspace/install/share/cmake/gz-cmake3/cmake3/FindAVCODEC.cmake
-- Installing: /home/julia/workspace/install/share/cmake/gz-cmake3/cmake3/FindAVDEVICE.cmake
-- Installing: /home/julia/workspace/install/share/cmake/gz-cmake3/cmake3/FindAVFORMAT.cmake
-- Installing: /home/julia/workspace/install/share/cmake/gz-cmake3/cmake3/FindAVUTIL.cmake
-- Installing: /home/julia/workspace/install/share/cmake/gz-cmake3/cmake3/FindCPPZMQ.cmake
-- Installing: /home/julia/workspace/install/share/cmake/gz-cmake3/cmake3/FindDL.cmake
-- Installing: /home/julia/workspace/install/share/cmake/gz-cmake3/cmake3/FindEIGEN3.cmake
-- Installing: /home/julia/workspace/install/share/cmake/gz-cmake3/cmake3/FindFreeImage.cmake
-- Installing: /home/julia/workspace/install/share/cmake/gz-cmake3/cmake3/FindGTS.cmake
-- Installing: /home/julia/workspace/install/share/cmake/gz-cmake3/cmake3/FindGzAssimp.cmake
-- Installing: /home/julia/workspace/install/share/cmake/gz-cmake3/cmake3/FindGzBullet.cmake
-- Installing: /home/julia/workspace/install/share/cmake/gz-cmake3/cmake3/FindGzCURL.cmake
-- Installing: /home/julia/workspace/install/share/cmake/gz-cmake3/cmake3/FindGzOGRE.cmake
-- Installing: /home/julia/workspace/install/share/cmake/gz-cmake3/cmake3/FindGzOGRE2.cmake
-- Installing: /home/julia/workspace/install/share/cmake/gz-cmake3/cmake3/FindGzProtobuf.cmake
-- Installing: /home/julia/workspace/install/share/cmake/gz-cmake3/cmake3/FindGzURDFDOM.cmake
-- Installing: /home/julia/workspace/install/share/cmake/gz-cmake3/cmake3/FindIFADDRS.cmake
-- Installing: /home/julia/workspace/install/share/cmake/gz-cmake3/cmake3/FindJSONCPP.cmake
-- Installing: /home/julia/workspace/install/share/cmake/gz-cmake3/cmake3/FindODE.cmake
-- Installing: /home/julia/workspace/install/share/cmake/gz-cmake3/cmake3/FindOptiX.cmake
-- Installing: /home/julia/workspace/install/share/cmake/gz-cmake3/cmake3/FindSQLite3.cmake
-- Installing: /home/julia/workspace/install/share/cmake/gz-cmake3/cmake3/FindSWSCALE.cmake
-- Installing: /home/julia/workspace/install/share/cmake/gz-cmake3/cmake3/FindTINYXML2.cmake
-- Installing: /home/julia/workspace/install/share/cmake/gz-cmake3/cmake3/FindUUID.cmake
-- Installing: /home/julia/workspace/install/share/cmake/gz-cmake3/cmake3/FindYAML.cmake
-- Installing: /home/julia/workspace/install/share/cmake/gz-cmake3/cmake3/FindZIP.cmake
-- Installing: /home/julia/workspace/install/share/cmake/gz-cmake3/cmake3/FindZeroMQ.cmake
-- Installing: /home/julia/workspace/install/share/cmake/gz-cmake3/cmake3/GzBenchmark.cmake
-- Installing: /home/julia/workspace/install/share/cmake/gz-cmake3/cmake3/GzCMake.cmake
-- Installing: /home/julia/workspace/install/share/cmake/gz-cmake3/cmake3/GzCheckSSE.cmake
-- Installing: /home/julia/workspace/install/share/cmake/gz-cmake3/cmake3/GzCodeCheck.cmake
-- Installing: /home/julia/workspace/install/share/cmake/gz-cmake3/cmake3/GzCodeCoverage.cmake
-- Installing: /home/julia/workspace/install/share/cmake/gz-cmake3/cmake3/GzConfigureBuild.cmake
-- Installing: /home/julia/workspace/install/share/cmake/gz-cmake3/cmake3/GzConfigureProject.cmake
-- Installing: /home/julia/workspace/install/share/cmake/gz-cmake3/cmake3/GzCreateDocs.cmake
-- Installing: /home/julia/workspace/install/share/cmake/gz-cmake3/cmake3/GzGenerateVersionInfo.cmake
-- Installing: /home/julia/workspace/install/share/cmake/gz-cmake3/cmake3/GzImportTarget.cmake
-- Installing: /home/julia/workspace/install/share/cmake/gz-cmake3/cmake3/GzManualSearch.cmake
-- Installing: /home/julia/workspace/install/share/cmake/gz-cmake3/cmake3/GzPackaging.cmake
-- Installing: /home/julia/workspace/install/share/cmake/gz-cmake3/cmake3/GzPkgConfig.cmake
-- Installing: /home/julia/workspace/install/share/cmake/gz-cmake3/cmake3/GzPython.cmake
-- Installing: /home/julia/workspace/install/share/cmake/gz-cmake3/cmake3/GzRonn2Man.cmake
-- Installing: /home/julia/workspace/install/share/cmake/gz-cmake3/cmake3/GzSanitizers.cmake
-- Installing: /home/julia/workspace/install/share/cmake/gz-cmake3/cmake3/GzSetCompilerFlags.cmake
-- Installing: /home/julia/workspace/install/share/cmake/gz-cmake3/cmake3/GzUtils.cmake
-- Installing: /home/julia/workspace/install/share/cmake/gz-cmake3/cmake3/JoinPaths.cmake
-- Installing: /home/julia/workspace/install/share/cmake/gz-cmake3/cmake3/Export.hh.in
-- Installing: /home/julia/workspace/install/share/cmake/gz-cmake3/cmake3/cmake_uninstall.cmake.in
-- Installing: /home/julia/workspace/install/share/cmake/gz-cmake3/cmake3/cpack_options.cmake.in
-- Installing: /home/julia/workspace/install/share/cmake/gz-cmake3/cmake3/gz-all-config.cmake.in
-- Installing: /home/julia/workspace/install/share/cmake/gz-cmake3/cmake3/gz-component-config.cmake.in
-- Installing: /home/julia/workspace/install/share/cmake/gz-cmake3/cmake3/gz-config.cmake.in
-- Installing: /home/julia/workspace/install/share/cmake/gz-cmake3/cmake3/gz_auto_headers.hh.in
-- Installing: /home/julia/workspace/install/share/cmake/gz-cmake3/cmake3/upload_doc.sh.in
-- Installing: /home/julia/workspace/install/share/cmake/gz-cmake3/cmake3/version_info.json.in
-- Installing: /home/julia/workspace/install/share/cmake/gz-cmake3/cmake3/pkgconfig/gz-component.pc.in
-- Installing: /home/julia/workspace/install/share/cmake/gz-cmake3/cmake3/pkgconfig/gz.pc.in
-- Installing: /home/julia/workspace/install/share/cmake/gz-cmake3/cmake3/IgnPython.cmake
-- Installing: /home/julia/workspace/install/share/cmake/gz-cmake3/cmake3/IgnBenchmark.cmake
-- Installing: /home/julia/workspace/install/share/gz/gz-cmake3/doxygen
-- Installing: /home/julia/workspace/install/share/gz/gz-cmake3/doxygen/layout.xml
-- Installing: /home/julia/workspace/install/share/gz/gz-cmake3/doxygen/api.in
-- Installing: /home/julia/workspace/install/share/gz/gz-cmake3/doxygen/footer.html
-- Installing: /home/julia/workspace/install/share/gz/gz-cmake3/doxygen/header.html
-- Installing: /home/julia/workspace/install/share/gz/gz-cmake3/doxygen/cppreference.tag.xml
