[0.376s] DEBUG:colcon:Command line arguments: ['/home/julia/.local/bin/colcon', 'graph']
[0.377s] DEBUG:colcon:Parsed command line arguments: Namespace(allow_overriding=[], base_paths=['.'], build_base='build', density=False, dot=False, dot_cluster=False, dot_include_skipped=False, ignore_user_meta=False, legend=False, log_base=None, log_level=None, main=<bound method GraphVerb.main of <colcon_package_information.verb.graph.GraphVerb object at 0x7f441a436070>>, metas=['./colcon.meta'], packages_above=None, packages_above_and_dependencies=None, packages_above_depth=None, packages_end=None, packages_ignore=None, packages_ignore_regex=None, packages_select=None, packages_select_build_failed=False, packages_select_by_dep=None, packages_select_regex=None, packages_select_test_failures=False, packages_skip=None, packages_skip_build_finished=False, packages_skip_by_dep=None, packages_skip_regex=None, packages_skip_test_passed=False, packages_skip_up_to=None, packages_start=None, packages_up_to=None, packages_up_to_regex=None, paths=None, verb_extension=<colcon_package_information.verb.graph.GraphVerb object at 0x7f441a436070>, verb_name='graph', verb_parser=<colcon_defaults.argument_parser.defaults.DefaultArgumentsDecorator object at 0x7f441a3bc640>)
[0.421s] Level 1:colcon.colcon_core.package_discovery:discover_packages(colcon_meta) check parameters
[0.421s] Level 1:colcon.colcon_core.package_discovery:discover_packages(recursive) check parameters
[0.421s] Level 1:colcon.colcon_core.package_discovery:discover_packages(ignore) check parameters
[0.421s] Level 1:colcon.colcon_core.package_discovery:discover_packages(path) check parameters
[0.421s] Level 1:colcon.colcon_core.package_discovery:discover_packages(colcon_meta) discover
[0.421s] Level 1:colcon.colcon_core.package_discovery:discover_packages(recursive) discover
[0.421s] INFO:colcon.colcon_core.package_discovery:Crawling recursively for packages in '/home/julia/workspace'
[0.421s] Level 1:colcon.colcon_core.package_identification:_identify(.) by extensions ['ignore', 'ignore_ament_install']
[0.421s] Level 1:colcon.colcon_core.package_identification:_identify(.) by extension 'ignore'
[0.421s] Level 1:colcon.colcon_core.package_identification:_identify(.) by extension 'ignore_ament_install'
[0.421s] Level 1:colcon.colcon_core.package_identification:_identify(.) by extensions ['colcon_pkg']
[0.421s] Level 1:colcon.colcon_core.package_identification:_identify(.) by extension 'colcon_pkg'
[0.421s] Level 1:colcon.colcon_core.package_identification:_identify(.) by extensions ['colcon_meta']
[0.421s] Level 1:colcon.colcon_core.package_identification:_identify(.) by extension 'colcon_meta'
[0.421s] Level 1:colcon.colcon_core.package_identification:_identify(.) by extensions ['ros']
[0.421s] Level 1:colcon.colcon_core.package_identification:_identify(.) by extension 'ros'
[0.443s] Level 1:colcon.colcon_core.package_identification:_identify(.) by extensions ['cmake', 'python']
[0.443s] Level 1:colcon.colcon_core.package_identification:_identify(.) by extension 'cmake'
[0.443s] Level 1:colcon.colcon_core.package_identification:_identify(.) by extension 'python'
[0.444s] Level 1:colcon.colcon_core.package_identification:_identify(.) by extensions ['python_setup_py']
[0.444s] Level 1:colcon.colcon_core.package_identification:_identify(.) by extension 'python_setup_py'
[0.444s] Level 1:colcon.colcon_core.package_identification:_identify(Project1) by extensions ['ignore', 'ignore_ament_install']
[0.444s] Level 1:colcon.colcon_core.package_identification:_identify(Project1) by extension 'ignore'
[0.444s] Level 1:colcon.colcon_core.package_identification:_identify(Project1) by extension 'ignore_ament_install'
[0.444s] Level 1:colcon.colcon_core.package_identification:_identify(Project1) by extensions ['colcon_pkg']
[0.444s] Level 1:colcon.colcon_core.package_identification:_identify(Project1) by extension 'colcon_pkg'
[0.444s] Level 1:colcon.colcon_core.package_identification:_identify(Project1) by extensions ['colcon_meta']
[0.444s] Level 1:colcon.colcon_core.package_identification:_identify(Project1) by extension 'colcon_meta'
[0.444s] Level 1:colcon.colcon_core.package_identification:_identify(Project1) by extensions ['ros']
[0.444s] Level 1:colcon.colcon_core.package_identification:_identify(Project1) by extension 'ros'
[0.444s] Level 1:colcon.colcon_core.package_identification:_identify(Project1) by extensions ['cmake', 'python']
[0.444s] Level 1:colcon.colcon_core.package_identification:_identify(Project1) by extension 'cmake'
[0.447s] Level 1:colcon.colcon_core.package_identification:_identify(Project1) by extension 'python'
[0.447s] DEBUG:colcon.colcon_core.package_identification:Package 'Project1' with type 'cmake' and name 'Project1'
[0.447s] Level 1:colcon.colcon_core.package_identification:_identify(log) by extensions ['ignore', 'ignore_ament_install']
[0.447s] Level 1:colcon.colcon_core.package_identification:_identify(log) by extension 'ignore'
[0.447s] Level 1:colcon.colcon_core.package_identification:_identify(log) ignored
[0.447s] Level 1:colcon.colcon_core.package_identification:_identify(src) by extensions ['ignore', 'ignore_ament_install']
[0.447s] Level 1:colcon.colcon_core.package_identification:_identify(src) by extension 'ignore'
[0.447s] Level 1:colcon.colcon_core.package_identification:_identify(src) by extension 'ignore_ament_install'
[0.447s] Level 1:colcon.colcon_core.package_identification:_identify(src) by extensions ['colcon_pkg']
[0.448s] Level 1:colcon.colcon_core.package_identification:_identify(src) by extension 'colcon_pkg'
[0.448s] Level 1:colcon.colcon_core.package_identification:_identify(src) by extensions ['colcon_meta']
[0.448s] Level 1:colcon.colcon_core.package_identification:_identify(src) by extension 'colcon_meta'
[0.448s] Level 1:colcon.colcon_core.package_identification:_identify(src) by extensions ['ros']
[0.448s] Level 1:colcon.colcon_core.package_identification:_identify(src) by extension 'ros'
[0.448s] Level 1:colcon.colcon_core.package_identification:_identify(src) by extensions ['cmake', 'python']
[0.448s] Level 1:colcon.colcon_core.package_identification:_identify(src) by extension 'cmake'
[0.448s] Level 1:colcon.colcon_core.package_identification:_identify(src) by extension 'python'
[0.448s] Level 1:colcon.colcon_core.package_identification:_identify(src) by extensions ['python_setup_py']
[0.448s] Level 1:colcon.colcon_core.package_identification:_identify(src) by extension 'python_setup_py'
[0.448s] Level 1:colcon.colcon_core.package_identification:_identify(src/gz-cmake) by extensions ['ignore', 'ignore_ament_install']
[0.448s] Level 1:colcon.colcon_core.package_identification:_identify(src/gz-cmake) by extension 'ignore'
[0.448s] Level 1:colcon.colcon_core.package_identification:_identify(src/gz-cmake) by extension 'ignore_ament_install'
[0.448s] Level 1:colcon.colcon_core.package_identification:_identify(src/gz-cmake) by extensions ['colcon_pkg']
[0.448s] Level 1:colcon.colcon_core.package_identification:_identify(src/gz-cmake) by extension 'colcon_pkg'
[0.448s] Level 1:colcon.colcon_core.package_identification:_identify(src/gz-cmake) by extensions ['colcon_meta']
[0.448s] Level 1:colcon.colcon_core.package_identification:_identify(src/gz-cmake) by extension 'colcon_meta'
[0.448s] Level 1:colcon.colcon_core.package_identification:_identify(src/gz-cmake) by extensions ['ros']
[0.448s] Level 1:colcon.colcon_core.package_identification:_identify(src/gz-cmake) by extension 'ros'
[0.448s] Level 1:colcon.colcon_core.package_identification:_identify(src/gz-cmake) by extensions ['cmake', 'python']
[0.448s] Level 1:colcon.colcon_core.package_identification:_identify(src/gz-cmake) by extension 'cmake'
[0.467s] Level 1:colcon.colcon_core.package_identification:_identify(src/gz-cmake) by extension 'python'
[0.467s] DEBUG:colcon.colcon_core.package_identification:Package 'src/gz-cmake' with type 'cmake' and name 'gz-cmake3'
[0.467s] Level 1:colcon.colcon_core.package_identification:_identify(src/gz-common) by extensions ['ignore', 'ignore_ament_install']
[0.467s] Level 1:colcon.colcon_core.package_identification:_identify(src/gz-common) by extension 'ignore'
[0.467s] Level 1:colcon.colcon_core.package_identification:_identify(src/gz-common) by extension 'ignore_ament_install'
[0.467s] Level 1:colcon.colcon_core.package_identification:_identify(src/gz-common) by extensions ['colcon_pkg']
[0.467s] Level 1:colcon.colcon_core.package_identification:_identify(src/gz-common) by extension 'colcon_pkg'
[0.467s] Level 1:colcon.colcon_core.package_identification:_identify(src/gz-common) by extensions ['colcon_meta']
[0.467s] Level 1:colcon.colcon_core.package_identification:_identify(src/gz-common) by extension 'colcon_meta'
[0.467s] Level 1:colcon.colcon_core.package_identification:_identify(src/gz-common) by extensions ['ros']
[0.467s] Level 1:colcon.colcon_core.package_identification:_identify(src/gz-common) by extension 'ros'
[0.468s] Level 1:colcon.colcon_core.package_identification:_identify(src/gz-common) by extensions ['cmake', 'python']
[0.468s] Level 1:colcon.colcon_core.package_identification:_identify(src/gz-common) by extension 'cmake'
[0.473s] Level 1:colcon.colcon_core.package_identification:_identify(src/gz-common) by extension 'python'
[0.473s] DEBUG:colcon.colcon_core.package_identification:Package 'src/gz-common' with type 'cmake' and name 'gz-common5'
[0.473s] Level 1:colcon.colcon_core.package_identification:_identify(src/gz-fuel-tools) by extensions ['ignore', 'ignore_ament_install']
[0.473s] Level 1:colcon.colcon_core.package_identification:_identify(src/gz-fuel-tools) by extension 'ignore'
[0.473s] Level 1:colcon.colcon_core.package_identification:_identify(src/gz-fuel-tools) by extension 'ignore_ament_install'
[0.473s] Level 1:colcon.colcon_core.package_identification:_identify(src/gz-fuel-tools) by extensions ['colcon_pkg']
[0.473s] Level 1:colcon.colcon_core.package_identification:_identify(src/gz-fuel-tools) by extension 'colcon_pkg'
[0.473s] Level 1:colcon.colcon_core.package_identification:_identify(src/gz-fuel-tools) by extensions ['colcon_meta']
[0.473s] Level 1:colcon.colcon_core.package_identification:_identify(src/gz-fuel-tools) by extension 'colcon_meta'
[0.473s] Level 1:colcon.colcon_core.package_identification:_identify(src/gz-fuel-tools) by extensions ['ros']
[0.473s] Level 1:colcon.colcon_core.package_identification:_identify(src/gz-fuel-tools) by extension 'ros'
[0.473s] Level 1:colcon.colcon_core.package_identification:_identify(src/gz-fuel-tools) by extensions ['cmake', 'python']
[0.473s] Level 1:colcon.colcon_core.package_identification:_identify(src/gz-fuel-tools) by extension 'cmake'
[0.474s] Level 1:colcon.colcon_core.package_identification:_identify(src/gz-fuel-tools) by extension 'python'
[0.474s] DEBUG:colcon.colcon_core.package_identification:Package 'src/gz-fuel-tools' with type 'cmake' and name 'gz-fuel_tools9'
[0.475s] Level 1:colcon.colcon_core.package_identification:_identify(src/gz-gui) by extensions ['ignore', 'ignore_ament_install']
[0.475s] Level 1:colcon.colcon_core.package_identification:_identify(src/gz-gui) by extension 'ignore'
[0.475s] Level 1:colcon.colcon_core.package_identification:_identify(src/gz-gui) by extension 'ignore_ament_install'
[0.475s] Level 1:colcon.colcon_core.package_identification:_identify(src/gz-gui) by extensions ['colcon_pkg']
[0.475s] Level 1:colcon.colcon_core.package_identification:_identify(src/gz-gui) by extension 'colcon_pkg'
[0.475s] Level 1:colcon.colcon_core.package_identification:_identify(src/gz-gui) by extensions ['colcon_meta']
[0.475s] Level 1:colcon.colcon_core.package_identification:_identify(src/gz-gui) by extension 'colcon_meta'
[0.475s] Level 1:colcon.colcon_core.package_identification:_identify(src/gz-gui) by extensions ['ros']
[0.475s] Level 1:colcon.colcon_core.package_identification:_identify(src/gz-gui) by extension 'ros'
[0.475s] Level 1:colcon.colcon_core.package_identification:_identify(src/gz-gui) by extensions ['cmake', 'python']
[0.475s] Level 1:colcon.colcon_core.package_identification:_identify(src/gz-gui) by extension 'cmake'
[0.479s] Level 1:colcon.colcon_core.package_identification:_identify(src/gz-gui) by extension 'python'
[0.479s] DEBUG:colcon.colcon_core.package_identification:Package 'src/gz-gui' with type 'cmake' and name 'gz-gui8'
[0.479s] Level 1:colcon.colcon_core.package_identification:_identify(src/gz-launch) by extensions ['ignore', 'ignore_ament_install']
[0.479s] Level 1:colcon.colcon_core.package_identification:_identify(src/gz-launch) by extension 'ignore'
[0.479s] Level 1:colcon.colcon_core.package_identification:_identify(src/gz-launch) by extension 'ignore_ament_install'
[0.479s] Level 1:colcon.colcon_core.package_identification:_identify(src/gz-launch) by extensions ['colcon_pkg']
[0.479s] Level 1:colcon.colcon_core.package_identification:_identify(src/gz-launch) by extension 'colcon_pkg'
[0.479s] Level 1:colcon.colcon_core.package_identification:_identify(src/gz-launch) by extensions ['colcon_meta']
[0.479s] Level 1:colcon.colcon_core.package_identification:_identify(src/gz-launch) by extension 'colcon_meta'
[0.480s] Level 1:colcon.colcon_core.package_identification:_identify(src/gz-launch) by extensions ['ros']
[0.480s] Level 1:colcon.colcon_core.package_identification:_identify(src/gz-launch) by extension 'ros'
[0.480s] Level 1:colcon.colcon_core.package_identification:_identify(src/gz-launch) by extensions ['cmake', 'python']
[0.480s] Level 1:colcon.colcon_core.package_identification:_identify(src/gz-launch) by extension 'cmake'
[0.482s] Level 1:colcon.colcon_core.package_identification:_identify(src/gz-launch) by extension 'python'
[0.482s] DEBUG:colcon.colcon_core.package_identification:Package 'src/gz-launch' with type 'cmake' and name 'gz-launch7'
[0.482s] Level 1:colcon.colcon_core.package_identification:_identify(src/gz-math) by extensions ['ignore', 'ignore_ament_install']
[0.482s] Level 1:colcon.colcon_core.package_identification:_identify(src/gz-math) by extension 'ignore'
[0.482s] Level 1:colcon.colcon_core.package_identification:_identify(src/gz-math) by extension 'ignore_ament_install'
[0.482s] Level 1:colcon.colcon_core.package_identification:_identify(src/gz-math) by extensions ['colcon_pkg']
[0.482s] Level 1:colcon.colcon_core.package_identification:_identify(src/gz-math) by extension 'colcon_pkg'
[0.482s] Level 1:colcon.colcon_core.package_identification:_identify(src/gz-math) by extensions ['colcon_meta']
[0.482s] Level 1:colcon.colcon_core.package_identification:_identify(src/gz-math) by extension 'colcon_meta'
[0.482s] Level 1:colcon.colcon_core.package_identification:_identify(src/gz-math) by extensions ['ros']
[0.482s] Level 1:colcon.colcon_core.package_identification:_identify(src/gz-math) by extension 'ros'
[0.482s] Level 1:colcon.colcon_core.package_identification:_identify(src/gz-math) by extensions ['cmake', 'python']
[0.482s] Level 1:colcon.colcon_core.package_identification:_identify(src/gz-math) by extension 'cmake'
[0.485s] Level 1:colcon.colcon_core.package_identification:_identify(src/gz-math) by extension 'python'
[0.485s] DEBUG:colcon.colcon_core.package_identification:Package 'src/gz-math' with type 'cmake' and name 'gz-math7'
[0.485s] Level 1:colcon.colcon_core.package_identification:_identify(src/gz-msgs) by extensions ['ignore', 'ignore_ament_install']
[0.485s] Level 1:colcon.colcon_core.package_identification:_identify(src/gz-msgs) by extension 'ignore'
[0.485s] Level 1:colcon.colcon_core.package_identification:_identify(src/gz-msgs) by extension 'ignore_ament_install'
[0.485s] Level 1:colcon.colcon_core.package_identification:_identify(src/gz-msgs) by extensions ['colcon_pkg']
[0.485s] Level 1:colcon.colcon_core.package_identification:_identify(src/gz-msgs) by extension 'colcon_pkg'
[0.485s] Level 1:colcon.colcon_core.package_identification:_identify(src/gz-msgs) by extensions ['colcon_meta']
[0.485s] Level 1:colcon.colcon_core.package_identification:_identify(src/gz-msgs) by extension 'colcon_meta'
[0.485s] Level 1:colcon.colcon_core.package_identification:_identify(src/gz-msgs) by extensions ['ros']
[0.485s] Level 1:colcon.colcon_core.package_identification:_identify(src/gz-msgs) by extension 'ros'
[0.485s] Level 1:colcon.colcon_core.package_identification:_identify(src/gz-msgs) by extensions ['cmake', 'python']
[0.485s] Level 1:colcon.colcon_core.package_identification:_identify(src/gz-msgs) by extension 'cmake'
[0.487s] Level 1:colcon.colcon_core.package_identification:_identify(src/gz-msgs) by extension 'python'
[0.487s] DEBUG:colcon.colcon_core.package_identification:Package 'src/gz-msgs' with type 'cmake' and name 'gz-msgs10'
[0.487s] Level 1:colcon.colcon_core.package_identification:_identify(src/gz-physics) by extensions ['ignore', 'ignore_ament_install']
[0.487s] Level 1:colcon.colcon_core.package_identification:_identify(src/gz-physics) by extension 'ignore'
[0.487s] Level 1:colcon.colcon_core.package_identification:_identify(src/gz-physics) by extension 'ignore_ament_install'
[0.487s] Level 1:colcon.colcon_core.package_identification:_identify(src/gz-physics) by extensions ['colcon_pkg']
[0.488s] Level 1:colcon.colcon_core.package_identification:_identify(src/gz-physics) by extension 'colcon_pkg'
[0.488s] Level 1:colcon.colcon_core.package_identification:_identify(src/gz-physics) by extensions ['colcon_meta']
[0.488s] Level 1:colcon.colcon_core.package_identification:_identify(src/gz-physics) by extension 'colcon_meta'
[0.488s] Level 1:colcon.colcon_core.package_identification:_identify(src/gz-physics) by extensions ['ros']
[0.488s] Level 1:colcon.colcon_core.package_identification:_identify(src/gz-physics) by extension 'ros'
[0.488s] Level 1:colcon.colcon_core.package_identification:_identify(src/gz-physics) by extensions ['cmake', 'python']
[0.488s] Level 1:colcon.colcon_core.package_identification:_identify(src/gz-physics) by extension 'cmake'
[0.491s] Level 1:colcon.colcon_core.package_identification:_identify(src/gz-physics) by extension 'python'
[0.491s] DEBUG:colcon.colcon_core.package_identification:Package 'src/gz-physics' with type 'cmake' and name 'gz-physics6'
[0.491s] Level 1:colcon.colcon_core.package_identification:_identify(src/gz-plugin) by extensions ['ignore', 'ignore_ament_install']
[0.491s] Level 1:colcon.colcon_core.package_identification:_identify(src/gz-plugin) by extension 'ignore'
[0.491s] Level 1:colcon.colcon_core.package_identification:_identify(src/gz-plugin) by extension 'ignore_ament_install'
[0.492s] Level 1:colcon.colcon_core.package_identification:_identify(src/gz-plugin) by extensions ['colcon_pkg']
[0.492s] Level 1:colcon.colcon_core.package_identification:_identify(src/gz-plugin) by extension 'colcon_pkg'
[0.492s] Level 1:colcon.colcon_core.package_identification:_identify(src/gz-plugin) by extensions ['colcon_meta']
[0.492s] Level 1:colcon.colcon_core.package_identification:_identify(src/gz-plugin) by extension 'colcon_meta'
[0.492s] Level 1:colcon.colcon_core.package_identification:_identify(src/gz-plugin) by extensions ['ros']
[0.492s] Level 1:colcon.colcon_core.package_identification:_identify(src/gz-plugin) by extension 'ros'
[0.492s] Level 1:colcon.colcon_core.package_identification:_identify(src/gz-plugin) by extensions ['cmake', 'python']
[0.492s] Level 1:colcon.colcon_core.package_identification:_identify(src/gz-plugin) by extension 'cmake'
[0.494s] Level 1:colcon.colcon_core.package_identification:_identify(src/gz-plugin) by extension 'python'
[0.494s] DEBUG:colcon.colcon_core.package_identification:Package 'src/gz-plugin' with type 'cmake' and name 'gz-plugin2'
[0.494s] Level 1:colcon.colcon_core.package_identification:_identify(src/gz-rendering) by extensions ['ignore', 'ignore_ament_install']
[0.494s] Level 1:colcon.colcon_core.package_identification:_identify(src/gz-rendering) by extension 'ignore'
[0.494s] Level 1:colcon.colcon_core.package_identification:_identify(src/gz-rendering) by extension 'ignore_ament_install'
[0.494s] Level 1:colcon.colcon_core.package_identification:_identify(src/gz-rendering) by extensions ['colcon_pkg']
[0.494s] Level 1:colcon.colcon_core.package_identification:_identify(src/gz-rendering) by extension 'colcon_pkg'
[0.494s] Level 1:colcon.colcon_core.package_identification:_identify(src/gz-rendering) by extensions ['colcon_meta']
[0.494s] Level 1:colcon.colcon_core.package_identification:_identify(src/gz-rendering) by extension 'colcon_meta'
[0.494s] Level 1:colcon.colcon_core.package_identification:_identify(src/gz-rendering) by extensions ['ros']
[0.494s] Level 1:colcon.colcon_core.package_identification:_identify(src/gz-rendering) by extension 'ros'
[0.494s] Level 1:colcon.colcon_core.package_identification:_identify(src/gz-rendering) by extensions ['cmake', 'python']
[0.494s] Level 1:colcon.colcon_core.package_identification:_identify(src/gz-rendering) by extension 'cmake'
[0.504s] Level 1:colcon.colcon_core.package_identification:_identify(src/gz-rendering) by extension 'python'
[0.504s] DEBUG:colcon.colcon_core.package_identification:Package 'src/gz-rendering' with type 'cmake' and name 'gz-rendering8'
[0.504s] Level 1:colcon.colcon_core.package_identification:_identify(src/gz-sensors) by extensions ['ignore', 'ignore_ament_install']
[0.505s] Level 1:colcon.colcon_core.package_identification:_identify(src/gz-sensors) by extension 'ignore'
[0.505s] Level 1:colcon.colcon_core.package_identification:_identify(src/gz-sensors) by extension 'ignore_ament_install'
[0.505s] Level 1:colcon.colcon_core.package_identification:_identify(src/gz-sensors) by extensions ['colcon_pkg']
[0.505s] Level 1:colcon.colcon_core.package_identification:_identify(src/gz-sensors) by extension 'colcon_pkg'
[0.505s] Level 1:colcon.colcon_core.package_identification:_identify(src/gz-sensors) by extensions ['colcon_meta']
[0.505s] Level 1:colcon.colcon_core.package_identification:_identify(src/gz-sensors) by extension 'colcon_meta'
[0.505s] Level 1:colcon.colcon_core.package_identification:_identify(src/gz-sensors) by extensions ['ros']
[0.505s] Level 1:colcon.colcon_core.package_identification:_identify(src/gz-sensors) by extension 'ros'
[0.505s] Level 1:colcon.colcon_core.package_identification:_identify(src/gz-sensors) by extensions ['cmake', 'python']
[0.505s] Level 1:colcon.colcon_core.package_identification:_identify(src/gz-sensors) by extension 'cmake'
[0.507s] Level 1:colcon.colcon_core.package_identification:_identify(src/gz-sensors) by extension 'python'
[0.507s] DEBUG:colcon.colcon_core.package_identification:Package 'src/gz-sensors' with type 'cmake' and name 'gz-sensors8'
[0.507s] Level 1:colcon.colcon_core.package_identification:_identify(src/gz-sim) by extensions ['ignore', 'ignore_ament_install']
[0.507s] Level 1:colcon.colcon_core.package_identification:_identify(src/gz-sim) by extension 'ignore'
[0.507s] Level 1:colcon.colcon_core.package_identification:_identify(src/gz-sim) by extension 'ignore_ament_install'
[0.507s] Level 1:colcon.colcon_core.package_identification:_identify(src/gz-sim) by extensions ['colcon_pkg']
[0.507s] Level 1:colcon.colcon_core.package_identification:_identify(src/gz-sim) by extension 'colcon_pkg'
[0.507s] Level 1:colcon.colcon_core.package_identification:_identify(src/gz-sim) by extensions ['colcon_meta']
[0.507s] Level 1:colcon.colcon_core.package_identification:_identify(src/gz-sim) by extension 'colcon_meta'
[0.507s] Level 1:colcon.colcon_core.package_identification:_identify(src/gz-sim) by extensions ['ros']
[0.507s] Level 1:colcon.colcon_core.package_identification:_identify(src/gz-sim) by extension 'ros'
[0.507s] Level 1:colcon.colcon_core.package_identification:_identify(src/gz-sim) by extensions ['cmake', 'python']
[0.507s] Level 1:colcon.colcon_core.package_identification:_identify(src/gz-sim) by extension 'cmake'
[0.520s] Level 1:colcon.colcon_core.package_identification:_identify(src/gz-sim) by extension 'python'
[0.520s] DEBUG:colcon.colcon_core.package_identification:Package 'src/gz-sim' with type 'cmake' and name 'gz-sim8'
[0.520s] Level 1:colcon.colcon_core.package_identification:_identify(src/gz-tools) by extensions ['ignore', 'ignore_ament_install']
[0.520s] Level 1:colcon.colcon_core.package_identification:_identify(src/gz-tools) by extension 'ignore'
[0.520s] Level 1:colcon.colcon_core.package_identification:_identify(src/gz-tools) by extension 'ignore_ament_install'
[0.520s] Level 1:colcon.colcon_core.package_identification:_identify(src/gz-tools) by extensions ['colcon_pkg']
[0.520s] Level 1:colcon.colcon_core.package_identification:_identify(src/gz-tools) by extension 'colcon_pkg'
[0.520s] Level 1:colcon.colcon_core.package_identification:_identify(src/gz-tools) by extensions ['colcon_meta']
[0.520s] Level 1:colcon.colcon_core.package_identification:_identify(src/gz-tools) by extension 'colcon_meta'
[0.520s] Level 1:colcon.colcon_core.package_identification:_identify(src/gz-tools) by extensions ['ros']
[0.520s] Level 1:colcon.colcon_core.package_identification:_identify(src/gz-tools) by extension 'ros'
[0.520s] Level 1:colcon.colcon_core.package_identification:_identify(src/gz-tools) by extensions ['cmake', 'python']
[0.520s] Level 1:colcon.colcon_core.package_identification:_identify(src/gz-tools) by extension 'cmake'
[0.521s] Level 1:colcon.colcon_core.package_identification:_identify(src/gz-tools) by extension 'python'
[0.521s] DEBUG:colcon.colcon_core.package_identification:Package 'src/gz-tools' with type 'cmake' and name 'gz-tools2'
[0.521s] Level 1:colcon.colcon_core.package_identification:_identify(src/gz-transport) by extensions ['ignore', 'ignore_ament_install']
[0.521s] Level 1:colcon.colcon_core.package_identification:_identify(src/gz-transport) by extension 'ignore'
[0.521s] Level 1:colcon.colcon_core.package_identification:_identify(src/gz-transport) by extension 'ignore_ament_install'
[0.522s] Level 1:colcon.colcon_core.package_identification:_identify(src/gz-transport) by extensions ['colcon_pkg']
[0.522s] Level 1:colcon.colcon_core.package_identification:_identify(src/gz-transport) by extension 'colcon_pkg'
[0.522s] Level 1:colcon.colcon_core.package_identification:_identify(src/gz-transport) by extensions ['colcon_meta']
[0.522s] Level 1:colcon.colcon_core.package_identification:_identify(src/gz-transport) by extension 'colcon_meta'
[0.522s] Level 1:colcon.colcon_core.package_identification:_identify(src/gz-transport) by extensions ['ros']
[0.522s] Level 1:colcon.colcon_core.package_identification:_identify(src/gz-transport) by extension 'ros'
[0.522s] Level 1:colcon.colcon_core.package_identification:_identify(src/gz-transport) by extensions ['cmake', 'python']
[0.522s] Level 1:colcon.colcon_core.package_identification:_identify(src/gz-transport) by extension 'cmake'
[0.525s] Level 1:colcon.colcon_core.package_identification:_identify(src/gz-transport) by extension 'python'
[0.525s] DEBUG:colcon.colcon_core.package_identification:Package 'src/gz-transport' with type 'cmake' and name 'gz-transport13'
[0.525s] Level 1:colcon.colcon_core.package_identification:_identify(src/gz-utils) by extensions ['ignore', 'ignore_ament_install']
[0.525s] Level 1:colcon.colcon_core.package_identification:_identify(src/gz-utils) by extension 'ignore'
[0.525s] Level 1:colcon.colcon_core.package_identification:_identify(src/gz-utils) by extension 'ignore_ament_install'
[0.525s] Level 1:colcon.colcon_core.package_identification:_identify(src/gz-utils) by extensions ['colcon_pkg']
[0.525s] Level 1:colcon.colcon_core.package_identification:_identify(src/gz-utils) by extension 'colcon_pkg'
[0.525s] Level 1:colcon.colcon_core.package_identification:_identify(src/gz-utils) by extensions ['colcon_meta']
[0.525s] Level 1:colcon.colcon_core.package_identification:_identify(src/gz-utils) by extension 'colcon_meta'
[0.525s] Level 1:colcon.colcon_core.package_identification:_identify(src/gz-utils) by extensions ['ros']
[0.526s] Level 1:colcon.colcon_core.package_identification:_identify(src/gz-utils) by extension 'ros'
[0.526s] Level 1:colcon.colcon_core.package_identification:_identify(src/gz-utils) by extensions ['cmake', 'python']
[0.526s] Level 1:colcon.colcon_core.package_identification:_identify(src/gz-utils) by extension 'cmake'
[0.527s] Level 1:colcon.colcon_core.package_identification:_identify(src/gz-utils) by extension 'python'
[0.527s] DEBUG:colcon.colcon_core.package_identification:Package 'src/gz-utils' with type 'cmake' and name 'gz-utils2'
[0.527s] Level 1:colcon.colcon_core.package_identification:_identify(src/sdformat) by extensions ['ignore', 'ignore_ament_install']
[0.527s] Level 1:colcon.colcon_core.package_identification:_identify(src/sdformat) by extension 'ignore'
[0.527s] Level 1:colcon.colcon_core.package_identification:_identify(src/sdformat) by extension 'ignore_ament_install'
[0.528s] Level 1:colcon.colcon_core.package_identification:_identify(src/sdformat) by extensions ['colcon_pkg']
[0.528s] Level 1:colcon.colcon_core.package_identification:_identify(src/sdformat) by extension 'colcon_pkg'
[0.528s] Level 1:colcon.colcon_core.package_identification:_identify(src/sdformat) by extensions ['colcon_meta']
[0.528s] Level 1:colcon.colcon_core.package_identification:_identify(src/sdformat) by extension 'colcon_meta'
[0.528s] Level 1:colcon.colcon_core.package_identification:_identify(src/sdformat) by extensions ['ros']
[0.528s] Level 1:colcon.colcon_core.package_identification:_identify(src/sdformat) by extension 'ros'
[0.528s] Level 1:colcon.colcon_core.package_identification:_identify(src/sdformat) by extensions ['cmake', 'python']
[0.528s] Level 1:colcon.colcon_core.package_identification:_identify(src/sdformat) by extension 'cmake'
[0.535s] Level 1:colcon.colcon_core.package_identification:_identify(src/sdformat) by extension 'python'
[0.535s] DEBUG:colcon.colcon_core.package_identification:Package 'src/sdformat' with type 'cmake' and name 'sdformat13'
[0.535s] Level 1:colcon.colcon_core.package_discovery:discover_packages(recursive) using defaults
[0.535s] Level 1:colcon.colcon_core.package_discovery:discover_packages(ignore) discover
[0.535s] Level 1:colcon.colcon_core.package_discovery:discover_packages(ignore) using defaults
[0.535s] Level 1:colcon.colcon_core.package_discovery:discover_packages(path) discover
[0.536s] Level 1:colcon.colcon_core.package_discovery:discover_packages(path) using defaults
