[0.025s] Invoking command in '/home/julia/workspace/build/gz-gui8': CMAKE_PREFIX_PATH=/home/julia/workspace/install LD_LIBRARY_PATH=/home/julia/workspace/install/lib PATH=/home/julia/workspace/install/bin:${PATH} PKG_CONFIG_PATH=/home/julia/workspace/install/lib/pkgconfig /usr/bin/cmake /home/julia/workspace/src/gz-gui -DBUILD_TESTING=OFF -DCMAKE_INSTALL_PREFIX=/home/julia/workspace/install
[0.213s] -- The C compiler identification is GNU 9.4.0
[0.270s] -- The CXX compiler identification is GNU 9.4.0
[0.279s] -- Check for working C compiler: /usr/bin/cc
[0.363s] -- Check for working C compiler: /usr/bin/cc -- works
[0.365s] -- Detecting C compiler ABI info
[0.446s] -- Detecting C compiler ABI info - done
[0.452s] -- Detecting C compile features
[0.453s] -- Detecting C compile features - done
[0.459s] -- Check for working CXX compiler: /usr/bin/c++
[0.541s] -- Check for working CXX compiler: /usr/bin/c++ -- works
[0.541s] -- Detecting CXX compiler ABI info
[0.628s] -- Detecting CXX compiler ABI info - done
[0.640s] -- Detecting CXX compile features
[0.641s] -- Detecting CXX compile features - done
[0.650s] -- gz-gui8 version 8.0.0~pre1
[0.650s] -- Operating system is Linux
[0.658s] -- Found CPack generators: DEB
[0.666s] -- 
[0.666s] 
[0.666s] -- ====== Finding Dependencies ======
[0.994s] -- Found Protobuf: /usr/lib/x86_64-linux-gnu/libprotobuf.so;-lpthread (found suitable version "3.6.1", minimum required is "3") 
[0.994s] -- Looking for Protobuf - found
[0.994s] 
[1.003s] -- Checking for module 'tinyxml2'
[1.026s] --   Found tinyxml2, version 6.2.0
[1.069s] -- Looking for tinyxml2 - found
[1.069s] 
[1.070s] -- Looking for gz-utils2 -- found version 2.0.0
[1.071s] -- Searching for dependencies of gz-utils2
[1.072s] -- Looking for gz-utils2 - found
[1.072s] 
[1.073s] -- Looking for gz-math7 -- found version 7.1.0
[1.073s] -- Searching for dependencies of gz-math7
[1.073s] -- Looking for gz-utils2 -- found version 2.0.0
[1.074s] -- Looking for gz-math7 - found
[1.074s] 
[1.076s] -- Looking for gz-common5 -- found version 5.3.1
[1.077s] -- Searching for dependencies of gz-common5
[1.077s] -- Looking for gz-utils2 -- found version 2.0.0
[1.077s] -- Looking for dlfcn.h - found
[1.079s] -- Looking for libdl - found
[1.080s] -- Found DL: TRUE  
[1.085s] -- Checking for module 'uuid'
[1.104s] --   Found uuid, version 2.34.0
[1.149s] -- Found UUID: TRUE  
[1.150s] -- Searching for <gz-common5> component [profiler]
[1.151s] -- Looking for gz-common5-profiler -- found version 5.3.1
[1.151s] -- Searching for dependencies of gz-common5-profiler
[1.152s] -- Looking for gz-common5 - found
[1.152s] 
[1.154s] -- Looking for gz-plugin2 -- found version 2.0.1
[1.155s] -- Searching for dependencies of gz-plugin2
[1.155s] -- Looking for gz-utils2 -- found version 2.0.0
[1.156s] -- Searching for dependencies of gz-utils2
[1.156s] -- Searching for <gz-utils2> component [cli]
[1.157s] -- Looking for gz-utils2-cli -- found version 2.0.0
[1.157s] -- Searching for dependencies of gz-utils2-cli
[1.159s] -- Searching for <gz-plugin2> component [loader]
[1.160s] -- Looking for gz-plugin2-loader -- found version 2.0.1
[1.161s] -- Searching for dependencies of gz-plugin2-loader
[1.162s] -- Searching for <gz-plugin2> component [register]
[1.163s] -- Looking for gz-plugin2-register -- found version 2.0.1
[1.163s] -- Searching for dependencies of gz-plugin2-register
[1.164s] -- Looking for gz-plugin2 - found
[1.164s] 
[1.166s] -- Looking for gz-transport12 -- found version 12.1.0
[1.166s] -- Searching for dependencies of gz-transport12
[1.188s] -- Config-file not installed for ZeroMQ -- checking for pkg-config
[1.193s] -- Checking for module 'libzmq >= 4'
[1.213s] --   Found libzmq , version 4.3.2
[1.262s] -- Found ZeroMQ: TRUE (Required is at least version "4") 
[1.269s] -- Looking for gz-utils2 -- found version 2.0.0
[1.270s] -- Looking for gz-msgs9 -- found version 9.3.0
[1.271s] -- Searching for dependencies of gz-msgs9
[1.286s] -- Looking for gz-math7 -- found version 7.1.0
[1.293s] -- Looking for gz-transport12 - found
[1.293s] 
[1.294s] -- Looking for gz-rendering8 -- found version 8.0.0~pre1
[1.294s] -- Searching for dependencies of gz-rendering8
[1.294s] -- Looking for gz-math7 -- found version 7.1.0
[1.295s] -- Searching for dependencies of gz-math7
[1.295s] -- Looking for gz-utils2 -- found version 2.0.0
[1.295s] -- Searching for <gz-math7> component [eigen3]
[1.296s] -- Looking for gz-math7-eigen3 -- found version 7.1.0
[1.296s] -- Searching for dependencies of gz-math7-eigen3
[1.298s] -- Looking for gz-common5 -- found version 5.3.1
[1.299s] -- Searching for dependencies of gz-common5
[1.299s] -- Looking for gz-utils2 -- found version 2.0.0
[1.299s] -- Looking for dlfcn.h - found
[1.299s] -- Looking for libdl - found
[1.311s] -- Searching for <gz-common5> component [graphics]
[1.312s] -- Looking for gz-common5-graphics -- found version 5.3.1
[1.312s] -- Searching for dependencies of gz-common5-graphics
[1.312s] -- Looking for gz-math7 -- found version 7.1.0
[1.315s] -- Found GzAssimp: TRUE (found version "5.0.0") 
[1.316s] -- Searching for <gz-common5> component [events]
[1.316s] -- Looking for gz-common5-events -- found version 5.3.1
[1.317s] -- Searching for dependencies of gz-common5-events
[1.317s] -- Looking for gz-math7 -- found version 7.1.0
[1.318s] -- Searching for <gz-common5> component [geospatial]
[1.318s] -- Looking for gz-common5-geospatial -- found version 5.3.1
[1.319s] -- Searching for dependencies of gz-common5-geospatial
[1.319s] -- Looking for gz-math7 -- found version 7.1.0
[1.319s] -- Looking for gz-common5 -- found version 5.3.1
[1.320s] -- Looking for gz-plugin2 -- found version 2.0.1
[1.321s] -- Searching for dependencies of gz-plugin2
[1.321s] -- Looking for gz-utils2 -- found version 2.0.0
[1.321s] -- Searching for <gz-plugin2> component [all]
[1.322s] -- Looking for all libraries of gz-plugin2 -- found version 2.0.1
[1.322s] -- Looking for gz-plugin2 -- found version 2.0.1
[1.324s] -- Looking for gz-utils2 -- found version 2.0.0
[1.324s] -- Looking for gz-rendering8 - found
[1.324s] 
[1.325s] -- Looking for gz-msgs9 -- found version 9.3.0
[1.325s] -- Looking for gz-msgs9 - found
[1.325s] 
[1.371s] -- Looking for Qt5 - found
[1.371s] 
[2.591s] -- 
[2.591s] -- Searching for host SSE information
[2.626s] -- SSE2 found
[2.626s] -- SSE3 found
[2.626s] -- SSE4.1 found
[2.626s] -- SSE4.2 found
[2.651s] -- Testing is disabled -- skipping UNIT tests
[2.674s] -- Testing is disabled -- skipping UNIT tests
[2.676s] -- Testing is disabled -- skipping UNIT tests
[2.686s] -- Testing is disabled -- skipping UNIT tests
[2.689s] -- Testing is disabled -- skipping UNIT tests
[2.695s] -- Testing is disabled -- skipping UNIT tests
[2.698s] -- Testing is disabled -- skipping UNIT tests
[2.700s] -- Testing is disabled -- skipping UNIT tests
[2.705s] -- Testing is disabled -- skipping UNIT tests
[2.707s] -- Testing is disabled -- skipping UNIT tests
[2.716s] -- Configuring library: gz-gui8
[2.719s] -- Performing Test COMPILER_HAS_HIDDEN_VISIBILITY
[2.826s] -- Performing Test COMPILER_HAS_HIDDEN_VISIBILITY - Success
[2.827s] -- Performing Test COMPILER_HAS_HIDDEN_INLINE_VISIBILITY
[2.928s] -- Performing Test COMPILER_HAS_HIDDEN_INLINE_VISIBILITY - Success
[2.928s] -- Performing Test COMPILER_HAS_DEPRECATED_ATTR
[3.044s] -- Performing Test COMPILER_HAS_DEPRECATED_ATTR - Success
[3.160s] -- The program [cppcheck] was not found! Skipping codecheck setup
[3.160s] -- Build configuration successful
[3.164s] -- Build type: RelWithDebInfo
[3.164s] -- Install prefix: /home/julia/workspace/install
[3.170s] -- Could NOT find Doxygen (missing: DOXYGEN_EXECUTABLE) 
[3.183s] -- Configuring done
[3.387s] -- Generating done
[3.399s] -- Build files have been written to: /home/julia/workspace/build/gz-gui8
[3.432s] Invoked command in '/home/julia/workspace/build/gz-gui8' returned '0': CMAKE_PREFIX_PATH=/home/julia/workspace/install LD_LIBRARY_PATH=/home/julia/workspace/install/lib PATH=/home/julia/workspace/install/bin:${PATH} PKG_CONFIG_PATH=/home/julia/workspace/install/lib/pkgconfig /usr/bin/cmake /home/julia/workspace/src/gz-gui -DBUILD_TESTING=OFF -DCMAKE_INSTALL_PREFIX=/home/julia/workspace/install
[3.439s] Invoking command in '/home/julia/workspace/build/gz-gui8': CMAKE_PREFIX_PATH=/home/julia/workspace/install LD_LIBRARY_PATH=/home/julia/workspace/install/lib PATH=/home/julia/workspace/install/bin:${PATH} PKG_CONFIG_PATH=/home/julia/workspace/install/lib/pkgconfig /usr/bin/cmake --build /home/julia/workspace/build/gz-gui8 -- -j3 -l3
[3.596s] [35m[1mScanning dependencies of target gz-gui8_autogen[0m
[3.682s] [  1%] [34m[1mAutomatic MOC for target gz-gui8[0m
[3.799s] [  1%] Built target gz-gui8_autogen
[3.859s] [  1%] [34m[1mGenerating qrc_resources.cpp[0m
[3.863s] [  2%] [34m[1mGenerating moc_Dialog.cpp[0m
[3.873s] [  2%] [34m[1mGenerating moc_Application.cpp[0m
[4.039s] [  2%] [34m[1mGenerating moc_MainWindow.cpp[0m
[4.835s] [  3%] [34m[1mGenerating moc_PlottingInterface.cpp[0m
[4.850s] [  4%] [34m[1mGenerating moc_Plugin.cpp[0m
[5.155s] [35m[1mScanning dependencies of target gz-gui8[0m
[5.468s] [  5%] [32mBuilding CXX object include/gz/gui/CMakeFiles/gz-gui8.dir/gz-gui8_autogen/mocs_compilation.cpp.o[0m
[5.478s] [  6%] [32mBuilding CXX object include/gz/gui/CMakeFiles/gz-gui8.dir/__/__/__/src/Application.cc.o[0m
[5.560s] [  6%] [32mBuilding CXX object include/gz/gui/CMakeFiles/gz-gui8.dir/__/__/__/src/Conversions.cc.o[0m
[6.598s] [  7%] [32mBuilding CXX object include/gz/gui/CMakeFiles/gz-gui8.dir/__/__/__/src/Dialog.cc.o[0m
[14.552s] [  7%] [32mBuilding CXX object include/gz/gui/CMakeFiles/gz-gui8.dir/__/__/__/src/GuiEvents.cc.o[0m
[16.806s] [  8%] [32mBuilding CXX object include/gz/gui/CMakeFiles/gz-gui8.dir/__/__/__/src/Helpers.cc.o[0m
[20.020s] [  9%] [32mBuilding CXX object include/gz/gui/CMakeFiles/gz-gui8.dir/__/__/__/src/gz.cc.o[0m
[23.062s] [  9%] [32mBuilding CXX object include/gz/gui/CMakeFiles/gz-gui8.dir/__/__/__/src/MainWindow.cc.o[0m
[30.099s] [ 10%] [32mBuilding CXX object include/gz/gui/CMakeFiles/gz-gui8.dir/__/__/__/src/PlottingInterface.cc.o[0m
[31.136s] [ 11%] [32mBuilding CXX object include/gz/gui/CMakeFiles/gz-gui8.dir/__/__/__/src/DragDropModel.cc.o[0m
[41.375s] [ 11%] [32mBuilding CXX object include/gz/gui/CMakeFiles/gz-gui8.dir/__/__/__/src/SearchModel.cc.o[0m
[44.224s] [ 12%] [32mBuilding CXX object include/gz/gui/CMakeFiles/gz-gui8.dir/moc_Application.cpp.o[0m
[47.000s] [ 13%] [32mBuilding CXX object include/gz/gui/CMakeFiles/gz-gui8.dir/moc_Dialog.cpp.o[0m
[49.687s] [ 13%] [32mBuilding CXX object include/gz/gui/CMakeFiles/gz-gui8.dir/moc_MainWindow.cpp.o[0m
[52.644s] [ 14%] [32mBuilding CXX object include/gz/gui/CMakeFiles/gz-gui8.dir/moc_PlottingInterface.cpp.o[0m
[54.188s] [ 15%] [32mBuilding CXX object include/gz/gui/CMakeFiles/gz-gui8.dir/moc_Plugin.cpp.o[0m
[56.669s] [ 15%] [32mBuilding CXX object include/gz/gui/CMakeFiles/gz-gui8.dir/qrc_resources.cpp.o[0m
[56.992s] [ 16%] [32mBuilding CXX object include/gz/gui/CMakeFiles/gz-gui8.dir/__/__/__/src/Plugin.cc.o[0m
[60.541s] [ 17%] [32m[1mLinking CXX shared library ../../../lib/libgz-gui8.so[0m
[61.302s] [ 17%] Built target gz-gui8
[61.312s] [ 19%] [34m[1mGenerating qrc_CameraTracking.cpp[0m
[61.313s] [ 19%] [34m[1mGenerating qrc_GridConfig.cpp[0m
[61.327s] [ 20%] [34m[1mGenerating moc_GridConfig.cpp[0m
[61.328s] [ 20%] [34m[1mGenerating moc_CameraTracking.cpp[0m
[61.339s] [35m[1mScanning dependencies of target CameraTracking[0m
[61.339s] [35m[1mScanning dependencies of target GridConfig[0m
[61.405s] [ 20%] [32mBuilding CXX object src/plugins/grid_config/CMakeFiles/GridConfig.dir/GridConfig.cc.o[0m
[61.448s] [ 20%] [32mBuilding CXX object src/plugins/camera_tracking/CMakeFiles/CameraTracking.dir/CameraTracking.cc.o[0m
[63.445s] [ 21%] [34m[1mGenerating qrc_ImageDisplay.cpp[0m
[63.505s] [ 22%] [34m[1mGenerating moc_ImageDisplay.cpp[0m
[63.557s] [35m[1mScanning dependencies of target ImageDisplay[0m
[63.723s] [ 22%] [32mBuilding CXX object src/plugins/image_display/CMakeFiles/ImageDisplay.dir/ImageDisplay.cc.o[0m
[68.349s] [ 23%] [32mBuilding CXX object src/plugins/grid_config/CMakeFiles/GridConfig.dir/moc_GridConfig.cpp.o[0m
[73.218s] [ 24%] [32mBuilding CXX object src/plugins/camera_tracking/CMakeFiles/CameraTracking.dir/moc_CameraTracking.cpp.o[0m
[73.509s] [ 25%] [32mBuilding CXX object src/plugins/grid_config/CMakeFiles/GridConfig.dir/qrc_GridConfig.cpp.o[0m
[73.595s] [ 25%] [32m[1mLinking CXX shared library ../../../lib/libGridConfig.so[0m
[73.956s] [ 25%] Built target GridConfig
[74.948s] [ 26%] [32mBuilding CXX object src/plugins/image_display/CMakeFiles/ImageDisplay.dir/moc_ImageDisplay.cpp.o[0m
[76.209s] [ 27%] [32mBuilding CXX object src/plugins/camera_tracking/CMakeFiles/CameraTracking.dir/qrc_CameraTracking.cpp.o[0m
[76.249s] [ 27%] [32m[1mLinking CXX shared library ../../../lib/libCameraTracking.so[0m
[76.694s] [ 27%] Built target CameraTracking
[77.986s] [ 28%] [32mBuilding CXX object src/plugins/image_display/CMakeFiles/ImageDisplay.dir/qrc_ImageDisplay.cpp.o[0m
[78.023s] [ 28%] [32m[1mLinking CXX shared library ../../../lib/libImageDisplay.so[0m
[78.562s] [ 28%] Built target ImageDisplay
[78.572s] [ 28%] [34m[1mGenerating qrc_KeyPublisher.cpp[0m
[78.589s] [ 29%] [34m[1mGenerating moc_KeyPublisher.cpp[0m
[78.605s] [35m[1mScanning dependencies of target KeyPublisher[0m
[78.661s] [ 30%] [32mBuilding CXX object src/plugins/key_publisher/CMakeFiles/KeyPublisher.dir/KeyPublisher.cc.o[0m
[82.563s] [ 31%] [32mBuilding CXX object src/plugins/key_publisher/CMakeFiles/KeyPublisher.dir/moc_KeyPublisher.cpp.o[0m
[85.829s] [ 31%] [32mBuilding CXX object src/plugins/key_publisher/CMakeFiles/KeyPublisher.dir/qrc_KeyPublisher.cpp.o[0m
[85.873s] [ 32%] [32m[1mLinking CXX shared library ../../../lib/libKeyPublisher.so[0m
[86.171s] [ 32%] Built target KeyPublisher
[86.187s] [ 32%] [34m[1mGenerating qrc_TransportPlotting.cpp[0m
[86.206s] [ 33%] [34m[1mGenerating moc_TransportPlotting.cpp[0m
[86.224s] [35m[1mScanning dependencies of target TransportPlotting[0m
[86.289s] [ 34%] [32mBuilding CXX object src/plugins/plotting/CMakeFiles/TransportPlotting.dir/TransportPlotting.cc.o[0m
[89.781s] [ 34%] [32mBuilding CXX object src/plugins/plotting/CMakeFiles/TransportPlotting.dir/moc_TransportPlotting.cpp.o[0m
[92.044s] [ 35%] [32mBuilding CXX object src/plugins/plotting/CMakeFiles/TransportPlotting.dir/qrc_TransportPlotting.cpp.o[0m
[92.076s] [ 36%] [32m[1mLinking CXX shared library ../../../lib/libTransportPlotting.so[0m
[92.236s] [ 36%] Built target TransportPlotting
[92.247s] [ 37%] [34m[1mGenerating qrc_PointCloud.cpp[0m
[92.264s] [ 38%] [34m[1mGenerating moc_PointCloud.cpp[0m
[92.277s] [35m[1mScanning dependencies of target PointCloud[0m
[92.373s] [ 38%] [32mBuilding CXX object src/plugins/point_cloud/CMakeFiles/PointCloud.dir/PointCloud.cc.o[0m
[100.372s] [ 39%] [34m[1mGenerating qrc_Publisher.cpp[0m
[100.385s] [ 40%] [34m[1mGenerating moc_Publisher.cpp[0m
[100.399s] [35m[1mScanning dependencies of target Publisher[0m
[100.499s] [ 40%] [32mBuilding CXX object src/plugins/publisher/CMakeFiles/Publisher.dir/Publisher.cc.o[0m
[100.612s] [ 41%] [32mBuilding CXX object src/plugins/point_cloud/CMakeFiles/PointCloud.dir/moc_PointCloud.cpp.o[0m
[102.514s] [ 42%] [34m[1mGenerating qrc_InteractiveViewControl.cpp[0m
[102.572s] [ 43%] [34m[1mGenerating moc_InteractiveViewControl.cpp[0m
[102.622s] [35m[1mScanning dependencies of target InteractiveViewControl[0m
[102.764s] [ 43%] [32mBuilding CXX object src/plugins/interactive_view_control/CMakeFiles/InteractiveViewControl.dir/InteractiveViewControl.cc.o[0m
[104.799s] [ 44%] [32mBuilding CXX object src/plugins/point_cloud/CMakeFiles/PointCloud.dir/qrc_PointCloud.cpp.o[0m
[104.911s] [ 44%] [32m[1mLinking CXX shared library ../../../lib/libPointCloud.so[0m
[105.491s] [ 44%] Built target PointCloud
[107.490s] [ 45%] [32mBuilding CXX object src/plugins/publisher/CMakeFiles/Publisher.dir/moc_Publisher.cpp.o[0m
[109.738s] [ 46%] [32mBuilding CXX object src/plugins/publisher/CMakeFiles/Publisher.dir/qrc_Publisher.cpp.o[0m
[109.772s] [ 46%] [32m[1mLinking CXX shared library ../../../lib/libPublisher.so[0m
[110.011s] [ 46%] Built target Publisher
[110.740s] [ 47%] [32mBuilding CXX object src/plugins/interactive_view_control/CMakeFiles/InteractiveViewControl.dir/moc_InteractiveViewControl.cpp.o[0m
[112.855s] [ 48%] [32mBuilding CXX object src/plugins/interactive_view_control/CMakeFiles/InteractiveViewControl.dir/qrc_InteractiveViewControl.cpp.o[0m
[112.886s] [ 48%] [32m[1mLinking CXX shared library ../../../lib/libInteractiveViewControl.so[0m
[113.264s] [ 48%] Built target InteractiveViewControl
[113.274s] [ 48%] [34m[1mGenerating qrc_MinimalScene.cpp[0m
[113.293s] [ 49%] [34m[1mGenerating moc_MinimalScene.cpp[0m
[113.307s] [35m[1mScanning dependencies of target MinimalScene[0m
[113.419s] [ 50%] [32mBuilding CXX object src/plugins/minimal_scene/CMakeFiles/MinimalScene.dir/MinimalScene.cc.o[0m
[120.418s] [ 51%] [34m[1mGenerating qrc_NavSatMap.cpp[0m
[120.432s] [ 51%] [34m[1mGenerating moc_NavSatMap.cpp[0m
[120.449s] [35m[1mScanning dependencies of target NavSatMap[0m
[120.508s] [ 52%] [32mBuilding CXX object src/plugins/navsat_map/CMakeFiles/NavSatMap.dir/NavSatMap.cc.o[0m
[121.502s] [ 53%] [32mBuilding CXX object src/plugins/minimal_scene/CMakeFiles/MinimalScene.dir/MinimalSceneRhi.cc.o[0m
[122.545s] [ 53%] [34m[1mGenerating qrc_MarkerManager.cpp[0m
[122.606s] [ 54%] [34m[1mGenerating moc_MarkerManager.cpp[0m
[122.673s] [35m[1mScanning dependencies of target MarkerManager[0m
[122.888s] [ 55%] [32mBuilding CXX object src/plugins/marker_manager/CMakeFiles/MarkerManager.dir/MarkerManager.cc.o[0m
[126.466s] [ 55%] [32mBuilding CXX object src/plugins/minimal_scene/CMakeFiles/MinimalScene.dir/MinimalSceneRhiOpenGL.cc.o[0m
[133.971s] [ 55%] [32mBuilding CXX object src/plugins/navsat_map/CMakeFiles/NavSatMap.dir/moc_NavSatMap.cpp.o[0m
[134.410s] [ 56%] [32mBuilding CXX object src/plugins/minimal_scene/CMakeFiles/MinimalScene.dir/MinimalSceneRhiVulkan.cc.o[0m
[140.481s] [ 57%] [32mBuilding CXX object src/plugins/minimal_scene/CMakeFiles/MinimalScene.dir/EngineToQtInterface.cc.o[0m
[141.602s] [ 58%] [32mBuilding CXX object src/plugins/navsat_map/CMakeFiles/NavSatMap.dir/qrc_NavSatMap.cpp.o[0m
[141.766s] [ 58%] [32m[1mLinking CXX shared library ../../../lib/libNavSatMap.so[0m
[142.674s] [ 58%] Built target NavSatMap
[144.203s] [ 59%] [32mBuilding CXX object src/plugins/marker_manager/CMakeFiles/MarkerManager.dir/moc_MarkerManager.cpp.o[0m
[145.023s] [ 59%] [32mBuilding CXX object src/plugins/minimal_scene/CMakeFiles/MinimalScene.dir/moc_MinimalScene.cpp.o[0m
[147.557s] [ 59%] [32mBuilding CXX object src/plugins/marker_manager/CMakeFiles/MarkerManager.dir/qrc_MarkerManager.cpp.o[0m
[147.601s] [ 60%] [32m[1mLinking CXX shared library ../../../lib/libMarkerManager.so[0m
[148.104s] [ 60%] Built target MarkerManager
[148.369s] [ 61%] [32mBuilding CXX object src/plugins/minimal_scene/CMakeFiles/MinimalScene.dir/qrc_MinimalScene.cpp.o[0m
[148.407s] [ 62%] [32m[1mLinking CXX shared library ../../../lib/libMinimalScene.so[0m
[149.146s] [ 62%] Built target MinimalScene
[149.159s] [ 63%] [34m[1mGenerating qrc_ShutdownButton.cpp[0m
[149.178s] [ 64%] [34m[1mGenerating moc_ShutdownButton.cpp[0m
[149.195s] [35m[1mScanning dependencies of target ShutdownButton[0m
[149.249s] [ 64%] [32mBuilding CXX object src/plugins/shutdown_button/CMakeFiles/ShutdownButton.dir/ShutdownButton.cc.o[0m
[152.370s] [ 65%] [32mBuilding CXX object src/plugins/shutdown_button/CMakeFiles/ShutdownButton.dir/moc_ShutdownButton.cpp.o[0m
[155.006s] [ 66%] [32mBuilding CXX object src/plugins/shutdown_button/CMakeFiles/ShutdownButton.dir/qrc_ShutdownButton.cpp.o[0m
[155.044s] [ 66%] [32m[1mLinking CXX shared library ../../../lib/libShutdownButton.so[0m
[155.466s] [ 66%] Built target ShutdownButton
[155.481s] [ 66%] [34m[1mGenerating qrc_TapeMeasure.cpp[0m
[155.500s] [ 67%] [34m[1mGenerating moc_TapeMeasure.cpp[0m
[155.518s] [35m[1mScanning dependencies of target TapeMeasure[0m
[155.650s] [ 68%] [32mBuilding CXX object src/plugins/tape_measure/CMakeFiles/TapeMeasure.dir/TapeMeasure.cc.o[0m
[162.158s] [ 69%] [32mBuilding CXX object src/plugins/tape_measure/CMakeFiles/TapeMeasure.dir/moc_TapeMeasure.cpp.o[0m
[164.348s] [ 69%] [32mBuilding CXX object src/plugins/tape_measure/CMakeFiles/TapeMeasure.dir/qrc_TapeMeasure.cpp.o[0m
[164.405s] [ 70%] [32m[1mLinking CXX shared library ../../../lib/libTapeMeasure.so[0m
[164.746s] [ 70%] Built target TapeMeasure
[164.756s] [ 70%] [34m[1mGenerating qrc_Teleop.cpp[0m
[164.776s] [ 71%] [34m[1mGenerating moc_Teleop.cpp[0m
[164.791s] [35m[1mScanning dependencies of target Teleop[0m
[164.850s] [ 72%] [32mBuilding CXX object src/plugins/teleop/CMakeFiles/Teleop.dir/Teleop.cc.o[0m
[168.562s] [ 73%] [32mBuilding CXX object src/plugins/teleop/CMakeFiles/Teleop.dir/moc_Teleop.cpp.o[0m
[171.650s] [ 73%] [32mBuilding CXX object src/plugins/teleop/CMakeFiles/Teleop.dir/qrc_Teleop.cpp.o[0m
[171.703s] [ 74%] [32m[1mLinking CXX shared library ../../../lib/libTeleop.so[0m
[171.995s] [ 74%] Built target Teleop
[172.008s] [ 74%] [34m[1mGenerating qrc_TopicEcho.cpp[0m
[172.022s] [ 75%] [34m[1mGenerating moc_TopicEcho.cpp[0m
[172.037s] [35m[1mScanning dependencies of target TopicEcho[0m
[172.094s] [ 76%] [32mBuilding CXX object src/plugins/topic_echo/CMakeFiles/TopicEcho.dir/TopicEcho.cc.o[0m
[176.816s] [ 77%] [32mBuilding CXX object src/plugins/topic_echo/CMakeFiles/TopicEcho.dir/moc_TopicEcho.cpp.o[0m
[179.093s] [ 77%] [32mBuilding CXX object src/plugins/topic_echo/CMakeFiles/TopicEcho.dir/qrc_TopicEcho.cpp.o[0m
[179.129s] [ 78%] [32m[1mLinking CXX shared library ../../../lib/libTopicEcho.so[0m
[179.383s] [ 78%] Built target TopicEcho
[179.393s] [ 78%] [34m[1mGenerating qrc_TopicViewer.cpp[0m
[179.407s] [ 79%] [34m[1mGenerating moc_TopicViewer.cpp[0m
[179.418s] [35m[1mScanning dependencies of target TopicViewer[0m
[179.471s] [ 80%] [32mBuilding CXX object src/plugins/topic_viewer/CMakeFiles/TopicViewer.dir/TopicViewer.cc.o[0m
[184.360s] [ 81%] [32mBuilding CXX object src/plugins/topic_viewer/CMakeFiles/TopicViewer.dir/moc_TopicViewer.cpp.o[0m
[186.636s] [ 81%] [32mBuilding CXX object src/plugins/topic_viewer/CMakeFiles/TopicViewer.dir/qrc_TopicViewer.cpp.o[0m
[186.697s] [ 82%] [32m[1mLinking CXX shared library ../../../lib/libTopicViewer.so[0m
[187.045s] [ 82%] Built target TopicViewer
[187.056s] [ 83%] [34m[1mGenerating qrc_TransportSceneManager.cpp[0m
[187.072s] [ 83%] [34m[1mGenerating moc_TransportSceneManager.cpp[0m
[187.085s] [35m[1mScanning dependencies of target TransportSceneManager[0m
[187.190s] [ 84%] [32mBuilding CXX object src/plugins/transport_scene_manager/CMakeFiles/TransportSceneManager.dir/TransportSceneManager.cc.o[0m
[190.184s] [ 85%] [34m[1mGenerating qrc_WorldControl.cpp[0m
[190.200s] [ 85%] [34m[1mGenerating moc_WorldControl.cpp[0m
[190.217s] [ 86%] [34m[1mGenerating moc_WorldControlEventListener.cpp[0m
[190.234s] [35m[1mScanning dependencies of target WorldControl[0m
[190.318s] [ 86%] [32mBuilding CXX object src/plugins/world_control/CMakeFiles/WorldControl.dir/WorldControl.cc.o[0m
[192.311s] [ 87%] [34m[1mGenerating qrc_Screenshot.cpp[0m
[192.327s] [ 88%] [34m[1mGenerating moc_Screenshot.cpp[0m
[192.342s] [35m[1mScanning dependencies of target Screenshot[0m
[192.405s] [ 88%] [32mBuilding CXX object src/plugins/screenshot/CMakeFiles/Screenshot.dir/Screenshot.cc.o[0m
[197.218s] [ 89%] [32mBuilding CXX object src/plugins/world_control/CMakeFiles/WorldControl.dir/WorldControlEventListener.cc.o[0m
[197.644s] [ 89%] [32mBuilding CXX object src/plugins/transport_scene_manager/CMakeFiles/TransportSceneManager.dir/moc_TransportSceneManager.cpp.o[0m
[198.854s] [ 90%] [32mBuilding CXX object src/plugins/screenshot/CMakeFiles/Screenshot.dir/moc_Screenshot.cpp.o[0m
[200.714s] [ 91%] [32mBuilding CXX object src/plugins/transport_scene_manager/CMakeFiles/TransportSceneManager.dir/qrc_TransportSceneManager.cpp.o[0m
[200.824s] [ 92%] [32m[1mLinking CXX shared library ../../../lib/libTransportSceneManager.so[0m
[200.994s] [ 93%] [32mBuilding CXX object src/plugins/world_control/CMakeFiles/WorldControl.dir/moc_WorldControl.cpp.o[0m
[201.506s] [ 93%] Built target TransportSceneManager
[202.393s] [ 94%] [32mBuilding CXX object src/plugins/screenshot/CMakeFiles/Screenshot.dir/qrc_Screenshot.cpp.o[0m
[202.463s] [ 94%] [32m[1mLinking CXX shared library ../../../lib/libScreenshot.so[0m
[202.827s] [ 94%] Built target Screenshot
[203.902s] [ 94%] [32mBuilding CXX object src/plugins/world_control/CMakeFiles/WorldControl.dir/moc_WorldControlEventListener.cpp.o[0m
[206.758s] [ 95%] [32mBuilding CXX object src/plugins/world_control/CMakeFiles/WorldControl.dir/qrc_WorldControl.cpp.o[0m
[206.797s] [ 96%] [32m[1mLinking CXX shared library ../../../lib/libWorldControl.so[0m
[207.118s] [ 96%] Built target WorldControl
[207.130s] [ 97%] [34m[1mGenerating qrc_WorldStats.cpp[0m
[207.150s] [ 97%] [34m[1mGenerating moc_WorldStats.cpp[0m
[207.167s] [35m[1mScanning dependencies of target WorldStats[0m
[207.230s] [ 98%] [32mBuilding CXX object src/plugins/world_stats/CMakeFiles/WorldStats.dir/WorldStats.cc.o[0m
[212.179s] [ 99%] [32mBuilding CXX object src/plugins/world_stats/CMakeFiles/WorldStats.dir/moc_WorldStats.cpp.o[0m
[212.179s] [ 99%] [32mBuilding CXX object src/plugins/world_stats/CMakeFiles/WorldStats.dir/qrc_WorldStats.cpp.o[0m
[214.624s] [100%] [32m[1mLinking CXX shared library ../../../lib/libWorldStats.so[0m
[214.909s] [100%] Built target WorldStats
[214.926s] Invoked command in '/home/julia/workspace/build/gz-gui8' returned '0': CMAKE_PREFIX_PATH=/home/julia/workspace/install LD_LIBRARY_PATH=/home/julia/workspace/install/lib PATH=/home/julia/workspace/install/bin:${PATH} PKG_CONFIG_PATH=/home/julia/workspace/install/lib/pkgconfig /usr/bin/cmake --build /home/julia/workspace/build/gz-gui8 -- -j3 -l3
[214.984s] Invoking command in '/home/julia/workspace/build/gz-gui8': CMAKE_PREFIX_PATH=/home/julia/workspace/install LD_LIBRARY_PATH=/home/julia/workspace/install/lib PATH=/home/julia/workspace/install/bin:${PATH} PKG_CONFIG_PATH=/home/julia/workspace/install/lib/pkgconfig /usr/bin/cmake --install /home/julia/workspace/build/gz-gui8
[214.992s] -- Install configuration: "RelWithDebInfo"
[214.992s] -- Installing: /home/julia/workspace/install/lib/cmake/gz-gui8-all/gz-gui8-all-config.cmake
[214.992s] -- Installing: /home/julia/workspace/install/lib/cmake/gz-gui8-all/gz-gui8-all-config-version.cmake
[214.992s] -- Installing: /home/julia/workspace/install/lib/cmake/gz-gui8-all/gz-gui8-all-targets.cmake
[214.999s] -- Installing: /home/julia/workspace/install/lib/ruby/gz/cmdgui8.rb
[214.999s] -- Installing: /home/julia/workspace/install/share/gz/gz2.completion.d/gui8.bash_completion.sh
[215.000s] -- Installing: /home/julia/workspace/install/lib/gz-gui-8/plugins/libCameraTracking.so
[215.004s] -- Set runtime path of "/home/julia/workspace/install/lib/gz-gui-8/plugins/libCameraTracking.so" to ""
[215.004s] -- Installing: /home/julia/workspace/install/lib/gz-gui-8/plugins/libGridConfig.so
[215.007s] -- Set runtime path of "/home/julia/workspace/install/lib/gz-gui-8/plugins/libGridConfig.so" to ""
[215.007s] -- Installing: /home/julia/workspace/install/lib/gz-gui-8/plugins/libGrid3D.so
[215.010s] -- Installing: /home/julia/workspace/install/lib/gz-gui-8/plugins/libImageDisplay.so
[215.016s] -- Set runtime path of "/home/julia/workspace/install/lib/gz-gui-8/plugins/libImageDisplay.so" to ""
[215.016s] -- Installing: /home/julia/workspace/install/lib/gz-gui-8/plugins/libInteractiveViewControl.so
[215.020s] -- Set runtime path of "/home/julia/workspace/install/lib/gz-gui-8/plugins/libInteractiveViewControl.so" to ""
[215.020s] -- Installing: /home/julia/workspace/install/lib/gz-gui-8/plugins/libKeyPublisher.so
[215.023s] -- Set runtime path of "/home/julia/workspace/install/lib/gz-gui-8/plugins/libKeyPublisher.so" to ""
[215.023s] -- Installing: /home/julia/workspace/install/lib/gz-gui-8/plugins/libTransportPlotting.so
[215.026s] -- Set runtime path of "/home/julia/workspace/install/lib/gz-gui-8/plugins/libTransportPlotting.so" to ""
[215.026s] -- Installing: /home/julia/workspace/install/lib/gz-gui-8/plugins/libPointCloud.so
[215.032s] -- Set runtime path of "/home/julia/workspace/install/lib/gz-gui-8/plugins/libPointCloud.so" to ""
[215.032s] -- Installing: /home/julia/workspace/install/lib/gz-gui-8/plugins/libPublisher.so
[215.035s] -- Set runtime path of "/home/julia/workspace/install/lib/gz-gui-8/plugins/libPublisher.so" to ""
[215.035s] -- Installing: /home/julia/workspace/install/lib/gz-gui-8/plugins/libMarkerManager.so
[215.041s] -- Set runtime path of "/home/julia/workspace/install/lib/gz-gui-8/plugins/libMarkerManager.so" to ""
[215.042s] -- Installing: /home/julia/workspace/install/lib/gz-gui-8/plugins/libMinimalScene.so
[215.048s] -- Set runtime path of "/home/julia/workspace/install/lib/gz-gui-8/plugins/libMinimalScene.so" to ""
[215.048s] -- Installing: /home/julia/workspace/install/lib/gz-gui-8/plugins/libNavSatMap.so
[215.052s] -- Set runtime path of "/home/julia/workspace/install/lib/gz-gui-8/plugins/libNavSatMap.so" to ""
[215.052s] -- Installing: /home/julia/workspace/install/lib/gz-gui-8/plugins/libScreenshot.so
[215.056s] -- Set runtime path of "/home/julia/workspace/install/lib/gz-gui-8/plugins/libScreenshot.so" to ""
[215.057s] -- Installing: /home/julia/workspace/install/lib/gz-gui-8/plugins/libShutdownButton.so
[215.059s] -- Set runtime path of "/home/julia/workspace/install/lib/gz-gui-8/plugins/libShutdownButton.so" to ""
[215.059s] -- Installing: /home/julia/workspace/install/lib/gz-gui-8/plugins/libTapeMeasure.so
[215.063s] -- Set runtime path of "/home/julia/workspace/install/lib/gz-gui-8/plugins/libTapeMeasure.so" to ""
[215.063s] -- Installing: /home/julia/workspace/install/lib/gz-gui-8/plugins/libTeleop.so
[215.067s] -- Set runtime path of "/home/julia/workspace/install/lib/gz-gui-8/plugins/libTeleop.so" to ""
[215.067s] -- Installing: /home/julia/workspace/install/lib/gz-gui-8/plugins/libTopicEcho.so
[215.071s] -- Set runtime path of "/home/julia/workspace/install/lib/gz-gui-8/plugins/libTopicEcho.so" to ""
[215.071s] -- Installing: /home/julia/workspace/install/lib/gz-gui-8/plugins/libTopicViewer.so
[215.075s] -- Set runtime path of "/home/julia/workspace/install/lib/gz-gui-8/plugins/libTopicViewer.so" to ""
[215.075s] -- Installing: /home/julia/workspace/install/lib/gz-gui-8/plugins/libTransportSceneManager.so
[215.081s] -- Set runtime path of "/home/julia/workspace/install/lib/gz-gui-8/plugins/libTransportSceneManager.so" to ""
[215.081s] -- Installing: /home/julia/workspace/install/lib/gz-gui-8/plugins/libWorldControl.so
[215.087s] -- Set runtime path of "/home/julia/workspace/install/lib/gz-gui-8/plugins/libWorldControl.so" to ""
[215.087s] -- Installing: /home/julia/workspace/install/lib/gz-gui-8/plugins/libWorldStats.so
[215.090s] -- Set runtime path of "/home/julia/workspace/install/lib/gz-gui-8/plugins/libWorldStats.so" to ""
[215.091s] -- Installing: /home/julia/workspace/install/include/gz/gui8/ignition
[215.091s] -- Installing: /home/julia/workspace/install/include/gz/gui8/ignition/gui.hh
[215.095s] -- Installing: /home/julia/workspace/install/include/gz/gui8/ignition/gui
[215.095s] -- Installing: /home/julia/workspace/install/include/gz/gui8/ignition/gui/PlottingInterface.hh
[215.096s] -- Installing: /home/julia/workspace/install/include/gz/gui8/ignition/gui/qt.h
[215.097s] -- Installing: /home/julia/workspace/install/include/gz/gui8/ignition/gui/Application.hh
[215.097s] -- Installing: /home/julia/workspace/install/include/gz/gui8/ignition/gui/MainWindow.hh
[215.098s] -- Installing: /home/julia/workspace/install/include/gz/gui8/ignition/gui/Dialog.hh
[215.099s] -- Installing: /home/julia/workspace/install/include/gz/gui8/ignition/gui/GuiEvents.hh
[215.099s] -- Installing: /home/julia/workspace/install/include/gz/gui8/ignition/gui/Helpers.hh
[215.100s] -- Installing: /home/julia/workspace/install/include/gz/gui8/ignition/gui/ign.hh
[215.101s] -- Installing: /home/julia/workspace/install/include/gz/gui8/ignition/gui/Conversions.hh
[215.101s] -- Installing: /home/julia/workspace/install/include/gz/gui8/ignition/gui/Export.hh
[215.102s] -- Installing: /home/julia/workspace/install/include/gz/gui8/ignition/gui/Enums.hh
[215.102s] -- Installing: /home/julia/workspace/install/include/gz/gui8/ignition/gui/DragDropModel.hh
[215.103s] -- Installing: /home/julia/workspace/install/include/gz/gui8/ignition/gui/config.hh
[215.103s] -- Installing: /home/julia/workspace/install/include/gz/gui8/ignition/gui/SearchModel.hh
[215.104s] -- Installing: /home/julia/workspace/install/include/gz/gui8/ignition/gui/Plugin.hh
[215.105s] -- Installing: /home/julia/workspace/install/include/gz/gui8/gz/gui/detail/Export.hh
[215.105s] -- Installing: /home/julia/workspace/install/include/gz/gui8/gz/gui/Export.hh
[215.105s] -- Installing: /home/julia/workspace/install/lib/libgz-gui8.so.8.0.0~pre1
[215.123s] -- Installing: /home/julia/workspace/install/lib/libgz-gui8.so.8
[215.123s] -- Set runtime path of "/home/julia/workspace/install/lib/libgz-gui8.so.8.0.0~pre1" to ""
[215.123s] -- Installing: /home/julia/workspace/install/lib/libgz-gui8.so
[215.123s] -- Installing: /home/julia/workspace/install/lib/cmake/gz-gui8/gz-gui8-config.cmake
[215.123s] -- Installing: /home/julia/workspace/install/lib/cmake/gz-gui8/gz-gui8-config-version.cmake
[215.123s] -- Installing: /home/julia/workspace/install/lib/cmake/gz-gui8/gz-gui8-targets.cmake
[215.124s] -- Installing: /home/julia/workspace/install/lib/cmake/gz-gui8/gz-gui8-targets-relwithdebinfo.cmake
[215.124s] -- Installing: /home/julia/workspace/install/lib/pkgconfig/gz-gui8.pc
[215.124s] -- Installing: /home/julia/workspace/install/include/gz/gui8/gz/gui/Application.hh
[215.124s] -- Installing: /home/julia/workspace/install/include/gz/gui8/gz/gui/Conversions.hh
[215.124s] -- Installing: /home/julia/workspace/install/include/gz/gui8/gz/gui/Dialog.hh
[215.124s] -- Installing: /home/julia/workspace/install/include/gz/gui8/gz/gui/DragDropModel.hh
[215.124s] -- Installing: /home/julia/workspace/install/include/gz/gui8/gz/gui/Enums.hh
[215.124s] -- Installing: /home/julia/workspace/install/include/gz/gui8/gz/gui/GuiEvents.hh
[215.124s] -- Installing: /home/julia/workspace/install/include/gz/gui8/gz/gui/Helpers.hh
[215.124s] -- Installing: /home/julia/workspace/install/include/gz/gui8/gz/gui/MainWindow.hh
[215.124s] -- Installing: /home/julia/workspace/install/include/gz/gui8/gz/gui/PlottingInterface.hh
[215.124s] -- Installing: /home/julia/workspace/install/include/gz/gui8/gz/gui/Plugin.hh
[215.124s] -- Installing: /home/julia/workspace/install/include/gz/gui8/gz/gui/SearchModel.hh
[215.124s] -- Installing: /home/julia/workspace/install/include/gz/gui8/gz/gui/gz.hh
[215.125s] -- Installing: /home/julia/workspace/install/include/gz/gui8/gz/gui/qt.h
[215.125s] -- Installing: /home/julia/workspace/install/include/gz/gui8/gz/gui/../gui.hh
[215.125s] -- Installing: /home/julia/workspace/install/include/gz/gui8/gz/gui/config.hh
[215.125s] -- Installing: /home/julia/workspace/install/share/gz/gui8.yaml
[215.134s] Invoked command in '/home/julia/workspace/build/gz-gui8' returned '0': CMAKE_PREFIX_PATH=/home/julia/workspace/install LD_LIBRARY_PATH=/home/julia/workspace/install/lib PATH=/home/julia/workspace/install/bin:${PATH} PKG_CONFIG_PATH=/home/julia/workspace/install/lib/pkgconfig /usr/bin/cmake --install /home/julia/workspace/build/gz-gui8
