-- The C compiler identification is GNU 9.4.0
-- The CXX compiler identification is GNU 9.4.0
-- Check for working C compiler: /usr/bin/cc
-- Check for working C compiler: /usr/bin/cc -- works
-- Detecting C compiler ABI info
-- Detecting C compiler ABI info - done
-- Detecting C compile features
-- Detecting C compile features - done
-- Check for working CXX compiler: /usr/bin/c++
-- Check for working CXX compiler: /usr/bin/c++ -- works
-- Detecting CXX compiler ABI info
-- Detecting CXX compiler ABI info - done
-- Detecting CXX compile features
-- Detecting CXX compile features - done
-- gz-transport13 version 13.0.0~pre1
-- Operating system is Linux
-- Found CPack generators: DEB
-- 

-- ====== Finding Dependencies ======
-- Found Protobuf: /usr/lib/x86_64-linux-gnu/libprotobuf.so;-lpthread (found suitable version "3.6.1", minimum required is "3") 
-- Looking for Protobuf - found

-- Config-file not installed for ZeroMQ -- checking for pkg-config
-- Checking for module 'libzmq >= 4'
--   Found libzmq , version 4.3.2
-- Found ZeroMQ: TRUE (Required is at least version "4") 
-- Looking for ZeroMQ - found

-- Looking for CppZMQ - found

-- Checking for module 'uuid'
--   Found uuid, version 2.34.0
-- Found UUID: TRUE  
-- Looking for UUID - found

-- Looking for gz-utils2 -- found version 2.0.0
-- Searching for dependencies of gz-utils2
-- Searching for <gz-utils2> component [cli]
-- Looking for gz-utils2-cli -- found version 2.0.0
-- Searching for dependencies of gz-utils2-cli
-- Looking for gz-utils2 - found

-- Looking for gz-msgs10 -- found version 10.0.0
-- Searching for dependencies of gz-msgs10
-- Looking for gz-math7 -- found version 7.1.0
-- Searching for dependencies of gz-math7
-- Looking for gz-utils2 -- found version 2.0.0
-- Checking for module 'tinyxml2'
--   Found tinyxml2, version 6.2.0
-- Looking for gz-msgs10 - found

-- Looking for IFADDRS - found

-- Checking for module 'sqlite3 >= 3.7.13'
--   Found sqlite3 , version 3.31.1
-- Looking for sqlite3 - found

-- 
-- Searching for host SSE information
-- SSE2 found
-- SSE3 found
-- SSE4.1 found
-- SSE4.2 found
-- Configuring library: gz-transport13
-- Performing Test COMPILER_HAS_HIDDEN_VISIBILITY
-- Performing Test COMPILER_HAS_HIDDEN_VISIBILITY - Success
-- Performing Test COMPILER_HAS_HIDDEN_INLINE_VISIBILITY
-- Performing Test COMPILER_HAS_HIDDEN_INLINE_VISIBILITY - Success
-- Performing Test COMPILER_HAS_DEPRECATED_ATTR
-- Performing Test COMPILER_HAS_DEPRECATED_ATTR - Success
-- Testing is disabled -- skipping UNIT tests
-- Testing is disabled -- skipping UNIT tests
-- Configuring library: gz-transport13-log
-- Testing is disabled -- skipping UNIT tests
-- CMAKE_CURRENT_SOURCE_DIR:/home/julia/workspace/src/gz-transport/log/src
-- Configuring library: gz-transport13-parameters
-- Testing is disabled -- skipping UNIT tests
-- The program [cppcheck] was not found! Skipping codecheck setup
-- Build configuration successful
-- Build type: RelWithDebInfo
-- Install prefix: /home/julia/workspace/install
-- Could NOT find Doxygen (missing: DOXYGEN_EXECUTABLE) 
-- Configuring done
-- Generating done
-- Build files have been written to: /home/julia/workspace/build/gz-transport13
[35m[1mScanning dependencies of target gz-transport13[0m
[  2%] [32mBuilding CXX object src/CMakeFiles/gz-transport13.dir/AdvertiseOptions.cc.o[0m
[  4%] [32mBuilding CXX object src/CMakeFiles/gz-transport13.dir/Clock.cc.o[0m
[  6%] [32mBuilding CXX object src/CMakeFiles/gz-transport13.dir/Discovery.cc.o[0m
[  9%] [32mBuilding CXX object src/CMakeFiles/gz-transport13.dir/Helpers.cc.o[0m
[ 11%] [32mBuilding CXX object src/CMakeFiles/gz-transport13.dir/MessageInfo.cc.o[0m
[ 13%] [32mBuilding CXX object src/CMakeFiles/gz-transport13.dir/NetUtils.cc.o[0m
[ 16%] [32mBuilding CXX object src/CMakeFiles/gz-transport13.dir/Node.cc.o[0m
[ 18%] [32mBuilding CXX object src/CMakeFiles/gz-transport13.dir/NodeOptions.cc.o[0m
[ 20%] [32mBuilding CXX object src/CMakeFiles/gz-transport13.dir/NodeShared.cc.o[0m
[ 23%] [32mBuilding CXX object src/CMakeFiles/gz-transport13.dir/Publisher.cc.o[0m
[ 25%] [32mBuilding CXX object src/CMakeFiles/gz-transport13.dir/SubscribeOptions.cc.o[0m
[ 27%] [32mBuilding CXX object src/CMakeFiles/gz-transport13.dir/SubscriptionHandler.cc.o[0m
[ 30%] [32mBuilding CXX object src/CMakeFiles/gz-transport13.dir/TopicStatistics.cc.o[0m
[ 32%] [32mBuilding CXX object src/CMakeFiles/gz-transport13.dir/TopicUtils.cc.o[0m
[ 34%] [32mBuilding CXX object src/CMakeFiles/gz-transport13.dir/Uuid.cc.o[0m
[ 37%] [32mBuilding CXX object src/CMakeFiles/gz-transport13.dir/CIface.cc.o[0m
[ 39%] [32m[1mLinking CXX shared library ../lib/libgz-transport13.so[0m
[ 39%] Built target gz-transport13
[35m[1mScanning dependencies of target gz[0m
[ 41%] [32mBuilding CXX object src/cmd/CMakeFiles/gz.dir/gz.cc.o[0m
[ 44%] [32m[1mLinking CXX static library ../../lib/libgz.a[0m
[ 44%] Built target gz
[35m[1mScanning dependencies of target gz-transport13-parameters[0m
[ 46%] [32mBuilding CXX object parameters/src/CMakeFiles/gz-transport13-parameters.dir/Client.cc.o[0m
[ 48%] [32mBuilding CXX object parameters/src/CMakeFiles/gz-transport13-parameters.dir/Registry.cc.o[0m
[ 51%] [32mBuilding CXX object parameters/src/CMakeFiles/gz-transport13-parameters.dir/Utils.cc.o[0m
[ 53%] [32mBuilding CXX object parameters/src/CMakeFiles/gz-transport13-parameters.dir/result.cc.o[0m
[ 55%] [32mBuilding CXX object parameters/src/CMakeFiles/gz-transport13-parameters.dir/cmd/ParamCommandAPI.cc.o[0m
[ 58%] [32m[1mLinking CXX shared library ../../lib/libgz-transport13-parameters.so[0m
[ 58%] Built target gz-transport13-parameters
[35m[1mScanning dependencies of target gz-transport-topic[0m
[ 60%] [32mBuilding CXX object src/cmd/CMakeFiles/gz-transport-topic.dir/topic_main.cc.o[0m
[ 62%] [32m[1mLinking CXX executable ../../bin/gz-transport-topic[0m
[ 62%] Built target gz-transport-topic
[35m[1mScanning dependencies of target gz-transport-service[0m
[ 65%] [32mBuilding CXX object src/cmd/CMakeFiles/gz-transport-service.dir/service_main.cc.o[0m
[ 67%] [32m[1mLinking CXX executable ../../bin/gz-transport-service[0m
[ 67%] Built target gz-transport-service
[35m[1mScanning dependencies of target gz-transport13-log[0m
[ 69%] [32mBuilding CXX object log/src/CMakeFiles/gz-transport13-log.dir/Batch.cc.o[0m
[ 72%] [32mBuilding CXX object log/src/CMakeFiles/gz-transport13-log.dir/Descriptor.cc.o[0m
[ 74%] [32mBuilding CXX object log/src/CMakeFiles/gz-transport13-log.dir/Log.cc.o[0m
[ 76%] [32mBuilding CXX object log/src/CMakeFiles/gz-transport13-log.dir/Message.cc.o[0m
[ 79%] [32mBuilding CXX object log/src/CMakeFiles/gz-transport13-log.dir/MsgIter.cc.o[0m
[ 81%] [32mBuilding CXX object log/src/CMakeFiles/gz-transport13-log.dir/Playback.cc.o[0m
[ 83%] [32mBuilding CXX object log/src/CMakeFiles/gz-transport13-log.dir/QualifiedTime.cc.o[0m
[ 86%] [32mBuilding CXX object log/src/CMakeFiles/gz-transport13-log.dir/QueryOptions.cc.o[0m
[ 88%] [32mBuilding CXX object log/src/CMakeFiles/gz-transport13-log.dir/Recorder.cc.o[0m
[ 90%] [32mBuilding CXX object log/src/CMakeFiles/gz-transport13-log.dir/SqlStatement.cc.o[0m
[ 93%] [32mBuilding CXX object log/src/CMakeFiles/gz-transport13-log.dir/raii-sqlite3.cc.o[0m
[ 95%] [32mBuilding CXX object log/src/CMakeFiles/gz-transport13-log.dir/cmd/LogCommandAPI.cc.o[0m
[ 97%] [32mBuilding CXX object log/src/CMakeFiles/gz-transport13-log.dir/Console.cc.o[0m
[100%] [32m[1mLinking CXX shared library ../../lib/libgz-transport13-log.so[0m
[100%] Built target gz-transport13-log
-- Install configuration: "RelWithDebInfo"
-- Installing: /home/julia/workspace/install/lib/cmake/gz-transport13-all/gz-transport13-all-config.cmake
-- Installing: /home/julia/workspace/install/lib/cmake/gz-transport13-all/gz-transport13-all-config-version.cmake
-- Installing: /home/julia/workspace/install/lib/cmake/gz-transport13-all/gz-transport13-all-targets.cmake
-- Installing: /home/julia/workspace/install/include/gz/transport13/gz/transport/detail/Export.hh
-- Installing: /home/julia/workspace/install/include/gz/transport13/gz/transport/Export.hh
-- Installing: /home/julia/workspace/install/lib/libgz-transport13.so.13.0.0~pre1
-- Installing: /home/julia/workspace/install/lib/libgz-transport13.so.13
-- Set runtime path of "/home/julia/workspace/install/lib/libgz-transport13.so.13.0.0~pre1" to ""
-- Installing: /home/julia/workspace/install/lib/libgz-transport13.so
-- Installing: /home/julia/workspace/install/lib/cmake/gz-transport13/gz-transport13-config.cmake
-- Installing: /home/julia/workspace/install/lib/cmake/gz-transport13/gz-transport13-config-version.cmake
-- Installing: /home/julia/workspace/install/lib/cmake/gz-transport13/gz-transport13-targets.cmake
-- Installing: /home/julia/workspace/install/lib/cmake/gz-transport13/gz-transport13-targets-relwithdebinfo.cmake
-- Installing: /home/julia/workspace/install/lib/pkgconfig/gz-transport13.pc
-- Installing: /home/julia/workspace/install/libexec/gz/transport13/gz-transport-topic
-- Set runtime path of "/home/julia/workspace/install/libexec/gz/transport13/gz-transport-topic" to ""
-- Installing: /home/julia/workspace/install/libexec/gz/transport13/gz-transport-service
-- Set runtime path of "/home/julia/workspace/install/libexec/gz/transport13/gz-transport-service" to ""
-- Installing: /home/julia/workspace/install/lib/ruby/gz/cmdtransport13.rb
-- Installing: /home/julia/workspace/install/share/gz/gz2.completion.d/transport13.bash_completion.sh
-- Installing: /home/julia/workspace/install/include/gz/transport13/ignition
-- Installing: /home/julia/workspace/install/include/gz/transport13/ignition/transport.hh
-- Installing: /home/julia/workspace/install/include/gz/transport13/ignition/transport
-- Installing: /home/julia/workspace/install/include/gz/transport13/ignition/transport/NetUtils.hh
-- Installing: /home/julia/workspace/install/include/gz/transport13/ignition/transport/NodeShared.hh
-- Installing: /home/julia/workspace/install/include/gz/transport13/ignition/transport/SubscribeOptions.hh
-- Installing: /home/julia/workspace/install/include/gz/transport13/ignition/transport/Uuid.hh
-- Installing: /home/julia/workspace/install/include/gz/transport13/ignition/transport/NodeOptions.hh
-- Installing: /home/julia/workspace/install/include/gz/transport13/ignition/transport/Packet.hh
-- Installing: /home/julia/workspace/install/include/gz/transport13/ignition/transport/ReqHandler.hh
-- Installing: /home/julia/workspace/install/include/gz/transport13/ignition/transport/Helpers.hh
-- Installing: /home/julia/workspace/install/include/gz/transport13/ignition/transport/TopicStatistics.hh
-- Installing: /home/julia/workspace/install/include/gz/transport13/ignition/transport/SubscriptionHandler.hh
-- Installing: /home/julia/workspace/install/include/gz/transport13/ignition/transport/RepHandler.hh
-- Installing: /home/julia/workspace/install/include/gz/transport13/ignition/transport/Publisher.hh
-- Installing: /home/julia/workspace/install/include/gz/transport13/ignition/transport/Export.hh
-- Installing: /home/julia/workspace/install/include/gz/transport13/ignition/transport/HandlerStorage.hh
-- Installing: /home/julia/workspace/install/include/gz/transport13/ignition/transport/CIface.h
-- Installing: /home/julia/workspace/install/include/gz/transport13/ignition/transport/TopicStorage.hh
-- Installing: /home/julia/workspace/install/include/gz/transport13/ignition/transport/MessageInfo.hh
-- Installing: /home/julia/workspace/install/include/gz/transport13/ignition/transport/Clock.hh
-- Installing: /home/julia/workspace/install/include/gz/transport13/ignition/transport/AdvertiseOptions.hh
-- Installing: /home/julia/workspace/install/include/gz/transport13/ignition/transport/config.hh
-- Installing: /home/julia/workspace/install/include/gz/transport13/ignition/transport/log.hh
-- Installing: /home/julia/workspace/install/include/gz/transport13/ignition/transport/TransportTypes.hh
-- Installing: /home/julia/workspace/install/include/gz/transport13/ignition/transport/TopicUtils.hh
-- Installing: /home/julia/workspace/install/include/gz/transport13/ignition/transport/Node.hh
-- Installing: /home/julia/workspace/install/include/gz/transport13/ignition/transport/detail
-- Installing: /home/julia/workspace/install/include/gz/transport13/ignition/transport/detail/Export.hh
-- Installing: /home/julia/workspace/install/include/gz/transport13/ignition/transport/detail/Node.hh
-- Installing: /home/julia/workspace/install/include/gz/transport13/ignition/transport/Discovery.hh
-- Installing: /home/julia/workspace/install/include/gz/transport13/gz/transport/AdvertiseOptions.hh
-- Installing: /home/julia/workspace/install/include/gz/transport13/gz/transport/CIface.h
-- Installing: /home/julia/workspace/install/include/gz/transport13/gz/transport/Clock.hh
-- Installing: /home/julia/workspace/install/include/gz/transport13/gz/transport/Discovery.hh
-- Installing: /home/julia/workspace/install/include/gz/transport13/gz/transport/HandlerStorage.hh
-- Installing: /home/julia/workspace/install/include/gz/transport13/gz/transport/Helpers.hh
-- Installing: /home/julia/workspace/install/include/gz/transport13/gz/transport/MessageInfo.hh
-- Installing: /home/julia/workspace/install/include/gz/transport13/gz/transport/NetUtils.hh
-- Installing: /home/julia/workspace/install/include/gz/transport13/gz/transport/Node.hh
-- Installing: /home/julia/workspace/install/include/gz/transport13/gz/transport/NodeOptions.hh
-- Installing: /home/julia/workspace/install/include/gz/transport13/gz/transport/NodeShared.hh
-- Installing: /home/julia/workspace/install/include/gz/transport13/gz/transport/Publisher.hh
-- Installing: /home/julia/workspace/install/include/gz/transport13/gz/transport/RepHandler.hh
-- Installing: /home/julia/workspace/install/include/gz/transport13/gz/transport/ReqHandler.hh
-- Installing: /home/julia/workspace/install/include/gz/transport13/gz/transport/SubscribeOptions.hh
-- Installing: /home/julia/workspace/install/include/gz/transport13/gz/transport/SubscriptionHandler.hh
-- Installing: /home/julia/workspace/install/include/gz/transport13/gz/transport/TopicStatistics.hh
-- Installing: /home/julia/workspace/install/include/gz/transport13/gz/transport/TopicStorage.hh
-- Installing: /home/julia/workspace/install/include/gz/transport13/gz/transport/TopicUtils.hh
-- Installing: /home/julia/workspace/install/include/gz/transport13/gz/transport/TransportTypes.hh
-- Installing: /home/julia/workspace/install/include/gz/transport13/gz/transport/Uuid.hh
-- Installing: /home/julia/workspace/install/include/gz/transport13/gz/transport/../transport.hh
-- Installing: /home/julia/workspace/install/include/gz/transport13/gz/transport/config.hh
-- Up-to-date: /home/julia/workspace/install/include/gz/transport13/gz/transport/detail
-- Installing: /home/julia/workspace/install/include/gz/transport13/gz/transport/detail/Node.hh
-- Installing: /home/julia/workspace/install/include/gz/transport13/gz/transport/log/detail/Export.hh
-- Installing: /home/julia/workspace/install/include/gz/transport13/gz/transport/log/Export.hh
-- Installing: /home/julia/workspace/install/lib/libgz-transport13-log.so.13.0.0~pre1
-- Installing: /home/julia/workspace/install/lib/libgz-transport13-log.so.13
-- Set runtime path of "/home/julia/workspace/install/lib/libgz-transport13-log.so.13.0.0~pre1" to ""
-- Installing: /home/julia/workspace/install/lib/libgz-transport13-log.so
-- Installing: /home/julia/workspace/install/lib/cmake/gz-transport13-log/gz-transport13-log-config.cmake
-- Installing: /home/julia/workspace/install/lib/cmake/gz-transport13-log/gz-transport13-log-config-version.cmake
-- Installing: /home/julia/workspace/install/lib/cmake/gz-transport13-log/gz-transport13-log-targets.cmake
-- Installing: /home/julia/workspace/install/lib/cmake/gz-transport13-log/gz-transport13-log-targets-relwithdebinfo.cmake
-- Installing: /home/julia/workspace/install/lib/pkgconfig/gz-transport13-log.pc
-- Installing: /home/julia/workspace/install/share/gz/gz-transport13/sql
-- Installing: /home/julia/workspace/install/share/gz/gz-transport13/sql/0.1.0.sql
-- Installing: /home/julia/workspace/install/lib/ruby/gz/cmdlog13.rb
-- Installing: /home/julia/workspace/install/share/gz/transportlog13.yaml
-- Up-to-date: /home/julia/workspace/install/include/gz/transport13/ignition
-- Up-to-date: /home/julia/workspace/install/include/gz/transport13/ignition/transport
-- Installing: /home/julia/workspace/install/include/gz/transport13/ignition/transport/log
-- Installing: /home/julia/workspace/install/include/gz/transport13/ignition/transport/log/QueryOptions.hh
-- Installing: /home/julia/workspace/install/include/gz/transport13/ignition/transport/log/Recorder.hh
-- Installing: /home/julia/workspace/install/include/gz/transport13/ignition/transport/log/MsgIter.hh
-- Installing: /home/julia/workspace/install/include/gz/transport13/ignition/transport/log/Export.hh
-- Installing: /home/julia/workspace/install/include/gz/transport13/ignition/transport/log/SqlStatement.hh
-- Installing: /home/julia/workspace/install/include/gz/transport13/ignition/transport/log/Batch.hh
-- Installing: /home/julia/workspace/install/include/gz/transport13/ignition/transport/log/QualifiedTime.hh
-- Installing: /home/julia/workspace/install/include/gz/transport13/ignition/transport/log/Playback.hh
-- Installing: /home/julia/workspace/install/include/gz/transport13/ignition/transport/log/detail
-- Installing: /home/julia/workspace/install/include/gz/transport13/ignition/transport/log/detail/QueryOptions.hh
-- Installing: /home/julia/workspace/install/include/gz/transport13/ignition/transport/log/detail/Export.hh
-- Installing: /home/julia/workspace/install/include/gz/transport13/ignition/transport/log/Descriptor.hh
-- Installing: /home/julia/workspace/install/include/gz/transport13/ignition/transport/log/Log.hh
-- Installing: /home/julia/workspace/install/include/gz/transport13/ignition/transport/log/Message.hh
-- Installing: /home/julia/workspace/install/include/gz/transport13/gz/transport/log/Batch.hh
-- Installing: /home/julia/workspace/install/include/gz/transport13/gz/transport/log/Descriptor.hh
-- Installing: /home/julia/workspace/install/include/gz/transport13/gz/transport/log/Log.hh
-- Installing: /home/julia/workspace/install/include/gz/transport13/gz/transport/log/Message.hh
-- Installing: /home/julia/workspace/install/include/gz/transport13/gz/transport/log/MsgIter.hh
-- Installing: /home/julia/workspace/install/include/gz/transport13/gz/transport/log/Playback.hh
-- Installing: /home/julia/workspace/install/include/gz/transport13/gz/transport/log/QualifiedTime.hh
-- Installing: /home/julia/workspace/install/include/gz/transport13/gz/transport/log/QueryOptions.hh
-- Installing: /home/julia/workspace/install/include/gz/transport13/gz/transport/log/Recorder.hh
-- Installing: /home/julia/workspace/install/include/gz/transport13/gz/transport/log/SqlStatement.hh
-- Installing: /home/julia/workspace/install/include/gz/transport13/gz/transport/log/detail/QueryOptions.hh
-- Installing: /home/julia/workspace/install/include/gz/transport13/gz/transport/log/../log.hh
-- Installing: /home/julia/workspace/install/include/gz/transport13/gz/transport/parameters/detail/Export.hh
-- Installing: /home/julia/workspace/install/include/gz/transport13/gz/transport/parameters/Export.hh
-- Installing: /home/julia/workspace/install/lib/libgz-transport13-parameters.so.13.0.0~pre1
-- Installing: /home/julia/workspace/install/lib/libgz-transport13-parameters.so.13
-- Set runtime path of "/home/julia/workspace/install/lib/libgz-transport13-parameters.so.13.0.0~pre1" to ""
-- Installing: /home/julia/workspace/install/lib/libgz-transport13-parameters.so
-- Installing: /home/julia/workspace/install/lib/cmake/gz-transport13-parameters/gz-transport13-parameters-config.cmake
-- Installing: /home/julia/workspace/install/lib/cmake/gz-transport13-parameters/gz-transport13-parameters-config-version.cmake
-- Installing: /home/julia/workspace/install/lib/cmake/gz-transport13-parameters/gz-transport13-parameters-targets.cmake
-- Installing: /home/julia/workspace/install/lib/cmake/gz-transport13-parameters/gz-transport13-parameters-targets-relwithdebinfo.cmake
-- Installing: /home/julia/workspace/install/lib/pkgconfig/gz-transport13-parameters.pc
-- Installing: /home/julia/workspace/install/lib/ruby/gz/cmdparam13.rb
-- Installing: /home/julia/workspace/install/share/gz/transportparam13.yaml
-- Installing: /home/julia/workspace/install/include/gz/transport13/gz/transport/parameters/Client.hh
-- Installing: /home/julia/workspace/install/include/gz/transport13/gz/transport/parameters/Interface.hh
-- Installing: /home/julia/workspace/install/include/gz/transport13/gz/transport/parameters/Registry.hh
-- Installing: /home/julia/workspace/install/include/gz/transport13/gz/transport/parameters/result.hh
-- Installing: /home/julia/workspace/install/include/gz/transport13/gz/transport/parameters/../parameters.hh
-- Installing: /home/julia/workspace/install/share/gz/transport13.yaml
