[0.048s] Invoking command in '/home/julia/workspace/build/gz-transport13': CMAKE_PREFIX_PATH=/home/julia/workspace/install LD_LIBRARY_PATH=/home/julia/workspace/install/lib PATH=/home/julia/workspace/install/bin:${PATH} PKG_CONFIG_PATH=/home/julia/workspace/install/lib/pkgconfig /usr/bin/cmake /home/julia/workspace/src/gz-transport -DBUILD_TESTING=OFF -DCMAKE_INSTALL_PREFIX=/home/julia/workspace/install
[0.118s] -- The C compiler identification is GNU 9.4.0
[0.178s] -- The CXX compiler identification is GNU 9.4.0
[0.183s] -- Check for working C compiler: /usr/bin/cc
[0.266s] -- Check for working C compiler: /usr/bin/cc -- works
[0.267s] -- Detecting C compiler ABI info
[0.350s] -- Detecting C compiler ABI info - done
[0.362s] -- Detecting C compile features
[0.363s] -- Detecting C compile features - done
[0.366s] -- Check for working CXX compiler: /usr/bin/c++
[0.459s] -- Check for working CXX compiler: /usr/bin/c++ -- works
[0.460s] -- Detecting CXX compiler ABI info
[0.552s] -- Detecting CXX compiler ABI info - done
[0.565s] -- Detecting CXX compile features
[0.566s] -- Detecting CXX compile features - done
[0.572s] -- gz-transport13 version 13.0.0~pre1
[0.573s] -- Operating system is Linux
[0.581s] -- Found CPack generators: DEB
[0.592s] -- 
[0.592s] 
[0.592s] -- ====== Finding Dependencies ======
[0.959s] -- Found Protobuf: /usr/lib/x86_64-linux-gnu/libprotobuf.so;-lpthread (found suitable version "3.6.1", minimum required is "3") 
[0.960s] -- Looking for Protobuf - found
[0.960s] 
[0.969s] -- Config-file not installed for ZeroMQ -- checking for pkg-config
[0.976s] -- Checking for module 'libzmq >= 4'
[0.999s] --   Found libzmq , version 4.3.2
[1.049s] -- Found ZeroMQ: TRUE (Required is at least version "4") 
[1.050s] -- Looking for ZeroMQ - found
[1.050s] 
[1.078s] -- Looking for CppZMQ - found
[1.078s] 
[1.083s] -- Checking for module 'uuid'
[1.098s] --   Found uuid, version 2.34.0
[1.137s] -- Found UUID: TRUE  
[1.137s] -- Looking for UUID - found
[1.137s] 
[1.138s] -- Looking for gz-utils2 -- found version 2.0.0
[1.139s] -- Searching for dependencies of gz-utils2
[1.139s] -- Searching for <gz-utils2> component [cli]
[1.140s] -- Looking for gz-utils2-cli -- found version 2.0.0
[1.140s] -- Searching for dependencies of gz-utils2-cli
[1.141s] -- Looking for gz-utils2 - found
[1.141s] 
[1.142s] -- Looking for gz-msgs10 -- found version 10.0.0
[1.142s] -- Searching for dependencies of gz-msgs10
[1.154s] -- Looking for gz-math7 -- found version 7.1.0
[1.155s] -- Searching for dependencies of gz-math7
[1.155s] -- Looking for gz-utils2 -- found version 2.0.0
[1.160s] -- Checking for module 'tinyxml2'
[1.176s] --   Found tinyxml2, version 6.2.0
[1.216s] -- Looking for gz-msgs10 - found
[1.216s] 
[1.218s] -- Looking for IFADDRS - found
[1.218s] 
[1.225s] -- Checking for module 'sqlite3 >= 3.7.13'
[1.249s] --   Found sqlite3 , version 3.31.1
[1.299s] -- Looking for sqlite3 - found
[1.300s] 
[2.271s] -- 
[2.271s] -- Searching for host SSE information
[2.303s] -- SSE2 found
[2.303s] -- SSE3 found
[2.303s] -- SSE4.1 found
[2.303s] -- SSE4.2 found
[2.320s] -- Configuring library: gz-transport13
[2.321s] -- Performing Test COMPILER_HAS_HIDDEN_VISIBILITY
[2.392s] -- Performing Test COMPILER_HAS_HIDDEN_VISIBILITY - Success
[2.393s] -- Performing Test COMPILER_HAS_HIDDEN_INLINE_VISIBILITY
[2.464s] -- Performing Test COMPILER_HAS_HIDDEN_INLINE_VISIBILITY - Success
[2.465s] -- Performing Test COMPILER_HAS_DEPRECATED_ATTR
[2.536s] -- Performing Test COMPILER_HAS_DEPRECATED_ATTR - Success
[2.539s] -- Testing is disabled -- skipping UNIT tests
[2.540s] -- Testing is disabled -- skipping UNIT tests
[2.544s] -- Configuring library: gz-transport13-log
[2.547s] -- Testing is disabled -- skipping UNIT tests
[2.547s] -- CMAKE_CURRENT_SOURCE_DIR:/home/julia/workspace/src/gz-transport/log/src
[2.551s] -- Configuring library: gz-transport13-parameters
[2.554s] -- Testing is disabled -- skipping UNIT tests
[2.643s] -- The program [cppcheck] was not found! Skipping codecheck setup
[2.643s] -- Build configuration successful
[2.645s] -- Build type: RelWithDebInfo
[2.645s] -- Install prefix: /home/julia/workspace/install
[2.649s] -- Could NOT find Doxygen (missing: DOXYGEN_EXECUTABLE) 
[2.653s] -- Configuring done
[2.685s] -- Generating done
[2.687s] -- Build files have been written to: /home/julia/workspace/build/gz-transport13
[2.699s] Invoked command in '/home/julia/workspace/build/gz-transport13' returned '0': CMAKE_PREFIX_PATH=/home/julia/workspace/install LD_LIBRARY_PATH=/home/julia/workspace/install/lib PATH=/home/julia/workspace/install/bin:${PATH} PKG_CONFIG_PATH=/home/julia/workspace/install/lib/pkgconfig /usr/bin/cmake /home/julia/workspace/src/gz-transport -DBUILD_TESTING=OFF -DCMAKE_INSTALL_PREFIX=/home/julia/workspace/install
[2.700s] Invoking command in '/home/julia/workspace/build/gz-transport13': CMAKE_PREFIX_PATH=/home/julia/workspace/install LD_LIBRARY_PATH=/home/julia/workspace/install/lib PATH=/home/julia/workspace/install/bin:${PATH} PKG_CONFIG_PATH=/home/julia/workspace/install/lib/pkgconfig /usr/bin/cmake --build /home/julia/workspace/build/gz-transport13 -- -j3 -l3
[2.739s] [35m[1mScanning dependencies of target gz-transport13[0m
[2.810s] [  2%] [32mBuilding CXX object src/CMakeFiles/gz-transport13.dir/AdvertiseOptions.cc.o[0m
[3.402s] [  4%] [32mBuilding CXX object src/CMakeFiles/gz-transport13.dir/Clock.cc.o[0m
[5.183s] [  6%] [32mBuilding CXX object src/CMakeFiles/gz-transport13.dir/Discovery.cc.o[0m
[7.571s] [  9%] [32mBuilding CXX object src/CMakeFiles/gz-transport13.dir/Helpers.cc.o[0m
[8.237s] [ 11%] [32mBuilding CXX object src/CMakeFiles/gz-transport13.dir/MessageInfo.cc.o[0m
[8.579s] [ 13%] [32mBuilding CXX object src/CMakeFiles/gz-transport13.dir/NetUtils.cc.o[0m
[9.795s] [ 16%] [32mBuilding CXX object src/CMakeFiles/gz-transport13.dir/Node.cc.o[0m
[18.830s] [ 18%] [32mBuilding CXX object src/CMakeFiles/gz-transport13.dir/NodeOptions.cc.o[0m
[20.000s] [ 20%] [32mBuilding CXX object src/CMakeFiles/gz-transport13.dir/NodeShared.cc.o[0m
[34.077s] [ 23%] [32mBuilding CXX object src/CMakeFiles/gz-transport13.dir/Publisher.cc.o[0m
[35.650s] [ 25%] [32mBuilding CXX object src/CMakeFiles/gz-transport13.dir/SubscribeOptions.cc.o[0m
[36.301s] [ 27%] [32mBuilding CXX object src/CMakeFiles/gz-transport13.dir/SubscriptionHandler.cc.o[0m
[37.430s] [ 30%] [32mBuilding CXX object src/CMakeFiles/gz-transport13.dir/TopicStatistics.cc.o[0m
[39.258s] [ 32%] [32mBuilding CXX object src/CMakeFiles/gz-transport13.dir/TopicUtils.cc.o[0m
[44.810s] [ 34%] [32mBuilding CXX object src/CMakeFiles/gz-transport13.dir/Uuid.cc.o[0m
[45.237s] [ 37%] [32mBuilding CXX object src/CMakeFiles/gz-transport13.dir/CIface.cc.o[0m
[46.657s] [ 39%] [32m[1mLinking CXX shared library ../lib/libgz-transport13.so[0m
[47.063s] [ 39%] Built target gz-transport13
[47.073s] [35m[1mScanning dependencies of target gz[0m
[47.093s] [ 41%] [32mBuilding CXX object src/cmd/CMakeFiles/gz.dir/gz.cc.o[0m
[50.440s] [ 44%] [32m[1mLinking CXX static library ../../lib/libgz.a[0m
[50.493s] [ 44%] Built target gz
[50.502s] [35m[1mScanning dependencies of target gz-transport13-parameters[0m
[50.530s] [ 46%] [32mBuilding CXX object parameters/src/CMakeFiles/gz-transport13-parameters.dir/Client.cc.o[0m
[53.617s] [ 48%] [32mBuilding CXX object parameters/src/CMakeFiles/gz-transport13-parameters.dir/Registry.cc.o[0m
[56.693s] [ 51%] [32mBuilding CXX object parameters/src/CMakeFiles/gz-transport13-parameters.dir/Utils.cc.o[0m
[57.542s] [ 53%] [32mBuilding CXX object parameters/src/CMakeFiles/gz-transport13-parameters.dir/result.cc.o[0m
[57.903s] [ 55%] [32mBuilding CXX object parameters/src/CMakeFiles/gz-transport13-parameters.dir/cmd/ParamCommandAPI.cc.o[0m
[59.388s] [ 58%] [32m[1mLinking CXX shared library ../../lib/libgz-transport13-parameters.so[0m
[59.601s] [ 58%] Built target gz-transport13-parameters
[59.613s] [35m[1mScanning dependencies of target gz-transport-topic[0m
[59.640s] [ 60%] [32mBuilding CXX object src/cmd/CMakeFiles/gz-transport-topic.dir/topic_main.cc.o[0m
[74.556s] [ 62%] [32m[1mLinking CXX executable ../../bin/gz-transport-topic[0m
[74.782s] [ 62%] Built target gz-transport-topic
[74.792s] [35m[1mScanning dependencies of target gz-transport-service[0m
[74.807s] [ 65%] [32mBuilding CXX object src/cmd/CMakeFiles/gz-transport-service.dir/service_main.cc.o[0m
[89.394s] [ 67%] [32m[1mLinking CXX executable ../../bin/gz-transport-service[0m
[89.703s] [ 67%] Built target gz-transport-service
[89.717s] [35m[1mScanning dependencies of target gz-transport13-log[0m
[89.813s] [ 69%] [32mBuilding CXX object log/src/CMakeFiles/gz-transport13-log.dir/Batch.cc.o[0m
[90.428s] [ 72%] [32mBuilding CXX object log/src/CMakeFiles/gz-transport13-log.dir/Descriptor.cc.o[0m
[91.155s] [ 74%] [32mBuilding CXX object log/src/CMakeFiles/gz-transport13-log.dir/Log.cc.o[0m
[92.611s] [ 76%] [32mBuilding CXX object log/src/CMakeFiles/gz-transport13-log.dir/Message.cc.o[0m
[92.902s] [ 79%] [32mBuilding CXX object log/src/CMakeFiles/gz-transport13-log.dir/MsgIter.cc.o[0m
[93.548s] [ 81%] [32mBuilding CXX object log/src/CMakeFiles/gz-transport13-log.dir/Playback.cc.o[0m
[97.352s] [ 83%] [32mBuilding CXX object log/src/CMakeFiles/gz-transport13-log.dir/QualifiedTime.cc.o[0m
[97.721s] [ 86%] [32mBuilding CXX object log/src/CMakeFiles/gz-transport13-log.dir/QueryOptions.cc.o[0m
[99.775s] [ 88%] [32mBuilding CXX object log/src/CMakeFiles/gz-transport13-log.dir/Recorder.cc.o[0m
[107.011s] [ 90%] [32mBuilding CXX object log/src/CMakeFiles/gz-transport13-log.dir/SqlStatement.cc.o[0m
[107.398s] [ 93%] [32mBuilding CXX object log/src/CMakeFiles/gz-transport13-log.dir/raii-sqlite3.cc.o[0m
[107.676s] [ 95%] [32mBuilding CXX object log/src/CMakeFiles/gz-transport13-log.dir/cmd/LogCommandAPI.cc.o[0m
[112.413s] [ 97%] [32mBuilding CXX object log/src/CMakeFiles/gz-transport13-log.dir/Console.cc.o[0m
[112.650s] [100%] [32m[1mLinking CXX shared library ../../lib/libgz-transport13-log.so[0m
[112.878s] [100%] Built target gz-transport13-log
[112.895s] Invoked command in '/home/julia/workspace/build/gz-transport13' returned '0': CMAKE_PREFIX_PATH=/home/julia/workspace/install LD_LIBRARY_PATH=/home/julia/workspace/install/lib PATH=/home/julia/workspace/install/bin:${PATH} PKG_CONFIG_PATH=/home/julia/workspace/install/lib/pkgconfig /usr/bin/cmake --build /home/julia/workspace/build/gz-transport13 -- -j3 -l3
[112.942s] Invoking command in '/home/julia/workspace/build/gz-transport13': CMAKE_PREFIX_PATH=/home/julia/workspace/install LD_LIBRARY_PATH=/home/julia/workspace/install/lib PATH=/home/julia/workspace/install/bin:${PATH} PKG_CONFIG_PATH=/home/julia/workspace/install/lib/pkgconfig /usr/bin/cmake --install /home/julia/workspace/build/gz-transport13
[112.955s] -- Install configuration: "RelWithDebInfo"
[112.955s] -- Installing: /home/julia/workspace/install/lib/cmake/gz-transport13-all/gz-transport13-all-config.cmake
[112.955s] -- Installing: /home/julia/workspace/install/lib/cmake/gz-transport13-all/gz-transport13-all-config-version.cmake
[112.955s] -- Installing: /home/julia/workspace/install/lib/cmake/gz-transport13-all/gz-transport13-all-targets.cmake
[112.962s] -- Installing: /home/julia/workspace/install/include/gz/transport13/gz/transport/detail/Export.hh
[112.962s] -- Installing: /home/julia/workspace/install/include/gz/transport13/gz/transport/Export.hh
[112.962s] -- Installing: /home/julia/workspace/install/lib/libgz-transport13.so.13.0.0~pre1
[112.985s] -- Installing: /home/julia/workspace/install/lib/libgz-transport13.so.13
[112.985s] -- Set runtime path of "/home/julia/workspace/install/lib/libgz-transport13.so.13.0.0~pre1" to ""
[112.985s] -- Installing: /home/julia/workspace/install/lib/libgz-transport13.so
[112.985s] -- Installing: /home/julia/workspace/install/lib/cmake/gz-transport13/gz-transport13-config.cmake
[112.986s] -- Installing: /home/julia/workspace/install/lib/cmake/gz-transport13/gz-transport13-config-version.cmake
[112.986s] -- Installing: /home/julia/workspace/install/lib/cmake/gz-transport13/gz-transport13-targets.cmake
[112.986s] -- Installing: /home/julia/workspace/install/lib/cmake/gz-transport13/gz-transport13-targets-relwithdebinfo.cmake
[112.986s] -- Installing: /home/julia/workspace/install/lib/pkgconfig/gz-transport13.pc
[112.987s] -- Installing: /home/julia/workspace/install/libexec/gz/transport13/gz-transport-topic
[113.001s] -- Set runtime path of "/home/julia/workspace/install/libexec/gz/transport13/gz-transport-topic" to ""
[113.001s] -- Installing: /home/julia/workspace/install/libexec/gz/transport13/gz-transport-service
[113.015s] -- Set runtime path of "/home/julia/workspace/install/libexec/gz/transport13/gz-transport-service" to ""
[113.015s] -- Installing: /home/julia/workspace/install/lib/ruby/gz/cmdtransport13.rb
[113.015s] -- Installing: /home/julia/workspace/install/share/gz/gz2.completion.d/transport13.bash_completion.sh
[113.016s] -- Installing: /home/julia/workspace/install/include/gz/transport13/ignition
[113.016s] -- Installing: /home/julia/workspace/install/include/gz/transport13/ignition/transport.hh
[113.016s] -- Installing: /home/julia/workspace/install/include/gz/transport13/ignition/transport
[113.016s] -- Installing: /home/julia/workspace/install/include/gz/transport13/ignition/transport/NetUtils.hh
[113.017s] -- Installing: /home/julia/workspace/install/include/gz/transport13/ignition/transport/NodeShared.hh
[113.017s] -- Installing: /home/julia/workspace/install/include/gz/transport13/ignition/transport/SubscribeOptions.hh
[113.017s] -- Installing: /home/julia/workspace/install/include/gz/transport13/ignition/transport/Uuid.hh
[113.018s] -- Installing: /home/julia/workspace/install/include/gz/transport13/ignition/transport/NodeOptions.hh
[113.018s] -- Installing: /home/julia/workspace/install/include/gz/transport13/ignition/transport/Packet.hh
[113.018s] -- Installing: /home/julia/workspace/install/include/gz/transport13/ignition/transport/ReqHandler.hh
[113.018s] -- Installing: /home/julia/workspace/install/include/gz/transport13/ignition/transport/Helpers.hh
[113.019s] -- Installing: /home/julia/workspace/install/include/gz/transport13/ignition/transport/TopicStatistics.hh
[113.019s] -- Installing: /home/julia/workspace/install/include/gz/transport13/ignition/transport/SubscriptionHandler.hh
[113.019s] -- Installing: /home/julia/workspace/install/include/gz/transport13/ignition/transport/RepHandler.hh
[113.019s] -- Installing: /home/julia/workspace/install/include/gz/transport13/ignition/transport/Publisher.hh
[113.020s] -- Installing: /home/julia/workspace/install/include/gz/transport13/ignition/transport/Export.hh
[113.020s] -- Installing: /home/julia/workspace/install/include/gz/transport13/ignition/transport/HandlerStorage.hh
[113.020s] -- Installing: /home/julia/workspace/install/include/gz/transport13/ignition/transport/CIface.h
[113.020s] -- Installing: /home/julia/workspace/install/include/gz/transport13/ignition/transport/TopicStorage.hh
[113.021s] -- Installing: /home/julia/workspace/install/include/gz/transport13/ignition/transport/MessageInfo.hh
[113.021s] -- Installing: /home/julia/workspace/install/include/gz/transport13/ignition/transport/Clock.hh
[113.021s] -- Installing: /home/julia/workspace/install/include/gz/transport13/ignition/transport/AdvertiseOptions.hh
[113.021s] -- Installing: /home/julia/workspace/install/include/gz/transport13/ignition/transport/config.hh
[113.022s] -- Installing: /home/julia/workspace/install/include/gz/transport13/ignition/transport/log.hh
[113.022s] -- Installing: /home/julia/workspace/install/include/gz/transport13/ignition/transport/TransportTypes.hh
[113.022s] -- Installing: /home/julia/workspace/install/include/gz/transport13/ignition/transport/TopicUtils.hh
[113.022s] -- Installing: /home/julia/workspace/install/include/gz/transport13/ignition/transport/Node.hh
[113.023s] -- Installing: /home/julia/workspace/install/include/gz/transport13/ignition/transport/detail
[113.023s] -- Installing: /home/julia/workspace/install/include/gz/transport13/ignition/transport/detail/Export.hh
[113.023s] -- Installing: /home/julia/workspace/install/include/gz/transport13/ignition/transport/detail/Node.hh
[113.023s] -- Installing: /home/julia/workspace/install/include/gz/transport13/ignition/transport/Discovery.hh
[113.024s] -- Installing: /home/julia/workspace/install/include/gz/transport13/gz/transport/AdvertiseOptions.hh
[113.024s] -- Installing: /home/julia/workspace/install/include/gz/transport13/gz/transport/CIface.h
[113.024s] -- Installing: /home/julia/workspace/install/include/gz/transport13/gz/transport/Clock.hh
[113.024s] -- Installing: /home/julia/workspace/install/include/gz/transport13/gz/transport/Discovery.hh
[113.024s] -- Installing: /home/julia/workspace/install/include/gz/transport13/gz/transport/HandlerStorage.hh
[113.025s] -- Installing: /home/julia/workspace/install/include/gz/transport13/gz/transport/Helpers.hh
[113.025s] -- Installing: /home/julia/workspace/install/include/gz/transport13/gz/transport/MessageInfo.hh
[113.025s] -- Installing: /home/julia/workspace/install/include/gz/transport13/gz/transport/NetUtils.hh
[113.025s] -- Installing: /home/julia/workspace/install/include/gz/transport13/gz/transport/Node.hh
[113.025s] -- Installing: /home/julia/workspace/install/include/gz/transport13/gz/transport/NodeOptions.hh
[113.025s] -- Installing: /home/julia/workspace/install/include/gz/transport13/gz/transport/NodeShared.hh
[113.025s] -- Installing: /home/julia/workspace/install/include/gz/transport13/gz/transport/Publisher.hh
[113.025s] -- Installing: /home/julia/workspace/install/include/gz/transport13/gz/transport/RepHandler.hh
[113.026s] -- Installing: /home/julia/workspace/install/include/gz/transport13/gz/transport/ReqHandler.hh
[113.026s] -- Installing: /home/julia/workspace/install/include/gz/transport13/gz/transport/SubscribeOptions.hh
[113.026s] -- Installing: /home/julia/workspace/install/include/gz/transport13/gz/transport/SubscriptionHandler.hh
[113.026s] -- Installing: /home/julia/workspace/install/include/gz/transport13/gz/transport/TopicStatistics.hh
[113.026s] -- Installing: /home/julia/workspace/install/include/gz/transport13/gz/transport/TopicStorage.hh
[113.026s] -- Installing: /home/julia/workspace/install/include/gz/transport13/gz/transport/TopicUtils.hh
[113.026s] -- Installing: /home/julia/workspace/install/include/gz/transport13/gz/transport/TransportTypes.hh
[113.026s] -- Installing: /home/julia/workspace/install/include/gz/transport13/gz/transport/Uuid.hh
[113.026s] -- Installing: /home/julia/workspace/install/include/gz/transport13/gz/transport/../transport.hh
[113.027s] -- Installing: /home/julia/workspace/install/include/gz/transport13/gz/transport/config.hh
[113.027s] -- Up-to-date: /home/julia/workspace/install/include/gz/transport13/gz/transport/detail
[113.027s] -- Installing: /home/julia/workspace/install/include/gz/transport13/gz/transport/detail/Node.hh
[113.027s] -- Installing: /home/julia/workspace/install/include/gz/transport13/gz/transport/log/detail/Export.hh
[113.027s] -- Installing: /home/julia/workspace/install/include/gz/transport13/gz/transport/log/Export.hh
[113.027s] -- Installing: /home/julia/workspace/install/lib/libgz-transport13-log.so.13.0.0~pre1
[113.040s] -- Installing: /home/julia/workspace/install/lib/libgz-transport13-log.so.13
[113.040s] -- Set runtime path of "/home/julia/workspace/install/lib/libgz-transport13-log.so.13.0.0~pre1" to ""
[113.040s] -- Installing: /home/julia/workspace/install/lib/libgz-transport13-log.so
[113.040s] -- Installing: /home/julia/workspace/install/lib/cmake/gz-transport13-log/gz-transport13-log-config.cmake
[113.040s] -- Installing: /home/julia/workspace/install/lib/cmake/gz-transport13-log/gz-transport13-log-config-version.cmake
[113.041s] -- Installing: /home/julia/workspace/install/lib/cmake/gz-transport13-log/gz-transport13-log-targets.cmake
[113.041s] -- Installing: /home/julia/workspace/install/lib/cmake/gz-transport13-log/gz-transport13-log-targets-relwithdebinfo.cmake
[113.041s] -- Installing: /home/julia/workspace/install/lib/pkgconfig/gz-transport13-log.pc
[113.041s] -- Installing: /home/julia/workspace/install/share/gz/gz-transport13/sql
[113.041s] -- Installing: /home/julia/workspace/install/share/gz/gz-transport13/sql/0.1.0.sql
[113.042s] -- Installing: /home/julia/workspace/install/lib/ruby/gz/cmdlog13.rb
[113.042s] -- Installing: /home/julia/workspace/install/share/gz/transportlog13.yaml
[113.042s] -- Up-to-date: /home/julia/workspace/install/include/gz/transport13/ignition
[113.042s] -- Up-to-date: /home/julia/workspace/install/include/gz/transport13/ignition/transport
[113.042s] -- Installing: /home/julia/workspace/install/include/gz/transport13/ignition/transport/log
[113.042s] -- Installing: /home/julia/workspace/install/include/gz/transport13/ignition/transport/log/QueryOptions.hh
[113.043s] -- Installing: /home/julia/workspace/install/include/gz/transport13/ignition/transport/log/Recorder.hh
[113.043s] -- Installing: /home/julia/workspace/install/include/gz/transport13/ignition/transport/log/MsgIter.hh
[113.043s] -- Installing: /home/julia/workspace/install/include/gz/transport13/ignition/transport/log/Export.hh
[113.044s] -- Installing: /home/julia/workspace/install/include/gz/transport13/ignition/transport/log/SqlStatement.hh
[113.044s] -- Installing: /home/julia/workspace/install/include/gz/transport13/ignition/transport/log/Batch.hh
[113.044s] -- Installing: /home/julia/workspace/install/include/gz/transport13/ignition/transport/log/QualifiedTime.hh
[113.044s] -- Installing: /home/julia/workspace/install/include/gz/transport13/ignition/transport/log/Playback.hh
[113.045s] -- Installing: /home/julia/workspace/install/include/gz/transport13/ignition/transport/log/detail
[113.045s] -- Installing: /home/julia/workspace/install/include/gz/transport13/ignition/transport/log/detail/QueryOptions.hh
[113.045s] -- Installing: /home/julia/workspace/install/include/gz/transport13/ignition/transport/log/detail/Export.hh
[113.045s] -- Installing: /home/julia/workspace/install/include/gz/transport13/ignition/transport/log/Descriptor.hh
[113.046s] -- Installing: /home/julia/workspace/install/include/gz/transport13/ignition/transport/log/Log.hh
[113.046s] -- Installing: /home/julia/workspace/install/include/gz/transport13/ignition/transport/log/Message.hh
[113.046s] -- Installing: /home/julia/workspace/install/include/gz/transport13/gz/transport/log/Batch.hh
[113.047s] -- Installing: /home/julia/workspace/install/include/gz/transport13/gz/transport/log/Descriptor.hh
[113.047s] -- Installing: /home/julia/workspace/install/include/gz/transport13/gz/transport/log/Log.hh
[113.047s] -- Installing: /home/julia/workspace/install/include/gz/transport13/gz/transport/log/Message.hh
[113.047s] -- Installing: /home/julia/workspace/install/include/gz/transport13/gz/transport/log/MsgIter.hh
[113.047s] -- Installing: /home/julia/workspace/install/include/gz/transport13/gz/transport/log/Playback.hh
[113.047s] -- Installing: /home/julia/workspace/install/include/gz/transport13/gz/transport/log/QualifiedTime.hh
[113.047s] -- Installing: /home/julia/workspace/install/include/gz/transport13/gz/transport/log/QueryOptions.hh
[113.047s] -- Installing: /home/julia/workspace/install/include/gz/transport13/gz/transport/log/Recorder.hh
[113.047s] -- Installing: /home/julia/workspace/install/include/gz/transport13/gz/transport/log/SqlStatement.hh
[113.048s] -- Installing: /home/julia/workspace/install/include/gz/transport13/gz/transport/log/detail/QueryOptions.hh
[113.048s] -- Installing: /home/julia/workspace/install/include/gz/transport13/gz/transport/log/../log.hh
[113.048s] -- Installing: /home/julia/workspace/install/include/gz/transport13/gz/transport/parameters/detail/Export.hh
[113.048s] -- Installing: /home/julia/workspace/install/include/gz/transport13/gz/transport/parameters/Export.hh
[113.048s] -- Installing: /home/julia/workspace/install/lib/libgz-transport13-parameters.so.13.0.0~pre1
[113.054s] -- Installing: /home/julia/workspace/install/lib/libgz-transport13-parameters.so.13
[113.056s] -- Set runtime path of "/home/julia/workspace/install/lib/libgz-transport13-parameters.so.13.0.0~pre1" to ""
[113.056s] -- Installing: /home/julia/workspace/install/lib/libgz-transport13-parameters.so
[113.056s] -- Installing: /home/julia/workspace/install/lib/cmake/gz-transport13-parameters/gz-transport13-parameters-config.cmake
[113.056s] -- Installing: /home/julia/workspace/install/lib/cmake/gz-transport13-parameters/gz-transport13-parameters-config-version.cmake
[113.056s] -- Installing: /home/julia/workspace/install/lib/cmake/gz-transport13-parameters/gz-transport13-parameters-targets.cmake
[113.056s] -- Installing: /home/julia/workspace/install/lib/cmake/gz-transport13-parameters/gz-transport13-parameters-targets-relwithdebinfo.cmake
[113.056s] -- Installing: /home/julia/workspace/install/lib/pkgconfig/gz-transport13-parameters.pc
[113.056s] -- Installing: /home/julia/workspace/install/lib/ruby/gz/cmdparam13.rb
[113.056s] -- Installing: /home/julia/workspace/install/share/gz/transportparam13.yaml
[113.057s] -- Installing: /home/julia/workspace/install/include/gz/transport13/gz/transport/parameters/Client.hh
[113.057s] -- Installing: /home/julia/workspace/install/include/gz/transport13/gz/transport/parameters/Interface.hh
[113.057s] -- Installing: /home/julia/workspace/install/include/gz/transport13/gz/transport/parameters/Registry.hh
[113.057s] -- Installing: /home/julia/workspace/install/include/gz/transport13/gz/transport/parameters/result.hh
[113.057s] -- Installing: /home/julia/workspace/install/include/gz/transport13/gz/transport/parameters/../parameters.hh
[113.058s] -- Installing: /home/julia/workspace/install/share/gz/transport13.yaml
[113.069s] Invoked command in '/home/julia/workspace/build/gz-transport13' returned '0': CMAKE_PREFIX_PATH=/home/julia/workspace/install LD_LIBRARY_PATH=/home/julia/workspace/install/lib PATH=/home/julia/workspace/install/bin:${PATH} PKG_CONFIG_PATH=/home/julia/workspace/install/lib/pkgconfig /usr/bin/cmake --install /home/julia/workspace/build/gz-transport13
