[0.362s] DEBUG:colcon:Command line arguments: ['/home/julia/.local/bin/colcon', 'build', '--cmake-args', '-DBUILD_TESTING=OFF', '--merge-install']
[0.362s] DEBUG:colcon:Parsed command line arguments: Namespace(allow_overriding=[], ament_cmake_args=None, base_paths=['.'], build_base='build', catkin_cmake_args=None, catkin_skip_building_tests=False, cmake_args=['-DBUILD_TESTING=OFF'], cmake_clean_cache=False, cmake_clean_first=False, cmake_force_configure=False, cmake_target=None, cmake_target_skip_unavailable=False, continue_on_error=False, event_handlers=None, executor='parallel', ignore_user_meta=False, install_base='install', log_base=None, log_level=None, main=<bound method BuildVerb.main of <colcon_core.verb.build.BuildVerb object at 0x7fc2e67d3fd0>>, merge_install=True, metas=['./colcon.meta'], packages_above=None, packages_above_and_dependencies=None, packages_above_depth=None, packages_end=None, packages_ignore=None, packages_ignore_regex=None, packages_select=None, packages_select_build_failed=False, packages_select_by_dep=None, packages_select_regex=None, packages_select_test_failures=False, packages_skip=None, packages_skip_build_finished=False, packages_skip_by_dep=None, packages_skip_regex=None, packages_skip_test_passed=False, packages_skip_up_to=None, packages_start=None, packages_up_to=None, packages_up_to_regex=None, parallel_workers=3, paths=None, symlink_install=False, test_result_base=None, verb_extension=<colcon_core.verb.build.BuildVerb object at 0x7fc2e67d3fd0>, verb_name='build', verb_parser=<colcon_defaults.argument_parser.defaults.DefaultArgumentsDecorator object at 0x7fc2e67ee520>)
[0.383s] Level 1:colcon.colcon_core.package_discovery:discover_packages(colcon_meta) check parameters
[0.384s] Level 1:colcon.colcon_core.package_discovery:discover_packages(recursive) check parameters
[0.384s] Level 1:colcon.colcon_core.package_discovery:discover_packages(ignore) check parameters
[0.384s] Level 1:colcon.colcon_core.package_discovery:discover_packages(path) check parameters
[0.384s] Level 1:colcon.colcon_core.package_discovery:discover_packages(colcon_meta) discover
[0.384s] Level 1:colcon.colcon_core.package_discovery:discover_packages(recursive) discover
[0.384s] INFO:colcon.colcon_core.package_discovery:Crawling recursively for packages in '/home/julia/workspace'
[0.384s] Level 1:colcon.colcon_core.package_identification:_identify(.) by extensions ['ignore', 'ignore_ament_install']
[0.384s] Level 1:colcon.colcon_core.package_identification:_identify(.) by extension 'ignore'
[0.384s] Level 1:colcon.colcon_core.package_identification:_identify(.) by extension 'ignore_ament_install'
[0.384s] Level 1:colcon.colcon_core.package_identification:_identify(.) by extensions ['colcon_pkg']
[0.384s] Level 1:colcon.colcon_core.package_identification:_identify(.) by extension 'colcon_pkg'
[0.384s] Level 1:colcon.colcon_core.package_identification:_identify(.) by extensions ['colcon_meta']
[0.384s] Level 1:colcon.colcon_core.package_identification:_identify(.) by extension 'colcon_meta'
[0.384s] Level 1:colcon.colcon_core.package_identification:_identify(.) by extensions ['ros']
[0.384s] Level 1:colcon.colcon_core.package_identification:_identify(.) by extension 'ros'
[0.398s] Level 1:colcon.colcon_core.package_identification:_identify(.) by extensions ['cmake', 'python']
[0.398s] Level 1:colcon.colcon_core.package_identification:_identify(.) by extension 'cmake'
[0.398s] Level 1:colcon.colcon_core.package_identification:_identify(.) by extension 'python'
[0.398s] Level 1:colcon.colcon_core.package_identification:_identify(.) by extensions ['python_setup_py']
[0.398s] Level 1:colcon.colcon_core.package_identification:_identify(.) by extension 'python_setup_py'
[0.398s] Level 1:colcon.colcon_core.package_identification:_identify(Project1) by extensions ['ignore', 'ignore_ament_install']
[0.399s] Level 1:colcon.colcon_core.package_identification:_identify(Project1) by extension 'ignore'
[0.399s] Level 1:colcon.colcon_core.package_identification:_identify(Project1) by extension 'ignore_ament_install'
[0.399s] Level 1:colcon.colcon_core.package_identification:_identify(Project1) by extensions ['colcon_pkg']
[0.399s] Level 1:colcon.colcon_core.package_identification:_identify(Project1) by extension 'colcon_pkg'
[0.399s] Level 1:colcon.colcon_core.package_identification:_identify(Project1) by extensions ['colcon_meta']
[0.399s] Level 1:colcon.colcon_core.package_identification:_identify(Project1) by extension 'colcon_meta'
[0.399s] Level 1:colcon.colcon_core.package_identification:_identify(Project1) by extensions ['ros']
[0.399s] Level 1:colcon.colcon_core.package_identification:_identify(Project1) by extension 'ros'
[0.399s] Level 1:colcon.colcon_core.package_identification:_identify(Project1) by extensions ['cmake', 'python']
[0.399s] Level 1:colcon.colcon_core.package_identification:_identify(Project1) by extension 'cmake'
[0.401s] Level 1:colcon.colcon_core.package_identification:_identify(Project1) by extension 'python'
[0.401s] DEBUG:colcon.colcon_core.package_identification:Package 'Project1' with type 'cmake' and name 'Project1'
[0.401s] Level 1:colcon.colcon_core.package_identification:_identify(build) by extensions ['ignore', 'ignore_ament_install']
[0.401s] Level 1:colcon.colcon_core.package_identification:_identify(build) by extension 'ignore'
[0.401s] Level 1:colcon.colcon_core.package_identification:_identify(build) ignored
[0.401s] Level 1:colcon.colcon_core.package_identification:_identify(install) by extensions ['ignore', 'ignore_ament_install']
[0.401s] Level 1:colcon.colcon_core.package_identification:_identify(install) by extension 'ignore'
[0.401s] Level 1:colcon.colcon_core.package_identification:_identify(install) ignored
[0.401s] Level 1:colcon.colcon_core.package_identification:_identify(log) by extensions ['ignore', 'ignore_ament_install']
[0.402s] Level 1:colcon.colcon_core.package_identification:_identify(log) by extension 'ignore'
[0.402s] Level 1:colcon.colcon_core.package_identification:_identify(log) ignored
[0.402s] Level 1:colcon.colcon_core.package_identification:_identify(src) by extensions ['ignore', 'ignore_ament_install']
[0.402s] Level 1:colcon.colcon_core.package_identification:_identify(src) by extension 'ignore'
[0.402s] Level 1:colcon.colcon_core.package_identification:_identify(src) by extension 'ignore_ament_install'
[0.402s] Level 1:colcon.colcon_core.package_identification:_identify(src) by extensions ['colcon_pkg']
[0.402s] Level 1:colcon.colcon_core.package_identification:_identify(src) by extension 'colcon_pkg'
[0.402s] Level 1:colcon.colcon_core.package_identification:_identify(src) by extensions ['colcon_meta']
[0.402s] Level 1:colcon.colcon_core.package_identification:_identify(src) by extension 'colcon_meta'
[0.402s] Level 1:colcon.colcon_core.package_identification:_identify(src) by extensions ['ros']
[0.402s] Level 1:colcon.colcon_core.package_identification:_identify(src) by extension 'ros'
[0.402s] Level 1:colcon.colcon_core.package_identification:_identify(src) by extensions ['cmake', 'python']
[0.402s] Level 1:colcon.colcon_core.package_identification:_identify(src) by extension 'cmake'
[0.402s] Level 1:colcon.colcon_core.package_identification:_identify(src) by extension 'python'
[0.402s] Level 1:colcon.colcon_core.package_identification:_identify(src) by extensions ['python_setup_py']
[0.402s] Level 1:colcon.colcon_core.package_identification:_identify(src) by extension 'python_setup_py'
[0.402s] Level 1:colcon.colcon_core.package_identification:_identify(src/gz-cmake) by extensions ['ignore', 'ignore_ament_install']
[0.402s] Level 1:colcon.colcon_core.package_identification:_identify(src/gz-cmake) by extension 'ignore'
[0.402s] Level 1:colcon.colcon_core.package_identification:_identify(src/gz-cmake) by extension 'ignore_ament_install'
[0.402s] Level 1:colcon.colcon_core.package_identification:_identify(src/gz-cmake) by extensions ['colcon_pkg']
[0.402s] Level 1:colcon.colcon_core.package_identification:_identify(src/gz-cmake) by extension 'colcon_pkg'
[0.402s] Level 1:colcon.colcon_core.package_identification:_identify(src/gz-cmake) by extensions ['colcon_meta']
[0.402s] Level 1:colcon.colcon_core.package_identification:_identify(src/gz-cmake) by extension 'colcon_meta'
[0.402s] Level 1:colcon.colcon_core.package_identification:_identify(src/gz-cmake) by extensions ['ros']
[0.402s] Level 1:colcon.colcon_core.package_identification:_identify(src/gz-cmake) by extension 'ros'
[0.402s] Level 1:colcon.colcon_core.package_identification:_identify(src/gz-cmake) by extensions ['cmake', 'python']
[0.402s] Level 1:colcon.colcon_core.package_identification:_identify(src/gz-cmake) by extension 'cmake'
[0.420s] Level 1:colcon.colcon_core.package_identification:_identify(src/gz-cmake) by extension 'python'
[0.420s] DEBUG:colcon.colcon_core.package_identification:Package 'src/gz-cmake' with type 'cmake' and name 'gz-cmake3'
[0.420s] Level 1:colcon.colcon_core.package_identification:_identify(src/gz-common) by extensions ['ignore', 'ignore_ament_install']
[0.420s] Level 1:colcon.colcon_core.package_identification:_identify(src/gz-common) by extension 'ignore'
[0.421s] Level 1:colcon.colcon_core.package_identification:_identify(src/gz-common) by extension 'ignore_ament_install'
[0.421s] Level 1:colcon.colcon_core.package_identification:_identify(src/gz-common) by extensions ['colcon_pkg']
[0.421s] Level 1:colcon.colcon_core.package_identification:_identify(src/gz-common) by extension 'colcon_pkg'
[0.421s] Level 1:colcon.colcon_core.package_identification:_identify(src/gz-common) by extensions ['colcon_meta']
[0.421s] Level 1:colcon.colcon_core.package_identification:_identify(src/gz-common) by extension 'colcon_meta'
[0.421s] Level 1:colcon.colcon_core.package_identification:_identify(src/gz-common) by extensions ['ros']
[0.421s] Level 1:colcon.colcon_core.package_identification:_identify(src/gz-common) by extension 'ros'
[0.421s] Level 1:colcon.colcon_core.package_identification:_identify(src/gz-common) by extensions ['cmake', 'python']
[0.421s] Level 1:colcon.colcon_core.package_identification:_identify(src/gz-common) by extension 'cmake'
[0.425s] Level 1:colcon.colcon_core.package_identification:_identify(src/gz-common) by extension 'python'
[0.425s] DEBUG:colcon.colcon_core.package_identification:Package 'src/gz-common' with type 'cmake' and name 'gz-common5'
[0.425s] Level 1:colcon.colcon_core.package_identification:_identify(src/gz-fuel-tools) by extensions ['ignore', 'ignore_ament_install']
[0.425s] Level 1:colcon.colcon_core.package_identification:_identify(src/gz-fuel-tools) by extension 'ignore'
[0.425s] Level 1:colcon.colcon_core.package_identification:_identify(src/gz-fuel-tools) by extension 'ignore_ament_install'
[0.425s] Level 1:colcon.colcon_core.package_identification:_identify(src/gz-fuel-tools) by extensions ['colcon_pkg']
[0.425s] Level 1:colcon.colcon_core.package_identification:_identify(src/gz-fuel-tools) by extension 'colcon_pkg'
[0.425s] Level 1:colcon.colcon_core.package_identification:_identify(src/gz-fuel-tools) by extensions ['colcon_meta']
[0.425s] Level 1:colcon.colcon_core.package_identification:_identify(src/gz-fuel-tools) by extension 'colcon_meta'
[0.425s] Level 1:colcon.colcon_core.package_identification:_identify(src/gz-fuel-tools) by extensions ['ros']
[0.425s] Level 1:colcon.colcon_core.package_identification:_identify(src/gz-fuel-tools) by extension 'ros'
[0.425s] Level 1:colcon.colcon_core.package_identification:_identify(src/gz-fuel-tools) by extensions ['cmake', 'python']
[0.425s] Level 1:colcon.colcon_core.package_identification:_identify(src/gz-fuel-tools) by extension 'cmake'
[0.427s] Level 1:colcon.colcon_core.package_identification:_identify(src/gz-fuel-tools) by extension 'python'
[0.427s] DEBUG:colcon.colcon_core.package_identification:Package 'src/gz-fuel-tools' with type 'cmake' and name 'gz-fuel_tools9'
[0.427s] Level 1:colcon.colcon_core.package_identification:_identify(src/gz-gui) by extensions ['ignore', 'ignore_ament_install']
[0.427s] Level 1:colcon.colcon_core.package_identification:_identify(src/gz-gui) by extension 'ignore'
[0.427s] Level 1:colcon.colcon_core.package_identification:_identify(src/gz-gui) by extension 'ignore_ament_install'
[0.427s] Level 1:colcon.colcon_core.package_identification:_identify(src/gz-gui) by extensions ['colcon_pkg']
[0.427s] Level 1:colcon.colcon_core.package_identification:_identify(src/gz-gui) by extension 'colcon_pkg'
[0.427s] Level 1:colcon.colcon_core.package_identification:_identify(src/gz-gui) by extensions ['colcon_meta']
[0.427s] Level 1:colcon.colcon_core.package_identification:_identify(src/gz-gui) by extension 'colcon_meta'
[0.427s] Level 1:colcon.colcon_core.package_identification:_identify(src/gz-gui) by extensions ['ros']
[0.427s] Level 1:colcon.colcon_core.package_identification:_identify(src/gz-gui) by extension 'ros'
[0.427s] Level 1:colcon.colcon_core.package_identification:_identify(src/gz-gui) by extensions ['cmake', 'python']
[0.427s] Level 1:colcon.colcon_core.package_identification:_identify(src/gz-gui) by extension 'cmake'
[0.431s] Level 1:colcon.colcon_core.package_identification:_identify(src/gz-gui) by extension 'python'
[0.431s] DEBUG:colcon.colcon_core.package_identification:Package 'src/gz-gui' with type 'cmake' and name 'gz-gui8'
[0.431s] Level 1:colcon.colcon_core.package_identification:_identify(src/gz-launch) by extensions ['ignore', 'ignore_ament_install']
[0.431s] Level 1:colcon.colcon_core.package_identification:_identify(src/gz-launch) by extension 'ignore'
[0.432s] Level 1:colcon.colcon_core.package_identification:_identify(src/gz-launch) by extension 'ignore_ament_install'
[0.432s] Level 1:colcon.colcon_core.package_identification:_identify(src/gz-launch) by extensions ['colcon_pkg']
[0.432s] Level 1:colcon.colcon_core.package_identification:_identify(src/gz-launch) by extension 'colcon_pkg'
[0.432s] Level 1:colcon.colcon_core.package_identification:_identify(src/gz-launch) by extensions ['colcon_meta']
[0.432s] Level 1:colcon.colcon_core.package_identification:_identify(src/gz-launch) by extension 'colcon_meta'
[0.432s] Level 1:colcon.colcon_core.package_identification:_identify(src/gz-launch) by extensions ['ros']
[0.432s] Level 1:colcon.colcon_core.package_identification:_identify(src/gz-launch) by extension 'ros'
[0.432s] Level 1:colcon.colcon_core.package_identification:_identify(src/gz-launch) by extensions ['cmake', 'python']
[0.432s] Level 1:colcon.colcon_core.package_identification:_identify(src/gz-launch) by extension 'cmake'
[0.434s] Level 1:colcon.colcon_core.package_identification:_identify(src/gz-launch) by extension 'python'
[0.434s] DEBUG:colcon.colcon_core.package_identification:Package 'src/gz-launch' with type 'cmake' and name 'gz-launch7'
[0.434s] Level 1:colcon.colcon_core.package_identification:_identify(src/gz-math) by extensions ['ignore', 'ignore_ament_install']
[0.434s] Level 1:colcon.colcon_core.package_identification:_identify(src/gz-math) by extension 'ignore'
[0.434s] Level 1:colcon.colcon_core.package_identification:_identify(src/gz-math) by extension 'ignore_ament_install'
[0.434s] Level 1:colcon.colcon_core.package_identification:_identify(src/gz-math) by extensions ['colcon_pkg']
[0.434s] Level 1:colcon.colcon_core.package_identification:_identify(src/gz-math) by extension 'colcon_pkg'
[0.435s] Level 1:colcon.colcon_core.package_identification:_identify(src/gz-math) by extensions ['colcon_meta']
[0.435s] Level 1:colcon.colcon_core.package_identification:_identify(src/gz-math) by extension 'colcon_meta'
[0.435s] Level 1:colcon.colcon_core.package_identification:_identify(src/gz-math) by extensions ['ros']
[0.435s] Level 1:colcon.colcon_core.package_identification:_identify(src/gz-math) by extension 'ros'
[0.435s] Level 1:colcon.colcon_core.package_identification:_identify(src/gz-math) by extensions ['cmake', 'python']
[0.435s] Level 1:colcon.colcon_core.package_identification:_identify(src/gz-math) by extension 'cmake'
[0.437s] Level 1:colcon.colcon_core.package_identification:_identify(src/gz-math) by extension 'python'
[0.437s] DEBUG:colcon.colcon_core.package_identification:Package 'src/gz-math' with type 'cmake' and name 'gz-math7'
[0.437s] Level 1:colcon.colcon_core.package_identification:_identify(src/gz-msgs) by extensions ['ignore', 'ignore_ament_install']
[0.437s] Level 1:colcon.colcon_core.package_identification:_identify(src/gz-msgs) by extension 'ignore'
[0.437s] Level 1:colcon.colcon_core.package_identification:_identify(src/gz-msgs) by extension 'ignore_ament_install'
[0.437s] Level 1:colcon.colcon_core.package_identification:_identify(src/gz-msgs) by extensions ['colcon_pkg']
[0.437s] Level 1:colcon.colcon_core.package_identification:_identify(src/gz-msgs) by extension 'colcon_pkg'
[0.437s] Level 1:colcon.colcon_core.package_identification:_identify(src/gz-msgs) by extensions ['colcon_meta']
[0.437s] Level 1:colcon.colcon_core.package_identification:_identify(src/gz-msgs) by extension 'colcon_meta'
[0.437s] Level 1:colcon.colcon_core.package_identification:_identify(src/gz-msgs) by extensions ['ros']
[0.437s] Level 1:colcon.colcon_core.package_identification:_identify(src/gz-msgs) by extension 'ros'
[0.437s] Level 1:colcon.colcon_core.package_identification:_identify(src/gz-msgs) by extensions ['cmake', 'python']
[0.438s] Level 1:colcon.colcon_core.package_identification:_identify(src/gz-msgs) by extension 'cmake'
[0.439s] Level 1:colcon.colcon_core.package_identification:_identify(src/gz-msgs) by extension 'python'
[0.439s] DEBUG:colcon.colcon_core.package_identification:Package 'src/gz-msgs' with type 'cmake' and name 'gz-msgs10'
[0.439s] Level 1:colcon.colcon_core.package_identification:_identify(src/gz-physics) by extensions ['ignore', 'ignore_ament_install']
[0.440s] Level 1:colcon.colcon_core.package_identification:_identify(src/gz-physics) by extension 'ignore'
[0.440s] Level 1:colcon.colcon_core.package_identification:_identify(src/gz-physics) by extension 'ignore_ament_install'
[0.440s] Level 1:colcon.colcon_core.package_identification:_identify(src/gz-physics) by extensions ['colcon_pkg']
[0.440s] Level 1:colcon.colcon_core.package_identification:_identify(src/gz-physics) by extension 'colcon_pkg'
[0.440s] Level 1:colcon.colcon_core.package_identification:_identify(src/gz-physics) by extensions ['colcon_meta']
[0.440s] Level 1:colcon.colcon_core.package_identification:_identify(src/gz-physics) by extension 'colcon_meta'
[0.440s] Level 1:colcon.colcon_core.package_identification:_identify(src/gz-physics) by extensions ['ros']
[0.440s] Level 1:colcon.colcon_core.package_identification:_identify(src/gz-physics) by extension 'ros'
[0.440s] Level 1:colcon.colcon_core.package_identification:_identify(src/gz-physics) by extensions ['cmake', 'python']
[0.440s] Level 1:colcon.colcon_core.package_identification:_identify(src/gz-physics) by extension 'cmake'
[0.443s] Level 1:colcon.colcon_core.package_identification:_identify(src/gz-physics) by extension 'python'
[0.443s] DEBUG:colcon.colcon_core.package_identification:Package 'src/gz-physics' with type 'cmake' and name 'gz-physics6'
[0.444s] Level 1:colcon.colcon_core.package_identification:_identify(src/gz-plugin) by extensions ['ignore', 'ignore_ament_install']
[0.444s] Level 1:colcon.colcon_core.package_identification:_identify(src/gz-plugin) by extension 'ignore'
[0.444s] Level 1:colcon.colcon_core.package_identification:_identify(src/gz-plugin) by extension 'ignore_ament_install'
[0.444s] Level 1:colcon.colcon_core.package_identification:_identify(src/gz-plugin) by extensions ['colcon_pkg']
[0.444s] Level 1:colcon.colcon_core.package_identification:_identify(src/gz-plugin) by extension 'colcon_pkg'
[0.444s] Level 1:colcon.colcon_core.package_identification:_identify(src/gz-plugin) by extensions ['colcon_meta']
[0.444s] Level 1:colcon.colcon_core.package_identification:_identify(src/gz-plugin) by extension 'colcon_meta'
[0.444s] Level 1:colcon.colcon_core.package_identification:_identify(src/gz-plugin) by extensions ['ros']
[0.444s] Level 1:colcon.colcon_core.package_identification:_identify(src/gz-plugin) by extension 'ros'
[0.444s] Level 1:colcon.colcon_core.package_identification:_identify(src/gz-plugin) by extensions ['cmake', 'python']
[0.444s] Level 1:colcon.colcon_core.package_identification:_identify(src/gz-plugin) by extension 'cmake'
[0.446s] Level 1:colcon.colcon_core.package_identification:_identify(src/gz-plugin) by extension 'python'
[0.446s] DEBUG:colcon.colcon_core.package_identification:Package 'src/gz-plugin' with type 'cmake' and name 'gz-plugin2'
[0.446s] Level 1:colcon.colcon_core.package_identification:_identify(src/gz-rendering) by extensions ['ignore', 'ignore_ament_install']
[0.446s] Level 1:colcon.colcon_core.package_identification:_identify(src/gz-rendering) by extension 'ignore'
[0.446s] Level 1:colcon.colcon_core.package_identification:_identify(src/gz-rendering) by extension 'ignore_ament_install'
[0.446s] Level 1:colcon.colcon_core.package_identification:_identify(src/gz-rendering) by extensions ['colcon_pkg']
[0.446s] Level 1:colcon.colcon_core.package_identification:_identify(src/gz-rendering) by extension 'colcon_pkg'
[0.446s] Level 1:colcon.colcon_core.package_identification:_identify(src/gz-rendering) by extensions ['colcon_meta']
[0.446s] Level 1:colcon.colcon_core.package_identification:_identify(src/gz-rendering) by extension 'colcon_meta'
[0.446s] Level 1:colcon.colcon_core.package_identification:_identify(src/gz-rendering) by extensions ['ros']
[0.446s] Level 1:colcon.colcon_core.package_identification:_identify(src/gz-rendering) by extension 'ros'
[0.446s] Level 1:colcon.colcon_core.package_identification:_identify(src/gz-rendering) by extensions ['cmake', 'python']
[0.446s] Level 1:colcon.colcon_core.package_identification:_identify(src/gz-rendering) by extension 'cmake'
[0.455s] Level 1:colcon.colcon_core.package_identification:_identify(src/gz-rendering) by extension 'python'
[0.455s] DEBUG:colcon.colcon_core.package_identification:Package 'src/gz-rendering' with type 'cmake' and name 'gz-rendering8'
[0.455s] Level 1:colcon.colcon_core.package_identification:_identify(src/gz-sensors) by extensions ['ignore', 'ignore_ament_install']
[0.455s] Level 1:colcon.colcon_core.package_identification:_identify(src/gz-sensors) by extension 'ignore'
[0.455s] Level 1:colcon.colcon_core.package_identification:_identify(src/gz-sensors) by extension 'ignore_ament_install'
[0.455s] Level 1:colcon.colcon_core.package_identification:_identify(src/gz-sensors) by extensions ['colcon_pkg']
[0.455s] Level 1:colcon.colcon_core.package_identification:_identify(src/gz-sensors) by extension 'colcon_pkg'
[0.455s] Level 1:colcon.colcon_core.package_identification:_identify(src/gz-sensors) by extensions ['colcon_meta']
[0.455s] Level 1:colcon.colcon_core.package_identification:_identify(src/gz-sensors) by extension 'colcon_meta'
[0.455s] Level 1:colcon.colcon_core.package_identification:_identify(src/gz-sensors) by extensions ['ros']
[0.455s] Level 1:colcon.colcon_core.package_identification:_identify(src/gz-sensors) by extension 'ros'
[0.455s] Level 1:colcon.colcon_core.package_identification:_identify(src/gz-sensors) by extensions ['cmake', 'python']
[0.455s] Level 1:colcon.colcon_core.package_identification:_identify(src/gz-sensors) by extension 'cmake'
[0.457s] Level 1:colcon.colcon_core.package_identification:_identify(src/gz-sensors) by extension 'python'
[0.457s] DEBUG:colcon.colcon_core.package_identification:Package 'src/gz-sensors' with type 'cmake' and name 'gz-sensors8'
[0.457s] Level 1:colcon.colcon_core.package_identification:_identify(src/gz-sim) by extensions ['ignore', 'ignore_ament_install']
[0.457s] Level 1:colcon.colcon_core.package_identification:_identify(src/gz-sim) by extension 'ignore'
[0.457s] Level 1:colcon.colcon_core.package_identification:_identify(src/gz-sim) by extension 'ignore_ament_install'
[0.457s] Level 1:colcon.colcon_core.package_identification:_identify(src/gz-sim) by extensions ['colcon_pkg']
[0.457s] Level 1:colcon.colcon_core.package_identification:_identify(src/gz-sim) by extension 'colcon_pkg'
[0.457s] Level 1:colcon.colcon_core.package_identification:_identify(src/gz-sim) by extensions ['colcon_meta']
[0.457s] Level 1:colcon.colcon_core.package_identification:_identify(src/gz-sim) by extension 'colcon_meta'
[0.457s] Level 1:colcon.colcon_core.package_identification:_identify(src/gz-sim) by extensions ['ros']
[0.457s] Level 1:colcon.colcon_core.package_identification:_identify(src/gz-sim) by extension 'ros'
[0.458s] Level 1:colcon.colcon_core.package_identification:_identify(src/gz-sim) by extensions ['cmake', 'python']
[0.458s] Level 1:colcon.colcon_core.package_identification:_identify(src/gz-sim) by extension 'cmake'
[0.470s] Level 1:colcon.colcon_core.package_identification:_identify(src/gz-sim) by extension 'python'
[0.470s] DEBUG:colcon.colcon_core.package_identification:Package 'src/gz-sim' with type 'cmake' and name 'gz-sim8'
[0.470s] Level 1:colcon.colcon_core.package_identification:_identify(src/gz-tools) by extensions ['ignore', 'ignore_ament_install']
[0.470s] Level 1:colcon.colcon_core.package_identification:_identify(src/gz-tools) by extension 'ignore'
[0.470s] Level 1:colcon.colcon_core.package_identification:_identify(src/gz-tools) by extension 'ignore_ament_install'
[0.470s] Level 1:colcon.colcon_core.package_identification:_identify(src/gz-tools) by extensions ['colcon_pkg']
[0.470s] Level 1:colcon.colcon_core.package_identification:_identify(src/gz-tools) by extension 'colcon_pkg'
[0.470s] Level 1:colcon.colcon_core.package_identification:_identify(src/gz-tools) by extensions ['colcon_meta']
[0.470s] Level 1:colcon.colcon_core.package_identification:_identify(src/gz-tools) by extension 'colcon_meta'
[0.470s] Level 1:colcon.colcon_core.package_identification:_identify(src/gz-tools) by extensions ['ros']
[0.470s] Level 1:colcon.colcon_core.package_identification:_identify(src/gz-tools) by extension 'ros'
[0.471s] Level 1:colcon.colcon_core.package_identification:_identify(src/gz-tools) by extensions ['cmake', 'python']
[0.471s] Level 1:colcon.colcon_core.package_identification:_identify(src/gz-tools) by extension 'cmake'
[0.472s] Level 1:colcon.colcon_core.package_identification:_identify(src/gz-tools) by extension 'python'
[0.472s] DEBUG:colcon.colcon_core.package_identification:Package 'src/gz-tools' with type 'cmake' and name 'gz-tools2'
[0.472s] Level 1:colcon.colcon_core.package_identification:_identify(src/gz-transport) by extensions ['ignore', 'ignore_ament_install']
[0.472s] Level 1:colcon.colcon_core.package_identification:_identify(src/gz-transport) by extension 'ignore'
[0.472s] Level 1:colcon.colcon_core.package_identification:_identify(src/gz-transport) by extension 'ignore_ament_install'
[0.472s] Level 1:colcon.colcon_core.package_identification:_identify(src/gz-transport) by extensions ['colcon_pkg']
[0.472s] Level 1:colcon.colcon_core.package_identification:_identify(src/gz-transport) by extension 'colcon_pkg'
[0.472s] Level 1:colcon.colcon_core.package_identification:_identify(src/gz-transport) by extensions ['colcon_meta']
[0.472s] Level 1:colcon.colcon_core.package_identification:_identify(src/gz-transport) by extension 'colcon_meta'
[0.472s] Level 1:colcon.colcon_core.package_identification:_identify(src/gz-transport) by extensions ['ros']
[0.472s] Level 1:colcon.colcon_core.package_identification:_identify(src/gz-transport) by extension 'ros'
[0.472s] Level 1:colcon.colcon_core.package_identification:_identify(src/gz-transport) by extensions ['cmake', 'python']
[0.472s] Level 1:colcon.colcon_core.package_identification:_identify(src/gz-transport) by extension 'cmake'
[0.476s] Level 1:colcon.colcon_core.package_identification:_identify(src/gz-transport) by extension 'python'
[0.476s] DEBUG:colcon.colcon_core.package_identification:Package 'src/gz-transport' with type 'cmake' and name 'gz-transport13'
[0.476s] Level 1:colcon.colcon_core.package_identification:_identify(src/gz-utils) by extensions ['ignore', 'ignore_ament_install']
[0.476s] Level 1:colcon.colcon_core.package_identification:_identify(src/gz-utils) by extension 'ignore'
[0.476s] Level 1:colcon.colcon_core.package_identification:_identify(src/gz-utils) by extension 'ignore_ament_install'
[0.476s] Level 1:colcon.colcon_core.package_identification:_identify(src/gz-utils) by extensions ['colcon_pkg']
[0.476s] Level 1:colcon.colcon_core.package_identification:_identify(src/gz-utils) by extension 'colcon_pkg'
[0.476s] Level 1:colcon.colcon_core.package_identification:_identify(src/gz-utils) by extensions ['colcon_meta']
[0.476s] Level 1:colcon.colcon_core.package_identification:_identify(src/gz-utils) by extension 'colcon_meta'
[0.476s] Level 1:colcon.colcon_core.package_identification:_identify(src/gz-utils) by extensions ['ros']
[0.476s] Level 1:colcon.colcon_core.package_identification:_identify(src/gz-utils) by extension 'ros'
[0.476s] Level 1:colcon.colcon_core.package_identification:_identify(src/gz-utils) by extensions ['cmake', 'python']
[0.476s] Level 1:colcon.colcon_core.package_identification:_identify(src/gz-utils) by extension 'cmake'
[0.478s] Level 1:colcon.colcon_core.package_identification:_identify(src/gz-utils) by extension 'python'
[0.478s] DEBUG:colcon.colcon_core.package_identification:Package 'src/gz-utils' with type 'cmake' and name 'gz-utils2'
[0.478s] Level 1:colcon.colcon_core.package_identification:_identify(src/sdformat) by extensions ['ignore', 'ignore_ament_install']
[0.478s] Level 1:colcon.colcon_core.package_identification:_identify(src/sdformat) by extension 'ignore'
[0.478s] Level 1:colcon.colcon_core.package_identification:_identify(src/sdformat) by extension 'ignore_ament_install'
[0.478s] Level 1:colcon.colcon_core.package_identification:_identify(src/sdformat) by extensions ['colcon_pkg']
[0.478s] Level 1:colcon.colcon_core.package_identification:_identify(src/sdformat) by extension 'colcon_pkg'
[0.478s] Level 1:colcon.colcon_core.package_identification:_identify(src/sdformat) by extensions ['colcon_meta']
[0.478s] Level 1:colcon.colcon_core.package_identification:_identify(src/sdformat) by extension 'colcon_meta'
[0.478s] Level 1:colcon.colcon_core.package_identification:_identify(src/sdformat) by extensions ['ros']
[0.478s] Level 1:colcon.colcon_core.package_identification:_identify(src/sdformat) by extension 'ros'
[0.478s] Level 1:colcon.colcon_core.package_identification:_identify(src/sdformat) by extensions ['cmake', 'python']
[0.478s] Level 1:colcon.colcon_core.package_identification:_identify(src/sdformat) by extension 'cmake'
[0.484s] Level 1:colcon.colcon_core.package_identification:_identify(src/sdformat) by extension 'python'
[0.484s] DEBUG:colcon.colcon_core.package_identification:Package 'src/sdformat' with type 'cmake' and name 'sdformat13'
[0.484s] Level 1:colcon.colcon_core.package_discovery:discover_packages(recursive) using defaults
[0.484s] Level 1:colcon.colcon_core.package_discovery:discover_packages(ignore) discover
[0.484s] Level 1:colcon.colcon_core.package_discovery:discover_packages(ignore) using defaults
[0.484s] Level 1:colcon.colcon_core.package_discovery:discover_packages(path) discover
[0.484s] Level 1:colcon.colcon_core.package_discovery:discover_packages(path) using defaults
[0.511s] Level 1:colcon.colcon_core.package_discovery:discover_packages(prefix_path) check parameters
[0.511s] Level 1:colcon.colcon_core.package_discovery:discover_packages(prefix_path) discover
[0.519s] Level 1:colcon.colcon_core.package_discovery:discover_packages(prefix_path) using defaults
[0.526s] Level 5:colcon.colcon_core.verb:set package 'Project1' build argument 'cmake_args' from command line to '['-DBUILD_TESTING=OFF']'
[0.527s] Level 5:colcon.colcon_core.verb:set package 'Project1' build argument 'cmake_target' from command line to 'None'
[0.527s] Level 5:colcon.colcon_core.verb:set package 'Project1' build argument 'cmake_target_skip_unavailable' from command line to 'False'
[0.527s] Level 5:colcon.colcon_core.verb:set package 'Project1' build argument 'cmake_clean_cache' from command line to 'False'
[0.527s] Level 5:colcon.colcon_core.verb:set package 'Project1' build argument 'cmake_clean_first' from command line to 'False'
[0.527s] Level 5:colcon.colcon_core.verb:set package 'Project1' build argument 'cmake_force_configure' from command line to 'False'
[0.527s] Level 5:colcon.colcon_core.verb:set package 'Project1' build argument 'ament_cmake_args' from command line to 'None'
[0.527s] Level 5:colcon.colcon_core.verb:set package 'Project1' build argument 'catkin_cmake_args' from command line to 'None'
[0.527s] Level 5:colcon.colcon_core.verb:set package 'Project1' build argument 'catkin_skip_building_tests' from command line to 'False'
[0.527s] DEBUG:colcon.colcon_core.verb:Building package 'Project1' with the following arguments: {'ament_cmake_args': None, 'build_base': '/home/julia/workspace/build/Project1', 'catkin_cmake_args': None, 'catkin_skip_building_tests': False, 'cmake_args': ['-DBUILD_TESTING=OFF'], 'cmake_clean_cache': False, 'cmake_clean_first': False, 'cmake_force_configure': False, 'cmake_target': None, 'cmake_target_skip_unavailable': False, 'install_base': '/home/julia/workspace/install', 'merge_install': True, 'path': '/home/julia/workspace/Project1', 'symlink_install': False, 'test_result_base': None}
[0.531s] Level 5:colcon.colcon_core.verb:set package 'gz-cmake3' build argument 'cmake_args' from command line to '['-DBUILD_TESTING=OFF']'
[0.531s] Level 5:colcon.colcon_core.verb:set package 'gz-cmake3' build argument 'cmake_target' from command line to 'None'
[0.531s] Level 5:colcon.colcon_core.verb:set package 'gz-cmake3' build argument 'cmake_target_skip_unavailable' from command line to 'False'
[0.531s] Level 5:colcon.colcon_core.verb:set package 'gz-cmake3' build argument 'cmake_clean_cache' from command line to 'False'
[0.531s] Level 5:colcon.colcon_core.verb:set package 'gz-cmake3' build argument 'cmake_clean_first' from command line to 'False'
[0.531s] Level 5:colcon.colcon_core.verb:set package 'gz-cmake3' build argument 'cmake_force_configure' from command line to 'False'
[0.531s] Level 5:colcon.colcon_core.verb:set package 'gz-cmake3' build argument 'ament_cmake_args' from command line to 'None'
[0.531s] Level 5:colcon.colcon_core.verb:set package 'gz-cmake3' build argument 'catkin_cmake_args' from command line to 'None'
[0.531s] Level 5:colcon.colcon_core.verb:set package 'gz-cmake3' build argument 'catkin_skip_building_tests' from command line to 'False'
[0.531s] DEBUG:colcon.colcon_core.verb:Building package 'gz-cmake3' with the following arguments: {'ament_cmake_args': None, 'build_base': '/home/julia/workspace/build/gz-cmake3', 'catkin_cmake_args': None, 'catkin_skip_building_tests': False, 'cmake_args': ['-DBUILD_TESTING=OFF'], 'cmake_clean_cache': False, 'cmake_clean_first': False, 'cmake_force_configure': False, 'cmake_target': None, 'cmake_target_skip_unavailable': False, 'install_base': '/home/julia/workspace/install', 'merge_install': True, 'path': '/home/julia/workspace/src/gz-cmake', 'symlink_install': False, 'test_result_base': None}
[0.535s] Level 5:colcon.colcon_core.verb:set package 'gz-tools2' build argument 'cmake_args' from command line to '['-DBUILD_TESTING=OFF']'
[0.535s] Level 5:colcon.colcon_core.verb:set package 'gz-tools2' build argument 'cmake_target' from command line to 'None'
[0.535s] Level 5:colcon.colcon_core.verb:set package 'gz-tools2' build argument 'cmake_target_skip_unavailable' from command line to 'False'
[0.535s] Level 5:colcon.colcon_core.verb:set package 'gz-tools2' build argument 'cmake_clean_cache' from command line to 'False'
[0.535s] Level 5:colcon.colcon_core.verb:set package 'gz-tools2' build argument 'cmake_clean_first' from command line to 'False'
[0.535s] Level 5:colcon.colcon_core.verb:set package 'gz-tools2' build argument 'cmake_force_configure' from command line to 'False'
[0.535s] Level 5:colcon.colcon_core.verb:set package 'gz-tools2' build argument 'ament_cmake_args' from command line to 'None'
[0.535s] Level 5:colcon.colcon_core.verb:set package 'gz-tools2' build argument 'catkin_cmake_args' from command line to 'None'
[0.535s] Level 5:colcon.colcon_core.verb:set package 'gz-tools2' build argument 'catkin_skip_building_tests' from command line to 'False'
[0.535s] DEBUG:colcon.colcon_core.verb:Building package 'gz-tools2' with the following arguments: {'ament_cmake_args': None, 'build_base': '/home/julia/workspace/build/gz-tools2', 'catkin_cmake_args': None, 'catkin_skip_building_tests': False, 'cmake_args': ['-DBUILD_TESTING=OFF'], 'cmake_clean_cache': False, 'cmake_clean_first': False, 'cmake_force_configure': False, 'cmake_target': None, 'cmake_target_skip_unavailable': False, 'install_base': '/home/julia/workspace/install', 'merge_install': True, 'path': '/home/julia/workspace/src/gz-tools', 'symlink_install': False, 'test_result_base': None}
[0.540s] Level 5:colcon.colcon_core.verb:set package 'gz-utils2' build argument 'cmake_args' from command line to '['-DBUILD_TESTING=OFF']'
[0.540s] Level 5:colcon.colcon_core.verb:set package 'gz-utils2' build argument 'cmake_target' from command line to 'None'
[0.540s] Level 5:colcon.colcon_core.verb:set package 'gz-utils2' build argument 'cmake_target_skip_unavailable' from command line to 'False'
[0.540s] Level 5:colcon.colcon_core.verb:set package 'gz-utils2' build argument 'cmake_clean_cache' from command line to 'False'
[0.540s] Level 5:colcon.colcon_core.verb:set package 'gz-utils2' build argument 'cmake_clean_first' from command line to 'False'
[0.540s] Level 5:colcon.colcon_core.verb:set package 'gz-utils2' build argument 'cmake_force_configure' from command line to 'False'
[0.540s] Level 5:colcon.colcon_core.verb:set package 'gz-utils2' build argument 'ament_cmake_args' from command line to 'None'
[0.540s] Level 5:colcon.colcon_core.verb:set package 'gz-utils2' build argument 'catkin_cmake_args' from command line to 'None'
[0.540s] Level 5:colcon.colcon_core.verb:set package 'gz-utils2' build argument 'catkin_skip_building_tests' from command line to 'False'
[0.540s] DEBUG:colcon.colcon_core.verb:Building package 'gz-utils2' with the following arguments: {'ament_cmake_args': None, 'build_base': '/home/julia/workspace/build/gz-utils2', 'catkin_cmake_args': None, 'catkin_skip_building_tests': False, 'cmake_args': ['-DBUILD_TESTING=OFF'], 'cmake_clean_cache': False, 'cmake_clean_first': False, 'cmake_force_configure': False, 'cmake_target': None, 'cmake_target_skip_unavailable': False, 'install_base': '/home/julia/workspace/install', 'merge_install': True, 'path': '/home/julia/workspace/src/gz-utils', 'symlink_install': False, 'test_result_base': None}
[0.544s] Level 5:colcon.colcon_core.verb:set package 'gz-math7' build argument 'cmake_args' from command line to '['-DBUILD_TESTING=OFF']'
[0.544s] Level 5:colcon.colcon_core.verb:set package 'gz-math7' build argument 'cmake_target' from command line to 'None'
[0.544s] Level 5:colcon.colcon_core.verb:set package 'gz-math7' build argument 'cmake_target_skip_unavailable' from command line to 'False'
[0.544s] Level 5:colcon.colcon_core.verb:set package 'gz-math7' build argument 'cmake_clean_cache' from command line to 'False'
[0.544s] Level 5:colcon.colcon_core.verb:set package 'gz-math7' build argument 'cmake_clean_first' from command line to 'False'
[0.544s] Level 5:colcon.colcon_core.verb:set package 'gz-math7' build argument 'cmake_force_configure' from command line to 'False'
[0.544s] Level 5:colcon.colcon_core.verb:set package 'gz-math7' build argument 'ament_cmake_args' from command line to 'None'
[0.544s] Level 5:colcon.colcon_core.verb:set package 'gz-math7' build argument 'catkin_cmake_args' from command line to 'None'
[0.544s] Level 5:colcon.colcon_core.verb:set package 'gz-math7' build argument 'catkin_skip_building_tests' from command line to 'False'
[0.544s] DEBUG:colcon.colcon_core.verb:Building package 'gz-math7' with the following arguments: {'ament_cmake_args': None, 'build_base': '/home/julia/workspace/build/gz-math7', 'catkin_cmake_args': None, 'catkin_skip_building_tests': False, 'cmake_args': ['-DBUILD_TESTING=OFF'], 'cmake_clean_cache': False, 'cmake_clean_first': False, 'cmake_force_configure': False, 'cmake_target': None, 'cmake_target_skip_unavailable': False, 'install_base': '/home/julia/workspace/install', 'merge_install': True, 'path': '/home/julia/workspace/src/gz-math', 'symlink_install': False, 'test_result_base': None}
[0.548s] Level 5:colcon.colcon_core.verb:set package 'gz-common5' build argument 'cmake_args' from command line to '['-DBUILD_TESTING=OFF']'
[0.548s] Level 5:colcon.colcon_core.verb:set package 'gz-common5' build argument 'cmake_target' from command line to 'None'
[0.548s] Level 5:colcon.colcon_core.verb:set package 'gz-common5' build argument 'cmake_target_skip_unavailable' from command line to 'False'
[0.548s] Level 5:colcon.colcon_core.verb:set package 'gz-common5' build argument 'cmake_clean_cache' from command line to 'False'
[0.548s] Level 5:colcon.colcon_core.verb:set package 'gz-common5' build argument 'cmake_clean_first' from command line to 'False'
[0.548s] Level 5:colcon.colcon_core.verb:set package 'gz-common5' build argument 'cmake_force_configure' from command line to 'False'
[0.548s] Level 5:colcon.colcon_core.verb:set package 'gz-common5' build argument 'ament_cmake_args' from command line to 'None'
[0.548s] Level 5:colcon.colcon_core.verb:set package 'gz-common5' build argument 'catkin_cmake_args' from command line to 'None'
[0.548s] Level 5:colcon.colcon_core.verb:set package 'gz-common5' build argument 'catkin_skip_building_tests' from command line to 'False'
[0.548s] DEBUG:colcon.colcon_core.verb:Building package 'gz-common5' with the following arguments: {'ament_cmake_args': None, 'build_base': '/home/julia/workspace/build/gz-common5', 'catkin_cmake_args': None, 'catkin_skip_building_tests': False, 'cmake_args': ['-DBUILD_TESTING=OFF'], 'cmake_clean_cache': False, 'cmake_clean_first': False, 'cmake_force_configure': False, 'cmake_target': None, 'cmake_target_skip_unavailable': False, 'install_base': '/home/julia/workspace/install', 'merge_install': True, 'path': '/home/julia/workspace/src/gz-common', 'symlink_install': False, 'test_result_base': None}
[0.552s] Level 5:colcon.colcon_core.verb:set package 'gz-msgs10' build argument 'cmake_args' from command line to '['-DBUILD_TESTING=OFF']'
[0.553s] Level 5:colcon.colcon_core.verb:set package 'gz-msgs10' build argument 'cmake_target' from command line to 'None'
[0.553s] Level 5:colcon.colcon_core.verb:set package 'gz-msgs10' build argument 'cmake_target_skip_unavailable' from command line to 'False'
[0.553s] Level 5:colcon.colcon_core.verb:set package 'gz-msgs10' build argument 'cmake_clean_cache' from command line to 'False'
[0.553s] Level 5:colcon.colcon_core.verb:set package 'gz-msgs10' build argument 'cmake_clean_first' from command line to 'False'
[0.553s] Level 5:colcon.colcon_core.verb:set package 'gz-msgs10' build argument 'cmake_force_configure' from command line to 'False'
[0.553s] Level 5:colcon.colcon_core.verb:set package 'gz-msgs10' build argument 'ament_cmake_args' from command line to 'None'
[0.553s] Level 5:colcon.colcon_core.verb:set package 'gz-msgs10' build argument 'catkin_cmake_args' from command line to 'None'
[0.553s] Level 5:colcon.colcon_core.verb:set package 'gz-msgs10' build argument 'catkin_skip_building_tests' from command line to 'False'
[0.553s] DEBUG:colcon.colcon_core.verb:Building package 'gz-msgs10' with the following arguments: {'ament_cmake_args': None, 'build_base': '/home/julia/workspace/build/gz-msgs10', 'catkin_cmake_args': None, 'catkin_skip_building_tests': False, 'cmake_args': ['-DBUILD_TESTING=OFF'], 'cmake_clean_cache': False, 'cmake_clean_first': False, 'cmake_force_configure': False, 'cmake_target': None, 'cmake_target_skip_unavailable': False, 'install_base': '/home/julia/workspace/install', 'merge_install': True, 'path': '/home/julia/workspace/src/gz-msgs', 'symlink_install': False, 'test_result_base': None}
[0.557s] Level 5:colcon.colcon_core.verb:set package 'sdformat13' build argument 'cmake_args' from command line to '['-DBUILD_TESTING=OFF']'
[0.557s] Level 5:colcon.colcon_core.verb:set package 'sdformat13' build argument 'cmake_target' from command line to 'None'
[0.557s] Level 5:colcon.colcon_core.verb:set package 'sdformat13' build argument 'cmake_target_skip_unavailable' from command line to 'False'
[0.557s] Level 5:colcon.colcon_core.verb:set package 'sdformat13' build argument 'cmake_clean_cache' from command line to 'False'
[0.557s] Level 5:colcon.colcon_core.verb:set package 'sdformat13' build argument 'cmake_clean_first' from command line to 'False'
[0.557s] Level 5:colcon.colcon_core.verb:set package 'sdformat13' build argument 'cmake_force_configure' from command line to 'False'
[0.557s] Level 5:colcon.colcon_core.verb:set package 'sdformat13' build argument 'ament_cmake_args' from command line to 'None'
[0.557s] Level 5:colcon.colcon_core.verb:set package 'sdformat13' build argument 'catkin_cmake_args' from command line to 'None'
[0.557s] Level 5:colcon.colcon_core.verb:set package 'sdformat13' build argument 'catkin_skip_building_tests' from command line to 'False'
[0.557s] DEBUG:colcon.colcon_core.verb:Building package 'sdformat13' with the following arguments: {'ament_cmake_args': None, 'build_base': '/home/julia/workspace/build/sdformat13', 'catkin_cmake_args': None, 'catkin_skip_building_tests': False, 'cmake_args': ['-DBUILD_TESTING=OFF'], 'cmake_clean_cache': False, 'cmake_clean_first': False, 'cmake_force_configure': False, 'cmake_target': None, 'cmake_target_skip_unavailable': False, 'install_base': '/home/julia/workspace/install', 'merge_install': True, 'path': '/home/julia/workspace/src/sdformat', 'symlink_install': False, 'test_result_base': None}
[0.562s] Level 5:colcon.colcon_core.verb:set package 'gz-fuel_tools9' build argument 'cmake_args' from command line to '['-DBUILD_TESTING=OFF']'
[0.562s] Level 5:colcon.colcon_core.verb:set package 'gz-fuel_tools9' build argument 'cmake_target' from command line to 'None'
[0.562s] Level 5:colcon.colcon_core.verb:set package 'gz-fuel_tools9' build argument 'cmake_target_skip_unavailable' from command line to 'False'
[0.562s] Level 5:colcon.colcon_core.verb:set package 'gz-fuel_tools9' build argument 'cmake_clean_cache' from command line to 'False'
[0.562s] Level 5:colcon.colcon_core.verb:set package 'gz-fuel_tools9' build argument 'cmake_clean_first' from command line to 'False'
[0.562s] Level 5:colcon.colcon_core.verb:set package 'gz-fuel_tools9' build argument 'cmake_force_configure' from command line to 'False'
[0.562s] Level 5:colcon.colcon_core.verb:set package 'gz-fuel_tools9' build argument 'ament_cmake_args' from command line to 'None'
[0.562s] Level 5:colcon.colcon_core.verb:set package 'gz-fuel_tools9' build argument 'catkin_cmake_args' from command line to 'None'
[0.562s] Level 5:colcon.colcon_core.verb:set package 'gz-fuel_tools9' build argument 'catkin_skip_building_tests' from command line to 'False'
[0.562s] DEBUG:colcon.colcon_core.verb:Building package 'gz-fuel_tools9' with the following arguments: {'ament_cmake_args': None, 'build_base': '/home/julia/workspace/build/gz-fuel_tools9', 'catkin_cmake_args': None, 'catkin_skip_building_tests': False, 'cmake_args': ['-DBUILD_TESTING=OFF'], 'cmake_clean_cache': False, 'cmake_clean_first': False, 'cmake_force_configure': False, 'cmake_target': None, 'cmake_target_skip_unavailable': False, 'install_base': '/home/julia/workspace/install', 'merge_install': True, 'path': '/home/julia/workspace/src/gz-fuel-tools', 'symlink_install': False, 'test_result_base': None}
[0.566s] Level 5:colcon.colcon_core.verb:set package 'gz-plugin2' build argument 'cmake_args' from command line to '['-DBUILD_TESTING=OFF']'
[0.566s] Level 5:colcon.colcon_core.verb:set package 'gz-plugin2' build argument 'cmake_target' from command line to 'None'
[0.566s] Level 5:colcon.colcon_core.verb:set package 'gz-plugin2' build argument 'cmake_target_skip_unavailable' from command line to 'False'
[0.566s] Level 5:colcon.colcon_core.verb:set package 'gz-plugin2' build argument 'cmake_clean_cache' from command line to 'False'
[0.566s] Level 5:colcon.colcon_core.verb:set package 'gz-plugin2' build argument 'cmake_clean_first' from command line to 'False'
[0.566s] Level 5:colcon.colcon_core.verb:set package 'gz-plugin2' build argument 'cmake_force_configure' from command line to 'False'
[0.566s] Level 5:colcon.colcon_core.verb:set package 'gz-plugin2' build argument 'ament_cmake_args' from command line to 'None'
[0.566s] Level 5:colcon.colcon_core.verb:set package 'gz-plugin2' build argument 'catkin_cmake_args' from command line to 'None'
[0.566s] Level 5:colcon.colcon_core.verb:set package 'gz-plugin2' build argument 'catkin_skip_building_tests' from command line to 'False'
[0.566s] DEBUG:colcon.colcon_core.verb:Building package 'gz-plugin2' with the following arguments: {'ament_cmake_args': None, 'build_base': '/home/julia/workspace/build/gz-plugin2', 'catkin_cmake_args': None, 'catkin_skip_building_tests': False, 'cmake_args': ['-DBUILD_TESTING=OFF'], 'cmake_clean_cache': False, 'cmake_clean_first': False, 'cmake_force_configure': False, 'cmake_target': None, 'cmake_target_skip_unavailable': False, 'install_base': '/home/julia/workspace/install', 'merge_install': True, 'path': '/home/julia/workspace/src/gz-plugin', 'symlink_install': False, 'test_result_base': None}
[0.570s] Level 5:colcon.colcon_core.verb:set package 'gz-transport13' build argument 'cmake_args' from command line to '['-DBUILD_TESTING=OFF']'
[0.570s] Level 5:colcon.colcon_core.verb:set package 'gz-transport13' build argument 'cmake_target' from command line to 'None'
[0.570s] Level 5:colcon.colcon_core.verb:set package 'gz-transport13' build argument 'cmake_target_skip_unavailable' from command line to 'False'
[0.570s] Level 5:colcon.colcon_core.verb:set package 'gz-transport13' build argument 'cmake_clean_cache' from command line to 'False'
[0.570s] Level 5:colcon.colcon_core.verb:set package 'gz-transport13' build argument 'cmake_clean_first' from command line to 'False'
[0.570s] Level 5:colcon.colcon_core.verb:set package 'gz-transport13' build argument 'cmake_force_configure' from command line to 'False'
[0.570s] Level 5:colcon.colcon_core.verb:set package 'gz-transport13' build argument 'ament_cmake_args' from command line to 'None'
[0.570s] Level 5:colcon.colcon_core.verb:set package 'gz-transport13' build argument 'catkin_cmake_args' from command line to 'None'
[0.570s] Level 5:colcon.colcon_core.verb:set package 'gz-transport13' build argument 'catkin_skip_building_tests' from command line to 'False'
[0.570s] DEBUG:colcon.colcon_core.verb:Building package 'gz-transport13' with the following arguments: {'ament_cmake_args': None, 'build_base': '/home/julia/workspace/build/gz-transport13', 'catkin_cmake_args': None, 'catkin_skip_building_tests': False, 'cmake_args': ['-DBUILD_TESTING=OFF'], 'cmake_clean_cache': False, 'cmake_clean_first': False, 'cmake_force_configure': False, 'cmake_target': None, 'cmake_target_skip_unavailable': False, 'install_base': '/home/julia/workspace/install', 'merge_install': True, 'path': '/home/julia/workspace/src/gz-transport', 'symlink_install': False, 'test_result_base': None}
[0.575s] Level 5:colcon.colcon_core.verb:set package 'gz-physics6' build argument 'cmake_args' from command line to '['-DBUILD_TESTING=OFF']'
[0.575s] Level 5:colcon.colcon_core.verb:set package 'gz-physics6' build argument 'cmake_target' from command line to 'None'
[0.575s] Level 5:colcon.colcon_core.verb:set package 'gz-physics6' build argument 'cmake_target_skip_unavailable' from command line to 'False'
[0.575s] Level 5:colcon.colcon_core.verb:set package 'gz-physics6' build argument 'cmake_clean_cache' from command line to 'False'
[0.575s] Level 5:colcon.colcon_core.verb:set package 'gz-physics6' build argument 'cmake_clean_first' from command line to 'False'
[0.575s] Level 5:colcon.colcon_core.verb:set package 'gz-physics6' build argument 'cmake_force_configure' from command line to 'False'
[0.575s] Level 5:colcon.colcon_core.verb:set package 'gz-physics6' build argument 'ament_cmake_args' from command line to 'None'
[0.575s] Level 5:colcon.colcon_core.verb:set package 'gz-physics6' build argument 'catkin_cmake_args' from command line to 'None'
[0.575s] Level 5:colcon.colcon_core.verb:set package 'gz-physics6' build argument 'catkin_skip_building_tests' from command line to 'False'
[0.575s] DEBUG:colcon.colcon_core.verb:Building package 'gz-physics6' with the following arguments: {'ament_cmake_args': None, 'build_base': '/home/julia/workspace/build/gz-physics6', 'catkin_cmake_args': None, 'catkin_skip_building_tests': False, 'cmake_args': ['-DBUILD_TESTING=OFF'], 'cmake_clean_cache': False, 'cmake_clean_first': False, 'cmake_force_configure': False, 'cmake_target': None, 'cmake_target_skip_unavailable': False, 'install_base': '/home/julia/workspace/install', 'merge_install': True, 'path': '/home/julia/workspace/src/gz-physics', 'symlink_install': False, 'test_result_base': None}
[0.579s] Level 5:colcon.colcon_core.verb:set package 'gz-rendering8' build argument 'cmake_args' from command line to '['-DBUILD_TESTING=OFF']'
[0.579s] Level 5:colcon.colcon_core.verb:set package 'gz-rendering8' build argument 'cmake_target' from command line to 'None'
[0.579s] Level 5:colcon.colcon_core.verb:set package 'gz-rendering8' build argument 'cmake_target_skip_unavailable' from command line to 'False'
[0.579s] Level 5:colcon.colcon_core.verb:set package 'gz-rendering8' build argument 'cmake_clean_cache' from command line to 'False'
[0.579s] Level 5:colcon.colcon_core.verb:set package 'gz-rendering8' build argument 'cmake_clean_first' from command line to 'False'
[0.579s] Level 5:colcon.colcon_core.verb:set package 'gz-rendering8' build argument 'cmake_force_configure' from command line to 'False'
[0.579s] Level 5:colcon.colcon_core.verb:set package 'gz-rendering8' build argument 'ament_cmake_args' from command line to 'None'
[0.579s] Level 5:colcon.colcon_core.verb:set package 'gz-rendering8' build argument 'catkin_cmake_args' from command line to 'None'
[0.579s] Level 5:colcon.colcon_core.verb:set package 'gz-rendering8' build argument 'catkin_skip_building_tests' from command line to 'False'
[0.579s] DEBUG:colcon.colcon_core.verb:Building package 'gz-rendering8' with the following arguments: {'ament_cmake_args': None, 'build_base': '/home/julia/workspace/build/gz-rendering8', 'catkin_cmake_args': None, 'catkin_skip_building_tests': False, 'cmake_args': ['-DBUILD_TESTING=OFF'], 'cmake_clean_cache': False, 'cmake_clean_first': False, 'cmake_force_configure': False, 'cmake_target': None, 'cmake_target_skip_unavailable': False, 'install_base': '/home/julia/workspace/install', 'merge_install': True, 'path': '/home/julia/workspace/src/gz-rendering', 'symlink_install': False, 'test_result_base': None}
[0.583s] Level 5:colcon.colcon_core.verb:set package 'gz-gui8' build argument 'cmake_args' from command line to '['-DBUILD_TESTING=OFF']'
[0.583s] Level 5:colcon.colcon_core.verb:set package 'gz-gui8' build argument 'cmake_target' from command line to 'None'
[0.583s] Level 5:colcon.colcon_core.verb:set package 'gz-gui8' build argument 'cmake_target_skip_unavailable' from command line to 'False'
[0.583s] Level 5:colcon.colcon_core.verb:set package 'gz-gui8' build argument 'cmake_clean_cache' from command line to 'False'
[0.583s] Level 5:colcon.colcon_core.verb:set package 'gz-gui8' build argument 'cmake_clean_first' from command line to 'False'
[0.583s] Level 5:colcon.colcon_core.verb:set package 'gz-gui8' build argument 'cmake_force_configure' from command line to 'False'
[0.583s] Level 5:colcon.colcon_core.verb:set package 'gz-gui8' build argument 'ament_cmake_args' from command line to 'None'
[0.583s] Level 5:colcon.colcon_core.verb:set package 'gz-gui8' build argument 'catkin_cmake_args' from command line to 'None'
[0.583s] Level 5:colcon.colcon_core.verb:set package 'gz-gui8' build argument 'catkin_skip_building_tests' from command line to 'False'
[0.583s] DEBUG:colcon.colcon_core.verb:Building package 'gz-gui8' with the following arguments: {'ament_cmake_args': None, 'build_base': '/home/julia/workspace/build/gz-gui8', 'catkin_cmake_args': None, 'catkin_skip_building_tests': False, 'cmake_args': ['-DBUILD_TESTING=OFF'], 'cmake_clean_cache': False, 'cmake_clean_first': False, 'cmake_force_configure': False, 'cmake_target': None, 'cmake_target_skip_unavailable': False, 'install_base': '/home/julia/workspace/install', 'merge_install': True, 'path': '/home/julia/workspace/src/gz-gui', 'symlink_install': False, 'test_result_base': None}
[0.588s] Level 5:colcon.colcon_core.verb:set package 'gz-sensors8' build argument 'cmake_args' from command line to '['-DBUILD_TESTING=OFF']'
[0.588s] Level 5:colcon.colcon_core.verb:set package 'gz-sensors8' build argument 'cmake_target' from command line to 'None'
[0.588s] Level 5:colcon.colcon_core.verb:set package 'gz-sensors8' build argument 'cmake_target_skip_unavailable' from command line to 'False'
[0.588s] Level 5:colcon.colcon_core.verb:set package 'gz-sensors8' build argument 'cmake_clean_cache' from command line to 'False'
[0.588s] Level 5:colcon.colcon_core.verb:set package 'gz-sensors8' build argument 'cmake_clean_first' from command line to 'False'
[0.588s] Level 5:colcon.colcon_core.verb:set package 'gz-sensors8' build argument 'cmake_force_configure' from command line to 'False'
[0.588s] Level 5:colcon.colcon_core.verb:set package 'gz-sensors8' build argument 'ament_cmake_args' from command line to 'None'
[0.588s] Level 5:colcon.colcon_core.verb:set package 'gz-sensors8' build argument 'catkin_cmake_args' from command line to 'None'
[0.588s] Level 5:colcon.colcon_core.verb:set package 'gz-sensors8' build argument 'catkin_skip_building_tests' from command line to 'False'
[0.588s] DEBUG:colcon.colcon_core.verb:Building package 'gz-sensors8' with the following arguments: {'ament_cmake_args': None, 'build_base': '/home/julia/workspace/build/gz-sensors8', 'catkin_cmake_args': None, 'catkin_skip_building_tests': False, 'cmake_args': ['-DBUILD_TESTING=OFF'], 'cmake_clean_cache': False, 'cmake_clean_first': False, 'cmake_force_configure': False, 'cmake_target': None, 'cmake_target_skip_unavailable': False, 'install_base': '/home/julia/workspace/install', 'merge_install': True, 'path': '/home/julia/workspace/src/gz-sensors', 'symlink_install': False, 'test_result_base': None}
[0.592s] Level 5:colcon.colcon_core.verb:set package 'gz-sim8' build argument 'cmake_args' from command line to '['-DBUILD_TESTING=OFF']'
[0.592s] Level 5:colcon.colcon_core.verb:set package 'gz-sim8' build argument 'cmake_target' from command line to 'None'
[0.592s] Level 5:colcon.colcon_core.verb:set package 'gz-sim8' build argument 'cmake_target_skip_unavailable' from command line to 'False'
[0.593s] Level 5:colcon.colcon_core.verb:set package 'gz-sim8' build argument 'cmake_clean_cache' from command line to 'False'
[0.593s] Level 5:colcon.colcon_core.verb:set package 'gz-sim8' build argument 'cmake_clean_first' from command line to 'False'
[0.593s] Level 5:colcon.colcon_core.verb:set package 'gz-sim8' build argument 'cmake_force_configure' from command line to 'False'
[0.593s] Level 5:colcon.colcon_core.verb:set package 'gz-sim8' build argument 'ament_cmake_args' from command line to 'None'
[0.593s] Level 5:colcon.colcon_core.verb:set package 'gz-sim8' build argument 'catkin_cmake_args' from command line to 'None'
[0.593s] Level 5:colcon.colcon_core.verb:set package 'gz-sim8' build argument 'catkin_skip_building_tests' from command line to 'False'
[0.593s] DEBUG:colcon.colcon_core.verb:Building package 'gz-sim8' with the following arguments: {'ament_cmake_args': None, 'build_base': '/home/julia/workspace/build/gz-sim8', 'catkin_cmake_args': None, 'catkin_skip_building_tests': False, 'cmake_args': ['-DBUILD_TESTING=OFF'], 'cmake_clean_cache': False, 'cmake_clean_first': False, 'cmake_force_configure': False, 'cmake_target': None, 'cmake_target_skip_unavailable': False, 'install_base': '/home/julia/workspace/install', 'merge_install': True, 'path': '/home/julia/workspace/src/gz-sim', 'symlink_install': False, 'test_result_base': None}
[0.597s] Level 5:colcon.colcon_core.verb:set package 'gz-launch7' build argument 'cmake_args' from command line to '['-DBUILD_TESTING=OFF']'
[0.597s] Level 5:colcon.colcon_core.verb:set package 'gz-launch7' build argument 'cmake_target' from command line to 'None'
[0.597s] Level 5:colcon.colcon_core.verb:set package 'gz-launch7' build argument 'cmake_target_skip_unavailable' from command line to 'False'
[0.597s] Level 5:colcon.colcon_core.verb:set package 'gz-launch7' build argument 'cmake_clean_cache' from command line to 'False'
[0.597s] Level 5:colcon.colcon_core.verb:set package 'gz-launch7' build argument 'cmake_clean_first' from command line to 'False'
[0.597s] Level 5:colcon.colcon_core.verb:set package 'gz-launch7' build argument 'cmake_force_configure' from command line to 'False'
[0.597s] Level 5:colcon.colcon_core.verb:set package 'gz-launch7' build argument 'ament_cmake_args' from command line to 'None'
[0.597s] Level 5:colcon.colcon_core.verb:set package 'gz-launch7' build argument 'catkin_cmake_args' from command line to 'None'
[0.597s] Level 5:colcon.colcon_core.verb:set package 'gz-launch7' build argument 'catkin_skip_building_tests' from command line to 'False'
[0.597s] DEBUG:colcon.colcon_core.verb:Building package 'gz-launch7' with the following arguments: {'ament_cmake_args': None, 'build_base': '/home/julia/workspace/build/gz-launch7', 'catkin_cmake_args': None, 'catkin_skip_building_tests': False, 'cmake_args': ['-DBUILD_TESTING=OFF'], 'cmake_clean_cache': False, 'cmake_clean_first': False, 'cmake_force_configure': False, 'cmake_target': None, 'cmake_target_skip_unavailable': False, 'install_base': '/home/julia/workspace/install', 'merge_install': True, 'path': '/home/julia/workspace/src/gz-launch', 'symlink_install': False, 'test_result_base': None}
[0.598s] INFO:colcon.colcon_core.executor:Executing jobs using 'parallel' executor
[0.606s] DEBUG:colcon.colcon_parallel_executor.executor.parallel:run_until_complete
[0.606s] INFO:colcon.colcon_cmake.task.cmake.build:Building CMake package in '/home/julia/workspace/src/gz-cmake'
[0.621s] INFO:colcon.colcon_core.plugin_system:Skipping extension 'colcon_core.shell.bat': Not used on non-Windows systems
[0.621s] INFO:colcon.colcon_core.shell:Skip shell extension 'powershell' for command environment: Not usable outside of PowerShell
[0.621s] DEBUG:colcon.colcon_core.shell:Skip shell extension 'dsv' for command environment
[0.627s] INFO:colcon.colcon_cmake.task.cmake.build:Building CMake package in '/home/julia/workspace/Project1'
[0.631s] INFO:colcon.colcon_core.shell:Skip shell extension 'powershell' for command environment: Not usable outside of PowerShell
[0.631s] DEBUG:colcon.colcon_core.shell:Skip shell extension 'dsv' for command environment
[0.641s] DEBUG:colcon.colcon_core.event_handler.log_command:Invoking command in '/home/julia/workspace/build/gz-cmake3': /usr/bin/cmake /home/julia/workspace/src/gz-cmake -DBUILD_TESTING=OFF -DCMAKE_INSTALL_PREFIX=/home/julia/workspace/install
[0.649s] DEBUG:colcon.colcon_core.event_handler.log_command:Invoking command in '/home/julia/workspace/build/Project1': /usr/bin/cmake /home/julia/workspace/Project1 -DBUILD_TESTING=OFF -DCMAKE_INSTALL_PREFIX=/home/julia/workspace/install
[1.386s] DEBUG:colcon.colcon_core.event_handler.log_command:Invoked command in '/home/julia/workspace/build/Project1' returned '1': /usr/bin/cmake /home/julia/workspace/Project1 -DBUILD_TESTING=OFF -DCMAKE_INSTALL_PREFIX=/home/julia/workspace/install
[1.480s] DEBUG:colcon.colcon_parallel_executor.executor.parallel:closing loop
[1.481s] DEBUG:colcon.colcon_parallel_executor.executor.parallel:loop closed
[1.481s] DEBUG:colcon.colcon_parallel_executor.executor.parallel:run_until_complete finished with '1'
[1.481s] DEBUG:colcon.colcon_core.event_reactor:joining thread
[1.492s] INFO:colcon.colcon_core.plugin_system:Skipping extension 'colcon_notification.desktop_notification.terminal_notifier': Not used on non-Darwin systems
[1.492s] INFO:colcon.colcon_core.plugin_system:Skipping extension 'colcon_notification.desktop_notification.win32': Not used on non-Windows systems
[1.492s] INFO:colcon.colcon_notification.desktop_notification:Sending desktop notification using 'notify2'
[1.509s] DEBUG:colcon.colcon_core.event_reactor:joined thread
[1.513s] INFO:colcon.colcon_core.shell:Creating prefix script '/home/julia/workspace/install/local_setup.ps1'
[1.515s] INFO:colcon.colcon_core.shell:Creating prefix util module '/home/julia/workspace/install/_local_setup_util_ps1.py'
[1.517s] INFO:colcon.colcon_core.shell:Creating prefix chain script '/home/julia/workspace/install/setup.ps1'
[1.523s] INFO:colcon.colcon_core.shell:Creating prefix script '/home/julia/workspace/install/local_setup.sh'
[1.525s] INFO:colcon.colcon_core.shell:Creating prefix util module '/home/julia/workspace/install/_local_setup_util_sh.py'
[1.525s] INFO:colcon.colcon_core.shell:Creating prefix chain script '/home/julia/workspace/install/setup.sh'
[1.529s] INFO:colcon.colcon_core.shell:Creating prefix script '/home/julia/workspace/install/local_setup.bash'
[1.531s] INFO:colcon.colcon_core.shell:Creating prefix chain script '/home/julia/workspace/install/setup.bash'
[1.535s] INFO:colcon.colcon_core.shell:Creating prefix script '/home/julia/workspace/install/local_setup.zsh'
[1.537s] INFO:colcon.colcon_core.shell:Creating prefix chain script '/home/julia/workspace/install/setup.zsh'
